
================================================================
======== txAdmin Starting - 8/9/2022, 12:18:37 AM               
================================================================
[00:19:46] [ASTClanReborn] logged in from 127.0.0.1 via citizenfx
[00:22:42] [ASTClanReborn] Changing global/fxserver settings via setup stepper.

================================================================
======== txAdmin Starting - 8/9/2022, 12:28:14 AM               
================================================================
[00:29:28] [ASTClanReborn] logged in via in-game ui
[00:34:06] [ASTClanReborn] logged in via in-game ui

================================================================
======== txAdmin Starting - 8/9/2022, 12:36:09 AM               
================================================================

================================================================
======== txAdmin Starting - 8/9/2022, 12:37:28 AM               
================================================================
[00:43:55] [ASTClanReborn] logged in via in-game ui

================================================================
======== txAdmin Starting - 8/9/2022, 12:48:48 AM               
================================================================
[00:52:13] [ASTClanReborn] logged in via in-game ui

================================================================
======== txAdmin Starting - 8/9/2022, 12:53:18 AM               
================================================================
[00:53:32] [ASTClanReborn] logged in from 127.0.0.1 via citizenfx
[00:54:28] [ASTClanReborn] Changing fxRunner settings.
[00:54:36] [ASTClanReborn] RESTART SERVER
[00:55:01] [ASTClanReborn] RESTART SERVER
[00:56:14] [ASTClanReborn] logged in via in-game ui
[01:00:47] [ASTClanReborn] RESTART SERVER
[01:02:26] [ASTClanReborn] logged in via in-game ui
[01:12:57] [ASTClanReborn] RESTART SERVER
[01:18:12] [ASTClanReborn] logged in via in-game ui

================================================================
======== txAdmin Starting - 8/9/2022, 1:34:49 AM                
================================================================
[01:37:28] [ASTClanReborn] logged in via in-game ui

================================================================
======== txAdmin Starting - 8/9/2022, 1:45:53 AM                
================================================================
[01:47:34] [ASTClanReborn] logged in via in-game ui

================================================================
======== txAdmin Starting - 8/9/2022, 1:56:14 AM                
================================================================
[01:57:36] [ASTClanReborn] logged in via in-game ui
[01:58:12] [B34R] logged in via in-game ui
[02:00:04] [ASTClanReborn] logged in via in-game ui

================================================================
======== txAdmin Starting - 8/9/2022, 2:09:15 AM                
================================================================
[02:11:14] [ASTClanReborn] logged in via in-game ui

================================================================
======== txAdmin Starting - 8/9/2022, 2:14:41 AM                
================================================================
[02:16:58] [ASTClanReborn] logged in via in-game ui

================================================================
======== txAdmin Starting - 8/9/2022, 2:26:30 AM                
================================================================
[02:27:52] [ASTClanReborn] logged in via in-game ui
[02:31:15] [ASTClanReborn] logged in from 127.0.0.1 via citizenfx
[02:31:15] [ASTClanReborn] logged in via in-game ui
[02:31:25] [ASTClanReborn] Changing discordBot settings.
[02:31:40] [ASTClanReborn] Changing discordBot settings.

================================================================
======== txAdmin Starting - 8/9/2022, 2:31:57 AM                
================================================================
[02:33:24] [ASTClanReborn] logged in via in-game ui

================================================================
======== txAdmin Starting - 8/9/2022, 2:35:27 AM                
================================================================
[02:36:43] [ASTClanReborn] logged in via in-game ui
[02:42:55] [ASTClanReborn] logged in via in-game ui
[02:45:08] [ASTClanReborn] logged in from 127.0.0.1 via citizenfx
[02:45:11] [ASTClanReborn] RESTART SERVER
[02:47:27] [ASTClanReborn] logged in via in-game ui

================================================================
======== txAdmin Starting - 8/9/2022, 2:55:51 AM                
================================================================

================================================================
======== txAdmin Starting - 8/9/2022, 2:57:58 AM                
================================================================
[02:59:17] [ASTClanReborn] logged in via in-game ui

================================================================
======== txAdmin Starting - 8/9/2022, 1:44:36 PM                
================================================================
[13:46:01] [ASTClanReborn] logged in via in-game ui

================================================================
======== txAdmin Starting - 8/9/2022, 2:54:28 PM                
================================================================
[14:55:44] [ASTClanReborn] logged in via in-game ui

================================================================
======== txAdmin Starting - 8/9/2022, 3:41:52 PM                
================================================================
[15:49:00] [B34R] logged in via in-game ui

================================================================
======== txAdmin Starting - 8/9/2022, 3:50:37 PM                
================================================================
[15:51:24] [B34R] logged in via in-game ui

================================================================
======== txAdmin Starting - 8/9/2022, 3:54:33 PM                
================================================================
[15:55:52] [B34R] logged in via in-game ui
[15:56:58] [ASTClanReborn] logged in via in-game ui

================================================================
======== txAdmin Starting - 8/9/2022, 4:01:06 PM                
================================================================
[16:02:23] [B34R] logged in via in-game ui
[16:03:27] [ASTClanReborn] logged in via in-game ui

================================================================
======== txAdmin Starting - 8/9/2022, 6:45:07 PM                
================================================================

================================================================
======== txAdmin Starting - 8/9/2022, 6:49:49 PM                
================================================================
[18:50:05] [ASTClanReborn] logged in from 127.0.0.1 via citizenfx

================================================================
======== txAdmin Starting - 8/9/2022, 6:56:14 PM                
================================================================
[18:56:37] [ASTClanReborn] logged in from 127.0.0.1 via citizenfx

================================================================
======== txAdmin Starting - 8/9/2022, 6:58:50 PM                
================================================================
[19:00:46] [ASTClanReborn] logged in via in-game ui

================================================================
======== txAdmin Starting - 8/9/2022, 7:06:10 PM                
================================================================
[19:08:01] [ASTClanReborn] logged in via in-game ui
[19:08:36] [B34R] logged in via in-game ui

================================================================
======== txAdmin Starting - 8/9/2022, 7:22:51 PM                
================================================================
[19:23:38] [B34R] logged in via in-game ui

================================================================
======== txAdmin Starting - 8/9/2022, 7:35:48 PM                
================================================================
[19:37:02] [B34R] logged in via in-game ui

================================================================
======== txAdmin Starting - 8/9/2022, 7:42:57 PM                
================================================================
[19:45:47] [B34R] logged in via in-game ui

================================================================
======== txAdmin Starting - 8/9/2022, 7:52:10 PM                
================================================================
[19:53:27] [B34R] logged in via in-game ui

================================================================
======== txAdmin Starting - 8/9/2022, 7:55:13 PM                
================================================================
[19:57:21] [B34R] logged in via in-game ui

================================================================
======== txAdmin Starting - 8/9/2022, 8:00:48 PM                
================================================================

================================================================
======== txAdmin Starting - 8/9/2022, 8:17:55 PM                
================================================================
[20:19:43] [B34R] logged in via in-game ui

================================================================
======== txAdmin Starting - 8/9/2022, 8:21:07 PM                
================================================================

================================================================
======== txAdmin Starting - 8/9/2022, 8:37:05 PM                
================================================================
[20:40:19] [ASTClanReborn] logged in via in-game ui

================================================================
======== txAdmin Starting - 8/9/2022, 9:42:48 PM                
================================================================
[21:50:45] [ASTClanReborn] logged in via in-game ui

================================================================
======== txAdmin Starting - 8/9/2022, 9:54:59 PM                
================================================================
[21:56:14] [ASTClanReborn] logged in via in-game ui

================================================================
======== txAdmin Starting - 8/9/2022, 10:01:13 PM               
================================================================
[22:02:28] [ASTClanReborn] logged in via in-game ui

================================================================
======== txAdmin Starting - 8/9/2022, 10:28:18 PM               
================================================================
[22:30:20] [ASTClanReborn] logged in via in-game ui

================================================================
======== txAdmin Starting - 8/9/2022, 11:02:44 PM               
================================================================
[23:04:09] [ASTClanReborn] logged in via in-game ui
[23:48:37] [ASTClanReborn] logged in via in-game ui
