
================================================================
======== txAdmin Starting - 8/20/2022, 2:51:44 PM               
================================================================

================================================================
======== Log Rotated - 8/20/2022, 2:51:44 PM                    
================================================================
[14:57:14] [B34R] logged in from 50.69.238.90 via password
[14:57:21] [B34R] DM to #1: Die
[14:57:42] [B34R] Editing server CFG File.
[14:58:00] [B34R] stop ast_emotes
[14:58:05] [B34R] start dpemotes
[15:00:51] [ASTClanReborn] logged in via in-game ui
[15:03:41] [B34R] Revoked AXU9-1ZWE
[16:46:42] [ASTClanReborn] logged in via in-game ui
[18:23:16] [ASTClanReborn] logged in via in-game ui
[18:39:33] [B34R] logged in via in-game ui
[19:17:40] [B34R] stop ND_Fuel
[19:20:59] [ASTClanReborn] logged in from via NUI iframe
[20:00:01] [B34R] DM to #8: Server Will be up and down in like 30 minutes just so your aware
[15:34:50] [B34R] logged in via in-game ui
