
================================================================
======== txAdmin Starting - 8/10/2022, 1:11:16 AM               
================================================================

================================================================
======== Log Rotated - 8/10/2022, 1:11:16 AM                    
================================================================
[01:13:03] [ASTClanReborn] logged in via in-game ui

================================================================
======== txAdmin Starting - 8/10/2022, 2:06:31 AM               
================================================================
[02:07:38] [ASTClanReborn] logged in via in-game ui
[11:28:41] [ASTClanReborn] logged in via in-game ui

================================================================
======== txAdmin Starting - 8/10/2022, 11:51:37 AM              
================================================================
[11:58:38] [ASTClanReborn] logged in via in-game ui
[12:35:20] [ASTClanReborn] logged in via in-game ui
[19:13:30] [B34R] logged in via in-game ui
[19:17:45] [ASTClanReborn] logged in via in-game ui
[19:18:00] [ASTClanReborn] logged in via in-game ui
[19:35:29] [ASTClanReborn] logged in via in-game ui
[19:44:08] [ASTClanReborn] logged in via in-game ui
[19:50:38] [B34R] logged in from via NUI iframe
[19:50:51] [B34R] ensure "ND_Fuel"
[01:21:40] [B34R] logged in via in-game ui

================================================================
======== txAdmin Starting - 8/11/2022, 1:35:47 AM               
================================================================
[01:37:28] [B34R] logged in via in-game ui
[01:37:29] [B34R] logged in from 50.69.238.90 via password
[01:53:27] [B34R] ensure "ast_emotes"
[01:53:40] [B34R] refresh
[01:53:55] [B34R] restart ast_emotes
[01:57:58] [B34R] refresh
[01:58:02] [B34R] restart ast_emotes
[01:58:33] [B34R] refresh
[01:58:34] [B34R] restart ast_emotes
[02:04:12] [B34R] refresh
[02:04:14] [B34R] restart ast_emotes
[02:05:13] [B34R] refresh
[02:05:14] [B34R] restart ast_emotes
[02:05:53] [B34R] refresh
[02:05:54] [B34R] restart ast_emotes
[02:07:28] [B34R] refresh
[02:07:29] [B34R] restart ast_emotes
[03:11:47] [B34R] RESTART SERVER
