
================================================================
======== txAdmin Starting - 8/15/2022, 1:52:40 PM               
================================================================

================================================================
======== Log Rotated - 8/15/2022, 1:52:40 PM                    
================================================================
[13:54:06] [B34R] logged in from 50.69.238.90 via password
[13:54:49] [B34R] Editing server CFG File.
[13:56:21] [B34R] Editing server CFG File.
[13:56:24] [B34R] RESTART SERVER
[14:08:15] [B34R] logged in via in-game ui
[14:23:52] [B34R] logged in via in-game ui
[14:30:00] [B34R] logged in via in-game ui
[14:39:05] [B34R] Editing server CFG File.
[14:39:11] [B34R] RESTART SERVER
[14:44:26] [B34R] logged in via in-game ui
[14:46:29] [B34R] start rookrb
[15:01:09] [B34R] logged in from via NUI iframe
[00:08:15] [B34R] logged in via in-game ui
[14:15:42] [B34R] logged in from 50.69.238.90 via password
[14:16:49] [B34R] RESTART SERVER
[14:23:00] [B34R] logged in via in-game ui
