
================================================================
======== txAdmin Starting - 8/18/2022, 8:50:29 PM               
================================================================

================================================================
======== Log Rotated - 8/18/2022, 8:50:30 PM                    
================================================================
[20:52:52] [ASTClanReborn] logged in via in-game ui
[21:05:48] [B34R] logged in from 50.69.238.90 via password
[21:06:00] [B34R] stop ast_password
[21:06:41] [B34R] Editing server CFG File.
[21:06:41] [B34R] Editing server CFG File.
[21:09:33] [B34R] logged in via in-game ui
[21:12:23] [B34R] restart ast_emotes
[21:13:02] [B34R] restart ast_emotes
[21:17:55] [ASTClanReborn] logged in via in-game ui
[21:47:20] [ASTClanReborn] logged in from 127.0.0.1 via citizenfx
[21:47:20] [ASTClanReborn] logged in via in-game ui
[21:47:20] [B34R] logged in via in-game ui
[21:47:21] [ASTClanReborn] logged in via in-game ui
[21:48:27] [ASTClanReborn] Adding admin 'Nate'.
[21:48:27] [ASTClanReborn] logged in via in-game ui
[21:48:27] [B34R] logged in via in-game ui
[21:48:27] [ASTClanReborn] logged in via in-game ui
[21:48:34] [ASTClanReborn] logged in via in-game ui
[21:48:34] [ASTClanReborn] logged in via in-game ui
[21:48:34] [B34R] logged in via in-game ui
[21:49:07] [ASTClanReborn] Kicked #2: bbc vacuum man
[21:49:24] [B34R] Kicked #3: Fuck you
[21:50:28] [ASTClanReborn] logged in via in-game ui
[21:56:33] [B34R] logged in via in-game ui
[21:57:56] [B34R] stop ast_radarGun
[21:58:14] [B34R] stop Breathalyzer
[22:57:30] [B34R] Sending announcement: No dont listen to him
[22:58:09] [B34R] logged in from via NUI iframe
[22:58:10] [B34R] logged in from via NUI iframe
[22:58:28] [B34R] Warned #6: STOP
[22:58:48] [ASTClanReborn] logged in from via NUI iframe
