
================================================================
======== txAdmin Starting - 8/15/2022, 1:52:40 PM               
================================================================

================================================================
======== Log Rotated - 8/15/2022, 1:52:40 PM                    
================================================================
[1:53:57 PM] txAdmin: Logger started
[1:56:34 PM] txAdmin: Logger started
[1:59:46 PM] [VrXJT#1] zexisy_: joined with identifiers [steam:1100001436a0724; license:790d06b222dd414e59dbb9ee558baec338cd03ba; xbl:2535411738352241; live:985154523408562; discord:782085814632579072; fivem:1709298; license2:790d06b222dd414e59dbb9ee558baec338cd03ba]
[2:06:51 PM] [VrXJT#2] B34R: joined with identifiers [steam:1100001161dde30; license:d1701434a075a4dea66c41c041b1cbbf4f56741a; xbl:2535425999625569; live:1055521813911644; discord:421883819231150091; license2:66587b586b3d27a60a7637f497815262732cf4ee]
[2:13:27 PM] [VrXJT#2] B34R: said "/dv"
[2:15:19 PM] [VrXJT#2] B34R: triggered drunk effect on [#1] zexisy_
[2:15:29 PM] [VrXJT#2] B34R: triggered wild attack on [#1] zexisy_
[2:15:29 PM] [VrXJT#2] B34R: triggered wild attack on [#1] zexisy_
[2:15:30 PM] [VrXJT#2] B34R: triggered wild attack on [#1] zexisy_
[2:15:30 PM] [VrXJT#2] B34R: triggered wild attack on [#1] zexisy_
[2:15:30 PM] [VrXJT#2] B34R: triggered wild attack on [#1] zexisy_
[2:15:30 PM] [VrXJT#2] B34R: triggered wild attack on [#1] zexisy_
[2:15:31 PM] [VrXJT#2] B34R: triggered wild attack on [#1] zexisy_
[2:15:31 PM] [VrXJT#2] B34R: triggered wild attack on [#1] zexisy_
[2:15:31 PM] [VrXJT#2] B34R: triggered wild attack on [#1] zexisy_
[2:15:31 PM] [VrXJT#2] B34R: triggered wild attack on [#1] zexisy_
[2:15:31 PM] [VrXJT#2] B34R: triggered wild attack on [#1] zexisy_
[2:15:32 PM] [VrXJT#2] B34R: triggered wild attack on [#1] zexisy_
[2:15:32 PM] [VrXJT#2] B34R: triggered wild attack on [#1] zexisy_
[2:15:32 PM] [VrXJT#2] B34R: triggered wild attack on [#1] zexisy_
[2:15:32 PM] [VrXJT#2] B34R: triggered wild attack on [#1] zexisy_
[2:15:33 PM] [VrXJT#2] B34R: triggered wild attack on [#1] zexisy_
[2:15:33 PM] [VrXJT#2] B34R: triggered wild attack on [#1] zexisy_
[2:15:33 PM] [VrXJT#2] B34R: triggered wild attack on [#1] zexisy_
[2:15:38 PM] [VrXJT#1] zexisy_: said "/dv"
[2:15:38 PM] [VrXJT#2] B34R: set [#1] zexisy_ on fire
[2:15:43 PM] [VrXJT#1] zexisy_: disconnected (Exiting)
[2:19:40 PM] [VrXJT#2] B34R: said "/dv"
[2:22:01 PM] [VrXJT#2] B34R: disconnected (Exiting)
[2:23:09 PM] [VrXJT#3] B34R: joined with identifiers [steam:1100001161dde30; license:d1701434a075a4dea66c41c041b1cbbf4f56741a; xbl:2535425999625569; live:1055521813911644; discord:421883819231150091; license2:66587b586b3d27a60a7637f497815262732cf4ee]
[2:26:29 PM] [VrXJT#3] B34R: said "/dv"
[2:27:07 PM] [VrXJT#3] B34R: disconnected (Exiting)
[2:29:34 PM] [VrXJT#4] B34R: joined with identifiers [steam:1100001161dde30; license:d1701434a075a4dea66c41c041b1cbbf4f56741a; xbl:2535425999625569; live:1055521813911644; discord:421883819231150091; license2:66587b586b3d27a60a7637f497815262732cf4ee]
[2:34:49 PM] [VrXJT#4] B34R: said "/DV"
[2:34:54 PM] [VrXJT#4] B34R: disconnected (Exiting)
[2:39:23 PM] txAdmin: Logger started
[2:42:31 PM] [zHxLp#1] zexisy_: joined with identifiers [steam:1100001436a0724; license:790d06b222dd414e59dbb9ee558baec338cd03ba; xbl:2535411738352241; live:985154523408562; discord:782085814632579072; fivem:1709298; license2:790d06b222dd414e59dbb9ee558baec338cd03ba]
[2:43:58 PM] [zHxLp#2] B34R: joined with identifiers [steam:1100001161dde30; license:d1701434a075a4dea66c41c041b1cbbf4f56741a; xbl:2535425999625569; live:1055521813911644; discord:421883819231150091; license2:66587b586b3d27a60a7637f497815262732cf4ee]
[2:46:47 PM] [zHxLp#2] B34R: caused an explosion (PLANE)
[3:01:15 PM] [zHxLp#2] B34R: triggered drunk effect on [#1] zexisy_
[3:01:39 PM] [zHxLp#2] B34R: triggered drunk effect on [#1] zexisy_
[3:05:05 PM] [zHxLp#1] zexisy_: disconnected (Reliable network event overflow.)
[3:16:44 PM] [zHxLp#2] B34R: said "/dv"
[3:20:14 PM] [zHxLp#2] B34R: said "/dv"
[3:54:41 PM] [zHxLp#2] B34R: disconnected (Exiting)
