
================================================================
======== Log Rotated - 8/18/2022, 12:00:01 AM                   
================================================================

================================================================
======== txAdmin Starting - 8/18/2022, 8:50:29 PM               
================================================================
[8:51:27 PM] txAdmin: Logger started
[8:52:22 PM] [cwKtj#1] Ethan Rubinacci: joined with identifiers [steam:110000106d81f17; license:29a1486f20d95134646534c3de37ff11e7c1f3e3; xbl:2533274921566674; live:2040691484489962; discord:134438206576787456; fivem:6346624; license2:374cbd654dc6b853cf59d872901780b076e1feb5]
[9:06:13 PM] [cwKtj#1] Ethan Rubinacci: said "/dv"
[9:08:24 PM] [cwKtj#2] B34R: joined with identifiers [steam:1100001161dde30; license:d1701434a075a4dea66c41c041b1cbbf4f56741a; xbl:2535425999625569; live:1055521813911644; discord:421883819231150091; license2:66587b586b3d27a60a7637f497815262732cf4ee]
[9:12:11 PM] [cwKtj#1] Ethan Rubinacci: said "/dv"
[9:14:19 PM] [cwKtj#2] B34R: said "/dv"
[9:15:48 PM] [cwKtj#2] B34R: said "/dv"
[9:16:44 PM] [cwKtj#2] B34R: said "/dv"
[9:17:29 PM] [cwKtj#3] Heavy Scout Gaming: joined with identifiers [steam:110000102449b2e; license:ec5dfc052461c7bbc819d38af78bed9209312fd7; xbl:2533274854325254; live:844427431245709; discord:185901595744010241; fivem:6346624; license2:ec5dfc052461c7bbc819d38af78bed9209312fd7]
[9:25:16 PM] [cwKtj#2] B34R: triggered drunk effect on [#3] Heavy Scout Gaming
[9:26:41 PM] [cwKtj#2] B34R: caused an explosion (STICKYBOMB)
[9:26:41 PM] [cwKtj#1] Ethan Rubinacci: caused an explosion (CAR)
[9:27:04 PM] [cwKtj#2] B34R: caused an explosion (STICKYBOMB)
[9:27:09 PM] [cwKtj#2] B34R: caused an explosion (STICKYBOMB)
[9:27:13 PM] [cwKtj#2] B34R: caused an explosion (STICKYBOMB)
[9:27:16 PM] [cwKtj#2] B34R: caused an explosion (STICKYBOMB)
[9:27:18 PM] [cwKtj#2] B34R: caused an explosion (STICKYBOMB)
[9:27:19 PM] [cwKtj#2] B34R: caused an explosion (STICKYBOMB)
[9:27:21 PM] [cwKtj#2] B34R: caused an explosion (STICKYBOMB)
[9:27:23 PM] [cwKtj#2] B34R: caused an explosion (STICKYBOMB)
[9:27:25 PM] [cwKtj#2] B34R: caused an explosion (STICKYBOMB)
[9:27:27 PM] [cwKtj#2] B34R: caused an explosion (STICKYBOMB)
[9:27:28 PM] [cwKtj#2] B34R: caused an explosion (STICKYBOMB)
[9:27:30 PM] [cwKtj#2] B34R: caused an explosion (STICKYBOMB)
[9:27:31 PM] [cwKtj#2] B34R: caused an explosion (STICKYBOMB)
[9:27:32 PM] [cwKtj#2] B34R: caused an explosion (STICKYBOMB)
[9:27:34 PM] [cwKtj#2] B34R: caused an explosion (STICKYBOMB)
[9:27:35 PM] [cwKtj#2] B34R: caused an explosion (STICKYBOMB)
[9:27:41 PM] [cwKtj#2] B34R: caused an explosion (STICKYBOMB)
[9:27:41 PM] [cwKtj#2] B34R: caused an explosion (STICKYBOMB)
[9:27:41 PM] [cwKtj#2] B34R: caused an explosion (STICKYBOMB)
[9:27:42 PM] [cwKtj#2] B34R: caused an explosion (STICKYBOMB)
[9:27:49 PM] [cwKtj#2] B34R: caused an explosion (STICKYBOMB)
[9:27:49 PM] [cwKtj#2] B34R: caused an explosion (STICKYBOMB)
[9:30:04 PM] [cwKtj#2] B34R: caused an explosion (GRENADELAUNCHER)
[9:30:08 PM] [cwKtj#2] B34R: caused an explosion (GRENADELAUNCHER)
[9:30:13 PM] [cwKtj#2] B34R: caused an explosion (GRENADELAUNCHER)
[9:30:19 PM] [cwKtj#2] B34R: caused an explosion (GRENADELAUNCHER)
[9:30:20 PM] [cwKtj#2] B34R: caused an explosion (GRENADELAUNCHER)
[9:30:21 PM] [cwKtj#2] B34R: caused an explosion (GRENADELAUNCHER)
[9:30:23 PM] [cwKtj#2] B34R: caused an explosion (GRENADELAUNCHER)
[9:33:04 PM] [cwKtj#4] Kenan D.: joined with identifiers [steam:110000116127f37; license:65f5914d26977a6a2d129d989bbe56305b73501d; xbl:2535449161003688; live:1055518451097397; discord:227123394024308740; fivem:336954; license2:d931812e49946f7c2b2c9bcb73128b1f744a702a]
[9:42:19 PM] [cwKtj#1] Ethan Rubinacci: said "ast13fpiu, astfpis, ast16fpiu, ast11cvpi, astf150, ast20charger, ast14charger"
[9:43:48 PM] [cwKtj#4] Kenan D.: said "/dv"
[9:44:16 PM] [cwKtj#4] Kenan D.: died from suicide (Ranover by Vehicle)
[9:44:45 PM] [cwKtj#2] B34R: triggered wild attack on [#3] Heavy Scout Gaming
[9:44:46 PM] [cwKtj#2] B34R: triggered drunk effect on [#3] Heavy Scout Gaming
[9:45:07 PM] [cwKtj#2] B34R: said "/reviev"
[9:45:13 PM] [cwKtj#2] B34R: triggered drunk effect on [#3] Heavy Scout Gaming
[9:45:13 PM] [cwKtj#2] B34R: triggered wild attack on [#3] Heavy Scout Gaming
[9:45:14 PM] [cwKtj#2] B34R: triggered wild attack on [#3] Heavy Scout Gaming
[9:45:14 PM] [cwKtj#2] B34R: triggered wild attack on [#3] Heavy Scout Gaming
[9:45:14 PM] [cwKtj#2] B34R: triggered wild attack on [#3] Heavy Scout Gaming
[9:45:14 PM] [cwKtj#2] B34R: triggered wild attack on [#3] Heavy Scout Gaming
[9:45:14 PM] [cwKtj#2] B34R: triggered wild attack on [#3] Heavy Scout Gaming
[9:45:15 PM] [cwKtj#2] B34R: triggered wild attack on [#3] Heavy Scout Gaming
[9:45:15 PM] [cwKtj#2] B34R: triggered wild attack on [#3] Heavy Scout Gaming
[9:45:15 PM] [cwKtj#2] B34R: triggered wild attack on [#3] Heavy Scout Gaming
[9:45:15 PM] [cwKtj#2] B34R: triggered wild attack on [#3] Heavy Scout Gaming
[9:45:16 PM] [cwKtj#2] B34R: triggered wild attack on [#3] Heavy Scout Gaming
[9:45:16 PM] [cwKtj#2] B34R: triggered wild attack on [#3] Heavy Scout Gaming
[9:45:16 PM] [cwKtj#2] B34R: triggered wild attack on [#3] Heavy Scout Gaming
[9:45:16 PM] [cwKtj#2] B34R: triggered wild attack on [#3] Heavy Scout Gaming
[9:45:16 PM] [cwKtj#2] B34R: triggered wild attack on [#3] Heavy Scout Gaming
[9:45:17 PM] [cwKtj#2] B34R: triggered wild attack on [#3] Heavy Scout Gaming
[9:45:17 PM] [cwKtj#2] B34R: triggered wild attack on [#3] Heavy Scout Gaming
[9:45:17 PM] [cwKtj#2] B34R: triggered wild attack on [#3] Heavy Scout Gaming
[9:45:17 PM] [cwKtj#2] B34R: triggered wild attack on [#3] Heavy Scout Gaming
[9:45:17 PM] [cwKtj#4] Kenan D.: said "/reconnect"
[9:45:17 PM] [cwKtj#2] B34R: triggered wild attack on [#3] Heavy Scout Gaming
[9:45:18 PM] [cwKtj#2] B34R: triggered wild attack on [#3] Heavy Scout Gaming
[9:45:18 PM] [cwKtj#2] B34R: triggered wild attack on [#3] Heavy Scout Gaming
[9:45:18 PM] [cwKtj#2] B34R: triggered wild attack on [#3] Heavy Scout Gaming
[9:45:18 PM] [cwKtj#2] B34R: triggered wild attack on [#3] Heavy Scout Gaming
[9:45:19 PM] [cwKtj#2] B34R: triggered wild attack on [#3] Heavy Scout Gaming
[9:45:19 PM] [cwKtj#2] B34R: triggered wild attack on [#3] Heavy Scout Gaming
[9:45:19 PM] [cwKtj#2] B34R: triggered wild attack on [#3] Heavy Scout Gaming
[9:45:19 PM] [cwKtj#2] B34R: triggered wild attack on [#3] Heavy Scout Gaming
[9:45:19 PM] [cwKtj#2] B34R: triggered wild attack on [#3] Heavy Scout Gaming
[9:45:20 PM] [cwKtj#2] B34R: triggered wild attack on [#3] Heavy Scout Gaming
[9:45:20 PM] [cwKtj#2] B34R: triggered wild attack on [#3] Heavy Scout Gaming
[9:45:20 PM] [cwKtj#2] B34R: triggered wild attack on [#3] Heavy Scout Gaming
[9:45:24 PM] [cwKtj#4] Kenan D.: disconnected (Exiting)
[9:45:35 PM] [cwKtj#2] B34R: died from Pump Shotgun by Heavy Scout Gaming
[9:45:40 PM] [cwKtj#3] Heavy Scout Gaming: caused an explosion (GRENADELAUNCHER)
[9:45:52 PM] [cwKtj#3] Heavy Scout Gaming: caused an explosion (GRENADELAUNCHER)
[9:45:52 PM] [cwKtj#3] Heavy Scout Gaming: caused an explosion (GRENADELAUNCHER)
[9:45:58 PM] [cwKtj#3] Heavy Scout Gaming: caused an explosion (GRENADELAUNCHER)
[9:45:59 PM] [cwKtj#3] Heavy Scout Gaming: caused an explosion (GRENADELAUNCHER)
[9:46:01 PM] [cwKtj#3] Heavy Scout Gaming: caused an explosion (GRENADELAUNCHER)
[9:46:03 PM] [cwKtj#2] B34R: triggered wild attack on [#3] Heavy Scout Gaming
[9:46:03 PM] [cwKtj#2] B34R: triggered wild attack on [#3] Heavy Scout Gaming
[9:46:03 PM] [cwKtj#2] B34R: triggered wild attack on [#3] Heavy Scout Gaming
[9:46:04 PM] [cwKtj#2] B34R: triggered wild attack on [#3] Heavy Scout Gaming
[9:46:04 PM] [cwKtj#2] B34R: triggered wild attack on [#3] Heavy Scout Gaming
[9:46:04 PM] [cwKtj#2] B34R: triggered wild attack on [#3] Heavy Scout Gaming
[9:46:04 PM] [cwKtj#2] B34R: triggered wild attack on [#3] Heavy Scout Gaming
[9:46:04 PM] [cwKtj#2] B34R: triggered wild attack on [#3] Heavy Scout Gaming
[9:46:05 PM] [cwKtj#2] B34R: triggered wild attack on [#3] Heavy Scout Gaming
[9:46:05 PM] [cwKtj#2] B34R: triggered wild attack on [#3] Heavy Scout Gaming
[9:46:05 PM] [cwKtj#2] B34R: triggered wild attack on [#3] Heavy Scout Gaming
[9:46:05 PM] [cwKtj#2] B34R: triggered wild attack on [#3] Heavy Scout Gaming
[9:46:06 PM] [cwKtj#2] B34R: triggered wild attack on [#3] Heavy Scout Gaming
[9:46:06 PM] [cwKtj#2] B34R: triggered wild attack on [#3] Heavy Scout Gaming
[9:46:06 PM] [cwKtj#2] B34R: triggered wild attack on [#3] Heavy Scout Gaming
[9:46:06 PM] [cwKtj#2] B34R: triggered wild attack on [#3] Heavy Scout Gaming
[9:46:06 PM] [cwKtj#5] Kenan D.: joined with identifiers [steam:110000116127f37; license:65f5914d26977a6a2d129d989bbe56305b73501d; xbl:2535449161003688; live:1055518451097397; discord:227123394024308740; fivem:336954; license2:d931812e49946f7c2b2c9bcb73128b1f744a702a]
[9:46:06 PM] [cwKtj#2] B34R: triggered wild attack on [#3] Heavy Scout Gaming
[9:46:07 PM] [cwKtj#2] B34R: triggered wild attack on [#3] Heavy Scout Gaming
[9:46:07 PM] [cwKtj#2] B34R: triggered wild attack on [#3] Heavy Scout Gaming
[9:46:07 PM] [cwKtj#2] B34R: triggered wild attack on [#3] Heavy Scout Gaming
[9:46:08 PM] [cwKtj#2] B34R: triggered wild attack on [#3] Heavy Scout Gaming
[9:46:08 PM] [cwKtj#2] B34R: triggered wild attack on [#3] Heavy Scout Gaming
[9:46:08 PM] [cwKtj#2] B34R: triggered wild attack on [#3] Heavy Scout Gaming
[9:46:08 PM] [cwKtj#2] B34R: triggered wild attack on [#3] Heavy Scout Gaming
[9:46:08 PM] [cwKtj#2] B34R: triggered wild attack on [#3] Heavy Scout Gaming
[9:46:09 PM] [cwKtj#2] B34R: triggered wild attack on [#3] Heavy Scout Gaming
[9:46:09 PM] [cwKtj#2] B34R: triggered wild attack on [#3] Heavy Scout Gaming
[9:46:09 PM] [cwKtj#2] B34R: triggered wild attack on [#3] Heavy Scout Gaming
[9:46:09 PM] [cwKtj#2] B34R: triggered wild attack on [#3] Heavy Scout Gaming
[9:46:09 PM] [cwKtj#2] B34R: triggered wild attack on [#3] Heavy Scout Gaming
[9:46:10 PM] [cwKtj#3] Heavy Scout Gaming: said "/admin"
[9:46:10 PM] [cwKtj#2] B34R: triggered wild attack on [#3] Heavy Scout Gaming
[9:46:10 PM] [cwKtj#2] B34R: triggered wild attack on [#3] Heavy Scout Gaming
[9:46:12 PM] [cwKtj#3] Heavy Scout Gaming: said "\"
[9:47:04 PM] [cwKtj#2] B34R: caused an explosion (GRENADELAUNCHER)
[9:47:06 PM] [cwKtj#2] B34R: caused an explosion (GRENADELAUNCHER)
[9:47:09 PM] [cwKtj#2] B34R: caused an explosion (GRENADELAUNCHER)
[9:47:13 PM] [cwKtj#2] B34R: caused an explosion (GRENADELAUNCHER)
[9:47:16 PM] [cwKtj#2] B34R: caused an explosion (GRENADELAUNCHER)
[9:47:22 PM] [cwKtj#2] B34R: caused an explosion (GRENADELAUNCHER)
[9:47:39 PM] [cwKtj#2] B34R: caused an explosion (GRENADELAUNCHER)
[9:49:07 PM] [cwKtj#2] B34R: disconnected (	[txAdmin] (ASTClanReborn) Kick reason: bbc vacuum man)
[9:49:25 PM] [cwKtj#3] Heavy Scout Gaming: disconnected (	[txAdmin] (B34R) Kick reason: Fuck you)
[9:50:08 PM] [cwKtj#6] Heavy Scout Gaming: joined with identifiers [steam:110000102449b2e; license:ec5dfc052461c7bbc819d38af78bed9209312fd7; xbl:2533274854325254; live:844427431245709; discord:185901595744010241; fivem:6346624; license2:ec5dfc052461c7bbc819d38af78bed9209312fd7]
[9:51:06 PM] [cwKtj#7] Owner: joined with identifiers [license:6d2ec1a26c48df57b80c04e11d5c8dfb560bb4b3; xbl:2535421980170934; live:914797987069091; discord:195052712243494913; fivem:6353258]
[9:52:54 PM] [cwKtj#6] Heavy Scout Gaming: caused an explosion (CAR)
[9:55:17 PM] [cwKtj#8] B34R: joined with identifiers [steam:1100001161dde30; license:d1701434a075a4dea66c41c041b1cbbf4f56741a; xbl:2535425999625569; live:1055521813911644; discord:421883819231150091; license2:66587b586b3d27a60a7637f497815262732cf4ee]
[9:59:14 PM] [cwKtj#5] Kenan D.: caused an explosion (PETROL_PUMP)
[9:59:14 PM] [cwKtj#6] Heavy Scout Gaming: caused an explosion (CAR)
[9:59:14 PM] [cwKtj#6] Heavy Scout Gaming: caused an explosion (PETROL_PUMP)
[9:59:15 PM] [cwKtj#1] Ethan Rubinacci: caused an explosion (PETROL_PUMP)
[10:01:12 PM] [cwKtj#1] Ethan Rubinacci: said ".\setRadioAgency leo"
[10:01:24 PM] [cwKtj#6] Heavy Scout Gaming: died from Assault Rifle by B34R
[10:01:52 PM] [cwKtj#8] B34R: died from Automatic Shotgun by Heavy Scout Gaming
[10:02:03 PM] [cwKtj#8] B34R: caused an explosion (GRENADELAUNCHER)
[10:02:36 PM] [cwKtj#8] B34R: died from Sniper Rifle by Heavy Scout Gaming
[10:02:48 PM] [cwKtj#7] Owner: said "/dv"
[10:03:58 PM] [cwKtj#8] B34R: died from Sniper Rifle by Heavy Scout Gaming
[10:05:17 PM] [cwKtj#5] Kenan D.: died from Assault Rifle by Heavy Scout Gaming
[10:06:05 PM] [cwKtj#7] Owner: said "/dv"
[10:06:28 PM] [cwKtj#6] Heavy Scout Gaming: said "/dv"
[10:08:16 PM] [cwKtj#5] Kenan D.: said "DD"
[10:08:16 PM] [cwKtj#8] B34R: caused an explosion (EXPLOSIVEAMMO)
[10:08:16 PM] [cwKtj#8] B34R: caused an explosion (PETROL_PUMP)
[10:08:19 PM] [cwKtj#8] B34R: caused an explosion (EXPLOSIVEAMMO)
[10:08:19 PM] [cwKtj#8] B34R: caused an explosion (PETROL_PUMP)
[10:08:23 PM] [cwKtj#8] B34R: caused an explosion (EXPLOSIVEAMMO)
[10:08:32 PM] [cwKtj#8] B34R: caused an explosion (EXPLOSIVEAMMO)
[10:09:00 PM] [cwKtj#8] B34R: caused an explosion (EXPLOSIVEAMMO)
[10:09:00 PM] [cwKtj#8] B34R: caused an explosion (PETROL_PUMP)
[10:09:07 PM] [cwKtj#8] B34R: caused an explosion (EXPLOSIVEAMMO)
[10:09:07 PM] [cwKtj#8] B34R: caused an explosion (CAR)
[10:10:05 PM] [cwKtj#8] B34R: caused an explosion (EXPLOSIVEAMMO)
[10:10:07 PM] [cwKtj#8] B34R: caused an explosion (EXPLOSIVEAMMO)
[10:10:13 PM] [cwKtj#8] B34R: caused an explosion (EXPLOSIVEAMMO)
[10:10:22 PM] [cwKtj#8] B34R: caused an explosion (EXPLOSIVEAMMO)
[10:10:23 PM] [cwKtj#5] Kenan D.: caused an explosion (PLANE)
[10:10:34 PM] [cwKtj#8] B34R: caused an explosion (EXPLOSIVEAMMO)
[10:10:42 PM] [cwKtj#7] Owner: said "/dv"
[10:10:46 PM] [cwKtj#7] Owner: said "gay"
[10:11:45 PM] [cwKtj#5] Kenan D.: caused an explosion (CAR)
[10:11:45 PM] [cwKtj#5] Kenan D.: caused an explosion (CAR)
[10:12:05 PM] [cwKtj#8] B34R: caused an explosion (EXPLOSIVEAMMO)
[10:12:08 PM] [cwKtj#8] B34R: caused an explosion (EXPLOSIVEAMMO)
[10:12:11 PM] [cwKtj#5] Kenan D.: caused an explosion (HUNTER_BARRAGE)
[10:12:11 PM] [cwKtj#5] Kenan D.: caused an explosion (HUNTER_BARRAGE)
[10:12:11 PM] [cwKtj#8] B34R: caused an explosion (EXPLOSIVEAMMO)
[10:12:13 PM] [cwKtj#5] Kenan D.: caused an explosion (HUNTER_BARRAGE)
[10:12:13 PM] [cwKtj#5] Kenan D.: caused an explosion (HUNTER_BARRAGE)
[10:12:13 PM] [cwKtj#5] Kenan D.: caused an explosion (HUNTER_BARRAGE)
[10:12:13 PM] [cwKtj#5] Kenan D.: caused an explosion (HUNTER_BARRAGE)
[10:12:13 PM] [cwKtj#5] Kenan D.: caused an explosion (HUNTER_BARRAGE)
[10:12:14 PM] [cwKtj#8] B34R: caused an explosion (EXPLOSIVEAMMO)
[10:12:18 PM] [cwKtj#8] B34R: caused an explosion (EXPLOSIVEAMMO)
[10:12:20 PM] [cwKtj#8] B34R: caused an explosion (EXPLOSIVEAMMO)
[10:12:20 PM] [cwKtj#5] Kenan D.: caused an explosion (HUNTER_BARRAGE)
[10:12:20 PM] [cwKtj#5] Kenan D.: caused an explosion (HUNTER_BARRAGE)
[10:12:20 PM] [cwKtj#5] Kenan D.: caused an explosion (HUNTER_BARRAGE)
[10:12:20 PM] [cwKtj#5] Kenan D.: caused an explosion (HUNTER_BARRAGE)
[10:12:21 PM] [cwKtj#5] Kenan D.: caused an explosion (HUNTER_BARRAGE)
[10:12:21 PM] [cwKtj#5] Kenan D.: caused an explosion (HUNTER_BARRAGE)
[10:12:21 PM] [cwKtj#5] Kenan D.: caused an explosion (HUNTER_BARRAGE)
[10:12:21 PM] [cwKtj#8] B34R: caused an explosion (EXPLOSIVEAMMO)
[10:12:25 PM] [cwKtj#5] Kenan D.: caused an explosion (HUNTER_BARRAGE)
[10:12:25 PM] [cwKtj#5] Kenan D.: caused an explosion (HUNTER_BARRAGE)
[10:12:25 PM] [cwKtj#5] Kenan D.: caused an explosion (HUNTER_BARRAGE)
[10:12:26 PM] [cwKtj#5] Kenan D.: caused an explosion (HUNTER_BARRAGE)
[10:12:26 PM] [cwKtj#5] Kenan D.: caused an explosion (HUNTER_BARRAGE)
[10:12:26 PM] [cwKtj#5] Kenan D.: caused an explosion (HUNTER_BARRAGE)
[10:12:26 PM] [cwKtj#5] Kenan D.: caused an explosion (HUNTER_BARRAGE)
[10:12:31 PM] [cwKtj#5] Kenan D.: caused an explosion (HUNTER_BARRAGE)
[10:12:33 PM] [cwKtj#8] B34R: caused an explosion (EXPLOSIVEAMMO)
[10:12:41 PM] [cwKtj#8] B34R: caused an explosion (EXPLOSIVEAMMO)
[10:12:42 PM] [cwKtj#8] B34R: caused an explosion (EXPLOSIVEAMMO)
[10:12:42 PM] [cwKtj#5] Kenan D.: caused an explosion (HUNTER_BARRAGE)
[10:12:42 PM] [cwKtj#5] Kenan D.: caused an explosion (HUNTER_BARRAGE)
[10:12:42 PM] [cwKtj#5] Kenan D.: caused an explosion (HUNTER_BARRAGE)
[10:12:42 PM] [cwKtj#5] Kenan D.: caused an explosion (HUNTER_BARRAGE)
[10:12:42 PM] [cwKtj#7] Owner: caused an explosion (PLANE)
[10:12:42 PM] [cwKtj#7] Owner: caused an explosion (PLANE)
[10:12:42 PM] [cwKtj#7] Owner: caused an explosion (PLANE)
[10:12:42 PM] [cwKtj#7] Owner: caused an explosion (PLANE)
[10:12:42 PM] [cwKtj#7] Owner: died from Explosion by B34R
[10:12:43 PM] [cwKtj#5] Kenan D.: caused an explosion (HUNTER_BARRAGE)
[10:12:44 PM] [cwKtj#5] Kenan D.: caused an explosion (HUNTER_BARRAGE)
[10:12:50 PM] [cwKtj#5] Kenan D.: caused an explosion (HUNTER_BARRAGE)
[10:12:50 PM] [cwKtj#5] Kenan D.: caused an explosion (HUNTER_BARRAGE)
[10:12:51 PM] [cwKtj#5] Kenan D.: caused an explosion (HUNTER_BARRAGE)
[10:12:51 PM] [cwKtj#5] Kenan D.: caused an explosion (HUNTER_BARRAGE)
[10:12:51 PM] [cwKtj#5] Kenan D.: caused an explosion (HUNTER_BARRAGE)
[10:12:51 PM] [cwKtj#5] Kenan D.: caused an explosion (HUNTER_BARRAGE)
[10:12:51 PM] [cwKtj#5] Kenan D.: caused an explosion (HUNTER_BARRAGE)
[10:12:53 PM] [cwKtj#8] B34R: caused an explosion (EXPLOSIVEAMMO)
[10:12:54 PM] [cwKtj#5] Kenan D.: caused an explosion (HUNTER_BARRAGE)
[10:12:54 PM] [cwKtj#8] B34R: caused an explosion (EXPLOSIVEAMMO)
[10:12:56 PM] [cwKtj#8] B34R: caused an explosion (EXPLOSIVEAMMO)
[10:12:57 PM] [cwKtj#8] B34R: caused an explosion (EXPLOSIVEAMMO)
[10:12:58 PM] [cwKtj#5] Kenan D.: caused an explosion (HUNTER_BARRAGE)
[10:12:58 PM] [cwKtj#5] Kenan D.: caused an explosion (HUNTER_BARRAGE)
[10:12:58 PM] [cwKtj#5] Kenan D.: caused an explosion (HUNTER_BARRAGE)
[10:12:59 PM] [cwKtj#5] Kenan D.: caused an explosion (HUNTER_BARRAGE)
[10:12:59 PM] [cwKtj#5] Kenan D.: caused an explosion (HUNTER_BARRAGE)
[10:13:01 PM] [cwKtj#8] B34R: caused an explosion (EXPLOSIVEAMMO)
[10:13:01 PM] [cwKtj#5] Kenan D.: caused an explosion (PLANE)
[10:13:01 PM] [cwKtj#5] Kenan D.: died from Explosion by B34R
[10:13:02 PM] [cwKtj#5] Kenan D.: caused an explosion (HUNTER_BARRAGE)
[10:13:27 PM] [cwKtj#8] B34R: caused an explosion (ROCKET)
[10:13:44 PM] [cwKtj#8] B34R: caused an explosion (ROCKET)
[10:14:00 PM] [cwKtj#8] B34R: caused an explosion (CAR)
[10:14:00 PM] [cwKtj#6] Heavy Scout Gaming: caused an explosion (CAR)
[10:14:00 PM] [cwKtj#6] Heavy Scout Gaming: died from Homing Launcher by B34R
[10:14:18 PM] [cwKtj#8] B34R: caused an explosion (ROCKET)
[10:14:26 PM] [cwKtj#8] B34R: caused an explosion (ROCKET)
[10:14:32 PM] [cwKtj#8] B34R: caused an explosion (ROCKET)
[10:14:36 PM] [cwKtj#8] B34R: caused an explosion (ROCKET)
[10:14:46 PM] [cwKtj#8] B34R: caused an explosion (EXPLOSIVEAMMO)
[10:14:51 PM] [cwKtj#8] B34R: caused an explosion (EXPLOSIVEAMMO)
[10:14:53 PM] [cwKtj#8] B34R: caused an explosion (EXPLOSIVEAMMO)
[10:14:57 PM] [cwKtj#8] B34R: caused an explosion (EXPLOSIVEAMMO)
[10:15:53 PM] [cwKtj#8] B34R: caused an explosion (EXPLOSIVEAMMO)
[10:15:56 PM] [cwKtj#8] B34R: caused an explosion (EXPLOSIVEAMMO)
[10:15:58 PM] [cwKtj#8] B34R: caused an explosion (EXPLOSIVEAMMO)
[10:15:58 PM] [cwKtj#8] B34R: caused an explosion (EXPLOSIVEAMMO)
[10:15:59 PM] [cwKtj#8] B34R: caused an explosion (EXPLOSIVEAMMO)
[10:15:59 PM] [cwKtj#8] B34R: caused an explosion (EXPLOSIVEAMMO)
[10:16:14 PM] [cwKtj#8] B34R: caused an explosion (EXPLOSIVEAMMO)
[10:16:15 PM] [cwKtj#8] B34R: caused an explosion (EXPLOSIVEAMMO)
[10:16:17 PM] [cwKtj#8] B34R: caused an explosion (EXPLOSIVEAMMO)
[10:16:18 PM] [cwKtj#8] B34R: caused an explosion (EXPLOSIVEAMMO)
[10:16:22 PM] [cwKtj#8] B34R: caused an explosion (EXPLOSIVEAMMO)
[10:16:22 PM] [cwKtj#8] B34R: caused an explosion (PETROL_PUMP)
[10:16:26 PM] [cwKtj#8] B34R: caused an explosion (EXPLOSIVEAMMO)
[10:16:28 PM] [cwKtj#8] B34R: caused an explosion (EXPLOSIVEAMMO)
[10:16:29 PM] [cwKtj#8] B34R: caused an explosion (EXPLOSIVEAMMO)
[10:16:31 PM] [cwKtj#8] B34R: caused an explosion (EXPLOSIVEAMMO)
[10:16:46 PM] [cwKtj#8] B34R: caused an explosion (EXPLOSIVEAMMO)
[10:16:52 PM] [cwKtj#8] B34R: caused an explosion (EXPLOSIVEAMMO)
[10:17:03 PM] [cwKtj#8] B34R: caused an explosion (EXPLOSIVEAMMO)
[10:17:19 PM] [cwKtj#8] B34R: caused an explosion (EXPLOSIVEAMMO)
[10:17:25 PM] [cwKtj#8] B34R: caused an explosion (EXPLOSIVEAMMO)
[10:17:32 PM] [cwKtj#1] Ethan Rubinacci: caused an explosion (CAR)
[10:17:35 PM] [cwKtj#8] B34R: caused an explosion (EXPLOSIVEAMMO)
[10:17:39 PM] [cwKtj#8] B34R: caused an explosion (EXPLOSIVEAMMO)
[10:18:31 PM] [cwKtj#8] B34R: caused an explosion (DIR_WATER_HYDRANT)
[10:18:32 PM] [cwKtj#6] Heavy Scout Gaming: caused an explosion (DIR_WATER_HYDRANT)
[10:19:04 PM] [cwKtj#8] B34R: caused an explosion (RAYGUN)
[10:19:07 PM] [cwKtj#8] B34R: caused an explosion (RAYGUN)
[10:19:11 PM] [cwKtj#8] B34R: caused an explosion (RAYGUN)
[10:19:13 PM] [cwKtj#8] B34R: caused an explosion (RAYGUN)
[10:19:15 PM] [cwKtj#1] Ethan Rubinacci: caused an explosion (PLANE)
[10:19:15 PM] [cwKtj#1] Ethan Rubinacci: caused an explosion (PLANE)
[10:19:17 PM] [cwKtj#8] B34R: caused an explosion (RAYGUN)
[10:19:26 PM] [cwKtj#8] B34R: caused an explosion (RAYGUN)
[10:19:30 PM] [cwKtj#8] B34R: caused an explosion (RAYGUN)
[10:19:33 PM] [cwKtj#8] B34R: caused an explosion (RAYGUN)
[10:19:38 PM] [cwKtj#8] B34R: caused an explosion (RAYGUN)
[10:19:41 PM] [cwKtj#8] B34R: caused an explosion (RAYGUN)
[10:19:45 PM] [cwKtj#8] B34R: caused an explosion (RAYGUN)
[10:19:47 PM] [cwKtj#8] B34R: caused an explosion (RAYGUN)
[10:19:50 PM] [cwKtj#8] B34R: caused an explosion (RAYGUN)
[10:19:52 PM] [cwKtj#8] B34R: caused an explosion (RAYGUN)
[10:20:06 PM] [cwKtj#8] B34R: caused an explosion (RAYGUN)
[10:20:08 PM] [cwKtj#8] B34R: caused an explosion (RAYGUN)
[10:20:15 PM] [cwKtj#8] B34R: caused an explosion (RAYGUN)
[10:20:21 PM] [cwKtj#8] B34R: caused an explosion (RAYGUN)
[10:20:23 PM] [cwKtj#8] B34R: caused an explosion (RAYGUN)
[10:20:26 PM] [cwKtj#8] B34R: caused an explosion (RAYGUN)
[10:20:28 PM] [cwKtj#8] B34R: caused an explosion (RAYGUN)
[10:20:30 PM] [cwKtj#8] B34R: caused an explosion (RAYGUN)
[10:21:33 PM] [cwKtj#8] B34R: caused an explosion (RAYGUN)
[10:21:34 PM] [cwKtj#5] Kenan D.: said "/emotemnu"
[10:21:36 PM] [cwKtj#8] B34R: caused an explosion (RAYGUN)
[10:22:02 PM] [cwKtj#8] B34R: caused an explosion (RAYGUN)
[10:22:18 PM] [cwKtj#8] B34R: caused an explosion (RAYGUN)
[10:23:19 PM] [cwKtj#8] B34R: caused an explosion (RAYGUN)
[10:23:39 PM] [cwKtj#1] Ethan Rubinacci: said "/dv"
[10:23:56 PM] [cwKtj#8] B34R: caused an explosion (RAYGUN)
[10:23:58 PM] [cwKtj#8] B34R: caused an explosion (RAYGUN)
[10:24:01 PM] [cwKtj#8] B34R: caused an explosion (RAYGUN)
[10:24:10 PM] [cwKtj#8] B34R: caused an explosion (RAYGUN)
[10:24:12 PM] [cwKtj#8] B34R: caused an explosion (RAYGUN)
[10:24:14 PM] [cwKtj#8] B34R: caused an explosion (RAYGUN)
[10:24:16 PM] [cwKtj#8] B34R: caused an explosion (RAYGUN)
[10:24:19 PM] [cwKtj#8] B34R: caused an explosion (RAYGUN)
[10:24:25 PM] [cwKtj#8] B34R: caused an explosion (RAYGUN)
[10:24:43 PM] [cwKtj#7] Owner: said "/dv"
[10:25:02 PM] [cwKtj#8] B34R: caused an explosion (RAYGUN)
[10:25:15 PM] [cwKtj#7] Owner: said "/dv"
[10:25:32 PM] [cwKtj#8] B34R: caused an explosion (RAYGUN)
[10:25:35 PM] [cwKtj#1] Ethan Rubinacci: said "/phonr"
[10:25:53 PM] [cwKtj#1] Ethan Rubinacci: said "/dv"
[10:26:01 PM] [cwKtj#8] B34R: caused an explosion (RAYGUN)
[10:26:17 PM] [cwKtj#8] B34R: caused an explosion (RAYGUN)
[10:31:22 PM] [cwKtj#7] Owner: disconnected (Server->client connection timed out. Last seen 51362 msec ago.)
[10:32:21 PM] [cwKtj#6] Heavy Scout Gaming: caused an explosion (CAR)
[10:32:21 PM] [cwKtj#6] Heavy Scout Gaming: died from suicide
[10:32:37 PM] [cwKtj#6] Heavy Scout Gaming: caused an explosion (CAR)
[10:38:11 PM] [cwKtj#6] Heavy Scout Gaming: caused an explosion (GRENADELAUNCHER)
[10:38:11 PM] [cwKtj#6] Heavy Scout Gaming: caused an explosion (CAR)
[10:38:55 PM] [cwKtj#9] Gage: joined with identifiers [steam:110000112d24b4f; license:6d2ec1a26c48df57b80c04e11d5c8dfb560bb4b3; xbl:2535421980170934; live:914797987069091; discord:195052712243494913; fivem:6353258]
[10:39:50 PM] [cwKtj#6] Heavy Scout Gaming: said "/dv"
[10:40:02 PM] [cwKtj#8] B34R: caused an explosion (ROCKET)
[10:42:02 PM] [cwKtj#8] B34R: caused an explosion (GRENADE)
[10:42:16 PM] [cwKtj#9] Gage: said "/dv"
[10:49:33 PM] [cwKtj#6] Heavy Scout Gaming: caused an explosion (RAYGUN)
[10:50:09 PM] [cwKtj#8] B34R: caused an explosion (STICKYBOMB)
[10:50:14 PM] [cwKtj#6] Heavy Scout Gaming: said "ask your mums tits"
[10:51:27 PM] [cwKtj#1] Ethan Rubinacci: died from Stungun by Kenan D.
[10:53:38 PM] [cwKtj#1] Ethan Rubinacci: disconnected (Exiting)
[10:53:41 PM] [cwKtj#8] B34R: caused an explosion (STICKYBOMB)
[10:53:42 PM] [cwKtj#8] B34R: caused an explosion (STICKYBOMB)
[10:53:42 PM] [cwKtj#8] B34R: caused an explosion (STICKYBOMB)
[10:53:42 PM] [cwKtj#8] B34R: caused an explosion (STICKYBOMB)
[10:53:42 PM] [cwKtj#8] B34R: caused an explosion (STICKYBOMB)
[10:53:44 PM] [cwKtj#5] Kenan D.: died from Sticky Bomb by B34R
[10:55:40 PM] [cwKtj#8] B34R: caused an explosion (STICKYBOMB)
[10:55:40 PM] [cwKtj#9] Gage: died from Sticky Bomb by B34R
[10:55:59 PM] [cwKtj#8] B34R: caused an explosion (STICKYBOMB)
[10:56:29 PM] [cwKtj#8] B34R: caused an explosion (PIPEBOMB)
[10:56:36 PM] [cwKtj#8] B34R: caused an explosion (PIPEBOMB)
[10:56:42 PM] [cwKtj#8] B34R: caused an explosion (PIPEBOMB)
[10:56:44 PM] [cwKtj#8] B34R: caused an explosion (PIPEBOMB)
[10:56:46 PM] [cwKtj#8] B34R: caused an explosion (PIPEBOMB)
[10:56:47 PM] [cwKtj#8] B34R: caused an explosion (PIPEBOMB)
[10:56:48 PM] [cwKtj#8] B34R: caused an explosion (PIPEBOMB)
[10:56:49 PM] [cwKtj#8] B34R: caused an explosion (PIPEBOMB)
[10:56:50 PM] [cwKtj#8] B34R: caused an explosion (PIPEBOMB)
[10:56:51 PM] [cwKtj#8] B34R: caused an explosion (PIPEBOMB)
[10:56:52 PM] [cwKtj#6] Heavy Scout Gaming: made a server-wide announcement: ostrich neck stretching contest
[10:57:12 PM] [cwKtj#6] Heavy Scout Gaming: made a server-wide announcement: toad stretching contest
[10:57:31 PM] txAdmin: ((Broadcast) B34R): said "No dont listen to him"
[10:57:39 PM] [cwKtj#6] Heavy Scout Gaming: made a server-wide announcement: blank message
[10:58:12 PM] [cwKtj#9] Gage: caused an explosion (PLANE_ROCKET)
[10:58:13 PM] [cwKtj#9] Gage: caused an explosion (PLANE_ROCKET)
[10:58:15 PM] [cwKtj#6] Heavy Scout Gaming: triggered drunk effect on [#8] B34R
[10:58:16 PM] [cwKtj#6] Heavy Scout Gaming: set [#8] B34R on fire
[10:58:16 PM] [cwKtj#6] Heavy Scout Gaming: triggered wild attack on [#8] B34R
[10:58:21 PM] [cwKtj#6] Heavy Scout Gaming: triggered wild attack on [#9] Gage
[10:58:21 PM] [cwKtj#6] Heavy Scout Gaming: triggered wild attack on [#9] Gage
[10:58:21 PM] [cwKtj#6] Heavy Scout Gaming: triggered wild attack on [#9] Gage
[10:58:21 PM] [cwKtj#6] Heavy Scout Gaming: triggered wild attack on [#9] Gage
[10:58:22 PM] [cwKtj#6] Heavy Scout Gaming: triggered wild attack on [#9] Gage
[10:58:22 PM] [cwKtj#6] Heavy Scout Gaming: triggered wild attack on [#9] Gage
[10:58:22 PM] [cwKtj#6] Heavy Scout Gaming: triggered wild attack on [#9] Gage
[10:58:22 PM] [cwKtj#6] Heavy Scout Gaming: triggered wild attack on [#9] Gage
[10:58:22 PM] [cwKtj#6] Heavy Scout Gaming: triggered wild attack on [#9] Gage
[10:58:22 PM] [cwKtj#6] Heavy Scout Gaming: triggered wild attack on [#9] Gage
[10:58:22 PM] [cwKtj#6] Heavy Scout Gaming: triggered wild attack on [#9] Gage
[10:58:23 PM] [cwKtj#6] Heavy Scout Gaming: triggered wild attack on [#9] Gage
[10:58:23 PM] [cwKtj#6] Heavy Scout Gaming: triggered wild attack on [#9] Gage
[10:58:23 PM] [cwKtj#6] Heavy Scout Gaming: triggered wild attack on [#9] Gage
[10:58:23 PM] [cwKtj#6] Heavy Scout Gaming: triggered wild attack on [#9] Gage
[10:58:24 PM] [cwKtj#6] Heavy Scout Gaming: teleported to player [??] unknown (x=-1185.376, y=-2487.007, z=324.489)
[10:58:30 PM] [cwKtj#9] Gage: caused an explosion (PLANE)
[10:58:30 PM] [cwKtj#9] Gage: caused an explosion (PLANE)
[10:58:30 PM] [cwKtj#9] Gage: died from suicide (Explosion)
[10:59:01 PM] [cwKtj#6] Heavy Scout Gaming: disconnected (Exiting)
[10:59:09 PM] [cwKtj#8] B34R: disconnected (Exiting)
[11:00:03 PM] [cwKtj#9] Gage: disconnected (Exiting)
[11:06:16 PM] [cwKtj#5] Kenan D.: disconnected (Server->client connection timed out. Last seen 53935 msec ago.)
