
================================================================
======== Log Rotated - 8/19/2022, 12:00:00 AM                   
================================================================
[6:23:43 AM] [cwKtj#10] Kenan D.: joined with identifiers [steam:110000116127f37; license:65f5914d26977a6a2d129d989bbe56305b73501d; xbl:2535449161003688; live:1055518451097397; discord:227123394024308740; fivem:336954; license2:d931812e49946f7c2b2c9bcb73128b1f744a702a]
[6:34:50 AM] [cwKtj#10] Kenan D.: disconnected (Entering Rockstar Editor)
[10:13:01 AM] [cwKtj#11] Hardcore_Shooter3: joined with identifiers [steam:110000114043d16; license:c074c95bfa2cb8ad960d287e02a24b27e42c0f97; xbl:2535463272732978; live:1055518387640177; discord:945429879783039020; fivem:7182368; license2:c074c95bfa2cb8ad960d287e02a24b27e42c0f97]
[10:16:20 AM] [cwKtj#11] Hardcore_Shooter3: disconnected (Exiting)

================================================================
======== txAdmin Starting - 8/19/2022, 2:40:58 PM               
================================================================
[2:41:47 PM] txAdmin: Logger started
[2:42:41 PM] [ADpfm#1] Ethan Rubinacci: joined with identifiers [steam:110000106d81f17; license:29a1486f20d95134646534c3de37ff11e7c1f3e3; xbl:2533274921566674; live:2040691484489962; discord:134438206576787456; fivem:6346624; license2:374cbd654dc6b853cf59d872901780b076e1feb5]
[2:43:55 PM] [ADpfm#1] Ethan Rubinacci: said "/k9"
[2:44:22 PM] [ADpfm#1] Ethan Rubinacci: said "/ladder"
[2:44:30 PM] [ADpfm#1] Ethan Rubinacci: said "/dv"
[2:44:32 PM] [ADpfm#1] Ethan Rubinacci: disconnected (Exiting)

================================================================
======== txAdmin Starting - 8/19/2022, 2:46:01 PM               
================================================================
[2:46:11 PM] txAdmin: Logger started

================================================================
======== txAdmin Starting - 8/19/2022, 2:49:12 PM               
================================================================
[2:49:22 PM] txAdmin: Logger started
[2:49:42 PM] [9tE8x#1] Ethan Rubinacci: joined with identifiers [steam:110000106d81f17; license:29a1486f20d95134646534c3de37ff11e7c1f3e3; xbl:2533274921566674; live:2040691484489962; discord:134438206576787456; fivem:6346624; license2:374cbd654dc6b853cf59d872901780b076e1feb5]
[2:54:19 PM] [9tE8x#1] Ethan Rubinacci: said "/dv"
[2:54:21 PM] [9tE8x#1] Ethan Rubinacci: disconnected (Exiting)
[2:58:21 PM] [9tE8x#2] Ethan Rubinacci: joined with identifiers [steam:110000106d81f17; license:29a1486f20d95134646534c3de37ff11e7c1f3e3; xbl:2533274921566674; live:2040691484489962; discord:134438206576787456; fivem:6346624; license2:374cbd654dc6b853cf59d872901780b076e1feb5]
[3:07:36 PM] [9tE8x#2] Ethan Rubinacci: disconnected (Exiting)
[3:19:29 PM] [9tE8x#3] Ethan Rubinacci: joined with identifiers [steam:110000106d81f17; license:29a1486f20d95134646534c3de37ff11e7c1f3e3; xbl:2533274921566674; live:2040691484489962; discord:134438206576787456; fivem:6346624; license2:374cbd654dc6b853cf59d872901780b076e1feb5]
[3:23:51 PM] [9tE8x#4] Country: joined with identifiers [steam:11000011451260f; license:79e72fe6942b0a0728e645f198345d8d0bfef7eb; discord:140365884182102016; fivem:73824; license2:5765fc041f0b18678f508895f1364a99ec7f1772]
[3:29:51 PM] [9tE8x#4] Country: disconnected (Exiting)
[3:30:18 PM] [9tE8x#5] Country: joined with identifiers [steam:11000011451260f; license:79e72fe6942b0a0728e645f198345d8d0bfef7eb; discord:140365884182102016; fivem:73824; license2:5765fc041f0b18678f508895f1364a99ec7f1772]
[3:31:24 PM] [9tE8x#5] Country: said "/gloves"
[3:31:27 PM] [9tE8x#5] Country: said "/gloves"
[3:31:36 PM] [9tE8x#5] Country: said "/vest"
[3:40:35 PM] [9tE8x#3] Ethan Rubinacci: caused an explosion (STICKYBOMB)
[3:40:37 PM] [9tE8x#3] Ethan Rubinacci: caused an explosion (STICKYBOMB)
[3:40:40 PM] [9tE8x#3] Ethan Rubinacci: caused an explosion (STICKYBOMB)
[3:40:43 PM] [9tE8x#3] Ethan Rubinacci: caused an explosion (STICKYBOMB)
[3:40:52 PM] [9tE8x#3] Ethan Rubinacci: caused an explosion (STICKYBOMB)
[3:40:54 PM] [9tE8x#3] Ethan Rubinacci: caused an explosion (STICKYBOMB)
[3:40:58 PM] [9tE8x#3] Ethan Rubinacci: caused an explosion (STICKYBOMB)
[3:41:14 PM] [9tE8x#3] Ethan Rubinacci: caused an explosion (STICKYBOMB)
[3:41:31 PM] [9tE8x#3] Ethan Rubinacci: caused an explosion (STICKYBOMB)
[3:41:31 PM] [9tE8x#3] Ethan Rubinacci: caused an explosion (STICKYBOMB)
[3:41:40 PM] [9tE8x#3] Ethan Rubinacci: caused an explosion (STICKYBOMB)
[3:41:40 PM] [9tE8x#5] Country: caused an explosion (TRUCK)
[3:41:40 PM] [9tE8x#3] Ethan Rubinacci: caused an explosion (STICKYBOMB)
[3:41:48 PM] [9tE8x#3] Ethan Rubinacci: caused an explosion (STICKYBOMB)
[3:41:48 PM] [9tE8x#3] Ethan Rubinacci: caused an explosion (STICKYBOMB)
[3:41:48 PM] [9tE8x#5] Country: caused an explosion (CAR)
[3:41:56 PM] [9tE8x#3] Ethan Rubinacci: caused an explosion (STICKYBOMB)
[3:41:56 PM] [9tE8x#5] Country: caused an explosion (CAR)
[3:41:56 PM] [9tE8x#3] Ethan Rubinacci: caused an explosion (STICKYBOMB)
[3:41:57 PM] [9tE8x#3] Ethan Rubinacci: caused an explosion (STICKYBOMB)
[3:42:08 PM] [9tE8x#3] Ethan Rubinacci: caused an explosion (STICKYBOMB)
[3:42:08 PM] [9tE8x#3] Ethan Rubinacci: caused an explosion (TRUCK)
[3:42:20 PM] [9tE8x#3] Ethan Rubinacci: caused an explosion (STICKYBOMB)
[3:42:21 PM] [9tE8x#3] Ethan Rubinacci: caused an explosion (STICKYBOMB)
[3:42:21 PM] [9tE8x#3] Ethan Rubinacci: caused an explosion (STICKYBOMB)
[3:42:21 PM] [9tE8x#3] Ethan Rubinacci: caused an explosion (CAR)
[3:42:34 PM] [9tE8x#3] Ethan Rubinacci: caused an explosion (GRENADELAUNCHER)
[3:42:39 PM] [9tE8x#3] Ethan Rubinacci: caused an explosion (GRENADELAUNCHER)
[3:42:39 PM] [9tE8x#3] Ethan Rubinacci: caused an explosion (CAR)
[3:42:44 PM] [9tE8x#3] Ethan Rubinacci: caused an explosion (GRENADELAUNCHER)
[3:42:46 PM] [9tE8x#3] Ethan Rubinacci: caused an explosion (GRENADELAUNCHER)
[3:42:48 PM] [9tE8x#3] Ethan Rubinacci: caused an explosion (GRENADELAUNCHER)
[3:42:50 PM] [9tE8x#3] Ethan Rubinacci: caused an explosion (GRENADELAUNCHER)
[3:42:56 PM] [9tE8x#3] Ethan Rubinacci: caused an explosion (GRENADELAUNCHER)
[3:42:57 PM] [9tE8x#3] Ethan Rubinacci: caused an explosion (GRENADELAUNCHER)
[3:42:57 PM] [9tE8x#3] Ethan Rubinacci: caused an explosion (CAR)
[3:43:00 PM] [9tE8x#3] Ethan Rubinacci: caused an explosion (GRENADELAUNCHER)
[3:43:09 PM] [9tE8x#3] Ethan Rubinacci: caused an explosion (GRENADELAUNCHER)
[3:43:22 PM] [9tE8x#3] Ethan Rubinacci: caused an explosion (ROCKET)
[3:43:28 PM] [9tE8x#3] Ethan Rubinacci: caused an explosion (TRUCK)
[3:43:28 PM] [9tE8x#5] Country: caused an explosion (TRUCK)
[3:43:33 PM] [9tE8x#3] Ethan Rubinacci: caused an explosion (CAR)
[3:43:36 PM] [9tE8x#3] Ethan Rubinacci: caused an explosion (CAR)
[3:43:36 PM] [9tE8x#3] Ethan Rubinacci: caused an explosion (CAR)
[3:43:41 PM] [9tE8x#5] Country: caused an explosion (CAR)
[3:43:42 PM] [9tE8x#3] Ethan Rubinacci: caused an explosion (ROCKET)
[3:43:45 PM] [9tE8x#3] Ethan Rubinacci: caused an explosion (ROCKET)
[3:43:48 PM] [9tE8x#3] Ethan Rubinacci: caused an explosion (ROCKET)
[3:43:52 PM] [9tE8x#3] Ethan Rubinacci: caused an explosion (TRUCK)
[3:43:52 PM] [9tE8x#3] Ethan Rubinacci: caused an explosion (TRUCK)
[3:43:52 PM] [9tE8x#3] Ethan Rubinacci: caused an explosion (CAR)
[3:43:57 PM] [9tE8x#3] Ethan Rubinacci: caused an explosion (TRUCK)
[3:43:57 PM] [9tE8x#3] Ethan Rubinacci: caused an explosion (TRUCK)
[3:44:06 PM] [9tE8x#3] Ethan Rubinacci: caused an explosion (APCSHELL)
[3:44:11 PM] [9tE8x#3] Ethan Rubinacci: caused an explosion (APCSHELL)
[3:44:13 PM] [9tE8x#3] Ethan Rubinacci: caused an explosion (APCSHELL)
[3:44:13 PM] [9tE8x#3] Ethan Rubinacci: caused an explosion (TRUCK)
[3:44:22 PM] [9tE8x#3] Ethan Rubinacci: caused an explosion (APCSHELL)
[3:44:22 PM] [9tE8x#5] Country: caused an explosion (CAR)
[3:44:35 PM] [9tE8x#3] Ethan Rubinacci: caused an explosion (APCSHELL)
[3:44:37 PM] [9tE8x#3] Ethan Rubinacci: caused an explosion (APCSHELL)
[3:44:38 PM] [9tE8x#3] Ethan Rubinacci: caused an explosion (APCSHELL)
[3:44:40 PM] [9tE8x#3] Ethan Rubinacci: caused an explosion (APCSHELL)
[3:44:43 PM] [9tE8x#3] Ethan Rubinacci: caused an explosion (APCSHELL)
[3:45:04 PM] [9tE8x#3] Ethan Rubinacci: caused an explosion (PLANE_ROCKET)
[3:45:05 PM] [9tE8x#3] Ethan Rubinacci: caused an explosion (PLANE_ROCKET)
[3:45:12 PM] [9tE8x#3] Ethan Rubinacci: caused an explosion (PLANE_ROCKET)
[3:45:14 PM] [9tE8x#3] Ethan Rubinacci: caused an explosion (PLANE_ROCKET)
[3:45:14 PM] [9tE8x#3] Ethan Rubinacci: caused an explosion (TRUCK)
[3:45:15 PM] [9tE8x#3] Ethan Rubinacci: caused an explosion (TRUCK)
[3:45:15 PM] [9tE8x#5] Country: caused an explosion (TRUCK)
[3:45:20 PM] [9tE8x#3] Ethan Rubinacci: caused an explosion (PLANE_ROCKET)
[3:45:22 PM] [9tE8x#3] Ethan Rubinacci: caused an explosion (PLANE_ROCKET)
[3:45:30 PM] [9tE8x#3] Ethan Rubinacci: caused an explosion (TRUCK)
[3:45:30 PM] [9tE8x#3] Ethan Rubinacci: caused an explosion (TRUCK)
[3:45:30 PM] [9tE8x#3] Ethan Rubinacci: caused an explosion (CAR)
[3:45:33 PM] [9tE8x#3] Ethan Rubinacci: caused an explosion (TRUCK)
[3:45:33 PM] [9tE8x#5] Country: caused an explosion (TRUCK)
[3:45:34 PM] [9tE8x#3] Ethan Rubinacci: caused an explosion (TRUCK)
[3:45:39 PM] [9tE8x#3] Ethan Rubinacci: caused an explosion (PLANE_ROCKET)
[3:45:40 PM] [9tE8x#3] Ethan Rubinacci: caused an explosion (CAR)
[3:45:40 PM] [9tE8x#3] Ethan Rubinacci: caused an explosion (CAR)
[3:45:42 PM] [9tE8x#3] Ethan Rubinacci: caused an explosion (PLANE_ROCKET)
[3:45:43 PM] [9tE8x#3] Ethan Rubinacci: caused an explosion (PLANE_ROCKET)
[3:45:43 PM] [9tE8x#3] Ethan Rubinacci: caused an explosion (CAR)
[3:45:44 PM] [9tE8x#3] Ethan Rubinacci: caused an explosion (CAR)
[3:45:45 PM] [9tE8x#3] Ethan Rubinacci: caused an explosion (CAR)
[3:45:48 PM] [9tE8x#3] Ethan Rubinacci: caused an explosion (CAR)
[3:45:48 PM] [9tE8x#3] Ethan Rubinacci: caused an explosion (CAR)
[3:45:55 PM] [9tE8x#3] Ethan Rubinacci: caused an explosion (PLANE_ROCKET)
[3:46:06 PM] [9tE8x#3] Ethan Rubinacci: caused an explosion (PLANE_ROCKET)
[3:46:07 PM] [9tE8x#5] Country: caused an explosion (CAR)
[3:46:13 PM] [9tE8x#3] Ethan Rubinacci: caused an explosion (PLANE_ROCKET)
[3:46:13 PM] [9tE8x#3] Ethan Rubinacci: caused an explosion (TRUCK)
[3:46:14 PM] [9tE8x#3] Ethan Rubinacci: caused an explosion (PLANE_ROCKET)
[3:46:14 PM] [9tE8x#3] Ethan Rubinacci: caused an explosion (CAR)
[3:46:18 PM] [9tE8x#3] Ethan Rubinacci: caused an explosion (PLANE_ROCKET)
[3:46:18 PM] [9tE8x#3] Ethan Rubinacci: caused an explosion (CAR)
[3:46:32 PM] [9tE8x#3] Ethan Rubinacci: caused an explosion (PLANE_ROCKET)
[3:46:32 PM] [9tE8x#3] Ethan Rubinacci: caused an explosion (CAR)
[3:46:35 PM] [9tE8x#3] Ethan Rubinacci: caused an explosion (PLANE_ROCKET)
[3:46:38 PM] [9tE8x#3] Ethan Rubinacci: caused an explosion (PLANE_ROCKET)
[3:46:38 PM] [9tE8x#3] Ethan Rubinacci: caused an explosion (CAR)
[3:46:41 PM] [9tE8x#3] Ethan Rubinacci: caused an explosion (PLANE_ROCKET)
[3:46:43 PM] [9tE8x#3] Ethan Rubinacci: caused an explosion (PLANE_ROCKET)
[3:46:45 PM] [9tE8x#3] Ethan Rubinacci: caused an explosion (PLANE_ROCKET)
[3:46:54 PM] [9tE8x#3] Ethan Rubinacci: caused an explosion (PLANE_ROCKET)
[3:46:56 PM] [9tE8x#3] Ethan Rubinacci: caused an explosion (PLANE_ROCKET)
[3:46:58 PM] [9tE8x#3] Ethan Rubinacci: caused an explosion (PLANE_ROCKET)
[3:46:59 PM] [9tE8x#3] Ethan Rubinacci: caused an explosion (CAR)
[3:47:00 PM] [9tE8x#3] Ethan Rubinacci: caused an explosion (CAR)
[3:47:04 PM] [9tE8x#3] Ethan Rubinacci: caused an explosion (PLANE_ROCKET)
[3:47:05 PM] [9tE8x#3] Ethan Rubinacci: caused an explosion (PLANE_ROCKET)
[3:47:07 PM] [9tE8x#3] Ethan Rubinacci: caused an explosion (PLANE_ROCKET)
[3:47:07 PM] [9tE8x#3] Ethan Rubinacci: caused an explosion (CAR)
[3:47:08 PM] [9tE8x#3] Ethan Rubinacci: caused an explosion (PLANE_ROCKET)
[3:47:09 PM] [9tE8x#3] Ethan Rubinacci: caused an explosion (TRUCK)
[3:47:10 PM] [9tE8x#5] Country: caused an explosion (TRUCK)
[3:47:12 PM] [9tE8x#3] Ethan Rubinacci: caused an explosion (TRUCK)
[3:47:17 PM] [9tE8x#3] Ethan Rubinacci: caused an explosion (PLANE_ROCKET)
[3:47:17 PM] [9tE8x#3] Ethan Rubinacci: caused an explosion (PLANE_ROCKET)
[3:47:18 PM] [9tE8x#3] Ethan Rubinacci: caused an explosion (CAR)
[3:47:21 PM] [9tE8x#3] Ethan Rubinacci: caused an explosion (PLANE_ROCKET)
[3:47:21 PM] [9tE8x#3] Ethan Rubinacci: caused an explosion (TRUCK)
[3:47:22 PM] [9tE8x#5] Country: caused an explosion (TRUCK)
[3:47:26 PM] [9tE8x#3] Ethan Rubinacci: caused an explosion (TRUCK)
[3:47:29 PM] [9tE8x#3] Ethan Rubinacci: caused an explosion (PLANE_ROCKET)
[3:47:30 PM] [9tE8x#3] Ethan Rubinacci: caused an explosion (PLANE_ROCKET)
[3:47:31 PM] [9tE8x#3] Ethan Rubinacci: caused an explosion (TRUCK)
[3:47:32 PM] [9tE8x#5] Country: caused an explosion (TRUCK)
[3:47:40 PM] [9tE8x#3] Ethan Rubinacci: caused an explosion (PLANE_ROCKET)
[3:47:42 PM] [9tE8x#3] Ethan Rubinacci: caused an explosion (PLANE_ROCKET)
[3:47:44 PM] [9tE8x#3] Ethan Rubinacci: caused an explosion (TRUCK)
[3:47:44 PM] [9tE8x#3] Ethan Rubinacci: caused an explosion (TRUCK)
[3:47:45 PM] [9tE8x#3] Ethan Rubinacci: caused an explosion (TRUCK)
[3:47:46 PM] [9tE8x#3] Ethan Rubinacci: caused an explosion (TRUCK)
[3:47:47 PM] [9tE8x#3] Ethan Rubinacci: caused an explosion (PLANE_ROCKET)
[3:47:48 PM] [9tE8x#3] Ethan Rubinacci: caused an explosion (PLANE_ROCKET)
[3:47:49 PM] [9tE8x#3] Ethan Rubinacci: caused an explosion (CAR)
[3:47:50 PM] [9tE8x#3] Ethan Rubinacci: caused an explosion (PLANE_ROCKET)
[3:47:51 PM] [9tE8x#3] Ethan Rubinacci: caused an explosion (TRUCK)
[3:47:52 PM] [9tE8x#3] Ethan Rubinacci: caused an explosion (PLANE_ROCKET)
[3:47:54 PM] [9tE8x#3] Ethan Rubinacci: caused an explosion (CAR)
[3:47:54 PM] [9tE8x#5] Country: caused an explosion (TRUCK)
[3:47:59 PM] [9tE8x#3] Ethan Rubinacci: caused an explosion (PLANE_ROCKET)
[3:47:59 PM] [9tE8x#5] Country: caused an explosion (TRUCK)
[3:48:04 PM] [9tE8x#3] Ethan Rubinacci: caused an explosion (PLANE_ROCKET)
[3:48:05 PM] [9tE8x#3] Ethan Rubinacci: caused an explosion (PLANE_ROCKET)
[3:48:06 PM] [9tE8x#3] Ethan Rubinacci: caused an explosion (PLANE_ROCKET)
[3:48:07 PM] [9tE8x#3] Ethan Rubinacci: caused an explosion (PLANE_ROCKET)
[3:48:07 PM] [9tE8x#3] Ethan Rubinacci: caused an explosion (PLANE_ROCKET)
[3:48:08 PM] [9tE8x#3] Ethan Rubinacci: caused an explosion (PLANE_ROCKET)
[3:48:08 PM] [9tE8x#3] Ethan Rubinacci: caused an explosion (PLANE_ROCKET)
[3:48:09 PM] [9tE8x#3] Ethan Rubinacci: caused an explosion (PLANE_ROCKET)
[3:48:09 PM] [9tE8x#3] Ethan Rubinacci: caused an explosion (PLANE_ROCKET)
[3:48:10 PM] [9tE8x#3] Ethan Rubinacci: caused an explosion (PLANE_ROCKET)
[3:48:10 PM] [9tE8x#3] Ethan Rubinacci: caused an explosion (PLANE_ROCKET)
[3:48:11 PM] [9tE8x#3] Ethan Rubinacci: caused an explosion (PLANE_ROCKET)
[3:48:11 PM] [9tE8x#3] Ethan Rubinacci: caused an explosion (TRUCK)
[3:48:11 PM] [9tE8x#3] Ethan Rubinacci: caused an explosion (PLANE_ROCKET)
[3:48:11 PM] [9tE8x#5] Country: caused an explosion (TRUCK)
[3:48:11 PM] [9tE8x#3] Ethan Rubinacci: caused an explosion (TRUCK)
[3:48:12 PM] [9tE8x#3] Ethan Rubinacci: caused an explosion (PLANE_ROCKET)
[3:48:13 PM] [9tE8x#3] Ethan Rubinacci: caused an explosion (PLANE_ROCKET)
[3:48:13 PM] [9tE8x#3] Ethan Rubinacci: caused an explosion (PLANE_ROCKET)
[3:48:14 PM] [9tE8x#3] Ethan Rubinacci: caused an explosion (PLANE_ROCKET)
[3:48:14 PM] [9tE8x#3] Ethan Rubinacci: caused an explosion (TRUCK)
[3:48:14 PM] [9tE8x#3] Ethan Rubinacci: caused an explosion (CAR)
[3:48:15 PM] [9tE8x#3] Ethan Rubinacci: caused an explosion (TRUCK)
[3:48:16 PM] [9tE8x#3] Ethan Rubinacci: caused an explosion (TRUCK)
[3:48:16 PM] [9tE8x#3] Ethan Rubinacci: caused an explosion (PLANE_ROCKET)
[3:48:16 PM] [9tE8x#5] Country: caused an explosion (TRUCK)
[3:48:17 PM] [9tE8x#3] Ethan Rubinacci: caused an explosion (TRUCK)
[3:48:18 PM] [9tE8x#3] Ethan Rubinacci: caused an explosion (PLANE_ROCKET)
[3:48:38 PM] [9tE8x#3] Ethan Rubinacci: caused an explosion (TRUCK)
[3:48:38 PM] [9tE8x#3] Ethan Rubinacci: caused an explosion (TRUCK)
[3:48:41 PM] [9tE8x#3] Ethan Rubinacci: caused an explosion (PLANE_ROCKET)
[3:48:42 PM] [9tE8x#3] Ethan Rubinacci: caused an explosion (PLANE_ROCKET)
[3:48:43 PM] [9tE8x#3] Ethan Rubinacci: caused an explosion (TRUCK)
[3:48:43 PM] [9tE8x#5] Country: caused an explosion (TRUCK)
[3:48:46 PM] [9tE8x#3] Ethan Rubinacci: caused an explosion (TRUCK)
[3:48:46 PM] [9tE8x#3] Ethan Rubinacci: caused an explosion (CAR)
[3:48:46 PM] [9tE8x#5] Country: caused an explosion (TRUCK)
[3:48:49 PM] [9tE8x#3] Ethan Rubinacci: caused an explosion (PLANE_ROCKET)
[3:48:50 PM] [9tE8x#5] Country: caused an explosion (TRUCK)
[3:49:01 PM] [9tE8x#3] Ethan Rubinacci: caused an explosion (PLANE_ROCKET)
[3:49:03 PM] [9tE8x#3] Ethan Rubinacci: caused an explosion (PLANE_ROCKET)
[3:49:04 PM] [9tE8x#5] Country: caused an explosion (CAR)
[3:49:26 PM] [9tE8x#3] Ethan Rubinacci: caused an explosion (TRUCK)
[3:49:26 PM] [9tE8x#3] Ethan Rubinacci: caused an explosion (PLANE_ROCKET)
[3:49:26 PM] [9tE8x#5] Country: caused an explosion (TRUCK)
[3:49:29 PM] [9tE8x#3] Ethan Rubinacci: caused an explosion (PLANE_ROCKET)
[3:49:31 PM] [9tE8x#3] Ethan Rubinacci: caused an explosion (PLANE_ROCKET)
[3:49:35 PM] [9tE8x#3] Ethan Rubinacci: caused an explosion (TRUCK)
[3:49:37 PM] [9tE8x#3] Ethan Rubinacci: caused an explosion (TRUCK)
[3:49:38 PM] [9tE8x#3] Ethan Rubinacci: caused an explosion (PLANE_ROCKET)
[3:49:38 PM] [9tE8x#3] Ethan Rubinacci: caused an explosion (CAR)
[3:49:41 PM] [9tE8x#3] Ethan Rubinacci: caused an explosion (PLANE_ROCKET)
[3:49:42 PM] [9tE8x#3] Ethan Rubinacci: caused an explosion (PLANE_ROCKET)
[3:49:46 PM] [9tE8x#3] Ethan Rubinacci: caused an explosion (TRUCK)
[3:49:49 PM] [9tE8x#3] Ethan Rubinacci: caused an explosion (PLANE_ROCKET)
[3:49:49 PM] [9tE8x#3] Ethan Rubinacci: caused an explosion (CAR)
[3:50:10 PM] [9tE8x#3] Ethan Rubinacci: caused an explosion (STICKYBOMB)
[3:50:27 PM] [9tE8x#3] Ethan Rubinacci: caused an explosion (TRUCK)
[3:50:27 PM] [9tE8x#3] Ethan Rubinacci: caused an explosion (TRUCK)
[3:50:30 PM] [9tE8x#3] Ethan Rubinacci: caused an explosion (PLANE_ROCKET)
[3:50:36 PM] [9tE8x#3] Ethan Rubinacci: caused an explosion (TRUCK)
[3:50:36 PM] [9tE8x#5] Country: caused an explosion (TRUCK)
[3:50:40 PM] [9tE8x#3] Ethan Rubinacci: caused an explosion (TRUCK)
[3:50:40 PM] [9tE8x#5] Country: caused an explosion (TRUCK)
[3:51:22 PM] [9tE8x#3] Ethan Rubinacci: caused an explosion (PLANE_ROCKET)
[3:51:22 PM] [9tE8x#3] Ethan Rubinacci: caused an explosion (PLANE_ROCKET)
[3:51:23 PM] [9tE8x#3] Ethan Rubinacci: caused an explosion (PLANE_ROCKET)
[3:51:30 PM] [9tE8x#3] Ethan Rubinacci: caused an explosion (PLANE_ROCKET)
[3:51:30 PM] [9tE8x#3] Ethan Rubinacci: caused an explosion (PLANE_ROCKET)
[3:51:34 PM] [9tE8x#3] Ethan Rubinacci: caused an explosion (PLANE_ROCKET)
[3:51:38 PM] [9tE8x#3] Ethan Rubinacci: caused an explosion (TRUCK)
[3:51:38 PM] [9tE8x#3] Ethan Rubinacci: caused an explosion (TRUCK)
[3:51:47 PM] [9tE8x#3] Ethan Rubinacci: caused an explosion (PLANE_ROCKET)
[3:52:01 PM] [9tE8x#3] Ethan Rubinacci: caused an explosion (CAR)
[3:52:01 PM] [9tE8x#3] Ethan Rubinacci: caused an explosion (CAR)
[3:52:02 PM] [9tE8x#3] Ethan Rubinacci: caused an explosion (PLANE_ROCKET)
[3:52:12 PM] [9tE8x#3] Ethan Rubinacci: caused an explosion (PLANE_ROCKET)
[3:52:13 PM] [9tE8x#3] Ethan Rubinacci: caused an explosion (PLANE_ROCKET)
[3:52:13 PM] [9tE8x#5] Country: caused an explosion (CAR)
[3:52:14 PM] [9tE8x#3] Ethan Rubinacci: caused an explosion (TRUCK)
[3:52:14 PM] [9tE8x#3] Ethan Rubinacci: caused an explosion (TRUCK)
[3:52:17 PM] [9tE8x#3] Ethan Rubinacci: caused an explosion (PLANE_ROCKET)
[3:52:18 PM] [9tE8x#3] Ethan Rubinacci: caused an explosion (PLANE_ROCKET)
[3:52:21 PM] [9tE8x#3] Ethan Rubinacci: caused an explosion (PLANE_ROCKET)
[3:52:21 PM] [9tE8x#3] Ethan Rubinacci: caused an explosion (CAR)
[3:52:21 PM] [9tE8x#3] Ethan Rubinacci: caused an explosion (CAR)
[3:52:22 PM] [9tE8x#3] Ethan Rubinacci: caused an explosion (CAR)
[3:52:22 PM] [9tE8x#3] Ethan Rubinacci: caused an explosion (CAR)
[3:52:22 PM] [9tE8x#3] Ethan Rubinacci: caused an explosion (CAR)
[3:52:23 PM] [9tE8x#3] Ethan Rubinacci: caused an explosion (CAR)
[3:52:23 PM] [9tE8x#3] Ethan Rubinacci: caused an explosion (CAR)
[3:52:24 PM] [9tE8x#3] Ethan Rubinacci: caused an explosion (PLANE_ROCKET)
[3:52:24 PM] [9tE8x#3] Ethan Rubinacci: caused an explosion (CAR)
[3:52:24 PM] [9tE8x#3] Ethan Rubinacci: caused an explosion (CAR)
[3:52:28 PM] [9tE8x#3] Ethan Rubinacci: caused an explosion (PLANE_ROCKET)
[3:52:28 PM] [9tE8x#3] Ethan Rubinacci: caused an explosion (CAR)
[3:52:36 PM] [9tE8x#3] Ethan Rubinacci: caused an explosion (PLANE_ROCKET)
[3:52:37 PM] [9tE8x#3] Ethan Rubinacci: caused an explosion (PLANE_ROCKET)
[3:52:38 PM] [9tE8x#3] Ethan Rubinacci: caused an explosion (PLANE_ROCKET)
[3:52:38 PM] [9tE8x#3] Ethan Rubinacci: caused an explosion (CAR)
[3:52:43 PM] [9tE8x#3] Ethan Rubinacci: caused an explosion (TRUCK)
[3:52:43 PM] [9tE8x#5] Country: caused an explosion (TRUCK)
[3:52:43 PM] [9tE8x#3] Ethan Rubinacci: caused an explosion (PLANE_ROCKET)
[3:52:44 PM] [9tE8x#3] Ethan Rubinacci: caused an explosion (PLANE_ROCKET)
[3:52:44 PM] [9tE8x#3] Ethan Rubinacci: caused an explosion (PLANE_ROCKET)
[3:52:45 PM] [9tE8x#3] Ethan Rubinacci: caused an explosion (PLANE_ROCKET)
[3:52:58 PM] [9tE8x#3] Ethan Rubinacci: caused an explosion (PLANE_ROCKET)
[3:52:59 PM] [9tE8x#5] Country: caused an explosion (CAR)
[3:52:59 PM] [9tE8x#3] Ethan Rubinacci: caused an explosion (PLANE_ROCKET)
[3:53:00 PM] [9tE8x#3] Ethan Rubinacci: caused an explosion (PLANE_ROCKET)
[3:53:00 PM] [9tE8x#3] Ethan Rubinacci: caused an explosion (CAR)
[3:53:01 PM] [9tE8x#3] Ethan Rubinacci: caused an explosion (PLANE_ROCKET)
[3:53:01 PM] [9tE8x#3] Ethan Rubinacci: caused an explosion (PLANE_ROCKET)
[3:53:34 PM] [9tE8x#3] Ethan Rubinacci: caused an explosion (PLANE_ROCKET)
[3:53:35 PM] [9tE8x#5] Country: caused an explosion (CAR)
[3:53:35 PM] [9tE8x#5] Country: caused an explosion (CAR)
[3:53:38 PM] [9tE8x#3] Ethan Rubinacci: caused an explosion (PLANE_ROCKET)
[3:53:39 PM] [9tE8x#3] Ethan Rubinacci: caused an explosion (PLANE_ROCKET)
[3:53:40 PM] [9tE8x#3] Ethan Rubinacci: caused an explosion (CAR)
[3:53:41 PM] [9tE8x#5] Country: caused an explosion (CAR)
[3:53:42 PM] [9tE8x#3] Ethan Rubinacci: caused an explosion (PLANE_ROCKET)
[3:53:45 PM] [9tE8x#3] Ethan Rubinacci: caused an explosion (PLANE_ROCKET)
[3:53:46 PM] [9tE8x#3] Ethan Rubinacci: caused an explosion (PLANE_ROCKET)
[3:53:47 PM] [9tE8x#5] Country: caused an explosion (CAR)
[3:53:51 PM] [9tE8x#3] Ethan Rubinacci: caused an explosion (PLANE_ROCKET)
[3:53:52 PM] [9tE8x#3] Ethan Rubinacci: caused an explosion (PLANE_ROCKET)
[3:53:52 PM] [9tE8x#3] Ethan Rubinacci: caused an explosion (TRUCK)
[3:53:53 PM] [9tE8x#5] Country: caused an explosion (TRUCK)
[3:53:58 PM] [9tE8x#3] Ethan Rubinacci: caused an explosion (PLANE_ROCKET)
[3:54:02 PM] [9tE8x#3] Ethan Rubinacci: caused an explosion (PLANE_ROCKET)
[3:54:02 PM] [9tE8x#3] Ethan Rubinacci: caused an explosion (PLANE_ROCKET)
[3:54:03 PM] [9tE8x#3] Ethan Rubinacci: caused an explosion (PLANE_ROCKET)
[3:54:04 PM] [9tE8x#3] Ethan Rubinacci: caused an explosion (PLANE_ROCKET)
[3:54:05 PM] [9tE8x#3] Ethan Rubinacci: caused an explosion (PLANE_ROCKET)
[3:54:05 PM] [9tE8x#3] Ethan Rubinacci: caused an explosion (PLANE_ROCKET)
[3:54:05 PM] [9tE8x#3] Ethan Rubinacci: caused an explosion (PLANE_ROCKET)
[3:54:06 PM] [9tE8x#3] Ethan Rubinacci: caused an explosion (PLANE_ROCKET)
[3:54:11 PM] [9tE8x#3] Ethan Rubinacci: caused an explosion (PLANE_ROCKET)
[3:54:12 PM] [9tE8x#3] Ethan Rubinacci: caused an explosion (CAR)
[3:54:12 PM] [9tE8x#5] Country: caused an explosion (CAR)
[3:54:17 PM] [9tE8x#3] Ethan Rubinacci: caused an explosion (PLANE_ROCKET)
[3:54:18 PM] [9tE8x#3] Ethan Rubinacci: caused an explosion (TRUCK)
[3:54:19 PM] [9tE8x#5] Country: caused an explosion (TRUCK)
[3:54:21 PM] [9tE8x#3] Ethan Rubinacci: caused an explosion (PLANE_ROCKET)
[3:54:22 PM] [9tE8x#5] Country: caused an explosion (PETROL_PUMP)
[3:54:22 PM] [9tE8x#5] Country: caused an explosion (CAR)
[3:54:22 PM] [9tE8x#5] Country: caused an explosion (PETROL_PUMP)
[3:54:29 PM] [9tE8x#3] Ethan Rubinacci: caused an explosion (PLANE_ROCKET)
[3:54:30 PM] [9tE8x#3] Ethan Rubinacci: caused an explosion (PLANE_ROCKET)
[3:54:32 PM] [9tE8x#3] Ethan Rubinacci: caused an explosion (PLANE_ROCKET)
[3:54:35 PM] [9tE8x#3] Ethan Rubinacci: caused an explosion (PLANE_ROCKET)
[3:54:36 PM] [9tE8x#5] Country: caused an explosion (CAR)
[3:54:36 PM] [9tE8x#3] Ethan Rubinacci: caused an explosion (PLANE_ROCKET)
[3:54:38 PM] [9tE8x#3] Ethan Rubinacci: caused an explosion (PLANE_ROCKET)
[3:54:38 PM] [9tE8x#3] Ethan Rubinacci: caused an explosion (PETROL_PUMP)
[3:54:41 PM] [9tE8x#3] Ethan Rubinacci: caused an explosion (PLANE_ROCKET)
[3:54:42 PM] [9tE8x#3] Ethan Rubinacci: caused an explosion (PETROL_PUMP)
[3:54:43 PM] [9tE8x#3] Ethan Rubinacci: caused an explosion (PLANE_ROCKET)
[3:54:43 PM] [9tE8x#3] Ethan Rubinacci: caused an explosion (TRUCK)
[3:54:43 PM] [9tE8x#5] Country: caused an explosion (TRUCK)
[3:54:44 PM] [9tE8x#3] Ethan Rubinacci: caused an explosion (PLANE_ROCKET)
[3:54:44 PM] [9tE8x#3] Ethan Rubinacci: caused an explosion (TRUCK)
[3:54:54 PM] [9tE8x#3] Ethan Rubinacci: caused an explosion (PLANE_ROCKET)
[3:54:58 PM] [9tE8x#3] Ethan Rubinacci: caused an explosion (PLANE_ROCKET)
[3:54:59 PM] [9tE8x#3] Ethan Rubinacci: caused an explosion (PLANE_ROCKET)
[3:55:00 PM] [9tE8x#3] Ethan Rubinacci: caused an explosion (PLANE_ROCKET)
[3:55:00 PM] [9tE8x#3] Ethan Rubinacci: caused an explosion (CAR)
[3:55:04 PM] [9tE8x#3] Ethan Rubinacci: caused an explosion (PLANE_ROCKET)
[3:55:04 PM] [9tE8x#5] Country: caused an explosion (CAR)
[3:55:04 PM] [9tE8x#3] Ethan Rubinacci: caused an explosion (PLANE_ROCKET)
[3:55:05 PM] [9tE8x#3] Ethan Rubinacci: caused an explosion (CAR)
[3:55:05 PM] [9tE8x#5] Country: caused an explosion (CAR)
[3:55:05 PM] [9tE8x#3] Ethan Rubinacci: caused an explosion (PLANE_ROCKET)
[3:55:06 PM] [9tE8x#3] Ethan Rubinacci: caused an explosion (CAR)
[3:55:11 PM] [9tE8x#3] Ethan Rubinacci: caused an explosion (PLANE_ROCKET)
[3:55:12 PM] [9tE8x#3] Ethan Rubinacci: caused an explosion (PLANE_ROCKET)
[3:55:12 PM] [9tE8x#3] Ethan Rubinacci: caused an explosion (PLANE_ROCKET)
[3:55:13 PM] [9tE8x#3] Ethan Rubinacci: caused an explosion (PLANE_ROCKET)
[3:55:13 PM] [9tE8x#3] Ethan Rubinacci: caused an explosion (CAR)
[3:55:13 PM] [9tE8x#3] Ethan Rubinacci: caused an explosion (CAR)
[3:55:14 PM] [9tE8x#3] Ethan Rubinacci: caused an explosion (PLANE_ROCKET)
[3:55:15 PM] [9tE8x#3] Ethan Rubinacci: caused an explosion (PLANE_ROCKET)
[3:55:15 PM] [9tE8x#5] Country: caused an explosion (CAR)
[3:55:18 PM] [9tE8x#3] Ethan Rubinacci: caused an explosion (PLANE_ROCKET)
[3:55:20 PM] [9tE8x#3] Ethan Rubinacci: caused an explosion (PLANE_ROCKET)
[3:55:20 PM] [9tE8x#5] Country: caused an explosion (CAR)
[3:55:21 PM] [9tE8x#3] Ethan Rubinacci: caused an explosion (PLANE_ROCKET)
[3:55:22 PM] [9tE8x#3] Ethan Rubinacci: caused an explosion (PLANE_ROCKET)
[3:55:22 PM] [9tE8x#5] Country: caused an explosion (CAR)
[3:55:28 PM] [9tE8x#3] Ethan Rubinacci: caused an explosion (PLANE_ROCKET)
[3:55:28 PM] [9tE8x#3] Ethan Rubinacci: caused an explosion (PLANE_ROCKET)
[3:55:32 PM] [9tE8x#3] Ethan Rubinacci: caused an explosion (CAR)
[3:55:33 PM] [9tE8x#5] Country: caused an explosion (CAR)
[3:55:44 PM] [9tE8x#3] Ethan Rubinacci: caused an explosion (PLANE_ROCKET)
[3:55:44 PM] [9tE8x#3] Ethan Rubinacci: caused an explosion (CAR)
[3:55:49 PM] [9tE8x#3] Ethan Rubinacci: caused an explosion (PLANE_ROCKET)
[3:55:54 PM] [9tE8x#3] Ethan Rubinacci: caused an explosion (CAR)
[3:55:54 PM] [9tE8x#5] Country: caused an explosion (CAR)
[3:56:08 PM] [9tE8x#3] Ethan Rubinacci: caused an explosion (PLANE_ROCKET)
[3:56:08 PM] [9tE8x#5] Country: caused an explosion (CAR)
[3:56:16 PM] [9tE8x#3] Ethan Rubinacci: caused an explosion (CAR)
[3:56:16 PM] [9tE8x#5] Country: caused an explosion (CAR)
[3:56:20 PM] [9tE8x#3] Ethan Rubinacci: caused an explosion (PLANE_ROCKET)
[3:56:21 PM] [9tE8x#3] Ethan Rubinacci: caused an explosion (TRUCK)
[3:56:21 PM] [9tE8x#3] Ethan Rubinacci: caused an explosion (TRUCK)
[3:56:21 PM] [9tE8x#3] Ethan Rubinacci: caused an explosion (CAR)
[3:56:24 PM] [9tE8x#3] Ethan Rubinacci: caused an explosion (PLANE_ROCKET)
[3:56:25 PM] [9tE8x#5] Country: caused an explosion (TRUCK)
[3:56:25 PM] [9tE8x#3] Ethan Rubinacci: caused an explosion (PLANE_ROCKET)
[3:56:25 PM] [9tE8x#3] Ethan Rubinacci: caused an explosion (PLANE_ROCKET)
[3:56:26 PM] [9tE8x#5] Country: caused an explosion (TRUCK)
[3:56:26 PM] [9tE8x#3] Ethan Rubinacci: caused an explosion (PLANE_ROCKET)
[3:56:29 PM] [9tE8x#3] Ethan Rubinacci: caused an explosion (TRUCK)
[3:56:29 PM] [9tE8x#5] Country: caused an explosion (TRUCK)
[3:56:31 PM] [9tE8x#3] Ethan Rubinacci: caused an explosion (TRUCK)
[3:56:31 PM] [9tE8x#5] Country: caused an explosion (TRUCK)
[3:56:33 PM] [9tE8x#3] Ethan Rubinacci: caused an explosion (PLANE_ROCKET)
[3:56:37 PM] [9tE8x#3] Ethan Rubinacci: caused an explosion (PLANE_ROCKET)
[3:56:38 PM] [9tE8x#3] Ethan Rubinacci: caused an explosion (TRUCK)
[3:56:38 PM] [9tE8x#5] Country: caused an explosion (TRUCK)
[3:56:38 PM] [9tE8x#3] Ethan Rubinacci: caused an explosion (TRUCK)
[3:56:40 PM] [9tE8x#3] Ethan Rubinacci: caused an explosion (TRUCK)
[3:56:40 PM] [9tE8x#5] Country: caused an explosion (TRUCK)
[3:56:40 PM] [9tE8x#3] Ethan Rubinacci: caused an explosion (PLANE_ROCKET)
[3:56:40 PM] [9tE8x#3] Ethan Rubinacci: caused an explosion (PLANE_ROCKET)
[3:56:44 PM] [9tE8x#3] Ethan Rubinacci: caused an explosion (PLANE_ROCKET)
[3:56:48 PM] [9tE8x#3] Ethan Rubinacci: caused an explosion (PLANE_ROCKET)
[3:56:49 PM] [9tE8x#3] Ethan Rubinacci: caused an explosion (CAR)
[3:56:49 PM] [9tE8x#3] Ethan Rubinacci: caused an explosion (CAR)
[3:56:51 PM] [9tE8x#3] Ethan Rubinacci: caused an explosion (PLANE_ROCKET)
[3:56:51 PM] [9tE8x#3] Ethan Rubinacci: caused an explosion (TRUCK)
[3:56:51 PM] [9tE8x#5] Country: caused an explosion (TRUCK)
[3:56:52 PM] [9tE8x#3] Ethan Rubinacci: caused an explosion (TRUCK)
[3:56:53 PM] [9tE8x#3] Ethan Rubinacci: caused an explosion (PLANE_ROCKET)
[3:56:57 PM] [9tE8x#3] Ethan Rubinacci: caused an explosion (PLANE_ROCKET)
[3:56:58 PM] [9tE8x#3] Ethan Rubinacci: caused an explosion (PLANE_ROCKET)
[3:56:58 PM] [9tE8x#5] Country: caused an explosion (CAR)
[3:56:58 PM] [9tE8x#3] Ethan Rubinacci: caused an explosion (CAR)
[3:56:58 PM] [9tE8x#3] Ethan Rubinacci: caused an explosion (CAR)
[3:56:59 PM] [9tE8x#3] Ethan Rubinacci: caused an explosion (CAR)
[3:56:59 PM] [9tE8x#3] Ethan Rubinacci: caused an explosion (CAR)
[3:57:01 PM] [9tE8x#5] Country: caused an explosion (CAR)
[3:57:01 PM] [9tE8x#5] Country: caused an explosion (CAR)
[3:57:02 PM] [9tE8x#3] Ethan Rubinacci: caused an explosion (PLANE_ROCKET)
[3:57:02 PM] [9tE8x#5] Country: caused an explosion (CAR)
[3:57:07 PM] [9tE8x#3] Ethan Rubinacci: caused an explosion (PLANE_ROCKET)
[3:57:07 PM] [9tE8x#3] Ethan Rubinacci: caused an explosion (CAR)
[3:57:11 PM] [9tE8x#3] Ethan Rubinacci: caused an explosion (PLANE_ROCKET)
[3:57:12 PM] [9tE8x#5] Country: caused an explosion (CAR)
[3:57:14 PM] [9tE8x#3] Ethan Rubinacci: caused an explosion (PLANE_ROCKET)
[3:57:15 PM] [9tE8x#3] Ethan Rubinacci: caused an explosion (PLANE_ROCKET)
[3:57:16 PM] [9tE8x#3] Ethan Rubinacci: caused an explosion (PLANE_ROCKET)
[3:57:18 PM] [9tE8x#5] Country: caused an explosion (CAR)
[3:57:20 PM] [9tE8x#3] Ethan Rubinacci: caused an explosion (PLANE_ROCKET)
[3:57:20 PM] [9tE8x#3] Ethan Rubinacci: caused an explosion (PLANE_ROCKET)
[3:57:21 PM] [9tE8x#3] Ethan Rubinacci: caused an explosion (PLANE_ROCKET)
[3:57:22 PM] [9tE8x#3] Ethan Rubinacci: caused an explosion (PLANE_ROCKET)
[3:57:23 PM] [9tE8x#3] Ethan Rubinacci: caused an explosion (PLANE_ROCKET)
[3:57:23 PM] [9tE8x#3] Ethan Rubinacci: caused an explosion (PLANE_ROCKET)
[3:57:24 PM] [9tE8x#3] Ethan Rubinacci: caused an explosion (PLANE_ROCKET)
[3:57:24 PM] [9tE8x#3] Ethan Rubinacci: caused an explosion (PLANE_ROCKET)
[3:57:25 PM] [9tE8x#3] Ethan Rubinacci: caused an explosion (PLANE_ROCKET)
[3:57:25 PM] [9tE8x#3] Ethan Rubinacci: caused an explosion (PLANE_ROCKET)
[3:57:26 PM] [9tE8x#3] Ethan Rubinacci: caused an explosion (PLANE_ROCKET)
[3:57:27 PM] [9tE8x#3] Ethan Rubinacci: caused an explosion (PLANE_ROCKET)
[3:57:27 PM] [9tE8x#3] Ethan Rubinacci: caused an explosion (PLANE_ROCKET)
[3:57:29 PM] [9tE8x#3] Ethan Rubinacci: caused an explosion (CAR)
[3:57:29 PM] [9tE8x#5] Country: caused an explosion (CAR)
[3:57:31 PM] [9tE8x#3] Ethan Rubinacci: caused an explosion (PLANE_ROCKET)
[3:57:37 PM] [9tE8x#3] Ethan Rubinacci: caused an explosion (PLANE_ROCKET)
[3:57:38 PM] [9tE8x#5] Country: caused an explosion (CAR)
[3:57:39 PM] [9tE8x#3] Ethan Rubinacci: caused an explosion (PLANE_ROCKET)
[3:57:39 PM] [9tE8x#5] Country: caused an explosion (CAR)
[3:57:42 PM] [9tE8x#3] Ethan Rubinacci: caused an explosion (PLANE_ROCKET)
[3:57:49 PM] [9tE8x#3] Ethan Rubinacci: caused an explosion (PLANE_ROCKET)
[3:57:50 PM] [9tE8x#3] Ethan Rubinacci: caused an explosion (PLANE_ROCKET)
[3:57:51 PM] [9tE8x#3] Ethan Rubinacci: caused an explosion (PLANE_ROCKET)
[3:57:55 PM] [9tE8x#3] Ethan Rubinacci: caused an explosion (PLANE_ROCKET)
[3:57:55 PM] [9tE8x#3] Ethan Rubinacci: caused an explosion (PLANE_ROCKET)
[3:57:56 PM] [9tE8x#3] Ethan Rubinacci: caused an explosion (PLANE_ROCKET)
[3:57:57 PM] [9tE8x#3] Ethan Rubinacci: caused an explosion (PLANE_ROCKET)
[3:58:00 PM] [9tE8x#3] Ethan Rubinacci: caused an explosion (PLANE_ROCKET)
[3:58:00 PM] [9tE8x#5] Country: caused an explosion (CAR)
[3:58:01 PM] [9tE8x#3] Ethan Rubinacci: caused an explosion (PLANE_ROCKET)
[3:58:03 PM] [9tE8x#3] Ethan Rubinacci: caused an explosion (PLANE_ROCKET)
[3:58:04 PM] [9tE8x#3] Ethan Rubinacci: caused an explosion (PLANE_ROCKET)
[3:58:05 PM] [9tE8x#3] Ethan Rubinacci: caused an explosion (CAR)
[3:58:05 PM] [9tE8x#5] Country: caused an explosion (CAR)
[3:58:08 PM] [9tE8x#3] Ethan Rubinacci: caused an explosion (CAR)
[3:58:08 PM] [9tE8x#5] Country: caused an explosion (CAR)
[3:58:10 PM] [9tE8x#3] Ethan Rubinacci: caused an explosion (PLANE_ROCKET)
[3:58:11 PM] [9tE8x#3] Ethan Rubinacci: caused an explosion (PLANE_ROCKET)
[3:58:13 PM] [9tE8x#3] Ethan Rubinacci: caused an explosion (PLANE_ROCKET)
[3:58:13 PM] [9tE8x#3] Ethan Rubinacci: caused an explosion (PLANE_ROCKET)
[3:58:13 PM] [9tE8x#3] Ethan Rubinacci: caused an explosion (PLANE_ROCKET)
[3:58:13 PM] [9tE8x#3] Ethan Rubinacci: caused an explosion (PLANE_ROCKET)
[3:58:14 PM] [9tE8x#3] Ethan Rubinacci: caused an explosion (TRUCK)
[3:58:15 PM] [9tE8x#3] Ethan Rubinacci: caused an explosion (PLANE_ROCKET)
[3:58:15 PM] [9tE8x#5] Country: caused an explosion (TRUCK)
[3:58:15 PM] [9tE8x#3] Ethan Rubinacci: caused an explosion (PLANE_ROCKET)
[3:58:16 PM] [9tE8x#3] Ethan Rubinacci: caused an explosion (PLANE_ROCKET)
[3:58:17 PM] [9tE8x#3] Ethan Rubinacci: caused an explosion (PLANE_ROCKET)
[3:58:17 PM] [9tE8x#3] Ethan Rubinacci: caused an explosion (PLANE_ROCKET)
[3:58:17 PM] [9tE8x#3] Ethan Rubinacci: caused an explosion (PLANE_ROCKET)
[3:58:17 PM] [9tE8x#3] Ethan Rubinacci: caused an explosion (PLANE_ROCKET)
[3:58:18 PM] [9tE8x#3] Ethan Rubinacci: caused an explosion (PLANE_ROCKET)
[3:58:19 PM] [9tE8x#3] Ethan Rubinacci: caused an explosion (PLANE_ROCKET)
[3:58:21 PM] [9tE8x#3] Ethan Rubinacci: caused an explosion (TRUCK)
[3:58:21 PM] [9tE8x#3] Ethan Rubinacci: caused an explosion (PLANE_ROCKET)
[3:58:21 PM] [9tE8x#5] Country: caused an explosion (TRUCK)
[3:58:22 PM] [9tE8x#3] Ethan Rubinacci: caused an explosion (PLANE_ROCKET)
[3:58:22 PM] [9tE8x#3] Ethan Rubinacci: caused an explosion (PLANE_ROCKET)
[3:58:23 PM] [9tE8x#3] Ethan Rubinacci: caused an explosion (PLANE_ROCKET)
[3:58:23 PM] [9tE8x#3] Ethan Rubinacci: caused an explosion (TRUCK)
[3:58:25 PM] [9tE8x#3] Ethan Rubinacci: caused an explosion (PLANE_ROCKET)
[3:58:25 PM] [9tE8x#3] Ethan Rubinacci: caused an explosion (PLANE_ROCKET)
[3:58:25 PM] [9tE8x#3] Ethan Rubinacci: caused an explosion (PLANE_ROCKET)
[3:58:25 PM] [9tE8x#3] Ethan Rubinacci: caused an explosion (PLANE_ROCKET)
[3:58:26 PM] [9tE8x#3] Ethan Rubinacci: caused an explosion (TRUCK)
[3:58:27 PM] [9tE8x#3] Ethan Rubinacci: caused an explosion (PLANE_ROCKET)
[3:58:28 PM] [9tE8x#3] Ethan Rubinacci: caused an explosion (TRUCK)
[3:58:28 PM] [9tE8x#3] Ethan Rubinacci: caused an explosion (PLANE_ROCKET)
[3:58:28 PM] [9tE8x#5] Country: caused an explosion (CAR)
[3:58:28 PM] [9tE8x#3] Ethan Rubinacci: caused an explosion (PLANE_ROCKET)
[3:58:28 PM] [9tE8x#3] Ethan Rubinacci: caused an explosion (PLANE_ROCKET)
[3:58:29 PM] [9tE8x#3] Ethan Rubinacci: caused an explosion (PLANE_ROCKET)
[3:58:30 PM] [9tE8x#3] Ethan Rubinacci: caused an explosion (PLANE_ROCKET)
[3:58:32 PM] [9tE8x#3] Ethan Rubinacci: caused an explosion (PLANE_ROCKET)
[3:58:32 PM] [9tE8x#3] Ethan Rubinacci: caused an explosion (PLANE_ROCKET)
[3:58:32 PM] [9tE8x#3] Ethan Rubinacci: caused an explosion (PLANE_ROCKET)
[3:58:32 PM] [9tE8x#3] Ethan Rubinacci: caused an explosion (PLANE_ROCKET)
[3:58:34 PM] [9tE8x#3] Ethan Rubinacci: caused an explosion (PLANE_ROCKET)
[3:58:39 PM] [9tE8x#5] Country: caused an explosion (PLANE)
[3:58:39 PM] [9tE8x#5] Country: died from suicide (Explosion)
[3:59:41 PM] [9tE8x#5] Country: caused an explosion (GRENADE)
[3:59:41 PM] [9tE8x#5] Country: caused an explosion (GRENADE)
[3:59:41 PM] [9tE8x#5] Country: caused an explosion (GRENADE)
[3:59:41 PM] [9tE8x#3] Ethan Rubinacci: caused an explosion (PLANE)
[3:59:41 PM] [9tE8x#3] Ethan Rubinacci: caused an explosion (PLANE)
[3:59:41 PM] [9tE8x#5] Country: caused an explosion (GRENADE)
[3:59:42 PM] [9tE8x#5] Country: caused an explosion (GRENADE)
[3:59:42 PM] [9tE8x#5] Country: caused an explosion (GRENADE)
[3:59:42 PM] [9tE8x#5] Country: caused an explosion (GRENADE)
[3:59:42 PM] [9tE8x#5] Country: caused an explosion (PLANE)
[3:59:42 PM] [9tE8x#5] Country: caused an explosion (PLANE)
[4:02:00 PM] [9tE8x#3] Ethan Rubinacci: caused an explosion (PLANE)
[4:02:12 PM] [9tE8x#5] Country: caused an explosion (PLANE)
[4:02:12 PM] [9tE8x#5] Country: caused an explosion (PLANE)
[4:02:41 PM] [9tE8x#5] Country: caused an explosion (CAR)
[4:02:41 PM] [9tE8x#5] Country: caused an explosion (CAR)
[4:02:57 PM] [9tE8x#5] Country: caused an explosion (PLANE)
[4:02:57 PM] [9tE8x#3] Ethan Rubinacci: caused an explosion (PLANE)
[4:03:00 PM] [9tE8x#5] Country: caused an explosion (PLANE_ROCKET)
[4:03:02 PM] [9tE8x#5] Country: caused an explosion (PLANE_ROCKET)
[4:03:04 PM] [9tE8x#5] Country: caused an explosion (PLANE_ROCKET)
[4:03:18 PM] [9tE8x#5] Country: caused an explosion (HUNTER_BARRAGE)
[4:03:19 PM] [9tE8x#5] Country: caused an explosion (HUNTER_BARRAGE)
[4:03:19 PM] [9tE8x#5] Country: caused an explosion (HUNTER_BARRAGE)
[4:03:19 PM] [9tE8x#5] Country: caused an explosion (HUNTER_BARRAGE)
[4:03:19 PM] [9tE8x#5] Country: caused an explosion (HUNTER_BARRAGE)
[4:03:20 PM] [9tE8x#5] Country: caused an explosion (HUNTER_BARRAGE)
[4:03:20 PM] [9tE8x#5] Country: caused an explosion (HUNTER_BARRAGE)
[4:03:28 PM] [9tE8x#5] Country: caused an explosion (PLANE_ROCKET)
[4:03:35 PM] [9tE8x#5] Country: caused an explosion (PLANE_ROCKET)
[4:03:35 PM] [9tE8x#5] Country: caused an explosion (PLANE)
[4:04:08 PM] [9tE8x#5] Country: caused an explosion (PLANE)
[4:04:08 PM] [9tE8x#5] Country: caused an explosion (PLANE)
[4:04:08 PM] [9tE8x#3] Ethan Rubinacci: caused an explosion (PLANE)
[4:04:08 PM] [9tE8x#3] Ethan Rubinacci: caused an explosion (PLANE)
[4:04:08 PM] [9tE8x#5] Country: caused an explosion (PLANE)
[4:04:08 PM] [9tE8x#5] Country: caused an explosion (PLANE)
[4:04:09 PM] [9tE8x#5] Country: caused an explosion (HUNTER_BARRAGE)
[4:04:09 PM] [9tE8x#5] Country: caused an explosion (HUNTER_BARRAGE)
[4:04:10 PM] [9tE8x#5] Country: caused an explosion (HUNTER_BARRAGE)
[4:05:21 PM] [9tE8x#5] Country: caused an explosion (HUNTER_BARRAGE)
[4:05:21 PM] [9tE8x#5] Country: caused an explosion (HUNTER_BARRAGE)
[4:05:34 PM] [9tE8x#5] Country: caused an explosion (HUNTER_BARRAGE)
[4:05:34 PM] [9tE8x#5] Country: caused an explosion (HUNTER_BARRAGE)
[4:05:34 PM] [9tE8x#5] Country: caused an explosion (HUNTER_BARRAGE)
[4:05:34 PM] [9tE8x#5] Country: caused an explosion (HUNTER_BARRAGE)
[4:05:34 PM] [9tE8x#5] Country: caused an explosion (HUNTER_BARRAGE)
[4:05:46 PM] [9tE8x#5] Country: caused an explosion (HUNTER_BARRAGE)
[4:05:46 PM] [9tE8x#5] Country: caused an explosion (HUNTER_BARRAGE)
[4:05:46 PM] [9tE8x#5] Country: caused an explosion (HUNTER_BARRAGE)
[4:05:46 PM] [9tE8x#5] Country: caused an explosion (HUNTER_BARRAGE)
[4:05:53 PM] [9tE8x#5] Country: caused an explosion (HUNTER_BARRAGE)
[4:05:53 PM] [9tE8x#5] Country: caused an explosion (HUNTER_BARRAGE)
[4:05:53 PM] [9tE8x#5] Country: caused an explosion (HUNTER_BARRAGE)
[4:06:06 PM] [9tE8x#5] Country: caused an explosion (CAR)
[4:06:07 PM] [9tE8x#5] Country: caused an explosion (HUNTER_BARRAGE)
[4:06:07 PM] [9tE8x#5] Country: caused an explosion (HUNTER_BARRAGE)
[4:06:07 PM] [9tE8x#3] Ethan Rubinacci: caused an explosion (CAR)
[4:06:07 PM] [9tE8x#5] Country: caused an explosion (HUNTER_BARRAGE)
[4:06:07 PM] [9tE8x#5] Country: caused an explosion (HUNTER_BARRAGE)
[4:06:07 PM] [9tE8x#5] Country: caused an explosion (HUNTER_BARRAGE)
[4:06:08 PM] [9tE8x#5] Country: caused an explosion (HUNTER_BARRAGE)
[4:06:13 PM] [9tE8x#5] Country: caused an explosion (CAR)
[4:06:15 PM] [9tE8x#5] Country: caused an explosion (CAR)
[4:06:15 PM] [9tE8x#5] Country: caused an explosion (CAR)
[4:06:15 PM] [9tE8x#5] Country: caused an explosion (HUNTER_BARRAGE)
[4:06:15 PM] [9tE8x#5] Country: caused an explosion (HUNTER_BARRAGE)
[4:06:16 PM] [9tE8x#5] Country: caused an explosion (CAR)
[4:06:16 PM] [9tE8x#5] Country: caused an explosion (HUNTER_BARRAGE)
[4:06:25 PM] [9tE8x#5] Country: caused an explosion (HUNTER_BARRAGE)
[4:06:25 PM] [9tE8x#5] Country: caused an explosion (HUNTER_BARRAGE)
[4:06:25 PM] [9tE8x#5] Country: caused an explosion (HUNTER_BARRAGE)
[4:06:36 PM] [9tE8x#5] Country: caused an explosion (PLANE)
[4:07:02 PM] [9tE8x#3] Ethan Rubinacci: caused an explosion (STICKYBOMB)
[4:07:02 PM] [9tE8x#3] Ethan Rubinacci: caused an explosion (STICKYBOMB)
[4:07:02 PM] [9tE8x#5] Country: caused an explosion (STICKYBOMB)
[4:07:02 PM] [9tE8x#5] Country: caused an explosion (STICKYBOMB)
[4:07:23 PM] [9tE8x#3] Ethan Rubinacci: caused an explosion (CAR)
[4:07:25 PM] [9tE8x#3] Ethan Rubinacci: caused an explosion (CAR)
[4:07:33 PM] [9tE8x#5] Country: caused an explosion (FIREWORK)
[4:07:36 PM] [9tE8x#5] Country: caused an explosion (FIREWORK)
[4:07:39 PM] [9tE8x#5] Country: caused an explosion (RAILGUN)
[4:07:39 PM] [9tE8x#5] Country: caused an explosion (CAR)
[4:07:41 PM] [9tE8x#3] Ethan Rubinacci: caused an explosion (RAYGUN)
[4:07:43 PM] [9tE8x#3] Ethan Rubinacci: caused an explosion (RAYGUN)
[4:07:45 PM] [9tE8x#3] Ethan Rubinacci: caused an explosion (RAYGUN)
[4:07:47 PM] [9tE8x#5] Country: caused an explosion (GRENADELAUNCHER)
[4:07:47 PM] [9tE8x#3] Ethan Rubinacci: caused an explosion (CAR)
[4:07:47 PM] [9tE8x#3] Ethan Rubinacci: died from suicide
[4:08:33 PM] [9tE8x#5] Country: caused an explosion (GRENADE)
[4:08:51 PM] [9tE8x#3] Ethan Rubinacci: caused an explosion (FIREWORK)
[4:08:53 PM] [9tE8x#3] Ethan Rubinacci: caused an explosion (FIREWORK)
[4:08:59 PM] [9tE8x#3] Ethan Rubinacci: caused an explosion (FIREWORK)
[4:09:03 PM] [9tE8x#3] Ethan Rubinacci: caused an explosion (FIREWORK)
[4:09:08 PM] [9tE8x#3] Ethan Rubinacci: caused an explosion (FIREWORK)
[4:09:10 PM] [9tE8x#3] Ethan Rubinacci: caused an explosion (FIREWORK)
[4:09:13 PM] [9tE8x#3] Ethan Rubinacci: caused an explosion (FIREWORK)
[4:10:03 PM] [9tE8x#3] Ethan Rubinacci: died from Marksman Pistol by Country
[4:12:23 PM] [9tE8x#3] Ethan Rubinacci: caused an explosion (STICKYBOMB)
[4:12:29 PM] [9tE8x#5] Country: died from Sticky Bomb by Ethan Rubinacci
[4:12:55 PM] [9tE8x#5] Country: caused an explosion (TANKSHELL)
[4:12:55 PM] [9tE8x#3] Ethan Rubinacci: caused an explosion (TRUCK)
[4:13:14 PM] [9tE8x#5] Country: caused an explosion (TANKSHELL)
[4:13:31 PM] [9tE8x#5] Country: caused an explosion (TANKSHELL)
[4:13:37 PM] [9tE8x#3] Ethan Rubinacci: caused an explosion (GRENADELAUNCHER)
[4:13:44 PM] [9tE8x#5] Country: caused an explosion (TANKSHELL)
[4:13:47 PM] [9tE8x#5] Country: caused an explosion (TANKSHELL)
[4:13:49 PM] [9tE8x#5] Country: caused an explosion (TANKSHELL)
[4:13:49 PM] [9tE8x#3] Ethan Rubinacci: died from suicide
[4:13:54 PM] [9tE8x#5] Country: caused an explosion (TANKSHELL)
[4:14:00 PM] [9tE8x#5] Country: caused an explosion (TANKSHELL)
[4:14:02 PM] [9tE8x#5] Country: caused an explosion (TANKSHELL)
[4:14:05 PM] [9tE8x#5] Country: caused an explosion (TANKSHELL)
[4:14:33 PM] [9tE8x#5] Country: caused an explosion (TANKSHELL)
[4:14:36 PM] [9tE8x#5] Country: caused an explosion (TANKSHELL)
[4:14:38 PM] [9tE8x#5] Country: caused an explosion (TANKSHELL)
[4:14:41 PM] [9tE8x#5] Country: caused an explosion (TANKSHELL)
[4:14:43 PM] [9tE8x#5] Country: caused an explosion (TANKSHELL)
[4:14:43 PM] [9tE8x#5] Country: caused an explosion (CAR)
[4:15:14 PM] [9tE8x#5] Country: caused an explosion (TANKSHELL)
[4:15:18 PM] [9tE8x#5] Country: caused an explosion (TANKSHELL)
[4:15:22 PM] [9tE8x#5] Country: caused an explosion (TANKSHELL)
[4:15:33 PM] [9tE8x#5] Country: caused an explosion (TANKSHELL)
[4:15:33 PM] [9tE8x#5] Country: caused an explosion (STICKYBOMB)
[4:15:40 PM] [9tE8x#5] Country: caused an explosion (TANKSHELL)
[4:16:09 PM] [9tE8x#5] Country: caused an explosion (TANKSHELL)
[4:16:47 PM] [9tE8x#5] Country: caused an explosion (TANKSHELL)
[4:16:47 PM] [9tE8x#5] Country: caused an explosion (CAR)
[4:16:51 PM] [9tE8x#5] Country: caused an explosion (TANKSHELL)
[4:16:51 PM] [9tE8x#5] Country: caused an explosion (CAR)
[4:16:53 PM] [9tE8x#5] Country: caused an explosion (TANKSHELL)
[4:16:53 PM] [9tE8x#5] Country: caused an explosion (TRUCK)
[4:17:30 PM] [9tE8x#5] Country: caused an explosion (TANKSHELL)
[4:17:30 PM] [9tE8x#3] Ethan Rubinacci: caused an explosion (TRUCK)
[4:17:34 PM] [9tE8x#5] Country: caused an explosion (TANKSHELL)
[4:17:40 PM] [9tE8x#5] Country: caused an explosion (TANKSHELL)
[4:18:08 PM] [9tE8x#3] Ethan Rubinacci: caused an explosion (TRUCK)
[4:18:11 PM] [9tE8x#3] Ethan Rubinacci: caused an explosion (TRUCK)
[4:18:14 PM] [9tE8x#3] Ethan Rubinacci: caused an explosion (TRUCK)
[4:18:16 PM] [9tE8x#3] Ethan Rubinacci: caused an explosion (TRUCK)
[4:18:19 PM] [9tE8x#3] Ethan Rubinacci: caused an explosion (RAILGUN)
[4:18:19 PM] [9tE8x#5] Country: caused an explosion (CAR)
[4:18:48 PM] [9tE8x#5] Country: caused an explosion (PLANE_ROCKET)
[4:18:50 PM] [9tE8x#5] Country: caused an explosion (PLANE_ROCKET)
[4:18:58 PM] [9tE8x#5] Country: caused an explosion (PLANE_ROCKET)
[4:19:02 PM] [9tE8x#5] Country: caused an explosion (PLANE_ROCKET)
[4:19:07 PM] [9tE8x#5] Country: caused an explosion (PLANE_ROCKET)
[4:19:07 PM] [9tE8x#5] Country: caused an explosion (CAR)
[4:30:58 PM] [9tE8x#3] Ethan Rubinacci: caused an explosion (RAILGUN)
[4:30:59 PM] [9tE8x#5] Country: caused an explosion (PLANE)
[4:31:09 PM] [9tE8x#5] Country: caused an explosion (CAR)
[4:31:54 PM] [9tE8x#3] Ethan Rubinacci: died from suicide (Falling)
[4:35:00 PM] [9tE8x#3] Ethan Rubinacci: died from suicide
[4:35:02 PM] [9tE8x#3] Ethan Rubinacci: died from suicide
[4:38:14 PM] [9tE8x#5] Country: caused an explosion (STICKYBOMB)
[4:38:14 PM] [9tE8x#3] Ethan Rubinacci: caused an explosion (CAR)
[4:39:18 PM] [9tE8x#5] Country: caused an explosion (STICKYBOMB)
[4:44:18 PM] [9tE8x#3] Ethan Rubinacci: said "/dv"
[4:44:21 PM] [9tE8x#3] Ethan Rubinacci: said "dv"
[4:44:22 PM] [9tE8x#3] Ethan Rubinacci: said "/dv"
[4:45:43 PM] [9tE8x#3] Ethan Rubinacci: said "/dv"
[4:53:02 PM] [9tE8x#5] Country: said "/dv"
[4:57:18 PM] [9tE8x#5] Country: caused an explosion (ROGUE_CANNON)
[4:57:18 PM] [9tE8x#5] Country: caused an explosion (ROGUE_CANNON)
[4:57:18 PM] [9tE8x#5] Country: caused an explosion (ROGUE_CANNON)
[4:57:18 PM] [9tE8x#5] Country: caused an explosion (ROGUE_CANNON)
[4:57:18 PM] [9tE8x#5] Country: caused an explosion (ROGUE_CANNON)
[4:57:18 PM] [9tE8x#5] Country: caused an explosion (ROGUE_CANNON)
[4:57:18 PM] [9tE8x#5] Country: caused an explosion (ROGUE_CANNON)
[4:57:18 PM] [9tE8x#5] Country: caused an explosion (ROGUE_CANNON)
[4:57:18 PM] [9tE8x#5] Country: caused an explosion (ROGUE_CANNON)
[4:57:18 PM] [9tE8x#5] Country: caused an explosion (ROGUE_CANNON)
[4:57:18 PM] [9tE8x#5] Country: caused an explosion (ROGUE_CANNON)
[4:57:18 PM] [9tE8x#5] Country: caused an explosion (ROGUE_CANNON)
[4:57:18 PM] [9tE8x#5] Country: caused an explosion (ROGUE_CANNON)
[4:57:18 PM] [9tE8x#5] Country: caused an explosion (ROGUE_CANNON)
[4:57:18 PM] [9tE8x#5] Country: caused an explosion (ROGUE_CANNON)
[4:57:18 PM] [9tE8x#5] Country: caused an explosion (ROGUE_CANNON)
[4:57:18 PM] [9tE8x#5] Country: caused an explosion (ROGUE_CANNON)
[4:57:18 PM] [9tE8x#5] Country: caused an explosion (ROGUE_CANNON)
[4:57:18 PM] [9tE8x#5] Country: caused an explosion (ROGUE_CANNON)
[4:58:16 PM] [9tE8x#5] Country: caused an explosion (ROGUE_CANNON)
[4:59:08 PM] [9tE8x#5] Country: caused an explosion (ROGUE_CANNON)
[4:59:08 PM] [9tE8x#5] Country: caused an explosion (ROGUE_CANNON)
[4:59:08 PM] [9tE8x#3] Ethan Rubinacci: caused an explosion (CAR)
[4:59:09 PM] [9tE8x#5] Country: caused an explosion (ROGUE_CANNON)
[4:59:09 PM] [9tE8x#3] Ethan Rubinacci: caused an explosion (CAR)
[4:59:09 PM] [9tE8x#5] Country: caused an explosion (ROGUE_CANNON)
[4:59:09 PM] [9tE8x#5] Country: caused an explosion (ROGUE_CANNON)
[4:59:15 PM] [9tE8x#5] Country: caused an explosion (ROGUE_CANNON)
[4:59:15 PM] [9tE8x#5] Country: caused an explosion (ROGUE_CANNON)
[4:59:15 PM] [9tE8x#5] Country: caused an explosion (ROGUE_CANNON)
[4:59:15 PM] [9tE8x#5] Country: caused an explosion (ROGUE_CANNON)
[4:59:15 PM] [9tE8x#5] Country: caused an explosion (ROGUE_CANNON)
[4:59:15 PM] [9tE8x#5] Country: caused an explosion (ROGUE_CANNON)
[4:59:16 PM] [9tE8x#5] Country: caused an explosion (ROGUE_CANNON)
[4:59:16 PM] [9tE8x#5] Country: caused an explosion (ROGUE_CANNON)
[4:59:16 PM] [9tE8x#5] Country: caused an explosion (ROGUE_CANNON)
[4:59:16 PM] [9tE8x#5] Country: caused an explosion (ROGUE_CANNON)
[4:59:16 PM] [9tE8x#5] Country: caused an explosion (ROGUE_CANNON)
[4:59:18 PM] [9tE8x#5] Country: caused an explosion (ROGUE_CANNON)
[4:59:18 PM] [9tE8x#5] Country: caused an explosion (TRUCK)
[4:59:20 PM] [9tE8x#5] Country: caused an explosion (ROGUE_CANNON)
[4:59:22 PM] [9tE8x#5] Country: caused an explosion (ROGUE_CANNON)
[4:59:22 PM] [9tE8x#5] Country: caused an explosion (TRUCK)
[4:59:23 PM] [9tE8x#5] Country: caused an explosion (ROGUE_CANNON)
[4:59:24 PM] [9tE8x#5] Country: caused an explosion (ROGUE_CANNON)
[4:59:24 PM] [9tE8x#3] Ethan Rubinacci: caused an explosion (CAR)
[4:59:25 PM] [9tE8x#5] Country: caused an explosion (ROGUE_CANNON)
[4:59:25 PM] [9tE8x#5] Country: caused an explosion (ROGUE_CANNON)
[4:59:26 PM] [9tE8x#5] Country: caused an explosion (ROGUE_CANNON)
[4:59:27 PM] [9tE8x#5] Country: caused an explosion (ROGUE_CANNON)
[4:59:27 PM] [9tE8x#5] Country: caused an explosion (ROGUE_CANNON)
[4:59:27 PM] [9tE8x#5] Country: caused an explosion (ROGUE_CANNON)
[4:59:27 PM] [9tE8x#5] Country: caused an explosion (ROGUE_CANNON)
[4:59:27 PM] [9tE8x#5] Country: caused an explosion (ROGUE_CANNON)
[4:59:27 PM] [9tE8x#5] Country: caused an explosion (ROGUE_CANNON)
[4:59:27 PM] [9tE8x#5] Country: caused an explosion (ROGUE_CANNON)
[4:59:27 PM] [9tE8x#5] Country: caused an explosion (ROGUE_CANNON)
[4:59:28 PM] [9tE8x#5] Country: caused an explosion (ROGUE_CANNON)
[4:59:28 PM] [9tE8x#5] Country: caused an explosion (ROGUE_CANNON)
[4:59:29 PM] [9tE8x#5] Country: caused an explosion (ROGUE_CANNON)
[4:59:29 PM] [9tE8x#5] Country: caused an explosion (ROGUE_CANNON)
[4:59:29 PM] [9tE8x#5] Country: caused an explosion (ROGUE_CANNON)
[4:59:29 PM] [9tE8x#5] Country: caused an explosion (ROGUE_CANNON)
[4:59:29 PM] [9tE8x#5] Country: caused an explosion (ROGUE_CANNON)
[4:59:29 PM] [9tE8x#5] Country: caused an explosion (ROGUE_CANNON)
[4:59:29 PM] [9tE8x#5] Country: caused an explosion (ROGUE_CANNON)
[4:59:29 PM] [9tE8x#5] Country: caused an explosion (ROGUE_CANNON)
[4:59:29 PM] [9tE8x#5] Country: caused an explosion (TRUCK)
[4:59:29 PM] [9tE8x#5] Country: caused an explosion (ROGUE_CANNON)
[4:59:30 PM] [9tE8x#5] Country: caused an explosion (ROGUE_CANNON)
[4:59:30 PM] [9tE8x#5] Country: caused an explosion (ROGUE_CANNON)
[4:59:30 PM] [9tE8x#5] Country: caused an explosion (CAR)
[4:59:30 PM] [9tE8x#5] Country: caused an explosion (ROGUE_CANNON)
[4:59:31 PM] [9tE8x#5] Country: caused an explosion (ROGUE_CANNON)
[4:59:31 PM] [9tE8x#5] Country: caused an explosion (ROGUE_CANNON)
[4:59:31 PM] [9tE8x#5] Country: caused an explosion (ROGUE_CANNON)
[4:59:31 PM] [9tE8x#5] Country: caused an explosion (ROGUE_CANNON)
[4:59:31 PM] [9tE8x#5] Country: caused an explosion (ROGUE_CANNON)
[4:59:31 PM] [9tE8x#5] Country: caused an explosion (ROGUE_CANNON)
[4:59:31 PM] [9tE8x#5] Country: caused an explosion (ROGUE_CANNON)
[4:59:31 PM] [9tE8x#5] Country: caused an explosion (ROGUE_CANNON)
[4:59:32 PM] [9tE8x#5] Country: caused an explosion (ROGUE_CANNON)
[4:59:32 PM] [9tE8x#5] Country: caused an explosion (ROGUE_CANNON)
[4:59:32 PM] [9tE8x#5] Country: caused an explosion (ROGUE_CANNON)
[4:59:32 PM] [9tE8x#5] Country: caused an explosion (ROGUE_CANNON)
[4:59:32 PM] [9tE8x#5] Country: caused an explosion (ROGUE_CANNON)
[4:59:32 PM] [9tE8x#5] Country: caused an explosion (ROGUE_CANNON)
[4:59:32 PM] [9tE8x#5] Country: caused an explosion (ROGUE_CANNON)
[4:59:32 PM] [9tE8x#5] Country: caused an explosion (ROGUE_CANNON)
[4:59:33 PM] [9tE8x#5] Country: caused an explosion (ROGUE_CANNON)
[4:59:33 PM] [9tE8x#5] Country: caused an explosion (ROGUE_CANNON)
[4:59:33 PM] [9tE8x#5] Country: caused an explosion (ROGUE_CANNON)
[4:59:33 PM] [9tE8x#5] Country: caused an explosion (ROGUE_CANNON)
[4:59:33 PM] [9tE8x#5] Country: caused an explosion (ROGUE_CANNON)
[4:59:33 PM] [9tE8x#5] Country: caused an explosion (ROGUE_CANNON)
[4:59:33 PM] [9tE8x#5] Country: caused an explosion (ROGUE_CANNON)
[4:59:34 PM] [9tE8x#5] Country: caused an explosion (ROGUE_CANNON)
[4:59:34 PM] [9tE8x#5] Country: caused an explosion (ROGUE_CANNON)
[4:59:34 PM] [9tE8x#5] Country: caused an explosion (ROGUE_CANNON)
[4:59:38 PM] [9tE8x#3] Ethan Rubinacci: caused an explosion (CAR)
[4:59:38 PM] [9tE8x#5] Country: caused an explosion (ROGUE_CANNON)
[4:59:38 PM] [9tE8x#5] Country: caused an explosion (ROGUE_CANNON)
[4:59:38 PM] [9tE8x#3] Ethan Rubinacci: caused an explosion (CAR)
[4:59:38 PM] [9tE8x#5] Country: caused an explosion (ROGUE_CANNON)
[4:59:40 PM] [9tE8x#5] Country: caused an explosion (ROGUE_CANNON)
[4:59:40 PM] [9tE8x#5] Country: caused an explosion (ROGUE_CANNON)
[4:59:40 PM] [9tE8x#5] Country: caused an explosion (ROGUE_CANNON)
[4:59:41 PM] [9tE8x#5] Country: caused an explosion (ROGUE_CANNON)
[4:59:41 PM] [9tE8x#5] Country: caused an explosion (ROGUE_CANNON)
[4:59:41 PM] [9tE8x#5] Country: caused an explosion (ROGUE_CANNON)
[4:59:41 PM] [9tE8x#5] Country: caused an explosion (ROGUE_CANNON)
[4:59:41 PM] [9tE8x#5] Country: caused an explosion (ROGUE_CANNON)
[4:59:41 PM] [9tE8x#5] Country: caused an explosion (ROGUE_CANNON)
[4:59:42 PM] [9tE8x#5] Country: caused an explosion (ROGUE_CANNON)
[4:59:42 PM] [9tE8x#5] Country: caused an explosion (ROGUE_CANNON)
[4:59:42 PM] [9tE8x#5] Country: caused an explosion (ROGUE_CANNON)
[4:59:42 PM] [9tE8x#5] Country: caused an explosion (ROGUE_CANNON)
[4:59:42 PM] [9tE8x#5] Country: caused an explosion (ROGUE_CANNON)
[4:59:42 PM] [9tE8x#5] Country: caused an explosion (ROGUE_CANNON)
[4:59:43 PM] [9tE8x#5] Country: caused an explosion (ROGUE_CANNON)
[4:59:44 PM] [9tE8x#5] Country: caused an explosion (ROGUE_CANNON)
[4:59:44 PM] [9tE8x#5] Country: caused an explosion (TRUCK)
[4:59:44 PM] [9tE8x#5] Country: caused an explosion (ROGUE_CANNON)
[4:59:44 PM] [9tE8x#5] Country: caused an explosion (ROGUE_CANNON)
[4:59:44 PM] [9tE8x#5] Country: caused an explosion (ROGUE_CANNON)
[4:59:44 PM] [9tE8x#5] Country: caused an explosion (ROGUE_CANNON)
[4:59:44 PM] [9tE8x#5] Country: caused an explosion (ROGUE_CANNON)
[4:59:46 PM] [9tE8x#5] Country: caused an explosion (ROGUE_CANNON)
[4:59:46 PM] [9tE8x#5] Country: caused an explosion (ROGUE_CANNON)
[4:59:46 PM] [9tE8x#5] Country: caused an explosion (ROGUE_CANNON)
[4:59:46 PM] [9tE8x#5] Country: caused an explosion (TRUCK)
[4:59:46 PM] [9tE8x#5] Country: caused an explosion (ROGUE_CANNON)
[4:59:46 PM] [9tE8x#5] Country: caused an explosion (ROGUE_CANNON)
[4:59:46 PM] [9tE8x#5] Country: caused an explosion (ROGUE_CANNON)
[4:59:46 PM] [9tE8x#5] Country: caused an explosion (ROGUE_CANNON)
[4:59:46 PM] [9tE8x#5] Country: caused an explosion (ROGUE_CANNON)
[4:59:47 PM] [9tE8x#5] Country: caused an explosion (ROGUE_CANNON)
[4:59:47 PM] [9tE8x#5] Country: caused an explosion (ROGUE_CANNON)
[4:59:47 PM] [9tE8x#5] Country: caused an explosion (ROGUE_CANNON)
[4:59:47 PM] [9tE8x#5] Country: caused an explosion (ROGUE_CANNON)
[4:59:47 PM] [9tE8x#5] Country: caused an explosion (ROGUE_CANNON)
[4:59:47 PM] [9tE8x#5] Country: caused an explosion (ROGUE_CANNON)
[4:59:47 PM] [9tE8x#5] Country: caused an explosion (ROGUE_CANNON)
[4:59:47 PM] [9tE8x#5] Country: caused an explosion (CAR)
[4:59:48 PM] [9tE8x#5] Country: caused an explosion (ROGUE_CANNON)
[4:59:49 PM] [9tE8x#5] Country: caused an explosion (ROGUE_CANNON)
[4:59:49 PM] [9tE8x#5] Country: caused an explosion (ROGUE_CANNON)
[4:59:49 PM] [9tE8x#3] Ethan Rubinacci: caused an explosion (CAR)
[4:59:49 PM] [9tE8x#5] Country: caused an explosion (ROGUE_CANNON)
[4:59:49 PM] [9tE8x#5] Country: caused an explosion (ROGUE_CANNON)
[4:59:49 PM] [9tE8x#5] Country: caused an explosion (ROGUE_CANNON)
[4:59:49 PM] [9tE8x#5] Country: caused an explosion (ROGUE_CANNON)
[4:59:49 PM] [9tE8x#5] Country: caused an explosion (ROGUE_CANNON)
[4:59:49 PM] [9tE8x#5] Country: caused an explosion (ROGUE_CANNON)
[4:59:50 PM] [9tE8x#5] Country: caused an explosion (ROGUE_CANNON)
[4:59:50 PM] [9tE8x#5] Country: caused an explosion (ROGUE_CANNON)
[4:59:50 PM] [9tE8x#5] Country: caused an explosion (ROGUE_CANNON)
[4:59:50 PM] [9tE8x#5] Country: caused an explosion (ROGUE_CANNON)
[4:59:50 PM] [9tE8x#5] Country: caused an explosion (ROGUE_CANNON)
[4:59:50 PM] [9tE8x#5] Country: caused an explosion (ROGUE_CANNON)
[4:59:50 PM] [9tE8x#5] Country: caused an explosion (ROGUE_CANNON)
[4:59:50 PM] [9tE8x#3] Ethan Rubinacci: caused an explosion (CAR)
[4:59:50 PM] [9tE8x#5] Country: caused an explosion (ROGUE_CANNON)
[4:59:51 PM] [9tE8x#5] Country: caused an explosion (ROGUE_CANNON)
[4:59:51 PM] [9tE8x#5] Country: caused an explosion (ROGUE_CANNON)
[4:59:51 PM] [9tE8x#5] Country: caused an explosion (ROGUE_CANNON)
[4:59:51 PM] [9tE8x#5] Country: caused an explosion (ROGUE_CANNON)
[4:59:51 PM] [9tE8x#5] Country: caused an explosion (ROGUE_CANNON)
[4:59:51 PM] [9tE8x#5] Country: caused an explosion (ROGUE_CANNON)
[4:59:51 PM] [9tE8x#5] Country: caused an explosion (ROGUE_CANNON)
[4:59:51 PM] [9tE8x#5] Country: caused an explosion (ROGUE_CANNON)
[4:59:52 PM] [9tE8x#5] Country: caused an explosion (ROGUE_CANNON)
[4:59:52 PM] [9tE8x#5] Country: caused an explosion (ROGUE_CANNON)
[4:59:52 PM] [9tE8x#5] Country: caused an explosion (ROGUE_CANNON)
[4:59:52 PM] [9tE8x#5] Country: caused an explosion (ROGUE_CANNON)
[4:59:52 PM] [9tE8x#5] Country: caused an explosion (ROGUE_CANNON)
[4:59:52 PM] [9tE8x#5] Country: caused an explosion (ROGUE_CANNON)
[4:59:52 PM] [9tE8x#5] Country: caused an explosion (ROGUE_CANNON)
[4:59:52 PM] [9tE8x#5] Country: caused an explosion (ROGUE_CANNON)
[4:59:53 PM] [9tE8x#5] Country: caused an explosion (ROGUE_CANNON)
[4:59:53 PM] [9tE8x#5] Country: caused an explosion (ROGUE_CANNON)
[4:59:53 PM] [9tE8x#5] Country: caused an explosion (ROGUE_CANNON)
[4:59:53 PM] [9tE8x#5] Country: caused an explosion (ROGUE_CANNON)
[4:59:53 PM] [9tE8x#5] Country: caused an explosion (ROGUE_CANNON)
[4:59:53 PM] [9tE8x#5] Country: caused an explosion (ROGUE_CANNON)
[4:59:53 PM] [9tE8x#5] Country: caused an explosion (ROGUE_CANNON)
[4:59:53 PM] [9tE8x#5] Country: caused an explosion (ROGUE_CANNON)
[4:59:54 PM] [9tE8x#5] Country: caused an explosion (ROGUE_CANNON)
[4:59:54 PM] [9tE8x#3] Ethan Rubinacci: caused an explosion (CAR)
[4:59:54 PM] [9tE8x#5] Country: caused an explosion (ROGUE_CANNON)
[4:59:54 PM] [9tE8x#5] Country: caused an explosion (ROGUE_CANNON)
[4:59:54 PM] [9tE8x#5] Country: caused an explosion (ROGUE_CANNON)
[4:59:54 PM] [9tE8x#5] Country: caused an explosion (ROGUE_CANNON)
[4:59:54 PM] [9tE8x#5] Country: caused an explosion (ROGUE_CANNON)
[4:59:54 PM] [9tE8x#5] Country: caused an explosion (ROGUE_CANNON)
[4:59:54 PM] [9tE8x#5] Country: caused an explosion (ROGUE_CANNON)
[4:59:55 PM] [9tE8x#5] Country: caused an explosion (ROGUE_CANNON)
[4:59:55 PM] [9tE8x#5] Country: caused an explosion (ROGUE_CANNON)
[4:59:55 PM] [9tE8x#5] Country: caused an explosion (ROGUE_CANNON)
[4:59:55 PM] [9tE8x#5] Country: caused an explosion (ROGUE_CANNON)
[4:59:55 PM] [9tE8x#5] Country: caused an explosion (ROGUE_CANNON)
[4:59:55 PM] [9tE8x#5] Country: caused an explosion (TRUCK)
[4:59:55 PM] [9tE8x#5] Country: caused an explosion (ROGUE_CANNON)
[4:59:55 PM] [9tE8x#5] Country: caused an explosion (ROGUE_CANNON)
[4:59:55 PM] [9tE8x#5] Country: caused an explosion (ROGUE_CANNON)
[4:59:55 PM] [9tE8x#5] Country: caused an explosion (ROGUE_CANNON)
[4:59:56 PM] [9tE8x#5] Country: caused an explosion (ROGUE_CANNON)
[4:59:56 PM] [9tE8x#5] Country: caused an explosion (ROGUE_CANNON)
[4:59:56 PM] [9tE8x#5] Country: caused an explosion (ROGUE_CANNON)
[4:59:56 PM] [9tE8x#3] Ethan Rubinacci: caused an explosion (TRUCK)
[4:59:56 PM] [9tE8x#5] Country: caused an explosion (ROGUE_CANNON)
[4:59:56 PM] [9tE8x#5] Country: caused an explosion (ROGUE_CANNON)
[4:59:56 PM] [9tE8x#5] Country: caused an explosion (ROGUE_CANNON)
[4:59:57 PM] [9tE8x#5] Country: caused an explosion (ROGUE_CANNON)
[4:59:57 PM] [9tE8x#5] Country: caused an explosion (ROGUE_CANNON)
[4:59:57 PM] [9tE8x#5] Country: caused an explosion (ROGUE_CANNON)
[4:59:57 PM] [9tE8x#5] Country: caused an explosion (ROGUE_CANNON)
[4:59:57 PM] [9tE8x#5] Country: caused an explosion (ROGUE_CANNON)
[4:59:57 PM] [9tE8x#5] Country: caused an explosion (ROGUE_CANNON)
[4:59:57 PM] [9tE8x#5] Country: caused an explosion (ROGUE_CANNON)
[4:59:57 PM] [9tE8x#5] Country: caused an explosion (ROGUE_CANNON)
[4:59:58 PM] [9tE8x#5] Country: caused an explosion (ROGUE_CANNON)
[4:59:58 PM] [9tE8x#5] Country: caused an explosion (ROGUE_CANNON)
[4:59:58 PM] [9tE8x#5] Country: caused an explosion (ROGUE_CANNON)
[4:59:58 PM] [9tE8x#5] Country: caused an explosion (ROGUE_CANNON)
[4:59:58 PM] [9tE8x#5] Country: caused an explosion (ROGUE_CANNON)
[4:59:58 PM] [9tE8x#5] Country: caused an explosion (ROGUE_CANNON)
[4:59:58 PM] [9tE8x#5] Country: caused an explosion (ROGUE_CANNON)
[4:59:58 PM] [9tE8x#5] Country: caused an explosion (ROGUE_CANNON)
[4:59:59 PM] [9tE8x#5] Country: caused an explosion (ROGUE_CANNON)
[4:59:59 PM] [9tE8x#5] Country: caused an explosion (ROGUE_CANNON)
[4:59:59 PM] [9tE8x#5] Country: caused an explosion (ROGUE_CANNON)
[4:59:59 PM] [9tE8x#5] Country: caused an explosion (ROGUE_CANNON)
[4:59:59 PM] [9tE8x#5] Country: caused an explosion (ROGUE_CANNON)
[4:59:59 PM] [9tE8x#5] Country: caused an explosion (ROGUE_CANNON)
[4:59:59 PM] [9tE8x#5] Country: caused an explosion (ROGUE_CANNON)
[4:59:59 PM] [9tE8x#5] Country: caused an explosion (ROGUE_CANNON)
[5:00:00 PM] [9tE8x#5] Country: caused an explosion (ROGUE_CANNON)
[5:00:00 PM] [9tE8x#5] Country: caused an explosion (ROGUE_CANNON)
[5:00:00 PM] [9tE8x#5] Country: caused an explosion (ROGUE_CANNON)
[5:00:00 PM] [9tE8x#5] Country: caused an explosion (ROGUE_CANNON)
[5:00:00 PM] [9tE8x#5] Country: caused an explosion (ROGUE_CANNON)
[5:00:00 PM] [9tE8x#5] Country: caused an explosion (ROGUE_CANNON)
[5:00:00 PM] [9tE8x#5] Country: caused an explosion (ROGUE_CANNON)
[5:00:00 PM] [9tE8x#5] Country: caused an explosion (ROGUE_CANNON)
[5:00:01 PM] [9tE8x#5] Country: caused an explosion (ROGUE_CANNON)
[5:00:01 PM] [9tE8x#5] Country: caused an explosion (ROGUE_CANNON)
[5:00:01 PM] [9tE8x#5] Country: caused an explosion (ROGUE_CANNON)
[5:00:01 PM] [9tE8x#5] Country: caused an explosion (ROGUE_CANNON)
[5:00:01 PM] [9tE8x#5] Country: caused an explosion (ROGUE_CANNON)
[5:00:01 PM] [9tE8x#5] Country: caused an explosion (ROGUE_CANNON)
[5:00:01 PM] [9tE8x#5] Country: caused an explosion (ROGUE_CANNON)
[5:00:01 PM] [9tE8x#5] Country: caused an explosion (ROGUE_CANNON)
[5:00:02 PM] [9tE8x#5] Country: caused an explosion (ROGUE_CANNON)
[5:00:02 PM] [9tE8x#5] Country: caused an explosion (ROGUE_CANNON)
[5:00:02 PM] [9tE8x#5] Country: caused an explosion (ROGUE_CANNON)
[5:00:02 PM] [9tE8x#5] Country: caused an explosion (ROGUE_CANNON)
[5:00:02 PM] [9tE8x#5] Country: caused an explosion (ROGUE_CANNON)
[5:00:03 PM] [9tE8x#5] Country: caused an explosion (CAR)
[5:00:03 PM] [9tE8x#3] Ethan Rubinacci: caused an explosion (CAR)
[5:00:03 PM] [9tE8x#5] Country: caused an explosion (ROGUE_CANNON)
[5:00:03 PM] [9tE8x#5] Country: caused an explosion (ROGUE_CANNON)
[5:00:03 PM] [9tE8x#5] Country: caused an explosion (ROGUE_CANNON)
[5:00:03 PM] [9tE8x#5] Country: caused an explosion (ROGUE_CANNON)
[5:00:04 PM] [9tE8x#5] Country: caused an explosion (ROGUE_CANNON)
[5:00:04 PM] [9tE8x#3] Ethan Rubinacci: caused an explosion (CAR)
[5:00:04 PM] [9tE8x#5] Country: caused an explosion (ROGUE_CANNON)
[5:00:04 PM] [9tE8x#5] Country: caused an explosion (ROGUE_CANNON)
[5:00:05 PM] [9tE8x#5] Country: caused an explosion (ROGUE_CANNON)
[5:00:05 PM] [9tE8x#5] Country: caused an explosion (ROGUE_CANNON)
[5:00:05 PM] [9tE8x#5] Country: caused an explosion (TRUCK)
[5:00:05 PM] [9tE8x#5] Country: caused an explosion (ROGUE_CANNON)
[5:00:05 PM] [9tE8x#5] Country: caused an explosion (ROGUE_CANNON)
[5:00:05 PM] [9tE8x#5] Country: caused an explosion (ROGUE_CANNON)
[5:00:05 PM] [9tE8x#5] Country: caused an explosion (ROGUE_CANNON)
[5:00:05 PM] [9tE8x#5] Country: caused an explosion (ROGUE_CANNON)
[5:00:05 PM] [9tE8x#5] Country: caused an explosion (ROGUE_CANNON)
[5:00:06 PM] [9tE8x#5] Country: caused an explosion (ROGUE_CANNON)
[5:00:06 PM] [9tE8x#5] Country: caused an explosion (ROGUE_CANNON)
[5:00:06 PM] [9tE8x#5] Country: caused an explosion (ROGUE_CANNON)
[5:00:06 PM] [9tE8x#5] Country: caused an explosion (ROGUE_CANNON)
[5:00:06 PM] [9tE8x#5] Country: caused an explosion (ROGUE_CANNON)
[5:00:06 PM] [9tE8x#5] Country: caused an explosion (ROGUE_CANNON)
[5:00:06 PM] [9tE8x#5] Country: caused an explosion (ROGUE_CANNON)
[5:00:06 PM] [9tE8x#5] Country: caused an explosion (ROGUE_CANNON)
[5:00:06 PM] [9tE8x#5] Country: caused an explosion (ROGUE_CANNON)
[5:00:07 PM] [9tE8x#5] Country: caused an explosion (ROGUE_CANNON)
[5:00:07 PM] [9tE8x#5] Country: caused an explosion (ROGUE_CANNON)
[5:00:07 PM] [9tE8x#5] Country: caused an explosion (ROGUE_CANNON)
[5:00:07 PM] [9tE8x#5] Country: caused an explosion (ROGUE_CANNON)
[5:00:07 PM] [9tE8x#5] Country: caused an explosion (ROGUE_CANNON)
[5:00:07 PM] [9tE8x#5] Country: caused an explosion (ROGUE_CANNON)
[5:00:07 PM] [9tE8x#5] Country: caused an explosion (ROGUE_CANNON)
[5:00:07 PM] [9tE8x#5] Country: caused an explosion (ROGUE_CANNON)
[5:00:08 PM] [9tE8x#5] Country: caused an explosion (ROGUE_CANNON)
[5:00:08 PM] [9tE8x#5] Country: caused an explosion (ROGUE_CANNON)
[5:00:08 PM] [9tE8x#5] Country: caused an explosion (ROGUE_CANNON)
[5:00:08 PM] [9tE8x#5] Country: caused an explosion (ROGUE_CANNON)
[5:00:09 PM] [9tE8x#5] Country: caused an explosion (ROGUE_CANNON)
[5:00:09 PM] [9tE8x#5] Country: caused an explosion (ROGUE_CANNON)
[5:00:09 PM] [9tE8x#5] Country: caused an explosion (ROGUE_CANNON)
[5:00:09 PM] [9tE8x#5] Country: caused an explosion (ROGUE_CANNON)
[5:00:10 PM] [9tE8x#5] Country: caused an explosion (ROGUE_CANNON)
[5:00:10 PM] [9tE8x#5] Country: caused an explosion (ROGUE_CANNON)
[5:00:10 PM] [9tE8x#5] Country: caused an explosion (ROGUE_CANNON)
[5:00:10 PM] [9tE8x#5] Country: caused an explosion (ROGUE_CANNON)
[5:00:10 PM] [9tE8x#5] Country: caused an explosion (ROGUE_CANNON)
[5:00:10 PM] [9tE8x#5] Country: caused an explosion (ROGUE_CANNON)
[5:00:10 PM] [9tE8x#5] Country: caused an explosion (ROGUE_CANNON)
[5:00:10 PM] [9tE8x#5] Country: caused an explosion (ROGUE_CANNON)
[5:00:11 PM] [9tE8x#5] Country: caused an explosion (ROGUE_CANNON)
[5:00:11 PM] [9tE8x#5] Country: caused an explosion (ROGUE_CANNON)
[5:00:11 PM] [9tE8x#5] Country: caused an explosion (ROGUE_CANNON)
[5:00:11 PM] [9tE8x#5] Country: caused an explosion (ROGUE_CANNON)
[5:00:11 PM] [9tE8x#5] Country: caused an explosion (ROGUE_CANNON)
[5:00:11 PM] [9tE8x#5] Country: caused an explosion (CAR)
[5:00:12 PM] [9tE8x#5] Country: caused an explosion (ROGUE_CANNON)
[5:00:13 PM] [9tE8x#5] Country: caused an explosion (ROGUE_CANNON)
[5:00:13 PM] [9tE8x#5] Country: caused an explosion (ROGUE_CANNON)
[5:00:13 PM] [9tE8x#5] Country: caused an explosion (ROGUE_CANNON)
[5:00:13 PM] [9tE8x#5] Country: caused an explosion (ROGUE_CANNON)
[5:00:13 PM] [9tE8x#5] Country: caused an explosion (ROGUE_CANNON)
[5:00:13 PM] [9tE8x#5] Country: caused an explosion (ROGUE_CANNON)
[5:00:13 PM] [9tE8x#5] Country: caused an explosion (ROGUE_CANNON)
[5:00:14 PM] [9tE8x#5] Country: caused an explosion (ROGUE_CANNON)
[5:00:14 PM] [9tE8x#5] Country: caused an explosion (ROGUE_CANNON)
[5:00:14 PM] [9tE8x#5] Country: caused an explosion (ROGUE_CANNON)
[5:00:14 PM] [9tE8x#5] Country: caused an explosion (ROGUE_CANNON)
[5:00:14 PM] [9tE8x#5] Country: caused an explosion (ROGUE_CANNON)
[5:00:14 PM] [9tE8x#5] Country: caused an explosion (ROGUE_CANNON)
[5:00:14 PM] [9tE8x#5] Country: caused an explosion (ROGUE_CANNON)
[5:00:14 PM] [9tE8x#5] Country: caused an explosion (ROGUE_CANNON)
[5:00:15 PM] [9tE8x#5] Country: caused an explosion (ROGUE_CANNON)
[5:00:15 PM] [9tE8x#5] Country: caused an explosion (ROGUE_CANNON)
[5:00:15 PM] [9tE8x#5] Country: caused an explosion (ROGUE_CANNON)
[5:00:15 PM] [9tE8x#5] Country: caused an explosion (ROGUE_CANNON)
[5:00:15 PM] [9tE8x#5] Country: caused an explosion (ROGUE_CANNON)
[5:00:34 PM] [9tE8x#5] Country: caused an explosion (CAR)
[5:00:39 PM] [9tE8x#5] Country: caused an explosion (ROGUE_CANNON)
[5:00:39 PM] [9tE8x#5] Country: caused an explosion (ROGUE_CANNON)
[5:00:39 PM] [9tE8x#5] Country: caused an explosion (ROGUE_CANNON)
[5:00:40 PM] [9tE8x#5] Country: caused an explosion (ROGUE_CANNON)
[5:00:40 PM] [9tE8x#5] Country: caused an explosion (TRUCK)
[5:00:40 PM] [9tE8x#5] Country: caused an explosion (ROGUE_CANNON)
[5:00:40 PM] [9tE8x#5] Country: caused an explosion (ROGUE_CANNON)
[5:00:40 PM] [9tE8x#5] Country: caused an explosion (ROGUE_CANNON)
[5:00:40 PM] [9tE8x#5] Country: caused an explosion (ROGUE_CANNON)
[5:00:40 PM] [9tE8x#5] Country: caused an explosion (ROGUE_CANNON)
[5:00:40 PM] [9tE8x#5] Country: caused an explosion (ROGUE_CANNON)
[5:00:40 PM] [9tE8x#5] Country: caused an explosion (ROGUE_CANNON)
[5:00:43 PM] [9tE8x#5] Country: caused an explosion (ROGUE_CANNON)
[5:00:43 PM] [9tE8x#5] Country: caused an explosion (ROGUE_CANNON)
[5:00:43 PM] [9tE8x#5] Country: caused an explosion (ROGUE_CANNON)
[5:00:43 PM] [9tE8x#5] Country: caused an explosion (CAR)
[5:00:43 PM] [9tE8x#5] Country: caused an explosion (TRUCK)
[5:00:43 PM] [9tE8x#5] Country: caused an explosion (ROGUE_CANNON)
[5:00:45 PM] [9tE8x#5] Country: caused an explosion (ROGUE_CANNON)
[5:00:45 PM] [9tE8x#5] Country: caused an explosion (CAR)
[5:00:45 PM] [9tE8x#5] Country: caused an explosion (ROGUE_CANNON)
[5:00:45 PM] [9tE8x#5] Country: caused an explosion (ROGUE_CANNON)
[5:00:45 PM] [9tE8x#5] Country: caused an explosion (ROGUE_CANNON)
[5:00:45 PM] [9tE8x#5] Country: caused an explosion (ROGUE_CANNON)
[5:00:46 PM] [9tE8x#5] Country: caused an explosion (CAR)
[5:00:47 PM] [9tE8x#5] Country: caused an explosion (ROGUE_CANNON)
[5:00:48 PM] [9tE8x#5] Country: caused an explosion (ROGUE_CANNON)
[5:00:48 PM] [9tE8x#5] Country: caused an explosion (TRUCK)
[5:00:48 PM] [9tE8x#5] Country: caused an explosion (CAR)
[5:00:50 PM] [9tE8x#5] Country: caused an explosion (TRUCK)
[5:00:52 PM] [9tE8x#5] Country: caused an explosion (ROGUE_CANNON)
[5:00:53 PM] [9tE8x#5] Country: caused an explosion (ROGUE_CANNON)
[5:00:53 PM] [9tE8x#5] Country: caused an explosion (ROGUE_CANNON)
[5:00:53 PM] [9tE8x#5] Country: caused an explosion (ROGUE_CANNON)
[5:00:53 PM] [9tE8x#5] Country: caused an explosion (ROGUE_CANNON)
[5:00:53 PM] [9tE8x#5] Country: caused an explosion (ROGUE_CANNON)
[5:00:53 PM] [9tE8x#5] Country: caused an explosion (ROGUE_CANNON)
[5:00:53 PM] [9tE8x#5] Country: caused an explosion (ROGUE_CANNON)
[5:00:54 PM] [9tE8x#5] Country: caused an explosion (ROGUE_CANNON)
[5:00:54 PM] [9tE8x#5] Country: caused an explosion (ROGUE_CANNON)
[5:00:54 PM] [9tE8x#5] Country: caused an explosion (ROGUE_CANNON)
[5:00:54 PM] [9tE8x#5] Country: caused an explosion (ROGUE_CANNON)
[5:00:54 PM] [9tE8x#5] Country: caused an explosion (ROGUE_CANNON)
[5:00:54 PM] [9tE8x#5] Country: caused an explosion (CAR)
[5:00:54 PM] [9tE8x#5] Country: caused an explosion (ROGUE_CANNON)
[5:00:54 PM] [9tE8x#5] Country: caused an explosion (ROGUE_CANNON)
[5:00:55 PM] [9tE8x#5] Country: caused an explosion (ROGUE_CANNON)
[5:00:55 PM] [9tE8x#5] Country: caused an explosion (TRUCK)
[5:00:55 PM] [9tE8x#5] Country: caused an explosion (ROGUE_CANNON)
[5:00:56 PM] [9tE8x#5] Country: caused an explosion (ROGUE_CANNON)
[5:00:57 PM] [9tE8x#5] Country: caused an explosion (ROGUE_CANNON)
[5:00:57 PM] [9tE8x#5] Country: caused an explosion (ROGUE_CANNON)
[5:00:57 PM] [9tE8x#5] Country: caused an explosion (ROGUE_CANNON)
[5:00:57 PM] [9tE8x#5] Country: caused an explosion (ROGUE_CANNON)
[5:00:57 PM] [9tE8x#5] Country: caused an explosion (ROGUE_CANNON)
[5:00:57 PM] [9tE8x#5] Country: caused an explosion (ROGUE_CANNON)
[5:00:58 PM] [9tE8x#5] Country: caused an explosion (ROGUE_CANNON)
[5:00:58 PM] [9tE8x#5] Country: caused an explosion (ROGUE_CANNON)
[5:00:58 PM] [9tE8x#5] Country: caused an explosion (ROGUE_CANNON)
[5:00:58 PM] [9tE8x#5] Country: caused an explosion (ROGUE_CANNON)
[5:00:58 PM] [9tE8x#5] Country: caused an explosion (ROGUE_CANNON)
[5:00:58 PM] [9tE8x#5] Country: caused an explosion (ROGUE_CANNON)
[5:00:58 PM] [9tE8x#5] Country: caused an explosion (ROGUE_CANNON)
[5:00:59 PM] [9tE8x#5] Country: caused an explosion (ROGUE_CANNON)
[5:00:59 PM] [9tE8x#5] Country: caused an explosion (ROGUE_CANNON)
[5:00:59 PM] [9tE8x#5] Country: caused an explosion (ROGUE_CANNON)
[5:00:59 PM] [9tE8x#5] Country: caused an explosion (ROGUE_CANNON)
[5:00:59 PM] [9tE8x#5] Country: caused an explosion (ROGUE_CANNON)
[5:00:59 PM] [9tE8x#5] Country: caused an explosion (ROGUE_CANNON)
[5:00:59 PM] [9tE8x#5] Country: caused an explosion (ROGUE_CANNON)
[5:00:59 PM] [9tE8x#5] Country: caused an explosion (ROGUE_CANNON)
[5:01:00 PM] [9tE8x#5] Country: caused an explosion (ROGUE_CANNON)
[5:01:00 PM] [9tE8x#5] Country: caused an explosion (ROGUE_CANNON)
[5:01:00 PM] [9tE8x#5] Country: caused an explosion (ROGUE_CANNON)
[5:01:00 PM] [9tE8x#5] Country: caused an explosion (ROGUE_CANNON)
[5:01:00 PM] [9tE8x#5] Country: caused an explosion (ROGUE_CANNON)
[5:01:01 PM] [9tE8x#5] Country: caused an explosion (ROGUE_CANNON)
[5:01:01 PM] [9tE8x#5] Country: caused an explosion (ROGUE_CANNON)
[5:01:01 PM] [9tE8x#5] Country: caused an explosion (ROGUE_CANNON)
[5:01:01 PM] [9tE8x#5] Country: caused an explosion (ROGUE_CANNON)
[5:01:01 PM] [9tE8x#5] Country: caused an explosion (ROGUE_CANNON)
[5:01:01 PM] [9tE8x#5] Country: caused an explosion (ROGUE_CANNON)
[5:01:01 PM] [9tE8x#5] Country: caused an explosion (ROGUE_CANNON)
[5:01:02 PM] [9tE8x#5] Country: caused an explosion (ROGUE_CANNON)
[5:01:02 PM] [9tE8x#5] Country: caused an explosion (ROGUE_CANNON)
[5:01:02 PM] [9tE8x#5] Country: caused an explosion (ROGUE_CANNON)
[5:01:02 PM] [9tE8x#5] Country: caused an explosion (ROGUE_CANNON)
[5:01:07 PM] [9tE8x#5] Country: caused an explosion (CAR)
[5:01:09 PM] [9tE8x#5] Country: caused an explosion (CAR)
[5:01:11 PM] [9tE8x#5] Country: caused an explosion (ROGUE_CANNON)
[5:01:11 PM] [9tE8x#5] Country: caused an explosion (ROGUE_CANNON)
[5:01:11 PM] [9tE8x#5] Country: caused an explosion (ROGUE_CANNON)
[5:01:11 PM] [9tE8x#5] Country: caused an explosion (ROGUE_CANNON)
[5:01:11 PM] [9tE8x#5] Country: caused an explosion (ROGUE_CANNON)
[5:01:17 PM] [9tE8x#5] Country: caused an explosion (CAR)
[5:01:21 PM] [9tE8x#5] Country: caused an explosion (TRUCK)
[5:01:25 PM] [9tE8x#5] Country: caused an explosion (CAR)
[5:01:27 PM] [9tE8x#5] Country: caused an explosion (CAR)
[5:01:27 PM] [9tE8x#5] Country: caused an explosion (CAR)
[5:01:34 PM] [9tE8x#5] Country: caused an explosion (CAR)
[5:01:35 PM] [9tE8x#5] Country: caused an explosion (CAR)
[5:01:36 PM] [9tE8x#5] Country: caused an explosion (CAR)
[5:01:37 PM] [9tE8x#5] Country: caused an explosion (TRUCK)
[5:01:40 PM] [9tE8x#5] Country: caused an explosion (CAR)
[5:01:42 PM] [9tE8x#5] Country: caused an explosion (ROGUE_CANNON)
[5:01:42 PM] [9tE8x#5] Country: caused an explosion (ROGUE_CANNON)
[5:01:42 PM] [9tE8x#5] Country: caused an explosion (ROGUE_CANNON)
[5:01:42 PM] [9tE8x#5] Country: caused an explosion (ROGUE_CANNON)
[5:01:42 PM] [9tE8x#5] Country: caused an explosion (ROGUE_CANNON)
[5:01:42 PM] [9tE8x#5] Country: caused an explosion (ROGUE_CANNON)
[5:01:42 PM] [9tE8x#3] Ethan Rubinacci: caused an explosion (CAR)
[5:01:42 PM] [9tE8x#5] Country: caused an explosion (ROGUE_CANNON)
[5:01:42 PM] [9tE8x#5] Country: caused an explosion (ROGUE_CANNON)
[5:01:42 PM] [9tE8x#5] Country: caused an explosion (ROGUE_CANNON)
[5:01:43 PM] [9tE8x#5] Country: caused an explosion (ROGUE_CANNON)
[5:01:43 PM] [9tE8x#5] Country: caused an explosion (ROGUE_CANNON)
[5:01:44 PM] [9tE8x#5] Country: caused an explosion (ROGUE_CANNON)
[5:01:44 PM] [9tE8x#5] Country: caused an explosion (ROGUE_CANNON)
[5:01:44 PM] [9tE8x#5] Country: caused an explosion (ROGUE_CANNON)
[5:01:44 PM] [9tE8x#5] Country: caused an explosion (ROGUE_CANNON)
[5:01:44 PM] [9tE8x#5] Country: caused an explosion (ROGUE_CANNON)
[5:01:45 PM] [9tE8x#5] Country: caused an explosion (CAR)
[5:01:45 PM] [9tE8x#5] Country: caused an explosion (ROGUE_CANNON)
[5:01:56 PM] [9tE8x#5] Country: caused an explosion (ROGUE_CANNON)
[5:01:56 PM] [9tE8x#5] Country: caused an explosion (ROGUE_CANNON)
[5:01:57 PM] [9tE8x#5] Country: caused an explosion (ROGUE_CANNON)
[5:01:57 PM] [9tE8x#5] Country: caused an explosion (ROGUE_CANNON)
[5:01:57 PM] [9tE8x#5] Country: caused an explosion (ROGUE_CANNON)
[5:01:58 PM] [9tE8x#5] Country: caused an explosion (ROGUE_CANNON)
[5:01:59 PM] [9tE8x#5] Country: caused an explosion (ROGUE_CANNON)
[5:02:03 PM] [9tE8x#5] Country: caused an explosion (ROGUE_CANNON)
[5:02:03 PM] [9tE8x#5] Country: caused an explosion (ROGUE_CANNON)
[5:02:03 PM] [9tE8x#5] Country: caused an explosion (ROGUE_CANNON)
[5:02:03 PM] [9tE8x#5] Country: caused an explosion (ROGUE_CANNON)
[5:02:03 PM] [9tE8x#5] Country: caused an explosion (ROGUE_CANNON)
[5:02:04 PM] [9tE8x#5] Country: caused an explosion (ROGUE_CANNON)
[5:02:04 PM] [9tE8x#5] Country: caused an explosion (ROGUE_CANNON)
[5:02:04 PM] [9tE8x#5] Country: caused an explosion (ROGUE_CANNON)
[5:02:04 PM] [9tE8x#5] Country: caused an explosion (ROGUE_CANNON)
[5:02:04 PM] [9tE8x#5] Country: caused an explosion (ROGUE_CANNON)
[5:02:04 PM] [9tE8x#5] Country: caused an explosion (ROGUE_CANNON)
[5:02:04 PM] [9tE8x#5] Country: caused an explosion (ROGUE_CANNON)
[5:02:07 PM] [9tE8x#5] Country: caused an explosion (ROGUE_CANNON)
[5:02:07 PM] [9tE8x#5] Country: caused an explosion (ROGUE_CANNON)
[5:02:07 PM] [9tE8x#5] Country: caused an explosion (ROGUE_CANNON)
[5:02:07 PM] [9tE8x#5] Country: caused an explosion (ROGUE_CANNON)
[5:02:07 PM] [9tE8x#5] Country: caused an explosion (ROGUE_CANNON)
[5:02:09 PM] [9tE8x#5] Country: caused an explosion (ROGUE_CANNON)
[5:02:09 PM] [9tE8x#5] Country: caused an explosion (ROGUE_CANNON)
[5:02:09 PM] [9tE8x#5] Country: caused an explosion (ROGUE_CANNON)
[5:02:09 PM] [9tE8x#5] Country: caused an explosion (ROGUE_CANNON)
[5:02:09 PM] [9tE8x#5] Country: caused an explosion (ROGUE_CANNON)
[5:02:09 PM] [9tE8x#5] Country: caused an explosion (CAR)
[5:02:09 PM] [9tE8x#5] Country: caused an explosion (ROGUE_CANNON)
[5:02:09 PM] [9tE8x#5] Country: caused an explosion (CAR)
[5:02:10 PM] [9tE8x#5] Country: caused an explosion (CAR)
[5:02:12 PM] [9tE8x#5] Country: caused an explosion (ROGUE_CANNON)
[5:02:12 PM] [9tE8x#5] Country: caused an explosion (ROGUE_CANNON)
[5:02:17 PM] [9tE8x#5] Country: caused an explosion (CAR)
[5:02:38 PM] [9tE8x#5] Country: caused an explosion (ROGUE_CANNON)
[5:21:55 PM] [9tE8x#5] Country: said "/dv"
[5:21:56 PM] [9tE8x#5] Country: disconnected (Exiting)
[5:28:20 PM] [9tE8x#3] Ethan Rubinacci: said "/dv"
[5:46:32 PM] [9tE8x#3] Ethan Rubinacci: caused an explosion (RAYGUN)
[5:46:36 PM] [9tE8x#3] Ethan Rubinacci: caused an explosion (RAYGUN)
[5:46:38 PM] [9tE8x#3] Ethan Rubinacci: caused an explosion (RAYGUN)
[5:48:56 PM] [9tE8x#6] Kolten Perry: joined with identifiers [license:c52d272c7a8a6ae0dcdb41b2bb7d16f21a553d6c; discord:970424669125615616; license2:c52d272c7a8a6ae0dcdb41b2bb7d16f21a553d6c]
[5:52:13 PM] [9tE8x#3] Ethan Rubinacci: caused an explosion (ROCKET)
[5:53:02 PM] [9tE8x#3] Ethan Rubinacci: caused an explosion (ROCKET)
[5:53:05 PM] [9tE8x#3] Ethan Rubinacci: caused an explosion (ROCKET)
[5:53:08 PM] [9tE8x#3] Ethan Rubinacci: caused an explosion (ROCKET)
[5:55:08 PM] [9tE8x#3] Ethan Rubinacci: said "/dv"
[5:56:29 PM] [9tE8x#3] Ethan Rubinacci: disconnected (Exiting)
[5:58:54 PM] [9tE8x#7] Hawtdame: joined with identifiers [steam:11000014d8a02b7; license:41d70e240c72e87659841b45dfc49bfe8ae87afa; live:985154501329728; discord:960657740898902036; license2:afbf085ffd9a5b88ef46eac6078b48d2b5784590]
[6:01:43 PM] [9tE8x#6] Kolten Perry: caused an explosion (PLANE_ROCKET)
[6:04:19 PM] txAdmin: ((Broadcast) B34R): said "SERVER RESTART TO FIX MINOR ISSUES"
[6:05:19 PM] txAdmin: Logger started
[6:06:18 PM] [YA8fd#1] Hawtdame: joined with identifiers [steam:11000014d8a02b7; license:41d70e240c72e87659841b45dfc49bfe8ae87afa; live:985154501329728; discord:960657740898902036; license2:afbf085ffd9a5b88ef46eac6078b48d2b5784590]
[6:07:58 PM] [YA8fd#2] B34R: joined with identifiers [steam:1100001161dde30; license:d1701434a075a4dea66c41c041b1cbbf4f56741a; xbl:2535425999625569; live:1055521813911644; discord:421883819231150091; license2:66587b586b3d27a60a7637f497815262732cf4ee]
[6:09:01 PM] [YA8fd#3] Ethan Rubinacci: joined with identifiers [steam:110000106d81f17; license:29a1486f20d95134646534c3de37ff11e7c1f3e3; xbl:2533274921566674; live:2040691484489962; discord:134438206576787456; fivem:6346624; license2:374cbd654dc6b853cf59d872901780b076e1feb5]
[6:11:01 PM] [YA8fd#1] Hawtdame: disconnected (Exiting)
[6:19:54 PM] [YA8fd#4] Country: joined with identifiers [steam:11000011451260f; license:79e72fe6942b0a0728e645f198345d8d0bfef7eb; discord:140365884182102016; fivem:73824; license2:5765fc041f0b18678f508895f1364a99ec7f1772]
[6:21:03 PM] [YA8fd#4] Country: said "/gloves"
[6:27:21 PM] [YA8fd#4] Country: caused an explosion (TANKER)
[6:27:37 PM] [YA8fd#2] B34R: triggered drunk effect on [#4] Country
[6:28:03 PM] [YA8fd#2] B34R: caused an explosion (RAYGUN)
[6:28:05 PM] [YA8fd#2] B34R: caused an explosion (RAYGUN)
[6:28:05 PM] [YA8fd#3] Ethan Rubinacci: died from unknown by B34R
[6:28:16 PM] [YA8fd#2] B34R: caused an explosion (RAYGUN)
[6:28:21 PM] [YA8fd#2] B34R: died from Pistol Mk2 by Country
[6:28:27 PM] [YA8fd#2] B34R: caused an explosion (RAYGUN)
[6:28:29 PM] [YA8fd#2] B34R: caused an explosion (RAYGUN)
[6:28:32 PM] [YA8fd#2] B34R: caused an explosion (RAYGUN)
[6:28:35 PM] [YA8fd#2] B34R: caused an explosion (RAYGUN)
[6:28:37 PM] [YA8fd#2] B34R: caused an explosion (RAYGUN)
[6:28:46 PM] [YA8fd#2] B34R: caused an explosion (RAYGUN)
[6:29:02 PM] [YA8fd#2] B34R: caused an explosion (RAYGUN)
[6:29:03 PM] [YA8fd#4] Country: said "/dv"
[6:29:14 PM] [YA8fd#2] B34R: caused an explosion (RAYGUN)
[6:29:26 PM] [YA8fd#2] B34R: caused an explosion (RAYGUN)
[6:29:39 PM] [YA8fd#2] B34R: caused an explosion (RAYGUN)
[6:29:42 PM] [YA8fd#2] B34R: caused an explosion (RAYGUN)
[6:29:45 PM] [YA8fd#2] B34R: died from Pistol Mk2 by Country
[6:29:52 PM] [YA8fd#2] B34R: caused an explosion (ROCKET)
[6:29:52 PM] [YA8fd#4] Country: caused an explosion (CAR)
[6:30:05 PM] [YA8fd#4] Country: said "/dv"
[6:30:38 PM] [YA8fd#2] B34R: said "/dv"
[6:37:29 PM] [YA8fd#2] B34R: said "]"
[6:40:46 PM] [YA8fd#4] Country: said "./report rdm rdm rdm"
[6:40:52 PM] [YA8fd#4] Country: said "report rdm rdm rdm"
[6:43:50 PM] [YA8fd#4] Country: said "/e holster"
[6:43:52 PM] [YA8fd#4] Country: said "/e reaching"
[6:50:16 PM] [YA8fd#2] B34R: said "/weld"
[6:51:54 PM] [YA8fd#4] Country: said "bear jump"
[6:53:26 PM] [YA8fd#2] B34R: said "what address the motel?"
[6:53:31 PM] [YA8fd#4] Country: said "yes"
[7:02:58 PM] [YA8fd#2] B34R: said "/cr"
[7:09:13 PM] [YA8fd#2] B34R: said "/t"
[7:10:07 PM] [YA8fd#4] Country: said "/sling"
[7:10:51 PM] [YA8fd#3] Ethan Rubinacci: said "/sling"
[7:14:25 PM] [YA8fd#2] B34R: died from Sniper Rifle by Country
[7:15:28 PM] [YA8fd#2] B34R: died from Sniper Rifle by Country
[7:15:33 PM] [YA8fd#2] B34R: toggled freeze on player [#4] Country
[7:16:11 PM] [YA8fd#2] B34R: triggered drunk effect on [#4] Country
[7:16:29 PM] [YA8fd#2] B34R: toggled freeze on player [#4] Country
[7:18:13 PM] [YA8fd#2] B34R: caused an explosion (EXPLOSIVEAMMO)
[7:18:13 PM] [YA8fd#2] B34R: caused an explosion (BIKE)
[7:18:14 PM] [YA8fd#2] B34R: caused an explosion (BIKE)
[7:18:17 PM] [YA8fd#2] B34R: caused an explosion (EXPLOSIVEAMMO)
[7:18:51 PM] [YA8fd#2] B34R: caused an explosion (EXPLOSIVEAMMO)
[7:18:51 PM] [YA8fd#2] B34R: caused an explosion (TRUCK)
[7:19:27 PM] [YA8fd#2] B34R: caused an explosion (EXPLOSIVEAMMO)
[7:19:29 PM] [YA8fd#2] B34R: caused an explosion (EXPLOSIVEAMMO)
[7:19:33 PM] [YA8fd#2] B34R: caused an explosion (EXPLOSIVEAMMO)
[7:19:35 PM] [YA8fd#2] B34R: caused an explosion (EXPLOSIVEAMMO)
[7:19:43 PM] [YA8fd#2] B34R: caused an explosion (EXPLOSIVEAMMO)
[7:19:47 PM] [YA8fd#2] B34R: caused an explosion (EXPLOSIVEAMMO)
[7:21:35 PM] [YA8fd#2] B34R: caused an explosion (EXPLOSIVEAMMO)
[7:23:07 PM] [YA8fd#2] B34R: caused an explosion (EXPLOSIVEAMMO)
[7:23:07 PM] [YA8fd#2] B34R: caused an explosion (CAR)
[7:24:42 PM] [YA8fd#2] B34R: caused an explosion (EXPLOSIVEAMMO)
[7:25:24 PM] [YA8fd#4] Country: caused an explosion (STICKYBOMB)
[7:26:41 PM] [YA8fd#4] Country: caused an explosion (STICKYBOMB)
[7:29:22 PM] [YA8fd#2] B34R: disconnected (Obtaining configuration from server failed. Error state: Received HTTP/0.9 when not allowed - CURL e)
[7:29:42 PM] [YA8fd#3] Ethan Rubinacci: disconnected (Exiting)

================================================================
======== txAdmin Starting - 8/19/2022, 7:30:27 PM               
================================================================
[7:30:37 PM] txAdmin: Logger started
[7:31:40 PM] [NacDy#1] Country: joined with identifiers [steam:11000011451260f; license:79e72fe6942b0a0728e645f198345d8d0bfef7eb; discord:140365884182102016; fivem:73824; license2:5765fc041f0b18678f508895f1364a99ec7f1772]
[7:32:54 PM] [NacDy#2] B34R: joined with identifiers [steam:1100001161dde30; license:d1701434a075a4dea66c41c041b1cbbf4f56741a; xbl:2535425999625569; live:1055521813911644; discord:421883819231150091; license2:66587b586b3d27a60a7637f497815262732cf4ee]
[7:34:02 PM] [NacDy#1] Country: disconnected (Server shutting down: SIGHUP received)
[7:34:02 PM] [NacDy#2] B34R: disconnected (Server shutting down: SIGHUP received)

================================================================
======== txAdmin Starting - 8/19/2022, 7:34:05 PM               
================================================================
[7:34:15 PM] txAdmin: Logger started
[7:35:24 PM] [t7zVg#1] Country: joined with identifiers [steam:11000011451260f; license:79e72fe6942b0a0728e645f198345d8d0bfef7eb; discord:140365884182102016; fivem:73824; license2:5765fc041f0b18678f508895f1364a99ec7f1772]
[7:37:46 PM] [t7zVg#2] B34R: joined with identifiers [steam:1100001161dde30; license:d1701434a075a4dea66c41c041b1cbbf4f56741a; xbl:2535425999625569; live:1055521813911644; discord:421883819231150091; license2:66587b586b3d27a60a7637f497815262732cf4ee]
[7:39:41 PM] [t7zVg#3] Ethan Rubinacci: joined with identifiers [steam:110000106d81f17; license:29a1486f20d95134646534c3de37ff11e7c1f3e3; xbl:2533274921566674; live:2040691484489962; discord:134438206576787456; fivem:6346624; license2:374cbd654dc6b853cf59d872901780b076e1feb5]
[7:40:18 PM] [t7zVg#1] Country: said "/e reaching"
[7:40:19 PM] [t7zVg#1] Country: said "/e reaching"
[7:40:20 PM] [t7zVg#1] Country: said "/e reaching"
[7:40:20 PM] [t7zVg#1] Country: said "/e reaching"
[7:40:21 PM] [t7zVg#1] Country: said "/e reaching"
[7:40:22 PM] [t7zVg#1] Country: said "/e reaching"
[7:40:22 PM] [t7zVg#1] Country: said "/e reaching"
[7:40:23 PM] [t7zVg#1] Country: said "/e reaching"
[7:40:24 PM] [t7zVg#1] Country: said "/e reaching"
[7:40:24 PM] [t7zVg#1] Country: said "/e reaching"
[7:40:25 PM] [t7zVg#1] Country: said "/e reaching"
[7:40:25 PM] [t7zVg#1] Country: said "/e reaching"
[7:41:27 PM] [t7zVg#4] Kolten Perry: joined with identifiers [license:c52d272c7a8a6ae0dcdb41b2bb7d16f21a553d6c; discord:970424669125615616; license2:c52d272c7a8a6ae0dcdb41b2bb7d16f21a553d6c]
[7:42:12 PM] [t7zVg#2] B34R: died from Pistol Mk2 by Country
[7:43:06 PM] [t7zVg#1] Country: caused an explosion (STICKYBOMB)
[7:43:35 PM] [t7zVg#2] B34R: died from Sniper Rifle by Country
[7:43:43 PM] [t7zVg#2] B34R: said "/dv"
[7:46:27 PM] [t7zVg#2] B34R: died from Pistol Mk2 by Country
[7:46:41 PM] [t7zVg#1] Country: disconnected (Reliable network event overflow.)
[7:47:11 PM] [t7zVg#5] Country: joined with identifiers [steam:11000011451260f; license:79e72fe6942b0a0728e645f198345d8d0bfef7eb; discord:140365884182102016; fivem:73824; license2:5765fc041f0b18678f508895f1364a99ec7f1772]
[7:48:35 PM] [t7zVg#5] Country: said "/dv"
[7:53:33 PM] [t7zVg#5] Country: said "/cad"
[7:53:42 PM] [t7zVg#5] Country: said "/mdt"
[8:10:51 PM] [t7zVg#4] Kolten Perry: said "/SHO CAD"
[8:14:34 PM] [t7zVg#6] Landen perry: joined with identifiers [license:a108b5313afae90aed539d1f2d04999795ce36f0; xbl:2535435653104041; live:1055519623885063; discord:992285077100830840; license2:a108b5313afae90aed539d1f2d04999795ce36f0]
[8:21:40 PM] [t7zVg#2] B34R: said "/DV"
[8:21:45 PM] [t7zVg#2] B34R: said "/DV"
[8:21:47 PM] [t7zVg#2] B34R: said "/DV"
[8:22:37 PM] [t7zVg#2] B34R: said "/DRAG"
[8:23:59 PM] [t7zVg#4] Kolten Perry: said "/sit"
[8:26:56 PM] [t7zVg#4] Kolten Perry: said " never been in jail "
[8:27:37 PM] [t7zVg#3] Ethan Rubinacci: said "/dv"
[8:29:10 PM] [t7zVg#5] Country: said "/cuffd"
[8:30:32 PM] [t7zVg#4] Kolten Perry: said "yf"
[8:42:53 PM] [t7zVg#2] B34R: said "/seat"
[8:43:33 PM] [t7zVg#4] Kolten Perry: said "guns a lot "
[8:52:55 PM] [t7zVg#3] Ethan Rubinacci: said "/checkpulse"
[8:52:58 PM] [t7zVg#3] Ethan Rubinacci: said "/pulse"
[8:54:27 PM] [t7zVg#3] Ethan Rubinacci: said "/dv"
[8:58:45 PM] [t7zVg#2] B34R: started spectating player [#6] Landen perry
[9:03:28 PM] [t7zVg#6] Landen perry: disconnected (Game crashed: GTA5_b2545.exe!sub_1417DB3B0 (0x39))
[9:04:08 PM] [t7zVg#7] Landen perry: joined with identifiers [steam:1100001488b3a3e; license:a108b5313afae90aed539d1f2d04999795ce36f0; xbl:2535435653104041; live:1055519623885063; discord:992285077100830840; license2:a108b5313afae90aed539d1f2d04999795ce36f0]
[9:05:04 PM] [t7zVg#3] Ethan Rubinacci: said "/DV"
[9:05:36 PM] [t7zVg#4] Kolten Perry: said "/meguns bombs more guns stolen miney"
[9:06:38 PM] [t7zVg#5] Country: said "/dv"
[9:07:24 PM] [t7zVg#5] Country: said "anyone else just get yeeted from their car"
[9:07:36 PM] [t7zVg#2] B34R: said "nope"
[9:08:02 PM] [t7zVg#5] Country: caused an explosion (DIR_WATER_HYDRANT)
[9:08:03 PM] [t7zVg#3] Ethan Rubinacci: caused an explosion (DIR_WATER_HYDRANT)
[9:08:03 PM] [t7zVg#2] B34R: caused an explosion (DIR_WATER_HYDRANT)
[9:08:03 PM] [t7zVg#7] Landen perry: caused an explosion (DIR_WATER_HYDRANT)
[9:08:03 PM] [t7zVg#4] Kolten Perry: caused an explosion (DIR_WATER_HYDRANT)
[9:09:01 PM] [t7zVg#4] Kolten Perry: said "awwwwwwwwwwwwwwwwwww"
[9:12:42 PM] [t7zVg#7] Landen perry: died from Pistol Mk2 by Country
[9:13:19 PM] [t7zVg#2] B34R: said "/dv"
[9:13:24 PM] [t7zVg#4] Kolten Perry: caused an explosion (GRENADE)
[9:13:30 PM] [t7zVg#4] Kolten Perry: disconnected (You have been kicked. Reason: FailRP)
[9:13:53 PM] [t7zVg#5] Country: said "/dv"
[9:13:59 PM] [t7zVg#5] Country: said "/dv"
[9:14:03 PM] [t7zVg#5] Country: said "/dv"
[9:14:21 PM] [t7zVg#5] Country: said "/dv"
[9:17:42 PM] [t7zVg#8] Kenan D.: joined with identifiers [steam:110000116127f37; license:65f5914d26977a6a2d129d989bbe56305b73501d; xbl:2535449161003688; live:1055518451097397; discord:227123394024308740; fivem:336954; license2:d931812e49946f7c2b2c9bcb73128b1f744a702a]
[9:17:42 PM] [t7zVg#9] Kolten Perry: joined with identifiers [license:c52d272c7a8a6ae0dcdb41b2bb7d16f21a553d6c; discord:970424669125615616; license2:c52d272c7a8a6ae0dcdb41b2bb7d16f21a553d6c]
[9:21:11 PM] [t7zVg#3] Ethan Rubinacci: said ".\setRadioAgency leo"
[9:21:31 PM] [t7zVg#3] Ethan Rubinacci: said "/dv"
[9:22:21 PM] [t7zVg#5] Country: said "/dv"
[9:27:31 PM] [t7zVg#7] Landen perry: disconnected (Exiting)
[9:28:44 PM] [t7zVg#10] Landen perry: joined with identifiers [steam:1100001488b3a3e; license:a108b5313afae90aed539d1f2d04999795ce36f0; xbl:2535435653104041; live:1055519623885063; discord:992285077100830840; license2:a108b5313afae90aed539d1f2d04999795ce36f0]
[9:34:14 PM] [t7zVg#9] Kolten Perry: died from Pistol Mk2 by B34R
[9:35:05 PM] [t7zVg#5] Country: said "bro i hit 1250 ping in that pursuit"
[9:36:03 PM] [t7zVg#9] Kolten Perry: said "dead"
[9:36:28 PM] [t7zVg#9] Kolten Perry: said "Shots every where"
[9:37:07 PM] [t7zVg#9] Kolten Perry: said "t/revive"
[9:37:33 PM] [t7zVg#8] Kenan D.: said "Searches vehicele WDIF/"
[9:37:39 PM] [t7zVg#8] Kenan D.: said "Searches vehicele WDIF1?*"
[9:39:06 PM] [t7zVg#8] Kenan D.: said "/dv"
[9:44:38 PM] [t7zVg#9] Kolten Perry: said "phone"
[9:50:16 PM] [t7zVg#9] Kolten Perry: said "/ yes at a fire range"
[9:51:49 PM] [t7zVg#10] Landen perry: disconnected (You have been kicked. Reason: Low Effort RP)
[9:53:01 PM] [t7zVg#11] Landen perry: joined with identifiers [steam:1100001488b3a3e; license:a108b5313afae90aed539d1f2d04999795ce36f0; xbl:2535435653104041; live:1055519623885063; discord:992285077100830840; license2:a108b5313afae90aed539d1f2d04999795ce36f0]
[9:53:17 PM] [t7zVg#9] Kolten Perry: said "dwddasasaaaaaasasdadasda"
[9:53:25 PM] [t7zVg#2] B34R: died from suicide (Falling)
[9:56:25 PM] [t7zVg#9] Kolten Perry: said "t/phone"
[9:56:49 PM] [t7zVg#9] Kolten Perry: said "phone"
[10:01:41 PM] [t7zVg#5] Country: said "/cuffs"
[10:02:56 PM] [t7zVg#9] Kolten Perry: said "/clean record "
[10:02:59 PM] [t7zVg#11] Landen perry: said "nothing"
[10:07:51 PM] [t7zVg#8] Kenan D.: said "/hu"
[10:07:52 PM] [t7zVg#2] B34R: said "/drag"
[10:08:08 PM] [t7zVg#11] Landen perry: said "what was your question"
[10:08:20 PM] [t7zVg#2] B34R: said "/drag"
[10:11:20 PM] [t7zVg#2] B34R: said "me wahts the name on it"
[10:12:43 PM] [t7zVg#9] Kolten Perry: said "PHONE"
[10:13:52 PM] [t7zVg#5] Country: said "/dv"
[10:15:33 PM] [t7zVg#3] Ethan Rubinacci: said "/tweet @AlaskaStateTroopers @PalmerPD When will there be a desk officer available at the Palmer Detachment / Station who's willing to allow me to fill out a temporary one night firework permit for a party I'm throwing?"
[10:15:41 PM] [t7zVg#2] B34R: said "/drag"
[10:17:45 PM] [t7zVg#8] Kenan D.: disconnected (Exiting)
[10:18:11 PM] [t7zVg#3] Ethan Rubinacci: said "/dv"
[10:18:15 PM] [t7zVg#3] Ethan Rubinacci: said "/dv"
[10:18:16 PM] [t7zVg#3] Ethan Rubinacci: said "/dv"
[10:18:28 PM] [t7zVg#3] Ethan Rubinacci: disconnected (Exiting)
[10:18:53 PM] [t7zVg#5] Country: caused an explosion (STICKYBOMB)
[10:18:53 PM] [t7zVg#5] Country: caused an explosion (STICKYBOMB)
[10:18:53 PM] [t7zVg#11] Landen perry: caused an explosion (STICKYBOMB)
[10:18:53 PM] [t7zVg#2] B34R: caused an explosion (STICKYBOMB)
[10:19:03 PM] [t7zVg#9] Kolten Perry: said "revive"
[10:19:14 PM] [t7zVg#2] B34R: said "/dv"
[10:19:15 PM] [t7zVg#2] B34R: said "/dv"
[10:19:17 PM] [t7zVg#2] B34R: disconnected (Exiting)
[10:19:30 PM] [t7zVg#5] Country: disconnected (Exiting)
[10:19:45 PM] [t7zVg#9] Kolten Perry: disconnected (Exiting)
[10:20:16 PM] [t7zVg#11] Landen perry: disconnected (Exiting)
[10:20:45 PM] [t7zVg#12] Landen perry: joined with identifiers [steam:1100001488b3a3e; license:a108b5313afae90aed539d1f2d04999795ce36f0; xbl:2535435653104041; live:1055519623885063; discord:992285077100830840; license2:a108b5313afae90aed539d1f2d04999795ce36f0]
[10:21:28 PM] [t7zVg#12] Landen perry: disconnected (Exiting)
[10:21:36 PM] [t7zVg#13] Country: joined with identifiers [steam:11000011451260f; license:79e72fe6942b0a0728e645f198345d8d0bfef7eb; discord:140365884182102016; fivem:73824; license2:5765fc041f0b18678f508895f1364a99ec7f1772]
[10:22:39 PM] [t7zVg#13] Country: disconnected (Exiting)
[11:40:34 PM] [t7zVg#14] Country: joined with identifiers [steam:11000011451260f; license:79e72fe6942b0a0728e645f198345d8d0bfef7eb; discord:140365884182102016; fivem:73824; license2:5765fc041f0b18678f508895f1364a99ec7f1772]
