
================================================================
======== Log Rotated - 8/20/2022, 12:00:00 AM                   
================================================================
[12:13:54 AM] [t7zVg#14] Country: caused an explosion (BIKE)
[12:23:24 AM] [t7zVg#14] Country: said "/dv"
[12:28:52 AM] [t7zVg#14] Country: said "/dv"
[12:34:44 AM] [t7zVg#14] Country: caused an explosion (CAR)
[12:36:14 AM] [t7zVg#14] Country: said "/dv"
[12:36:20 AM] [t7zVg#14] Country: said "/changecharger"
[12:58:38 AM] [t7zVg#14] Country: caused an explosion (TANKER)
[1:18:39 AM] [t7zVg#14] Country: said "/dv"
[1:19:23 AM] [t7zVg#14] Country: said "/dv"
[2:00:17 AM] [t7zVg#14] Country: said "/dv"
[2:04:38 AM] [t7zVg#14] Country: said "/dv"
[2:04:47 AM] [t7zVg#14] Country: said "/dv"
[2:06:26 AM] [t7zVg#14] Country: caused an explosion (CAR)
[2:06:36 AM] [t7zVg#14] Country: caused an explosion (CAR)
[2:06:41 AM] [t7zVg#14] Country: caused an explosion (CAR)
[2:06:47 AM] [t7zVg#14] Country: said "/dv"
[2:18:51 AM] [t7zVg#14] Country: said "/dv"
[2:20:06 AM] [t7zVg#14] Country: said "/dv"
[2:22:42 AM] [t7zVg#14] Country: said "/dv"
[2:25:30 AM] [t7zVg#14] Country: said "/dv"
[2:27:47 AM] [t7zVg#14] Country: caused an explosion (PLANE)
[2:27:47 AM] [t7zVg#14] Country: caused an explosion (PLANE)
[2:27:56 AM] [t7zVg#14] Country: said "/dv"
[2:29:42 AM] [t7zVg#14] Country: caused an explosion (TANKER)
[2:29:49 AM] [t7zVg#14] Country: said "/dv"
[2:30:04 AM] [t7zVg#14] Country: said "/dv"
[2:31:19 AM] [t7zVg#14] Country: said "/dv"
[2:31:51 AM] [t7zVg#14] Country: caused an explosion (CAR)
[2:31:51 AM] [t7zVg#14] Country: caused an explosion (CAR)
[2:32:10 AM] [t7zVg#14] Country: caused an explosion (PLANE_ROCKET)
[2:32:10 AM] [t7zVg#14] Country: caused an explosion (PLANE_ROCKET)
[2:32:10 AM] [t7zVg#14] Country: caused an explosion (TANKER)
[2:32:10 AM] [t7zVg#14] Country: caused an explosion (TANKER)
[2:32:10 AM] [t7zVg#14] Country: caused an explosion (TANKER)
[2:32:10 AM] [t7zVg#14] Country: caused an explosion (TANKER)
[2:32:10 AM] [t7zVg#14] Country: caused an explosion (TANKER)
[2:32:11 AM] [t7zVg#14] Country: caused an explosion (PLANE_ROCKET)
[2:32:12 AM] [t7zVg#14] Country: caused an explosion (PLANE_ROCKET)
[2:32:13 AM] [t7zVg#14] Country: caused an explosion (PLANE_ROCKET)
[2:32:14 AM] [t7zVg#14] Country: caused an explosion (PLANE_ROCKET)
[2:32:15 AM] [t7zVg#14] Country: caused an explosion (PLANE_ROCKET)
[2:32:22 AM] [t7zVg#14] Country: caused an explosion (PLANE_ROCKET)
[2:32:24 AM] [t7zVg#14] Country: said "/dv"
[2:32:27 AM] [t7zVg#14] Country: caused an explosion (PLANE_ROCKET)
[2:36:14 AM] [t7zVg#14] Country: caused an explosion (CAR)
[2:36:14 AM] [t7zVg#14] Country: caused an explosion (CAR)
[2:36:22 AM] [t7zVg#14] Country: caused an explosion (PLANE_ROCKET)
[2:36:23 AM] [t7zVg#14] Country: caused an explosion (PLANE_ROCKET)
[2:36:24 AM] [t7zVg#14] Country: caused an explosion (PLANE_ROCKET)
[2:36:24 AM] [t7zVg#14] Country: caused an explosion (PLANE_ROCKET)
[2:36:32 AM] [t7zVg#14] Country: caused an explosion (CAR)
[2:36:32 AM] [t7zVg#14] Country: caused an explosion (CAR)
[2:36:33 AM] [t7zVg#14] Country: caused an explosion (CAR)
[2:36:33 AM] [t7zVg#14] Country: caused an explosion (CAR)
[2:36:33 AM] [t7zVg#14] Country: caused an explosion (CAR)
[2:36:33 AM] [t7zVg#14] Country: caused an explosion (CAR)
[2:37:23 AM] [t7zVg#14] Country: caused an explosion (PLANE)
[2:37:23 AM] [t7zVg#14] Country: caused an explosion (PLANE)
[2:37:28 AM] [t7zVg#14] Country: caused an explosion (PLANE_ROCKET)
[2:37:30 AM] [t7zVg#14] Country: caused an explosion (PLANE_ROCKET)
[2:37:30 AM] [t7zVg#14] Country: caused an explosion (PLANE_ROCKET)
[2:37:31 AM] [t7zVg#14] Country: caused an explosion (PLANE_ROCKET)
[2:37:31 AM] [t7zVg#14] Country: said "/dv"
[2:37:34 AM] [t7zVg#14] Country: said "/dv"
[2:39:41 AM] [t7zVg#14] Country: caused an explosion (CAR)
[2:39:41 AM] [t7zVg#14] Country: caused an explosion (CAR)
[2:39:46 AM] [t7zVg#14] Country: caused an explosion (ROCKET)
[2:40:03 AM] [t7zVg#14] Country: caused an explosion (ROCKET)
[2:40:03 AM] [t7zVg#14] Country: caused an explosion (TANKER)
[2:40:09 AM] [t7zVg#14] Country: caused an explosion (TRUCK)
[2:40:15 AM] [t7zVg#14] Country: caused an explosion (TRUCK)
[2:40:23 AM] [t7zVg#14] Country: caused an explosion (TRUCK)
[2:40:23 AM] [t7zVg#14] Country: caused an explosion (PLANE)
[2:40:29 AM] [t7zVg#14] Country: caused an explosion (PLANE)
[2:40:29 AM] [t7zVg#14] Country: caused an explosion (PLANE)
[2:41:00 AM] [t7zVg#14] Country: caused an explosion (ROCKET)
[2:41:00 AM] [t7zVg#14] Country: caused an explosion (CAR)
[2:46:36 AM] [t7zVg#14] Country: caused an explosion (ROCKET)
[2:46:42 AM] [t7zVg#14] Country: caused an explosion (ROCKET)
[3:00:41 AM] [t7zVg#14] Country: said "/dv"
[3:07:06 AM] [t7zVg#14] Country: said "/dv"
[3:07:58 AM] [t7zVg#14] Country: said "/DV"
[3:13:24 AM] [t7zVg#14] Country: said "/dv"
[3:28:32 AM] [t7zVg#14] Country: said "/dv"
[3:33:11 AM] [t7zVg#14] Country: said "/dv"
[3:40:58 AM] [t7zVg#14] Country: caused an explosion (PLANE)
[3:49:29 AM] [t7zVg#14] Country: said "/dv"
[3:53:09 AM] [t7zVg#14] Country: disconnected (Exiting)
[2:31:36 PM] [t7zVg#15] Country: joined with identifiers [steam:11000011451260f; license:79e72fe6942b0a0728e645f198345d8d0bfef7eb; discord:140365884182102016; fivem:73824; license2:5765fc041f0b18678f508895f1364a99ec7f1772]

================================================================
======== txAdmin Starting - 8/20/2022, 2:51:44 PM               
================================================================
[2:51:54 PM] txAdmin: Logger started
[2:55:33 PM] [c9Rc3#1] Country: joined with identifiers [steam:11000011451260f; license:79e72fe6942b0a0728e645f198345d8d0bfef7eb; discord:140365884182102016; fivem:73824; license2:5765fc041f0b18678f508895f1364a99ec7f1772]
[2:57:21 PM] UNKNOWN: ((DM) B34R): said "Die"
[2:57:25 PM] [c9Rc3#1] Country: said "fuck you"
[2:58:12 PM] [c9Rc3#1] Country: said "thanks babe"
[3:00:24 PM] [c9Rc3#2] Ethan Rubinacci: joined with identifiers [license:29a1486f20d95134646534c3de37ff11e7c1f3e3; xbl:2533274921566674; live:2040691484489962; discord:134438206576787456; fivem:6346624; license2:374cbd654dc6b853cf59d872901780b076e1feb5]
[3:02:09 PM] [c9Rc3#2] Ethan Rubinacci: said "/k9"
[3:04:33 PM] [c9Rc3#2] Ethan Rubinacci: said "/k9"
[3:04:45 PM] [c9Rc3#2] Ethan Rubinacci: said "/getin"
[3:06:57 PM] [c9Rc3#2] Ethan Rubinacci: said "/k9"
[3:06:59 PM] [c9Rc3#2] Ethan Rubinacci: said "/dv"
[3:08:51 PM] [c9Rc3#2] Ethan Rubinacci: said "/dv"
[3:09:18 PM] [c9Rc3#2] Ethan Rubinacci: said "/dv"
[3:11:10 PM] [c9Rc3#1] Country: caused an explosion (CAR)
[3:14:08 PM] [c9Rc3#1] Country: caused an explosion (CAR)
[3:22:44 PM] [c9Rc3#1] Country: said "/dv"
[3:59:24 PM] [c9Rc3#2] Ethan Rubinacci: died from Pistol .50 by Country
[4:06:53 PM] [c9Rc3#1] Country: disconnected (Reliable network event overflow.)
[4:46:15 PM] [c9Rc3#3] Heavy Scout Gaming: joined with identifiers [steam:110000102449b2e; license:ec5dfc052461c7bbc819d38af78bed9209312fd7; xbl:2533274854325254; live:844427431245709; discord:185901595744010241; fivem:6346624; license2:ec5dfc052461c7bbc819d38af78bed9209312fd7]
[4:52:26 PM] [c9Rc3#4] Country: joined with identifiers [steam:11000011451260f; license:79e72fe6942b0a0728e645f198345d8d0bfef7eb; discord:140365884182102016; fivem:73824; license2:5765fc041f0b18678f508895f1364a99ec7f1772]
[4:54:02 PM] [c9Rc3#4] Country: said "/dv"
[5:03:05 PM] [c9Rc3#4] Country: said "HELLO?????"
[5:07:15 PM] [c9Rc3#4] Country: caused an explosion (STICKYBOMB)
[5:07:38 PM] [c9Rc3#4] Country: caused an explosion (STICKYBOMB)
[5:07:53 PM] [c9Rc3#4] Country: caused an explosion (STICKYBOMB)
[5:07:53 PM] [c9Rc3#4] Country: caused an explosion (CAR)
[5:08:05 PM] [c9Rc3#4] Country: caused an explosion (STICKYBOMB)
[5:08:31 PM] [c9Rc3#4] Country: caused an explosion (STICKYBOMB)
[5:08:32 PM] [c9Rc3#4] Country: caused an explosion (STICKYBOMB)
[5:08:47 PM] [c9Rc3#4] Country: caused an explosion (STICKYBOMB)
[5:08:51 PM] [c9Rc3#4] Country: caused an explosion (STICKYBOMB)
[5:08:56 PM] [c9Rc3#4] Country: caused an explosion (STICKYBOMB)
[5:09:02 PM] [c9Rc3#4] Country: caused an explosion (STICKYBOMB)
[5:09:08 PM] [c9Rc3#4] Country: caused an explosion (STICKYBOMB)
[5:09:12 PM] [c9Rc3#4] Country: caused an explosion (STICKYBOMB)
[5:09:17 PM] [c9Rc3#4] Country: caused an explosion (STICKYBOMB)
[5:09:17 PM] [c9Rc3#4] Country: caused an explosion (CAR)
[5:30:04 PM] [c9Rc3#4] Country: said "/dv"
[5:30:06 PM] [c9Rc3#4] Country: disconnected (Exiting)
[6:08:54 PM] [c9Rc3#3] Heavy Scout Gaming: disconnected (Exiting)
[6:22:51 PM] [c9Rc3#5] Heavy Scout Gaming: joined with identifiers [steam:110000102449b2e; license:ec5dfc052461c7bbc819d38af78bed9209312fd7; xbl:2533274854325254; live:844427431245709; discord:185901595744010241; fivem:6346624; license2:ec5dfc052461c7bbc819d38af78bed9209312fd7]
[6:29:28 PM] [c9Rc3#6] Country: joined with identifiers [steam:11000011451260f; license:79e72fe6942b0a0728e645f198345d8d0bfef7eb; discord:140365884182102016; fivem:73824; license2:5765fc041f0b18678f508895f1364a99ec7f1772]
[6:38:25 PM] [c9Rc3#7] B34R: joined with identifiers [steam:1100001161dde30; license:d1701434a075a4dea66c41c041b1cbbf4f56741a; xbl:2535425999625569; live:1055521813911644; discord:421883819231150091; license2:66587b586b3d27a60a7637f497815262732cf4ee]
[6:42:25 PM] [c9Rc3#7] B34R: said ".Ban steam:11000011451260f,	license:79e72fe6942b0a0728e645f198345d8d0bfef7eb,	discord:140365884182102016,	fivem:73824"
[6:52:08 PM] [c9Rc3#2] Ethan Rubinacci: said "/dv"
[6:55:50 PM] [c9Rc3#2] Ethan Rubinacci: said "/dv"
[7:01:58 PM] [c9Rc3#2] Ethan Rubinacci: said "/seat"
[7:07:02 PM] [c9Rc3#5] Heavy Scout Gaming: said "I cant see the purple text"
[7:07:14 PM] [c9Rc3#6] Country: said "dont be color blind then"
[7:07:59 PM] [c9Rc3#5] Heavy Scout Gaming: said "wtf"
[7:08:01 PM] [c9Rc3#7] B34R: said "everytime ethan types the letter n it moves him through seets its kinda funny"
[7:08:01 PM] [c9Rc3#5] Heavy Scout Gaming: said "i think im dead"
[7:08:37 PM] [c9Rc3#6] Country: said "i mean, you did slam into a wall and get yeeted out"
[7:08:49 PM] [c9Rc3#5] Heavy Scout Gaming: said "OH ITS THE SEATBELT SCRIPT XD"
[7:09:06 PM] [c9Rc3#5] Heavy Scout Gaming: said "Im splatted"
[7:09:32 PM] [c9Rc3#5] Heavy Scout Gaming: said "Not irl, but im using a 65 inch tv and purple is super fucking hard to se"
[7:09:39 PM] [c9Rc3#5] Heavy Scout Gaming: said "I have to get up from my couch to read it"
[7:09:42 PM] [c9Rc3#2] Ethan Rubinacci: said "Gotcha LMFAO"
[7:11:05 PM] [c9Rc3#5] Heavy Scout Gaming: said "/uncuff"
[7:11:12 PM] [c9Rc3#5] Heavy Scout Gaming: said "/uncuff 6"
[7:11:14 PM] [c9Rc3#5] Heavy Scout Gaming: said "/uncuff 5"
[7:11:47 PM] [c9Rc3#5] Heavy Scout Gaming: caused an explosion (RAILGUN)
[7:11:47 PM] [c9Rc3#6] Country: caused an explosion (CAR)
[7:11:55 PM] [c9Rc3#6] Country: said "jesus christ that gave me a heart attack"
[7:12:07 PM] [c9Rc3#6] Country: said "/dv"
[7:13:03 PM] [c9Rc3#6] Country: said "/dv"
[7:15:15 PM] [c9Rc3#6] Country: said "/dv"
[7:15:26 PM] [c9Rc3#6] Country: said "how do i disconnect from the radio"
[7:15:34 PM] [c9Rc3#6] Country: said "like tuwn it off"
[7:15:38 PM] [c9Rc3#6] Country: said "uhhh"
[7:15:41 PM] [c9Rc3#2] Ethan Rubinacci: said "Left bracket"
[7:15:47 PM] [c9Rc3#2] Ethan Rubinacci: said "Then hit the power button"
[7:16:01 PM] [c9Rc3#6] Country: said "got it"
[7:17:11 PM] [c9Rc3#7] B34R: said ".STOP nd_FUEL"
[7:17:15 PM] [c9Rc3#7] B34R: said "FUCK"
[7:17:17 PM] [c9Rc3#6] Country: said "fail"
[7:17:52 PM] [c9Rc3#2] Ethan Rubinacci: said "/dv"
[7:17:54 PM] [c9Rc3#2] Ethan Rubinacci: said "/dv"
[7:17:57 PM] [c9Rc3#2] Ethan Rubinacci: said "/dv"
[7:17:58 PM] [c9Rc3#2] Ethan Rubinacci: said "/dv"
[7:18:00 PM] [c9Rc3#2] Ethan Rubinacci: said "/dv"
[7:18:06 PM] [c9Rc3#2] Ethan Rubinacci: said "/dv"
[7:18:36 PM] [c9Rc3#5] Heavy Scout Gaming: said "/ad"
[7:20:28 PM] [c9Rc3#5] Heavy Scout Gaming: made a server-wide announcement: Alaska banks across the state are on high alert after multiple banks have been robbed at gunpoint in the last week. All citizens are to take precautions and be on the lookout for any suspicious individuals. 
[7:20:52 PM] [c9Rc3#5] Heavy Scout Gaming: made a server-wide announcement: Alaska banks across the state are on high alert after multiple banks have been robbed at gunpoint in the last week. All citizens are to take precautions and be on the lookout for any suspicious individuals.
[7:28:43 PM] [c9Rc3#5] Heavy Scout Gaming: said "911: SILENT ALARM* BANK ROBBERY IN PROGRESS @ 7193 Hawick Ave/Meteor St"
[7:32:49 PM] [c9Rc3#5] Heavy Scout Gaming: said "/dv"
[7:34:08 PM] [c9Rc3#6] Country: said "/engine"
[7:35:45 PM] [c9Rc3#5] Heavy Scout Gaming: said "/shiff"
[7:44:15 PM] [c9Rc3#6] Country: said "not on my screen"
[7:46:36 PM] [c9Rc3#2] Ethan Rubinacci: disconnected (Exiting)
[7:47:15 PM] [c9Rc3#6] Country: died from Pistol Mk2 by B34R
[7:47:21 PM] [c9Rc3#7] B34R: said "/dv"
[7:47:24 PM] [c9Rc3#7] B34R: said "/dv"
[7:47:28 PM] [c9Rc3#6] Country: disconnected (Exiting)
[7:47:30 PM] [c9Rc3#5] Heavy Scout Gaming: said "waits fucking all day for him to rp then he gets off"
[7:47:32 PM] [c9Rc3#5] Heavy Scout Gaming: disconnected (Exiting)
[7:47:36 PM] [c9Rc3#7] B34R: said "/dv"
[7:47:38 PM] [c9Rc3#7] B34R: said "/dv"
[7:47:55 PM] [c9Rc3#7] B34R: said "/dv"
[7:47:59 PM] [c9Rc3#7] B34R: disconnected (Exiting)
[7:59:33 PM] [c9Rc3#8] Country: joined with identifiers [steam:11000011451260f; license:79e72fe6942b0a0728e645f198345d8d0bfef7eb; discord:140365884182102016; fivem:73824; license2:5765fc041f0b18678f508895f1364a99ec7f1772]
[8:00:01 PM] UNKNOWN: ((DM) B34R): said "Server Will be up and down in like 30 minutes just so your aware"
[8:31:12 PM] [c9Rc3#9] Kolten Perry: joined with identifiers [license:c52d272c7a8a6ae0dcdb41b2bb7d16f21a553d6c; discord:970424669125615616; license2:c52d272c7a8a6ae0dcdb41b2bb7d16f21a553d6c]
[8:32:03 PM] [c9Rc3#8] Country: said "ratio"
[8:33:19 PM] [c9Rc3#8] Country: said "/dv"
[8:33:46 PM] [c9Rc3#8] Country: caused an explosion (CAR)
[8:33:54 PM] [c9Rc3#8] Country: caused an explosion (CAR)
[8:47:11 PM] [c9Rc3#8] Country: caused an explosion (DIR_WATER_HYDRANT)
[8:47:41 PM] [c9Rc3#8] Country: said "ratio"
[8:49:29 PM] [c9Rc3#8] Country: said "r"
[8:49:30 PM] [c9Rc3#8] Country: said "a"
[8:49:31 PM] [c9Rc3#8] Country: said "t"
[8:49:32 PM] [c9Rc3#8] Country: said "i"
[8:49:33 PM] [c9Rc3#8] Country: said "o"
[8:52:08 PM] [c9Rc3#9] Kolten Perry: said "stop"
[9:00:28 PM] [c9Rc3#8] Country: said "stop what"
[9:00:42 PM] [c9Rc3#9] Kolten Perry: said "nothing"
[9:02:45 PM] [c9Rc3#8] Country: said "ok"
[9:06:49 PM] [c9Rc3#8] Country: said "/dv"
[9:10:58 PM] [c9Rc3#9] Kolten Perry: disconnected (Exiting)
[9:47:29 PM] [c9Rc3#8] Country: said "/dv"
[9:51:31 PM] [c9Rc3#8] Country: caused an explosion (GRENADELAUNCHER)
[9:51:34 PM] [c9Rc3#8] Country: caused an explosion (GRENADELAUNCHER)
[9:51:38 PM] [c9Rc3#8] Country: caused an explosion (GRENADELAUNCHER)
[9:51:40 PM] [c9Rc3#8] Country: caused an explosion (GRENADELAUNCHER)
[9:51:50 PM] [c9Rc3#8] Country: caused an explosion (GRENADELAUNCHER)
[9:51:53 PM] [c9Rc3#8] Country: caused an explosion (GRENADELAUNCHER)
[9:51:57 PM] [c9Rc3#8] Country: caused an explosion (GRENADELAUNCHER)
[9:51:59 PM] [c9Rc3#8] Country: caused an explosion (GRENADELAUNCHER)
[9:52:00 PM] [c9Rc3#8] Country: caused an explosion (GRENADELAUNCHER)
[9:52:02 PM] [c9Rc3#8] Country: caused an explosion (GRENADELAUNCHER)
[9:52:03 PM] [c9Rc3#8] Country: caused an explosion (GRENADELAUNCHER)
[9:52:04 PM] [c9Rc3#8] Country: caused an explosion (GRENADELAUNCHER)
[9:52:06 PM] [c9Rc3#8] Country: caused an explosion (GRENADELAUNCHER)
[9:52:07 PM] [c9Rc3#8] Country: caused an explosion (GRENADELAUNCHER)
[9:52:11 PM] [c9Rc3#8] Country: caused an explosion (FIREWORK)
[9:52:18 PM] [c9Rc3#8] Country: caused an explosion (GRENADELAUNCHER)
[9:52:22 PM] [c9Rc3#8] Country: caused an explosion (GRENADELAUNCHER)
[9:52:26 PM] [c9Rc3#8] Country: caused an explosion (GRENADELAUNCHER)
[9:52:30 PM] [c9Rc3#8] Country: caused an explosion (GRENADELAUNCHER)
[9:52:34 PM] [c9Rc3#8] Country: caused an explosion (GRENADELAUNCHER)
[9:52:39 PM] [c9Rc3#8] Country: caused an explosion (GRENADELAUNCHER)
[9:52:53 PM] [c9Rc3#8] Country: caused an explosion (GRENADE)
[9:52:55 PM] [c9Rc3#8] Country: caused an explosion (STICKYBOMB)
[9:59:56 PM] [c9Rc3#8] Country: caused an explosion (GRENADE)
[10:00:03 PM] [c9Rc3#8] Country: caused an explosion (GRENADE)
[10:00:10 PM] [c9Rc3#8] Country: caused an explosion (GRENADE)
[10:00:18 PM] [c9Rc3#8] Country: caused an explosion (GRENADE)
[10:00:26 PM] [c9Rc3#8] Country: caused an explosion (GRENADE)
[10:00:35 PM] [c9Rc3#8] Country: caused an explosion (STICKYBOMB)
[10:00:35 PM] [c9Rc3#8] Country: caused an explosion (CAR)
[10:00:40 PM] [c9Rc3#8] Country: caused an explosion (STICKYBOMB)
[10:00:43 PM] [c9Rc3#8] Country: caused an explosion (STICKYBOMB)
[10:00:58 PM] [c9Rc3#8] Country: said "/dv"
[10:12:18 PM] [c9Rc3#8] Country: disconnected (Exiting)
[10:39:40 PM] [c9Rc3#10] Country: joined with identifiers [steam:11000011451260f; license:79e72fe6942b0a0728e645f198345d8d0bfef7eb; discord:140365884182102016; fivem:73824; license2:5765fc041f0b18678f508895f1364a99ec7f1772]
[10:51:47 PM] [c9Rc3#10] Country: caused an explosion (GRENADELAUNCHER)
[10:51:50 PM] [c9Rc3#10] Country: caused an explosion (GRENADELAUNCHER)
[10:51:51 PM] [c9Rc3#10] Country: caused an explosion (GRENADELAUNCHER)
[10:51:53 PM] [c9Rc3#10] Country: caused an explosion (GRENADELAUNCHER)
[10:51:55 PM] [c9Rc3#10] Country: caused an explosion (GRENADELAUNCHER)
[10:52:02 PM] [c9Rc3#10] Country: caused an explosion (GRENADELAUNCHER)
[10:52:05 PM] [c9Rc3#10] Country: caused an explosion (GRENADELAUNCHER)
[10:52:08 PM] [c9Rc3#10] Country: caused an explosion (GRENADELAUNCHER)
[10:52:20 PM] [c9Rc3#10] Country: caused an explosion (GRENADELAUNCHER)
[10:55:41 PM] [c9Rc3#10] Country: said "/dv"
[11:05:31 PM] [c9Rc3#10] Country: said "/dv"
[11:24:57 PM] [c9Rc3#10] Country: said "/dv"
[11:25:50 PM] [c9Rc3#10] Country: said "/dv"
[11:48:33 PM] [c9Rc3#10] Country: said "/dv"
[11:56:48 PM] [c9Rc3#10] Country: disconnected (Exiting)
