
================================================================
======== Log Rotated - 8/14/2022, 12:00:00 AM                   
================================================================

================================================================
======== txAdmin Starting - 8/14/2022, 12:03:01 AM              
================================================================
[12:03:14 AM] txAdmin: Logger started

================================================================
======== txAdmin Starting - 8/14/2022, 12:03:59 AM              
================================================================
[12:04:05 AM] txAdmin: Logger started
[12:05:12 AM] [My7Th#1] Heavy Scout Gaming: joined with identifiers [steam:110000102449b2e; license:ec5dfc052461c7bbc819d38af78bed9209312fd7; xbl:2533274854325254; live:844427431245709; discord:185901595744010241; fivem:6346624; license2:ec5dfc052461c7bbc819d38af78bed9209312fd7]
[12:09:04 AM] [My7Th#1] Heavy Scout Gaming: disconnected (Server shutting down: SIGHUP received)

================================================================
======== txAdmin Starting - 8/14/2022, 12:09:32 AM              
================================================================
[12:09:38 AM] txAdmin: Logger started
[12:10:27 AM] [3ig3U#1] Heavy Scout Gaming: joined with identifiers [steam:110000102449b2e; license:ec5dfc052461c7bbc819d38af78bed9209312fd7; xbl:2533274854325254; live:844427431245709; discord:185901595744010241; fivem:6346624; license2:ec5dfc052461c7bbc819d38af78bed9209312fd7]
[12:12:20 AM] [3ig3U#1] Heavy Scout Gaming: died from suicide (Falling)
[12:23:24 AM] [3ig3U#1] Heavy Scout Gaming: disconnected (Server shutting down: SIGHUP received)

================================================================
======== txAdmin Starting - 8/14/2022, 12:23:29 AM              
================================================================
[12:23:36 AM] txAdmin: Logger started
[12:24:15 AM] [rnEE3#1] Heavy Scout Gaming: joined with identifiers [steam:110000102449b2e; license:ec5dfc052461c7bbc819d38af78bed9209312fd7; xbl:2533274854325254; live:844427431245709; discord:185901595744010241; fivem:6346624; license2:ec5dfc052461c7bbc819d38af78bed9209312fd7]
[12:25:22 AM] [rnEE3#1] Heavy Scout Gaming: said "/vmenu"
[12:30:55 AM] [rnEE3#1] Heavy Scout Gaming: disconnected (Exiting)
[6:07:24 PM] [rnEE3#2] Heavy Scout Gaming: joined with identifiers [steam:110000102449b2e; license:ec5dfc052461c7bbc819d38af78bed9209312fd7; xbl:2533274854325254; live:844427431245709; discord:185901595744010241; fivem:6346624; license2:ec5dfc052461c7bbc819d38af78bed9209312fd7]
[6:07:27 PM] [rnEE3#2] Heavy Scout Gaming: disconnected (Exiting)
