[	15-09-2019 19:18:31	] [BAN ACTION] A new ban record has been added. Player: 'InvalidPlayerName' was banned by 'rollmeonekenobi' for 'Banned for Immature Behaviour | E. Rubinacci | Director | 24 hours' until '9/16/2019 7:18:31 PM'.
[	15-09-2019 19:25:26	] [BAN ACTION] A new ban record has been added. Player: 'Tony Dene' was banned by 'rollmeonekenobi' for 'Fail Roleplay, Immaturity, Disrespect to Administration | E. Rubinacci | 48 hours' until '9/17/2019 7:25:26 PM'.
[	17-09-2019 19:28:41	] [BAN ACTION] The following ban record has been removed (player unbanned). [Player: InvalidPlayerName was banned by rollmeonekenobi for Banned for Immature Behaviour | E. Rubinacci | Director | 24 hours until 9/16/2019 7:18:31 PM.]
[	17-09-2019 19:28:48	] [BAN ACTION] The following ban record has been removed (player unbanned). [Player: InvalidPlayerName was banned by rollmeonekenobi for Banned for Immature Behaviour | E. Rubinacci | Director | 24 hours until 9/16/2019 7:18:31 PM.]
[	17-09-2019 20:56:03	] [BAN ACTION] The following ban record has been removed (player unbanned). [Player: Tony Dene was banned by rollmeonekenobi for Fail Roleplay, Immaturity, Disrespect to Administration | E. Rubinacci | 48 hours until 9/17/2019 7:25:26 PM.]
[	17-09-2019 20:56:05	] [BAN ACTION] The following ban record has been removed (player unbanned). [Player: InvalidPlayerName was banned by rollmeonekenobi for Banned for Immature Behaviour | E. Rubinacci | Director | 24 hours until 9/16/2019 7:18:31 PM.]
[	20-09-2019 03:48:14	] [BAN ACTION] The following ban record has been removed (player unbanned). [Player: InvalidPlayerName was banned by rollmeonekenobi for Banned for Immature Behaviour | E. Rubinacci | Director | 24 hours until 9/16/2019 7:18:31 PM.]
[	20-09-2019 03:48:24	] [BAN ACTION] The following ban record has been removed (player unbanned). [Player: InvalidPlayerName was banned by rollmeonekenobi for Banned for Immature Behaviour | E. Rubinacci | Director | 24 hours until 9/16/2019 7:18:31 PM.]
[	20-09-2019 03:48:26	] [BAN ACTION] The following ban record has been removed (player unbanned). [Player: InvalidPlayerName was banned by rollmeonekenobi for Banned for Immature Behaviour | E. Rubinacci | Director | 24 hours until 9/16/2019 7:18:31 PM.]
[	20-09-2019 03:48:28	] [BAN ACTION] The following ban record has been removed (player unbanned). [Player: InvalidPlayerName was banned by rollmeonekenobi for Banned for Immature Behaviour | E. Rubinacci | Director | 24 hours until 9/16/2019 7:18:31 PM.]
[	16-10-2019 14:48:33	] [BAN ACTION] The following ban record has been removed (player unbanned). [Player: InvalidPlayerName was banned by rollmeonekenobi for Banned for Immature Behaviour | E. Rubinacci | Director | 24 hours until 9/16/2019 7:18:31 PM.]
[	15-03-2020 23:04:46	] [BAN ACTION] A new ban record has been added. Player: 'Tony Dene' was banned by 'rollmeonekenobi' for 'Temporarily Banned by Administration - Dillon M. Johnson - If you have an issue speak to Dillon.' until '3/16/2020 9:04:46 AM'.
[	15-03-2020 23:04:52	] [BAN ACTION] A new ban record has been added. Player: 'InvalidPlayerName' was banned by '2LT N. TenPenny' for 'keep running your mouth' until '4/14/2020 11:04:52 PM'.
[	16-03-2020 20:06:44	] [BAN ACTION] The following ban record has been removed (player unbanned). [Player: InvalidPlayerName was banned by 2LT N. TenPenny for keep running your mouth until 4/14/2020 11:04:52 PM.]
[	16-03-2020 20:06:52	] [BAN ACTION] The following ban record has been removed (player unbanned). [Player: InvalidPlayerName was banned by 2LT N. TenPenny for keep running your mouth until 4/14/2020 11:04:52 PM.]
[	16-03-2020 20:06:55	] [BAN ACTION] The following ban record has been removed (player unbanned). [Player: InvalidPlayerName was banned by 2LT N. TenPenny for keep running your mouth until 4/14/2020 11:04:52 PM.]
[	20-03-2020 03:05:58	] [BAN ACTION] The following ban record has been removed (player unbanned). The player has been unbanned because their ban duration expired. [Player: Tony Dene was banned by rollmeonekenobi for Temporarily Banned by Administration - Dillon M. Johnson - If you have an issue speak to Dillon. until 3/16/2020 9:04:46 AM.]
[	21-03-2020 19:10:28	] [KICK ACTION] Player: 2LT N. TenPenny has kicked: B. Cooper for: You have been kicked. Reason: nagger.
[	22-03-2020 04:05:17	] [KICK ACTION] Player: B. Anderson has kicked: [SO-09] C. Gilbert for: You have been kicked. Reason: loser.
[	23-03-2020 03:41:45	] [KICK ACTION] Player: I. Sarkis has kicked: BenjaminAW for: You have been kicked. Reason: RDM.
[	21-03-2022 20:57:07	] [BAN ACTION] A new ban record has been added. Player: 'Jack fisher' was banned by 'Nate TenPenny' for 'Banned by staff.
Your ban id: a1f0ebb3-7117-4568-8aeb-9fa0c7293138' until '01/01/3000 00:00:00'.
