
================================================================
======== txAdmin Starting - 3/30/2022, 2:21:21 PM               
================================================================

================================================================
======== Log Rotated - 3/30/2022, 2:21:21 PM                    
================================================================

================================================================
======== txAdmin Starting - 3/30/2022, 2:26:58 PM               
================================================================

================================================================
======== txAdmin Starting - 3/30/2022, 2:32:29 PM               
================================================================

================================================================
======== txAdmin Starting - 3/30/2022, 3:55:08 PM               
================================================================
[15:55:26] [ASTClanReborn] logged in from 127.0.0.1 via citizenfx
[16:00:09] [ASTClanReborn] restart sonorancad
[16:03:35] [ASTClanReborn] ensure tablet

================================================================
======== txAdmin Starting - 3/30/2022, 4:32:38 PM               
================================================================
[16:33:02] [ASTClanReborn] logged in from 127.0.0.1 via citizenfx
[16:37:31] [ASTClanReborn] Editing server CFG File.

================================================================
======== txAdmin Starting - 3/30/2022, 4:50:16 PM               
================================================================
[16:50:22] [ASTClanReborn] logged in from 127.0.0.1 via citizenfx
