
================================================================
======== txAdmin Starting - 3/27/2022, 12:05:40 AM              
================================================================

================================================================
======== Log Rotated - 3/27/2022, 12:05:41 AM                   
================================================================
[00:05:52] [ASTClanReborn] logged in from 127.0.0.1 via citizenfx

================================================================
======== txAdmin Starting - 3/27/2022, 1:39:08 AM               
================================================================

================================================================
======== txAdmin Starting - 3/27/2022, 1:59:28 AM               
================================================================

================================================================
======== txAdmin Starting - 3/27/2022, 2:41:58 AM               
================================================================

================================================================
======== txAdmin Starting - 3/27/2022, 2:44:38 AM               
================================================================

================================================================
======== txAdmin Starting - 3/27/2022, 4:52:00 AM               
================================================================
[05:02:01] [ASTClanReborn] logged in from 127.0.0.1 via citizenfx
[05:02:12] [ASTClanReborn] ensure ast_nateBMW

================================================================
======== txAdmin Starting - 3/27/2022, 8:12:50 AM               
================================================================
[08:13:34] [ASTClanReborn] logged in from 127.0.0.1 via citizenfx

================================================================
======== txAdmin Starting - 3/27/2022, 8:14:14 AM               
================================================================
[08:14:38] [ASTClanReborn] logged in from 127.0.0.1 via citizenfx

================================================================
======== txAdmin Starting - 3/27/2022, 8:16:05 AM               
================================================================

================================================================
======== txAdmin Starting - 3/27/2022, 8:20:32 AM               
================================================================
[08:21:31] [MONITOR] Restarting server (server partial hang detected).
[08:22:33] [MONITOR] Restarting server (server partial hang detected).

================================================================
======== txAdmin Starting - 3/27/2022, 8:25:32 AM               
================================================================
[08:31:16] [ASTClanReborn] logged in from 127.0.0.1 via citizenfx

================================================================
======== txAdmin Starting - 3/27/2022, 8:34:37 AM               
================================================================
[08:35:03] [ASTClanReborn] logged in from 127.0.0.1 via citizenfx

================================================================
======== txAdmin Starting - 3/27/2022, 8:56:30 AM               
================================================================

================================================================
======== txAdmin Starting - 3/27/2022, 9:07:16 AM               
================================================================
[09:08:17] [MONITOR] Restarting server (server partial hang detected).
[09:09:19] [MONITOR] Restarting server (server partial hang detected).
[09:10:20] [MONITOR] Restarting server (server partial hang detected).

================================================================
======== txAdmin Starting - 3/27/2022, 9:11:06 AM               
================================================================

================================================================
======== txAdmin Starting - 3/27/2022, 9:16:04 AM               
================================================================
[09:17:53] [ASTClanReborn] logged in from 127.0.0.1 via citizenfx

================================================================
======== txAdmin Starting - 3/27/2022, 12:11:14 PM              
================================================================
