
================================================================
======== txAdmin Starting - 8/2/2022, 9:14:20 AM                
================================================================

================================================================
======== Log Rotated - 8/2/2022, 9:14:20 AM                     
================================================================
[09:18:06] [ASTClanReborn] logged in via in-game ui
[10:29:28] [ASTClanReborn] logged in via in-game ui

================================================================
======== txAdmin Starting - 8/2/2022, 11:04:43 AM               
================================================================
[11:05:47] [ASTClanReborn] logged in via in-game ui

================================================================
======== txAdmin Starting - 8/2/2022, 11:09:34 AM               
================================================================
[11:16:42] [ASTClanReborn] logged in via in-game ui

================================================================
======== txAdmin Starting - 8/2/2022, 11:24:50 AM               
================================================================
[11:27:29] [ASTClanReborn] logged in via in-game ui
[11:45:26] [ASTClanReborn] logged in via in-game ui

================================================================
======== txAdmin Starting - 8/2/2022, 3:22:34 PM                
================================================================
[15:24:13] [ASTClanReborn] logged in via in-game ui

================================================================
======== txAdmin Starting - 8/2/2022, 3:26:05 PM                
================================================================
[15:27:42] [ASTClanReborn] logged in via in-game ui
[17:10:03] [ASTClanReborn] logged in via in-game ui
[17:10:52] [ASTClanReborn] logged in from 127.0.0.1 via citizenfx
[17:10:52] [ASTClanReborn] logged in via in-game ui
[17:11:03] [ASTClanReborn] stop "stance"

================================================================
======== txAdmin Starting - 8/2/2022, 5:25:54 PM                
================================================================
[17:26:07] [ASTClanReborn] logged in from 127.0.0.1 via citizenfx
[17:27:05] [ASTClanReborn] ensure "ast_emotes"
[17:28:59] [ASTClanReborn] logged in via in-game ui
[18:40:41] [ASTClanReborn] logged in via in-game ui

================================================================
======== txAdmin Starting - 8/2/2022, 9:23:32 PM                
================================================================
[21:25:09] [ASTClanReborn] logged in via in-game ui
[22:06:14] [ASTClanReborn] logged in via in-game ui

================================================================
======== txAdmin Starting - 8/2/2022, 10:56:15 PM               
================================================================
[22:57:49] [ASTClanReborn] logged in via in-game ui

================================================================
======== txAdmin Starting - 8/2/2022, 11:03:48 PM               
================================================================
[23:05:16] [ASTClanReborn] logged in via in-game ui

================================================================
======== txAdmin Starting - 8/2/2022, 11:10:44 PM               
================================================================
[23:11:54] [ASTClanReborn] logged in via in-game ui

================================================================
======== txAdmin Starting - 8/2/2022, 11:17:26 PM               
================================================================
[23:19:50] [ASTClanReborn] logged in via in-game ui
[05:00:35] [MONITOR] Restarting server (scheduled restart at 05:00).

================================================================
======== txAdmin Starting - 8/3/2022, 9:22:31 AM                
================================================================
[09:25:56] [ASTClanReborn] logged in via in-game ui
[09:43:35] [ASTClanReborn] logged in via in-game ui
[11:13:15] [ASTClanReborn] logged in via in-game ui

================================================================
======== txAdmin Starting - 8/3/2022, 11:32:49 AM               
================================================================
[11:35:20] [ASTClanReborn] logged in via in-game ui
[12:06:56] [ASTClanReborn] logged in via in-game ui
[16:56:14] [ASTClanReborn] logged in via in-game ui
[16:57:17] [ASTClanReborn] logged in via in-game ui
[19:52:44] [ASTClanReborn] logged in from 127.0.0.1 via citizenfx
[19:52:44] [ASTClanReborn] logged in via in-game ui
[19:52:44] [ASTClanReborn] logged in via in-game ui
[19:53:31] [ASTClanReborn] say ^3The LTD off Grapeseed Main Street @ Postal 2006 is now open for business
[05:00:17] [MONITOR] Restarting server (scheduled restart at 05:00).

================================================================
======== txAdmin Starting - 8/4/2022, 2:13:18 PM                
================================================================
[14:15:55] [ASTClanReborn] logged in via in-game ui

================================================================
======== txAdmin Starting - 8/4/2022, 2:39:31 PM                
================================================================
[14:41:25] [ASTClanReborn] logged in via in-game ui

================================================================
======== txAdmin Starting - 8/4/2022, 4:44:51 PM                
================================================================
[16:46:25] [ASTClanReborn] logged in via in-game ui

================================================================
======== txAdmin Starting - 8/4/2022, 4:55:02 PM                
================================================================
[16:57:11] [ASTClanReborn] logged in via in-game ui

================================================================
======== txAdmin Starting - 8/4/2022, 5:09:59 PM                
================================================================
[17:11:26] [ASTClanReborn] logged in via in-game ui

================================================================
======== txAdmin Starting - 8/4/2022, 5:26:41 PM                
================================================================
[17:27:38] [ASTClanReborn] logged in via in-game ui

================================================================
======== txAdmin Starting - 8/4/2022, 7:09:56 PM                
================================================================
[19:11:30] [ASTClanReborn] logged in via in-game ui

================================================================
======== txAdmin Starting - 8/4/2022, 7:22:19 PM                
================================================================
[19:23:39] [ASTClanReborn] logged in via in-game ui

================================================================
======== txAdmin Starting - 8/4/2022, 7:26:11 PM                
================================================================

================================================================
======== txAdmin Starting - 8/4/2022, 8:50:41 PM                
================================================================
[20:52:46] [ASTClanReborn] logged in via in-game ui

================================================================
======== txAdmin Starting - 8/4/2022, 8:59:56 PM                
================================================================
[21:01:37] [ASTClanReborn] logged in via in-game ui

================================================================
======== txAdmin Starting - 8/4/2022, 9:06:55 PM                
================================================================
[21:08:16] [ASTClanReborn] logged in via in-game ui
[05:00:06] [MONITOR] Restarting server (scheduled restart at 05:00).

================================================================
======== txAdmin Starting - 8/5/2022, 6:41:36 PM                
================================================================
[18:51:56] [ASTClanReborn] logged in via in-game ui
[18:55:31] [ASTClanReborn] logged in via in-game ui
[20:27:06] [ASTClanReborn] logged in from 127.0.0.1 via citizenfx
[20:27:07] [ASTClanReborn] logged in via in-game ui
[20:27:07] [ASTClanReborn] logged in via in-game ui
[20:42:39] [ASTClanReborn] logged in via in-game ui
[20:50:18] [ASTClanReborn] logged in via in-game ui
[21:57:21] [ASTClanReborn] say ^1Alaska News Network: ^5This just in, a plane has crashed into the IAA skyscraper causing massive fatalities. The reasoning is unknown at this time but authorities do not suspect terrorism at this time.
[05:00:52] [MONITOR] Restarting server (scheduled restart at 05:00).
[05:00:31] [MONITOR] Restarting server (scheduled restart at 05:00).

================================================================
======== txAdmin Starting - 8/7/2022, 9:14:42 PM                
================================================================
[21:18:06] [ASTClanReborn] logged in via in-game ui

================================================================
======== txAdmin Starting - 8/7/2022, 9:21:26 PM                
================================================================
[21:22:53] [ASTClanReborn] logged in via in-game ui

================================================================
======== txAdmin Starting - 8/7/2022, 9:25:31 PM                
================================================================
[21:26:52] [ASTClanReborn] logged in via in-game ui

================================================================
======== txAdmin Starting - 8/7/2022, 9:29:53 PM                
================================================================
[21:31:31] [ASTClanReborn] logged in via in-game ui

================================================================
======== txAdmin Starting - 8/7/2022, 9:39:20 PM                
================================================================
[21:40:41] [ASTClanReborn] logged in via in-game ui

================================================================
======== txAdmin Starting - 8/7/2022, 9:58:03 PM                
================================================================
[21:59:27] [ASTClanReborn] logged in via in-game ui

================================================================
======== txAdmin Starting - 8/7/2022, 10:02:44 PM               
================================================================
[22:04:06] [ASTClanReborn] logged in via in-game ui

================================================================
======== txAdmin Starting - 8/7/2022, 10:06:15 PM               
================================================================
[22:07:35] [ASTClanReborn] logged in via in-game ui
[22:27:05] [ASTClanReborn] logged in from 127.0.0.1 via citizenfx
[22:28:06] [ASTClanReborn] logged in via in-game ui
[23:25:12] [ASTClanReborn] Adding admin 'B34R'.
[23:26:14] [B34R] logged in from 50.69.238.90 via password
[23:26:25] [B34R] Changing own password.
[23:31:45] [B34R] RESTART SERVER
[23:36:42] [B34R] logged in via in-game ui
[23:39:00] [B34R] stop firescript
[23:39:15] [B34R] stop ast_firescrip
[23:39:21] [B34R] sop ast_firescript
[23:39:24] [B34R] stop ast_firescript
[23:41:18] [B34R] start SmartFires
[23:41:24] [B34R] refresh
[23:41:26] [B34R] stop ast_firescript
[23:41:30] [B34R] start SmartFires
[23:41:57] [B34R] RESTART SERVER
[23:44:12] [B34R] logged in via in-game ui
[23:45:56] [B34R] start SmartFires
[23:45:57] [B34R] start SmartFires
[23:45:57] [B34R] start SmartFires
[23:45:58] [B34R] start SmartFires
[23:45:58] [B34R] start SmartFires
[23:45:59] [B34R] start SmartFires
[23:45:59] [B34R] start SmartFires
[23:46:00] [B34R] start SmartFires
[23:46:00] [B34R] start SmartFires
[23:46:00] [B34R] start SmartFires
[23:46:01] [B34R] start SmartFires
[23:46:01] [B34R] start SmartFires
[23:46:02] [B34R] start SmartFires
[23:46:02] [B34R] start SmartFires
[23:46:03] [B34R] start SmartFires
[23:46:03] [B34R] start SmartFires
[23:46:03] [B34R] start SmartFires
[23:46:04] [B34R] stop ast_firescript
[23:46:04] [B34R] stop ast_firescript
[23:46:06] [B34R] stop ast_firescript
[23:50:34] [B34R] RESTART SERVER
[23:52:03] [B34R] logged in via in-game ui
[23:57:13] [B34R] RESTART SERVER
[23:58:26] [B34R] logged in via in-game ui
