
================================================================
======== txAdmin Starting - 8/8/2022, 12:13:35 AM               
================================================================

================================================================
======== Log Rotated - 8/8/2022, 12:13:35 AM                    
================================================================
[00:17:13] [ASTClanReborn] logged in via in-game ui

================================================================
======== txAdmin Starting - 8/8/2022, 12:22:24 AM               
================================================================
[00:23:53] [ASTClanReborn] logged in via in-game ui

================================================================
======== txAdmin Starting - 8/8/2022, 12:26:12 AM               
================================================================
[00:27:34] [ASTClanReborn] logged in via in-game ui

================================================================
======== txAdmin Starting - 8/8/2022, 12:29:36 AM               
================================================================
[00:31:04] [ASTClanReborn] logged in via in-game ui

================================================================
======== txAdmin Starting - 8/8/2022, 11:01:36 AM               
================================================================
[11:04:58] [ASTClanReborn] logged in via in-game ui

================================================================
======== txAdmin Starting - 8/8/2022, 11:06:35 AM               
================================================================
[11:07:51] [ASTClanReborn] logged in via in-game ui

================================================================
======== txAdmin Starting - 8/8/2022, 11:09:30 AM               
================================================================
[11:10:45] [ASTClanReborn] logged in via in-game ui

================================================================
======== txAdmin Starting - 8/8/2022, 11:13:13 AM               
================================================================
[11:14:42] [ASTClanReborn] logged in via in-game ui

================================================================
======== txAdmin Starting - 8/8/2022, 11:16:16 AM               
================================================================
[11:17:30] [ASTClanReborn] logged in via in-game ui

================================================================
======== txAdmin Starting - 8/8/2022, 11:20:44 AM               
================================================================
[11:22:58] [ASTClanReborn] logged in via in-game ui

================================================================
======== txAdmin Starting - 8/8/2022, 11:38:14 AM               
================================================================
[11:39:46] [ASTClanReborn] logged in via in-game ui

================================================================
======== txAdmin Starting - 8/8/2022, 11:42:09 AM               
================================================================
[11:43:28] [ASTClanReborn] logged in via in-game ui

================================================================
======== txAdmin Starting - 8/8/2022, 11:51:32 AM               
================================================================
[11:53:05] [ASTClanReborn] logged in via in-game ui
[11:57:37] [ASTClanReborn] logged in via in-game ui

================================================================
======== txAdmin Starting - 8/8/2022, 11:59:24 AM               
================================================================
[12:00:44] [ASTClanReborn] logged in via in-game ui

================================================================
======== txAdmin Starting - 8/8/2022, 12:17:25 PM               
================================================================
[12:18:46] [ASTClanReborn] logged in via in-game ui

================================================================
======== txAdmin Starting - 8/8/2022, 12:25:19 PM               
================================================================
[12:27:59] [ASTClanReborn] logged in via in-game ui

================================================================
======== txAdmin Starting - 8/8/2022, 12:31:30 PM               
================================================================
[12:32:54] [ASTClanReborn] logged in via in-game ui

================================================================
======== txAdmin Starting - 8/8/2022, 12:34:42 PM               
================================================================
[12:38:20] [ASTClanReborn] logged in via in-game ui

================================================================
======== txAdmin Starting - 8/8/2022, 12:40:30 PM               
================================================================
[12:41:51] [ASTClanReborn] logged in via in-game ui

================================================================
======== txAdmin Starting - 8/8/2022, 12:47:47 PM               
================================================================
[12:49:17] [ASTClanReborn] logged in via in-game ui

================================================================
======== txAdmin Starting - 8/8/2022, 12:51:47 PM               
================================================================
[12:53:27] [ASTClanReborn] logged in via in-game ui

================================================================
======== txAdmin Starting - 8/8/2022, 12:56:28 PM               
================================================================
[12:57:50] [ASTClanReborn] logged in via in-game ui

================================================================
======== txAdmin Starting - 8/8/2022, 1:01:14 PM                
================================================================
[13:02:38] [ASTClanReborn] logged in via in-game ui
[13:04:38] [B34R] logged in from 50.69.238.90 via password
[13:04:54] [B34R] Warned #2: Your Banned

================================================================
======== txAdmin Starting - 8/8/2022, 1:06:10 PM                
================================================================
[13:06:31] [B34R] logged in from 50.69.238.90 via password
[13:07:47] [ASTClanReborn] logged in via in-game ui
[13:11:24] [B34R] logged in via in-game ui
[13:25:29] [ASTClanReborn] logged in from 127.0.0.1 via citizenfx
[13:25:29] [B34R] logged in via in-game ui
[13:25:41] [ASTClanReborn] ensure "ast_astVehicles"
[13:28:13] [B34R] Changing fxRunner settings.
[13:28:31] [ASTClanReborn] logged in via in-game ui
[13:30:43] [ASTClanReborn] restart ast_astVehicles
[13:32:32] [ASTClanReborn] logged in via in-game ui
[13:42:52] [ASTClanReborn] restart ast_astVehicles
[13:44:13] [ASTClanReborn] logged in via in-game ui
[13:47:20] [ASTClanReborn] restart ast_astVehicles
[13:48:35] [ASTClanReborn] logged in via in-game ui
[13:52:56] [ASTClanReborn] restart ast_astVehicles
[13:54:12] [ASTClanReborn] logged in via in-game ui
[13:59:54] [ASTClanReborn] logged in via in-game ui
[14:05:07] [ASTClanReborn] restart ast_astVehicles
[14:06:24] [ASTClanReborn] logged in via in-game ui
[14:08:16] [ASTClanReborn] restart ast_astVehicles
[14:09:25] [ASTClanReborn] logged in via in-game ui
[14:11:36] [ASTClanReborn] RESTART SERVER
[14:13:23] [ASTClanReborn] logged in via in-game ui
[14:16:30] [ASTClanReborn] RESTART SERVER
[14:17:48] [ASTClanReborn] logged in via in-game ui

================================================================
======== txAdmin Starting - 8/8/2022, 2:23:23 PM                
================================================================
[14:26:16] [ASTClanReborn] logged in via in-game ui

================================================================
======== txAdmin Starting - 8/8/2022, 2:28:42 PM                
================================================================
[14:32:20] [ASTClanReborn] logged in via in-game ui
[15:45:50] [B34R] logged in from 50.69.238.90 via password
[15:46:02] [B34R] stop "ast_holsterScript"
[15:46:17] [B34R] refresh
[15:46:39] [B34R] stop ast_holsterScript
[15:47:00] [B34R] stop ast_holsterSound
[15:47:10] [B34R] stop SmartTaser
[15:47:31] [B34R] start ast_holsterSound
[15:47:47] [B34R] Start ast_holsterScript
[15:47:55] [B34R] RESTART SERVER

================================================================
======== txAdmin Starting - 8/8/2022, 3:53:11 PM                
================================================================
[16:22:36] [B34R] logged in from 50.69.238.90 via password
[16:24:22] [B34R] stop "oRifleHold"
[18:54:17] [ASTClanReborn] logged in via in-game ui
[18:56:29] [ASTClanReborn] logged in via in-game ui
[19:00:39] [ASTClanReborn] logged in from 127.0.0.1 via citizenfx
[19:00:39] [ASTClanReborn] logged in via in-game ui
[19:01:25] [ASTClanReborn] profiler record 500
[19:02:47] [ASTClanReborn] profiler view
[19:17:11] [B34R] DM to #4: Loser
[19:25:09] [B34R] logged in via in-game ui
[19:26:59] [B34R] RESTART SERVER
[19:28:01] [B34R] RESTART SERVER
[19:29:52] [B34R] Changing fxRunner settings.
[19:30:24] [B34R] logged in via in-game ui
[19:30:47] [B34R] Changing fxRunner settings.
[19:30:51] [B34R] RESTART SERVER
[19:31:51] [B34R] logged in via in-game ui
[19:33:45] [ASTClanReborn] logged in via in-game ui
[19:41:56] [B34R] refresh
[19:42:00] [B34R] start ast_rook
[19:43:26] [B34R] refresh
[19:43:28] [B34R] start ast_rook
[19:43:33] [B34R] restart ast_rook
[19:47:02] [B34R] refresh
[19:47:12] [B34R] stop ast_rook
[19:47:18] [B34R] start ast_rook
[19:48:57] [B34R] stop ast_rook
[19:49:01] [B34R] refresh
[19:49:06] [B34R] start ast_rook
[20:08:00] [ASTClanReborn] logged in via in-game ui
[21:12:27] [B34R] Changing fxRunner settings.

================================================================
======== txAdmin Starting - 8/8/2022, 9:55:33 PM                
================================================================
[21:58:40] [ASTClanReborn] logged in via in-game ui

================================================================
======== txAdmin Starting - 8/8/2022, 10:01:31 PM               
================================================================
[22:02:13] [ASTClanReborn] logged in via in-game ui

================================================================
======== txAdmin Starting - 8/8/2022, 10:06:48 PM               
================================================================
[22:09:02] [ASTClanReborn] logged in via in-game ui

================================================================
======== txAdmin Starting - 8/8/2022, 10:16:53 PM               
================================================================
[22:18:35] [ASTClanReborn] logged in via in-game ui

================================================================
======== txAdmin Starting - 8/8/2022, 10:21:44 PM               
================================================================
[22:23:30] [ASTClanReborn] logged in via in-game ui
