
================================================================
======== txAdmin Starting - 3/21/2022, 3:42:46 AM               
================================================================

================================================================
======== Log Rotated - 3/21/2022, 3:42:46 AM                    
================================================================

================================================================
======== txAdmin Starting - 3/21/2022, 3:45:17 AM               
================================================================

================================================================
======== txAdmin Starting - 3/21/2022, 3:53:04 AM               
================================================================

================================================================
======== txAdmin Starting - 3/21/2022, 3:57:34 AM               
================================================================
[14:55:19] [ASTClanReborn] logged in from 127.0.0.1 via citizenfx
[14:56:00] [ASTClanReborn] group.superadmin
[14:56:03] [ASTClanReborn] add principal
[14:56:09] [ASTClanReborn] players
[15:17:12] [ASTClanReborn] Editing server CFG File.
[15:17:20] [ASTClanReborn] RESTART SERVER
[15:19:12] [ASTClanReborn] STOP SERVER
[15:25:40] [ASTClanReborn] RESTART SERVER

================================================================
======== txAdmin Starting - 3/21/2022, 8:12:25 PM               
================================================================

================================================================
======== txAdmin Starting - 3/21/2022, 9:44:30 PM               
================================================================

================================================================
======== txAdmin Starting - 3/21/2022, 10:03:45 PM              
================================================================

================================================================
======== txAdmin Starting - 3/21/2022, 10:11:54 PM              
================================================================

================================================================
======== txAdmin Starting - 3/21/2022, 10:17:26 PM              
================================================================

================================================================
======== txAdmin Starting - 3/21/2022, 10:23:02 PM              
================================================================

================================================================
======== txAdmin Starting - 3/21/2022, 10:30:24 PM              
================================================================

================================================================
======== txAdmin Starting - 3/21/2022, 10:40:50 PM              
================================================================

================================================================
======== txAdmin Starting - 3/21/2022, 10:51:00 PM              
================================================================

================================================================
======== txAdmin Starting - 3/21/2022, 10:57:01 PM              
================================================================

================================================================
======== txAdmin Starting - 3/21/2022, 11:03:36 PM              
================================================================

================================================================
======== txAdmin Starting - 3/21/2022, 11:34:46 PM              
================================================================

================================================================
======== txAdmin Starting - 3/21/2022, 11:36:10 PM              
================================================================

================================================================
======== txAdmin Starting - 3/21/2022, 11:41:33 PM              
================================================================

================================================================
======== txAdmin Starting - 3/21/2022, 11:50:24 PM              
================================================================

================================================================
======== txAdmin Starting - 3/21/2022, 11:57:11 PM              
================================================================
