
================================================================
======== txAdmin Starting - 4/1/2022, 12:38:03 AM               
================================================================

================================================================
======== Log Rotated - 4/1/2022, 12:38:03 AM                    
================================================================

================================================================
======== txAdmin Starting - 4/1/2022, 1:09:21 AM                
================================================================

================================================================
======== txAdmin Starting - 4/1/2022, 2:14:22 AM                
================================================================

================================================================
======== txAdmin Starting - 4/1/2022, 2:15:01 AM                
================================================================
[02:18:39] [ASTClanReborn] logged in from 127.0.0.1 via citizenfx
[02:23:11] [ASTClanReborn] refresh
[02:23:17] [ASTClanReborn] start ast_fuelScript
[02:27:14] [ASTClanReborn] RESTART SERVER
[02:28:39] [ASTClanReborn] start ast_fuelScript
[02:31:02] [ASTClanReborn] refresh
[02:31:05] [ASTClanReborn] stop ast_fuel
[02:31:11] [ASTClanReborn] stop ast_fuelScript
[02:31:15] [ASTClanReborn] refresh
[02:31:19] [ASTClanReborn] start stealthfuel

================================================================
======== txAdmin Starting - 4/1/2022, 3:13:46 AM                
================================================================
[04:12:16] [ASTClanReborn] logged in from 127.0.0.1 via citizenfx
[04:14:06] [ASTClanReborn] RESTART SERVER
[04:15:48] [ASTClanReborn] stop ast_nodesert
[04:15:55] [ASTClanReborn] stop ast_removedesert
[04:17:16] [ASTClanReborn] RESTART SERVER
[04:17:27] [ASTClanReborn] RESTART SERVER

================================================================
======== txAdmin Starting - 4/1/2022, 4:19:28 AM                
================================================================

================================================================
======== txAdmin Starting - 4/1/2022, 4:21:58 AM                
================================================================

================================================================
======== txAdmin Starting - 4/1/2022, 4:36:25 AM                
================================================================
[13:49:12] [ASTClanReborn] logged in from 127.0.0.1 via citizenfx
[13:50:38] [ASTClanReborn] Editing server CFG File.

================================================================
======== txAdmin Starting - 4/1/2022, 1:50:52 PM                
================================================================
[13:56:46] [ASTClanReborn] logged in via in-game ui

================================================================
======== txAdmin Starting - 4/1/2022, 1:59:32 PM                
================================================================
[14:02:01] [ASTClanReborn] logged in via in-game ui

================================================================
======== txAdmin Starting - 4/1/2022, 2:18:33 PM                
================================================================
