
================================================================
======== txAdmin Starting - 7/19/2022, 2:28:04 PM               
================================================================

================================================================
======== Log Rotated - 7/19/2022, 2:28:04 PM                    
================================================================
[14:35:12] [ASTClanReborn] logged in from 127.0.0.1 via citizenfx
[14:39:15] [ASTClanReborn] Changing fxRunner settings.
[14:40:57] [ASTClanReborn] RESTART SERVER

================================================================
======== txAdmin Starting - 7/19/2022, 3:08:13 PM               
================================================================
[15:09:45] [ASTClanReborn] logged in from 127.0.0.1 via citizenfx

================================================================
======== txAdmin Starting - 7/19/2022, 3:17:12 PM               
================================================================

================================================================
======== txAdmin Starting - 7/19/2022, 3:26:30 PM               
================================================================

================================================================
======== txAdmin Starting - 7/19/2022, 3:39:49 PM               
================================================================
[05:00:09] [MONITOR] Restarting server (scheduled restart at 05:00).
