
================================================================
======== txAdmin Starting - 7/31/2022, 12:10:49 PM              
================================================================

================================================================
======== Log Rotated - 7/31/2022, 12:10:50 PM                   
================================================================
[12:13:05] [ASTClanReborn] logged in via in-game ui
[12:15:18] [ASTClanReborn] logged in via in-game ui

================================================================
======== txAdmin Starting - 7/31/2022, 12:52:51 PM              
================================================================
[13:35:49] [ASTClanReborn] logged in via in-game ui

================================================================
======== txAdmin Starting - 7/31/2022, 2:05:09 PM               
================================================================
[14:07:31] [ASTClanReborn] logged in via in-game ui

================================================================
======== txAdmin Starting - 7/31/2022, 2:09:04 PM               
================================================================
[14:18:43] [ASTClanReborn] logged in via in-game ui

================================================================
======== txAdmin Starting - 7/31/2022, 2:20:37 PM               
================================================================
[14:22:57] [ASTClanReborn] logged in via in-game ui
[14:44:01] [ASTClanReborn] logged in via in-game ui
[14:54:21] [ASTClanReborn] logged in via in-game ui
[15:03:35] [ASTClanReborn] logged in via in-game ui
[15:21:36] [ASTClanReborn] logged in via in-game ui
[15:52:38] [ASTClanReborn] logged in via in-game ui
[16:11:04] [ASTClanReborn] logged in via in-game ui

================================================================
======== txAdmin Starting - 7/31/2022, 5:09:21 PM               
================================================================
[17:26:45] [ASTClanReborn] logged in via in-game ui
[18:28:55] [ASTClanReborn] logged in via in-game ui
[05:00:38] [MONITOR] Restarting server (scheduled restart at 05:00).
[09:20:47] [ASTClanReborn] logged in via in-game ui

================================================================
======== txAdmin Starting - 8/1/2022, 10:27:17 AM               
================================================================
[10:32:16] [ASTClanReborn] logged in via in-game ui
[17:40:42] [ASTClanReborn] logged in via in-game ui
[18:05:08] [ASTClanReborn] logged in via in-game ui
[19:07:08] [ASTClanReborn] logged in via in-game ui
[19:32:33] [ASTClanReborn] logged in via in-game ui
[19:33:38] [ASTClanReborn] logged in via in-game ui
