
================================================================
======== Log Rotated - 3/21/2022, 12:00:00 AM                   
================================================================

================================================================
======== txAdmin Starting - 3/21/2022, 3:42:46 AM               
================================================================

================================================================
======== txAdmin Starting - 3/21/2022, 3:45:17 AM               
================================================================
[3:46:00 AM] txAdmin: Logger started
[3:46:33 AM] [GNkJy#1] Ethan Rubinacci: joined with identifiers [steam:110000106d81f17; license:29a1486f20d95134646534c3de37ff11e7c1f3e3; xbl:2533274921566674; live:2040691484489962; discord:134438206576787456; fivem:19530]
[3:47:34 AM] [GNkJy#1] Ethan Rubinacci: disconnected (Exiting)
[3:49:55 AM] [GNkJy#2] Ethan Rubinacci: joined with identifiers [steam:110000106d81f17; license:29a1486f20d95134646534c3de37ff11e7c1f3e3; xbl:2533274921566674; live:2040691484489962; discord:134438206576787456; fivem:19530]
[3:51:38 AM] [GNkJy#2] Ethan Rubinacci: caused an explosion (CAR)
[3:51:38 AM] [GNkJy#2] Ethan Rubinacci: caused an explosion (CAR)
[3:51:39 AM] [GNkJy#2] Ethan Rubinacci: caused an explosion (CAR)
[3:51:39 AM] [GNkJy#2] Ethan Rubinacci: caused an explosion (CAR)
[3:51:39 AM] [GNkJy#2] Ethan Rubinacci: caused an explosion (CAR)
[3:51:39 AM] [GNkJy#2] Ethan Rubinacci: caused an explosion (CAR)
[3:52:58 AM] [GNkJy#2] Ethan Rubinacci: disconnected (Exiting)

================================================================
======== txAdmin Starting - 3/21/2022, 3:53:04 AM               
================================================================
[3:53:14 AM] txAdmin: Logger started
[3:54:11 AM] [eyAXQ#1] Ethan Rubinacci: joined with identifiers [steam:110000106d81f17; license:29a1486f20d95134646534c3de37ff11e7c1f3e3; xbl:2533274921566674; live:2040691484489962; discord:134438206576787456; fivem:19530]
[3:56:58 AM] [eyAXQ#1] Ethan Rubinacci: disconnected (Exiting)

================================================================
======== txAdmin Starting - 3/21/2022, 3:57:34 AM               
================================================================
[3:57:44 AM] txAdmin: Logger started
[3:58:26 AM] [C7kwN#1] Ethan Rubinacci: joined with identifiers [steam:110000106d81f17; license:29a1486f20d95134646534c3de37ff11e7c1f3e3; xbl:2533274921566674; live:2040691484489962; discord:134438206576787456; fivem:19530]
[4:02:13 AM] [C7kwN#1] Ethan Rubinacci: said "/dv"
[4:02:14 AM] [C7kwN#1] Ethan Rubinacci: disconnected (Exiting)
[7:10:15 AM] [C7kwN#2] tristian: joined with identifiers [steam:110000149a345d7; license:8010bf55b20ed242a3bed996b7a02827e241d9c9; xbl:2535428787676923; live:1055519341983224; discord:837063941271191573; fivem:5113192; license2:e1f7dd9cf02fa891017731e97e8442a452f27b80]
[7:17:26 AM] [C7kwN#2] tristian: disconnected (Exiting)
[10:45:27 AM] [C7kwN#3] Samael "Gage" Wayne: joined with identifiers [steam:110000112d24b4f; license:6d2ec1a26c48df57b80c04e11d5c8dfb560bb4b3; fivem:6353258]
[10:48:20 AM] [C7kwN#3] Samael "Gage" Wayne: disconnected (Exiting)
[10:49:42 AM] [C7kwN#4] Samael "Gage" Wayne: joined with identifiers [steam:110000112d24b4f; license:6d2ec1a26c48df57b80c04e11d5c8dfb560bb4b3; xbl:2535421980170934; live:914797987069091; discord:195052712243494913; fivem:6353258]
[10:51:08 AM] [C7kwN#4] Samael "Gage" Wayne: disconnected (Game crashed: GTA5_b1604.exe!GENERIC::OPERATOR::NEW (0x0))
[10:52:10 AM] [C7kwN#5] Samael "Gage" Wayne: joined with identifiers [steam:110000112d24b4f; license:6d2ec1a26c48df57b80c04e11d5c8dfb560bb4b3; xbl:2535421980170934; live:914797987069091; discord:195052712243494913; fivem:6353258]
[11:21:45 AM] [C7kwN#5] Samael "Gage" Wayne: said "/dv"
[11:21:49 AM] [C7kwN#5] Samael "Gage" Wayne: disconnected (Exiting)
[2:08:54 PM] [C7kwN#6] tristian: joined with identifiers [steam:110000149a345d7; license:8010bf55b20ed242a3bed996b7a02827e241d9c9; xbl:2535428787676923; live:1055519341983224; discord:837063941271191573; fivem:5113192; license2:e1f7dd9cf02fa891017731e97e8442a452f27b80]
[2:09:47 PM] [C7kwN#7] Ethan Rubinacci: joined with identifiers [steam:110000106d81f17; license:29a1486f20d95134646534c3de37ff11e7c1f3e3; xbl:2533274921566674; live:2040691484489962; discord:134438206576787456; fivem:19530]
[2:11:40 PM] [C7kwN#8] Samael "Gage" Wayne: joined with identifiers [steam:110000112d24b4f; license:6d2ec1a26c48df57b80c04e11d5c8dfb560bb4b3; xbl:2535421980170934; live:914797987069091; discord:195052712243494913; fivem:6353258]
[2:16:13 PM] [C7kwN#7] Ethan Rubinacci: said "/dv"
[2:22:50 PM] [C7kwN#6] tristian: said "/dv"
[2:29:46 PM] [C7kwN#8] Samael "Gage" Wayne: disconnected (Exiting)
[2:31:43 PM] [C7kwN#6] tristian: said "/dv"
[2:34:23 PM] [C7kwN#6] tristian: said "/dv"
[2:34:48 PM] [C7kwN#6] tristian: disconnected (Exiting)
[2:37:15 PM] [C7kwN#9] tristian: joined with identifiers [license:8010bf55b20ed242a3bed996b7a02827e241d9c9; xbl:2535428787676923; live:1055519341983224; discord:837063941271191573; fivem:5113192; license2:e1f7dd9cf02fa891017731e97e8442a452f27b80]
[2:39:31 PM] [C7kwN#9] tristian: said "fes"
[2:40:07 PM] [C7kwN#9] tristian: disconnected (Exiting)
[2:42:49 PM] [C7kwN#10] tristian: joined with identifiers [license:8010bf55b20ed242a3bed996b7a02827e241d9c9; xbl:2535428787676923; live:1055519341983224; discord:837063941271191573; fivem:5113192; license2:e1f7dd9cf02fa891017731e97e8442a452f27b80]
[2:43:30 PM] [C7kwN#10] tristian: died from suicide (Falling)
[2:43:31 PM] [C7kwN#10] tristian: disconnected (Exiting)
[2:45:02 PM] [C7kwN#11] Samael "Gage" Wayne: joined with identifiers [steam:110000112d24b4f; license:6d2ec1a26c48df57b80c04e11d5c8dfb560bb4b3; xbl:2535421980170934; live:914797987069091; discord:195052712243494913; fivem:6353258]
[2:45:14 PM] [C7kwN#12] tristian: joined with identifiers [license:8010bf55b20ed242a3bed996b7a02827e241d9c9; xbl:2535428787676923; live:1055519341983224; discord:837063941271191573; fivem:5113192; license2:e1f7dd9cf02fa891017731e97e8442a452f27b80]
[2:46:40 PM] [C7kwN#12] tristian: disconnected (Exiting)
[2:50:15 PM] [C7kwN#11] Samael "Gage" Wayne: said "/dv"
[2:53:51 PM] [C7kwN#13] tristian: joined with identifiers [license:8010bf55b20ed242a3bed996b7a02827e241d9c9; xbl:2535428787676923; live:1055519341983224; discord:837063941271191573; fivem:5113192; license2:e1f7dd9cf02fa891017731e97e8442a452f27b80]
[2:54:28 PM] [C7kwN#13] tristian: disconnected (Exiting)
[2:54:58 PM] [C7kwN#14] tristian: joined with identifiers [license:8010bf55b20ed242a3bed996b7a02827e241d9c9; xbl:2535428787676923; live:1055519341983224; discord:837063941271191573; fivem:5113192; license2:e1f7dd9cf02fa891017731e97e8442a452f27b80]
[2:55:46 PM] [C7kwN#14] tristian: disconnected (Exiting)
[3:01:05 PM] [C7kwN#7] Ethan Rubinacci: disconnected (Game crashed: GTA5_b1604.exe!sub_1408FC628 (0x21))
[3:02:25 PM] [C7kwN#15] uwury: joined with identifiers [license:8010bf55b20ed242a3bed996b7a02827e241d9c9; xbl:2535428787676923; live:1055519341983224; discord:837063941271191573; fivem:5113192; license2:e1f7dd9cf02fa891017731e97e8442a452f27b80]
[3:03:16 PM] [C7kwN#11] Samael "Gage" Wayne: said "sup dude"
[3:03:57 PM] [C7kwN#11] Samael "Gage" Wayne: said "/dv"
[3:04:13 PM] [C7kwN#15] uwury: disconnected (Exiting)
[3:04:27 PM] [C7kwN#11] Samael "Gage" Wayne: disconnected (Exiting)
[3:17:33 PM] txAdmin: Logger started
[3:25:52 PM] txAdmin: Logger started
[3:27:21 PM] [A3NwY#1] Ethan Rubinacci: joined with identifiers [steam:110000106d81f17; license:29a1486f20d95134646534c3de37ff11e7c1f3e3; xbl:2533274921566674; live:2040691484489962; discord:134438206576787456; fivem:19530]
[3:27:40 PM] [A3NwY#2] tristian: joined with identifiers [steam:110000149a345d7; license:8010bf55b20ed242a3bed996b7a02827e241d9c9; xbl:2535428787676923; live:1055519341983224; discord:837063941271191573; fivem:5113192; license2:e1f7dd9cf02fa891017731e97e8442a452f27b80]
[3:33:49 PM] [A3NwY#3] Samael "Gage" Wayne: joined with identifiers [steam:110000112d24b4f; license:6d2ec1a26c48df57b80c04e11d5c8dfb560bb4b3; xbl:2535421980170934; live:914797987069091; discord:195052712243494913; fivem:6353258]
[3:35:42 PM] [A3NwY#3] Samael "Gage" Wayne: disconnected (Server->client connection timed out. Last seen 35737 msec ago.)
[3:36:29 PM] [A3NwY#4] Samael "Gage" Wayne: joined with identifiers [steam:110000112d24b4f; license:6d2ec1a26c48df57b80c04e11d5c8dfb560bb4b3; xbl:2535421980170934; live:914797987069091; discord:195052712243494913; fivem:6353258]
[3:41:43 PM] [A3NwY#2] tristian: died from suicide (Heavy Sniper)
[3:43:21 PM] [A3NwY#4] Samael "Gage" Wayne: caused an explosion (CAR)
[3:43:21 PM] [A3NwY#1] Ethan Rubinacci: caused an explosion (CAR)
[3:44:06 PM] [A3NwY#2] tristian: said "/revive"
[3:45:32 PM] [A3NwY#1] Ethan Rubinacci: said "/dv"
[3:54:32 PM] [A3NwY#4] Samael "Gage" Wayne: said "/do puts sniper on dead body"
[3:54:47 PM] [A3NwY#4] Samael "Gage" Wayne: caused an explosion (ROCKET)
[3:55:19 PM] [A3NwY#4] Samael "Gage" Wayne: died from suicide
[3:55:23 PM] [A3NwY#4] Samael "Gage" Wayne: said "/revive"
[3:59:25 PM] [A3NwY#2] tristian: said "/dv"
[4:04:38 PM] [A3NwY#1] Ethan Rubinacci: said "/dv"
[4:08:40 PM] [A3NwY#2] tristian: said "/dv"
[4:12:22 PM] [A3NwY#1] Ethan Rubinacci: said "/dv"
[4:16:45 PM] [A3NwY#2] tristian: disconnected (Exiting)
[4:17:02 PM] [A3NwY#4] Samael "Gage" Wayne: said "/dv"
[4:17:03 PM] [A3NwY#1] Ethan Rubinacci: said "/dv"
[4:17:04 PM] [A3NwY#1] Ethan Rubinacci: disconnected (Exiting)
[4:17:06 PM] [A3NwY#4] Samael "Gage" Wayne: disconnected (Exiting)
[5:09:32 PM] [A3NwY#5] Nate TenPenny: joined with identifiers [steam:110000102449b2e; license:6c3844e01c075ca0b2c4354bcf250cb701b66c7b; xbl:2533274854325254; live:844427431245709; discord:185901595744010241; fivem:45488; license2:6c3844e01c075ca0b2c4354bcf250cb701b66c7b]
[5:15:39 PM] [A3NwY#5] Nate TenPenny: died from suicide (Falling)
[5:15:47 PM] [A3NwY#5] Nate TenPenny: said "/revive"
[5:19:41 PM] [A3NwY#6] J. Deveau: joined with identifiers [steam:11000014a416927; license:f12d8fb4ba32e336dea497a3c5728738688f91b5; discord:635531335389413421; fivem:4795146; license2:f12d8fb4ba32e336dea497a3c5728738688f91b5]
[5:28:02 PM] [A3NwY#6] J. Deveau: said "what is the discord?"
[5:28:19 PM] [A3NwY#5] Nate TenPenny: said "https://discord.gg/YUk3ke2r"
[5:33:42 PM] [A3NwY#6] J. Deveau: disconnected (Exiting)
[7:26:52 PM] [A3NwY#5] Nate TenPenny: disconnected (Exiting)
[7:36:56 PM] [A3NwY#7] Nate TenPenny: joined with identifiers [steam:110000102449b2e; license:6c3844e01c075ca0b2c4354bcf250cb701b66c7b; xbl:2533274854325254; live:844427431245709; discord:185901595744010241; fivem:45488; license2:6c3844e01c075ca0b2c4354bcf250cb701b66c7b]
[8:12:14 PM] [A3NwY#7] Nate TenPenny: disconnected (Server shutting down: SIGHUP received)

================================================================
======== txAdmin Starting - 3/21/2022, 8:12:25 PM               
================================================================
[8:12:33 PM] txAdmin: Logger started
[8:13:06 PM] [yPXen#1] Nate TenPenny: joined with identifiers [steam:110000102449b2e; license:6c3844e01c075ca0b2c4354bcf250cb701b66c7b; xbl:2533274854325254; live:844427431245709; discord:185901595744010241; fivem:45488; license2:6c3844e01c075ca0b2c4354bcf250cb701b66c7b]
[8:14:35 PM] [yPXen#1] Nate TenPenny: disconnected (Server->client connection timed out. Last seen 35462 msec ago.)
[8:16:27 PM] [yPXen#2] tristian: joined with identifiers [steam:110000149a345d7; license:8010bf55b20ed242a3bed996b7a02827e241d9c9; xbl:2535428787676923; live:1055519341983224; discord:837063941271191573; fivem:5113192; license2:e1f7dd9cf02fa891017731e97e8442a452f27b80]
[8:16:31 PM] [yPXen#3] Nate TenPenny: joined with identifiers [steam:110000102449b2e; license:6c3844e01c075ca0b2c4354bcf250cb701b66c7b; xbl:2533274854325254; live:844427431245709; discord:185901595744010241; fivem:45488; license2:6c3844e01c075ca0b2c4354bcf250cb701b66c7b]
[8:17:34 PM] [yPXen#4] Samael "Gage" Wayne: joined with identifiers [steam:110000112d24b4f; license:6d2ec1a26c48df57b80c04e11d5c8dfb560bb4b3; xbl:2535421980170934; live:914797987069091; discord:195052712243494913; fivem:6353258]
[8:18:07 PM] [yPXen#5] Ethan Rubinacci: joined with identifiers [steam:110000106d81f17; license:29a1486f20d95134646534c3de37ff11e7c1f3e3; xbl:2533274921566674; live:2040691484489962; discord:134438206576787456; fivem:19530]
[8:22:27 PM] [yPXen#5] Ethan Rubinacci: disconnected (Server->client connection timed out. Last seen 30861 msec ago.)
[8:25:11 PM] [yPXen#6] Ethan Rubinacci: joined with identifiers [steam:110000106d81f17; license:29a1486f20d95134646534c3de37ff11e7c1f3e3; xbl:2533274921566674; live:2040691484489962; discord:134438206576787456; fivem:19530]
[8:26:17 PM] [yPXen#3] Nate TenPenny: disconnected (Exiting)
[8:26:40 PM] [yPXen#7] Nate TenPenny: joined with identifiers [steam:110000102449b2e; license:6c3844e01c075ca0b2c4354bcf250cb701b66c7b; xbl:2533274854325254; live:844427431245709; discord:185901595744010241; fivem:45488; license2:6c3844e01c075ca0b2c4354bcf250cb701b66c7b]
[8:42:58 PM] [yPXen#4] Samael "Gage" Wayne: said "/dv"
[8:43:06 PM] [yPXen#4] Samael "Gage" Wayne: disconnected (Exiting)
[8:44:17 PM] [yPXen#2] tristian: said "/dv"
[8:44:32 PM] [yPXen#6] Ethan Rubinacci: said "/DV"
[8:45:20 PM] [yPXen#2] tristian: said "/dv"
[8:45:22 PM] [yPXen#2] tristian: said "/dv"
[8:45:28 PM] [yPXen#2] tristian: said "/dv"
[8:45:35 PM] [yPXen#2] tristian: said "/dv"
[8:45:37 PM] [yPXen#2] tristian: said "/dv"
[8:45:42 PM] [yPXen#2] tristian: said "/dv"
[8:45:46 PM] [yPXen#2] tristian: said "/dv"
[8:45:52 PM] [yPXen#2] tristian: said "/dv"
[8:45:56 PM] [yPXen#2] tristian: said "/dv"
[8:45:58 PM] [yPXen#2] tristian: said "/dv"
[8:46:01 PM] [yPXen#2] tristian: said "/dv"
[8:47:48 PM] [yPXen#8] Samael "Gage" Wayne: joined with identifiers [steam:110000112d24b4f; license:6d2ec1a26c48df57b80c04e11d5c8dfb560bb4b3; xbl:2535421980170934; live:914797987069091; discord:195052712243494913; fivem:6353258]
[8:48:20 PM] [yPXen#9] Jack fisher : joined with identifiers [steam:11000013b81786c; license:7d8898a3b295f77ed194a4e4f3193e5932e8c079; xbl:2535421919556584; live:844429214822186; discord:766092285565075506; fivem:6199400; license2:4614ea84fcad4288e66b3839a722b01ac2c85e84]
[8:50:40 PM] [yPXen#6] Ethan Rubinacci: said "How goes it Jack."
[8:50:54 PM] [yPXen#7] Nate TenPenny: said "Welcome to the server"
[8:51:13 PM] [yPXen#2] tristian: said "/dv"
[8:53:10 PM] [yPXen#6] Ethan Rubinacci: disconnected (Exiting)
[8:53:46 PM] [yPXen#2] tristian: said "wyd jack"
[8:55:13 PM] [yPXen#9] Jack fisher : died from suicide (Falling)
[8:56:14 PM] [yPXen#10] Ethan Rubinacci: joined with identifiers [steam:110000106d81f17; license:29a1486f20d95134646534c3de37ff11e7c1f3e3; xbl:2533274921566674; live:2040691484489962; discord:134438206576787456; fivem:19530]
[8:57:07 PM] [yPXen#9] Jack fisher : disconnected (You are banned from this server. Ban time remaining: 357127 days 3 hours 2 minutes. Banned by: Nate TenPenny. Ban reason: Banned by staff.	Your ban id: a1f0ebb3-7117-4568-8aeb-9fa0c7293138. Aditional information: Please contact the staff team by going to forums.baycountyrp.com, if you believe this ban is unwarranted..)
[8:59:40 PM] [yPXen#10] Ethan Rubinacci: said "/dv"
[9:00:10 PM] [yPXen#2] tristian: said "/dv"
[9:00:52 PM] [yPXen#2] tristian: disconnected (Game crashed: GTA5_b1604.exe!sub_1408FC628 (0x21))
[9:02:49 PM] [yPXen#11] tristian: joined with identifiers [steam:110000149a345d7; license:8010bf55b20ed242a3bed996b7a02827e241d9c9; xbl:2535428787676923; live:1055519341983224; discord:837063941271191573; fivem:5113192; license2:e1f7dd9cf02fa891017731e97e8442a452f27b80]
[9:02:51 PM] [yPXen#7] Nate TenPenny: died from suicide
[9:03:20 PM] [yPXen#7] Nate TenPenny: said "/revive"
[9:03:30 PM] [yPXen#10] Ethan Rubinacci: said "/dv"
[9:10:04 PM] [yPXen#11] tristian: disconnected (Game crashed: GTA5_b1604.exe!sub_1408FC628 (0x21))
[9:11:21 PM] [yPXen#10] Ethan Rubinacci: said "/dv"
[9:11:24 PM] [yPXen#10] Ethan Rubinacci: said "dv"
[9:11:25 PM] [yPXen#10] Ethan Rubinacci: said "/dv"
[9:11:29 PM] [yPXen#10] Ethan Rubinacci: said "/dv"
[9:11:30 PM] [yPXen#10] Ethan Rubinacci: said "dv"
[9:11:31 PM] [yPXen#10] Ethan Rubinacci: said "/dv"
[9:11:46 PM] [yPXen#10] Ethan Rubinacci: said "/dv"
[9:12:08 PM] [yPXen#10] Ethan Rubinacci: said "/dv"
[9:13:33 PM] [yPXen#10] Ethan Rubinacci: said "/dv"
[9:15:01 PM] [yPXen#10] Ethan Rubinacci: said "/dv"
[9:20:18 PM] [yPXen#7] Nate TenPenny: died from Combat Pistol by Samael "Gage" Wayne
[9:20:26 PM] [yPXen#7] Nate TenPenny: said "/revive"
[9:20:30 PM] [yPXen#7] Nate TenPenny: said "/reive"
[9:20:33 PM] [yPXen#7] Nate TenPenny: said "/dv"
[9:41:08 PM] [yPXen#10] Ethan Rubinacci: disconnected (Game crashed: GTA5_b1604.exe!sub_1408FC628 (0x21))
[9:41:47 PM] [yPXen#7] Nate TenPenny: disconnected (Server->client connection timed out. Last seen 58769 msec ago.)
[9:42:02 PM] [yPXen#8] Samael "Gage" Wayne: said "/dv"

================================================================
======== txAdmin Starting - 3/21/2022, 9:44:30 PM               
================================================================
[9:44:43 PM] txAdmin: Logger started
[9:45:20 PM] [UVCCN#1] Nate TenPenny: joined with identifiers [steam:110000102449b2e; license:6c3844e01c075ca0b2c4354bcf250cb701b66c7b; xbl:2533274854325254; live:844427431245709; discord:185901595744010241; fivem:45488; license2:6c3844e01c075ca0b2c4354bcf250cb701b66c7b]
[9:50:22 PM] [UVCCN#2] Ethan Rubinacci: joined with identifiers [steam:110000106d81f17; license:29a1486f20d95134646534c3de37ff11e7c1f3e3; xbl:2533274921566674; live:2040691484489962; discord:134438206576787456; fivem:19530]
[9:52:53 PM] [UVCCN#2] Ethan Rubinacci: disconnected (Server->client connection timed out. Last seen 39011 msec ago.)
[9:58:42 PM] [UVCCN#1] Nate TenPenny: died from suicide (Falling)
[9:58:45 PM] [UVCCN#1] Nate TenPenny: said "/revive"
[9:59:42 PM] [UVCCN#1] Nate TenPenny: died from suicide (Falling)
[10:00:16 PM] [UVCCN#1] Nate TenPenny: said "/revive"
[10:00:41 PM] [UVCCN#1] Nate TenPenny: died from suicide (Falling)
[10:01:19 PM] [UVCCN#1] Nate TenPenny: said "/revive"
[10:01:45 PM] [UVCCN#1] Nate TenPenny: died from suicide (Falling)
[10:01:48 PM] [UVCCN#1] Nate TenPenny: said "/revive"
[10:02:03 PM] [UVCCN#1] Nate TenPenny: died from suicide (Falling)
[10:02:08 PM] [UVCCN#1] Nate TenPenny: said "/revive"
[10:02:53 PM] [UVCCN#1] Nate TenPenny: died from suicide (Falling)
[10:02:58 PM] [UVCCN#1] Nate TenPenny: said "/revive"

================================================================
======== txAdmin Starting - 3/21/2022, 10:03:45 PM              
================================================================
[10:03:51 PM] txAdmin: Logger started
[10:04:37 PM] [DtDLN#1] Ethan Rubinacci: joined with identifiers [steam:110000106d81f17; license:29a1486f20d95134646534c3de37ff11e7c1f3e3; xbl:2533274921566674; live:2040691484489962; discord:134438206576787456; fivem:19530]
[10:06:22 PM] [DtDLN#1] Ethan Rubinacci: disconnected (Server->client connection timed out. Last seen 42801 msec ago.)

================================================================
======== txAdmin Starting - 3/21/2022, 10:11:54 PM              
================================================================
[10:11:59 PM] txAdmin: Logger started
[10:12:42 PM] [TYNQx#1] Ethan Rubinacci: joined with identifiers [steam:110000106d81f17; license:29a1486f20d95134646534c3de37ff11e7c1f3e3; xbl:2533274921566674; live:2040691484489962; discord:134438206576787456; fivem:19530]
[10:14:32 PM] [TYNQx#1] Ethan Rubinacci: disconnected (Exiting)

================================================================
======== txAdmin Starting - 3/21/2022, 10:17:26 PM              
================================================================
[10:17:31 PM] txAdmin: Logger started
[10:18:30 PM] [AwUtE#1] Ethan Rubinacci: joined with identifiers [steam:110000106d81f17; license:29a1486f20d95134646534c3de37ff11e7c1f3e3; xbl:2533274921566674; live:2040691484489962; discord:134438206576787456; fivem:19530]
[10:20:35 PM] [AwUtE#1] Ethan Rubinacci: disconnected (Server shutting down: SIGHUP received)

================================================================
======== txAdmin Starting - 3/21/2022, 10:23:02 PM              
================================================================
[10:23:07 PM] txAdmin: Logger started
[10:25:30 PM] [cQwa7#1] Ethan Rubinacci: joined with identifiers [steam:110000106d81f17; license:29a1486f20d95134646534c3de37ff11e7c1f3e3; xbl:2533274921566674; live:2040691484489962; discord:134438206576787456; fivem:19530]
[10:28:18 PM] [cQwa7#1] Ethan Rubinacci: disconnected (Server->client connection timed out. Last seen 35152 msec ago.)

================================================================
======== txAdmin Starting - 3/21/2022, 10:30:24 PM              
================================================================
[10:30:33 PM] txAdmin: Logger started
[10:32:03 PM] [Hca4W#1] Ethan Rubinacci: joined with identifiers [steam:110000106d81f17; license:29a1486f20d95134646534c3de37ff11e7c1f3e3; xbl:2533274921566674; live:2040691484489962; discord:134438206576787456; fivem:19530]
[10:33:08 PM] [Hca4W#1] Ethan Rubinacci: caused an explosion (CAR)
[10:33:08 PM] [Hca4W#1] Ethan Rubinacci: caused an explosion (CAR)
[10:33:08 PM] [Hca4W#1] Ethan Rubinacci: caused an explosion (CAR)
[10:33:08 PM] [Hca4W#1] Ethan Rubinacci: caused an explosion (CAR)
[10:33:08 PM] [Hca4W#1] Ethan Rubinacci: caused an explosion (CAR)
[10:36:54 PM] [Hca4W#1] Ethan Rubinacci: disconnected (Exiting)

================================================================
======== txAdmin Starting - 3/21/2022, 10:40:50 PM              
================================================================
[10:40:55 PM] txAdmin: Logger started
[10:41:54 PM] [GTRdL#1] Ethan Rubinacci: joined with identifiers [steam:110000106d81f17; license:29a1486f20d95134646534c3de37ff11e7c1f3e3; xbl:2533274921566674; live:2040691484489962; discord:134438206576787456; fivem:19530]
[10:43:08 PM] [GTRdL#1] Ethan Rubinacci: caused an explosion (CAR)
[10:43:08 PM] [GTRdL#1] Ethan Rubinacci: caused an explosion (CAR)
[10:43:08 PM] [GTRdL#1] Ethan Rubinacci: caused an explosion (CAR)
[10:43:08 PM] [GTRdL#1] Ethan Rubinacci: caused an explosion (CAR)
[10:43:08 PM] [GTRdL#1] Ethan Rubinacci: caused an explosion (CAR)
[10:43:08 PM] [GTRdL#1] Ethan Rubinacci: caused an explosion (CAR)
[10:43:08 PM] [GTRdL#1] Ethan Rubinacci: caused an explosion (CAR)
[10:43:08 PM] [GTRdL#1] Ethan Rubinacci: caused an explosion (CAR)
[10:43:08 PM] [GTRdL#1] Ethan Rubinacci: caused an explosion (CAR)
[10:43:08 PM] [GTRdL#1] Ethan Rubinacci: caused an explosion (CAR)
[10:43:08 PM] [GTRdL#1] Ethan Rubinacci: caused an explosion (CAR)
[10:43:08 PM] [GTRdL#1] Ethan Rubinacci: caused an explosion (CAR)
[10:43:08 PM] [GTRdL#1] Ethan Rubinacci: caused an explosion (CAR)
[10:44:43 PM] [GTRdL#1] Ethan Rubinacci: disconnected (Server->client connection timed out. Last seen 32502 msec ago.)

================================================================
======== txAdmin Starting - 3/21/2022, 10:51:00 PM              
================================================================
[10:51:08 PM] txAdmin: Logger started
[10:52:40 PM] [tkbEV#1] Ethan Rubinacci: joined with identifiers [steam:110000106d81f17; license:29a1486f20d95134646534c3de37ff11e7c1f3e3; xbl:2533274921566674; live:2040691484489962; discord:134438206576787456; fivem:19530]
[10:53:40 PM] [tkbEV#1] Ethan Rubinacci: caused an explosion (CAR)
[10:53:40 PM] [tkbEV#1] Ethan Rubinacci: caused an explosion (CAR)
[10:53:40 PM] [tkbEV#1] Ethan Rubinacci: caused an explosion (CAR)
[10:53:40 PM] [tkbEV#1] Ethan Rubinacci: caused an explosion (CAR)
[10:54:56 PM] [tkbEV#1] Ethan Rubinacci: disconnected (Server->client connection timed out. Last seen 30721 msec ago.)

================================================================
======== txAdmin Starting - 3/21/2022, 10:57:01 PM              
================================================================
[10:57:06 PM] txAdmin: Logger started
[10:57:50 PM] [am8dQ#1] Ethan Rubinacci: joined with identifiers [steam:110000106d81f17; license:29a1486f20d95134646534c3de37ff11e7c1f3e3; xbl:2533274921566674; live:2040691484489962; discord:134438206576787456; fivem:19530]
[10:58:59 PM] [am8dQ#1] Ethan Rubinacci: caused an explosion (CAR)
[10:59:03 PM] [am8dQ#1] Ethan Rubinacci: caused an explosion (CAR)
[10:59:07 PM] [am8dQ#1] Ethan Rubinacci: caused an explosion (CAR)
[10:59:08 PM] [am8dQ#1] Ethan Rubinacci: caused an explosion (CAR)
[11:02:15 PM] [am8dQ#1] Ethan Rubinacci: said "/hoodd"
[11:02:17 PM] [am8dQ#1] Ethan Rubinacci: said "/hoodd"
[11:02:29 PM] [am8dQ#1] Ethan Rubinacci: disconnected (Exiting)

================================================================
======== txAdmin Starting - 3/21/2022, 11:03:36 PM              
================================================================
[11:03:41 PM] txAdmin: Logger started
[11:04:42 PM] [GY7BH#1] Ethan Rubinacci: joined with identifiers [steam:110000106d81f17; license:29a1486f20d95134646534c3de37ff11e7c1f3e3; xbl:2533274921566674; live:2040691484489962; discord:134438206576787456; fivem:19530]
[11:07:46 PM] [GY7BH#1] Ethan Rubinacci: disconnected (Server->client connection timed out. Last seen 49619 msec ago.)

================================================================
======== txAdmin Starting - 3/21/2022, 11:34:46 PM              
================================================================
[11:34:52 PM] txAdmin: Logger started

================================================================
======== txAdmin Starting - 3/21/2022, 11:36:10 PM              
================================================================
[11:36:15 PM] txAdmin: Logger started
[11:36:28 PM] [jxbBX#1] Ethan Rubinacci: joined with identifiers [steam:110000106d81f17; license:29a1486f20d95134646534c3de37ff11e7c1f3e3; xbl:2533274921566674; live:2040691484489962; discord:134438206576787456; fivem:19530]
[11:37:45 PM] [jxbBX#1] Ethan Rubinacci: caused an explosion (CAR)
[11:37:45 PM] [jxbBX#1] Ethan Rubinacci: caused an explosion (CAR)
[11:37:45 PM] [jxbBX#1] Ethan Rubinacci: caused an explosion (CAR)
[11:37:45 PM] [jxbBX#1] Ethan Rubinacci: caused an explosion (CAR)
[11:37:45 PM] [jxbBX#1] Ethan Rubinacci: caused an explosion (CAR)
[11:37:45 PM] [jxbBX#1] Ethan Rubinacci: caused an explosion (CAR)
[11:37:45 PM] [jxbBX#1] Ethan Rubinacci: caused an explosion (CAR)
[11:37:45 PM] [jxbBX#1] Ethan Rubinacci: caused an explosion (CAR)
[11:37:45 PM] [jxbBX#1] Ethan Rubinacci: caused an explosion (CAR)
[11:37:45 PM] [jxbBX#1] Ethan Rubinacci: caused an explosion (CAR)
[11:37:45 PM] [jxbBX#1] Ethan Rubinacci: caused an explosion (CAR)
[11:37:45 PM] [jxbBX#1] Ethan Rubinacci: caused an explosion (CAR)
[11:37:45 PM] [jxbBX#1] Ethan Rubinacci: caused an explosion (CAR)
[11:37:45 PM] [jxbBX#1] Ethan Rubinacci: caused an explosion (CAR)
[11:37:45 PM] [jxbBX#1] Ethan Rubinacci: caused an explosion (CAR)
[11:37:45 PM] [jxbBX#1] Ethan Rubinacci: caused an explosion (CAR)
[11:37:45 PM] [jxbBX#1] Ethan Rubinacci: caused an explosion (CAR)
[11:37:45 PM] [jxbBX#1] Ethan Rubinacci: caused an explosion (CAR)
[11:37:45 PM] [jxbBX#1] Ethan Rubinacci: caused an explosion (CAR)
[11:37:45 PM] [jxbBX#1] Ethan Rubinacci: caused an explosion (CAR)
[11:37:45 PM] [jxbBX#1] Ethan Rubinacci: caused an explosion (CAR)
[11:37:45 PM] [jxbBX#1] Ethan Rubinacci: caused an explosion (CAR)
[11:37:45 PM] [jxbBX#1] Ethan Rubinacci: caused an explosion (CAR)
[11:37:45 PM] [jxbBX#1] Ethan Rubinacci: caused an explosion (CAR)
[11:37:45 PM] [jxbBX#1] Ethan Rubinacci: caused an explosion (CAR)
[11:37:45 PM] [jxbBX#1] Ethan Rubinacci: caused an explosion (CAR)
[11:37:45 PM] [jxbBX#1] Ethan Rubinacci: caused an explosion (CAR)
[11:37:45 PM] [jxbBX#1] Ethan Rubinacci: caused an explosion (CAR)
[11:37:45 PM] [jxbBX#1] Ethan Rubinacci: caused an explosion (CAR)
[11:37:45 PM] [jxbBX#1] Ethan Rubinacci: caused an explosion (CAR)
[11:37:45 PM] [jxbBX#1] Ethan Rubinacci: caused an explosion (CAR)
[11:37:45 PM] [jxbBX#1] Ethan Rubinacci: caused an explosion (CAR)
[11:39:36 PM] [jxbBX#1] Ethan Rubinacci: disconnected (Server->client connection timed out. Last seen 55437 msec ago.)

================================================================
======== txAdmin Starting - 3/21/2022, 11:41:33 PM              
================================================================
[11:41:41 PM] txAdmin: Logger started
[11:42:45 PM] [3ac8Y#1] Ethan Rubinacci: joined with identifiers [steam:110000106d81f17; license:29a1486f20d95134646534c3de37ff11e7c1f3e3; xbl:2533274921566674; live:2040691484489962; discord:134438206576787456; fivem:19530]
[11:43:55 PM] [3ac8Y#1] Ethan Rubinacci: caused an explosion (CAR)
[11:43:55 PM] [3ac8Y#1] Ethan Rubinacci: caused an explosion (CAR)
[11:43:55 PM] [3ac8Y#1] Ethan Rubinacci: caused an explosion (CAR)
[11:43:55 PM] [3ac8Y#1] Ethan Rubinacci: caused an explosion (CAR)
[11:43:55 PM] [3ac8Y#1] Ethan Rubinacci: caused an explosion (CAR)
[11:43:55 PM] [3ac8Y#1] Ethan Rubinacci: caused an explosion (CAR)
[11:43:55 PM] [3ac8Y#1] Ethan Rubinacci: caused an explosion (CAR)
[11:43:55 PM] [3ac8Y#1] Ethan Rubinacci: caused an explosion (CAR)
[11:43:55 PM] [3ac8Y#1] Ethan Rubinacci: caused an explosion (CAR)
[11:43:55 PM] [3ac8Y#1] Ethan Rubinacci: caused an explosion (CAR)
[11:43:55 PM] [3ac8Y#1] Ethan Rubinacci: caused an explosion (CAR)
[11:43:55 PM] [3ac8Y#1] Ethan Rubinacci: caused an explosion (CAR)
[11:43:55 PM] [3ac8Y#1] Ethan Rubinacci: caused an explosion (CAR)
[11:43:55 PM] [3ac8Y#1] Ethan Rubinacci: caused an explosion (CAR)
[11:43:55 PM] [3ac8Y#1] Ethan Rubinacci: caused an explosion (CAR)
[11:43:55 PM] [3ac8Y#1] Ethan Rubinacci: caused an explosion (CAR)
[11:43:55 PM] [3ac8Y#1] Ethan Rubinacci: caused an explosion (CAR)
[11:43:55 PM] [3ac8Y#1] Ethan Rubinacci: caused an explosion (CAR)
[11:43:55 PM] [3ac8Y#1] Ethan Rubinacci: caused an explosion (CAR)
[11:43:55 PM] [3ac8Y#1] Ethan Rubinacci: caused an explosion (CAR)
[11:46:04 PM] [3ac8Y#1] Ethan Rubinacci: disconnected (Server->client connection timed out. Last seen 31460 msec ago.)

================================================================
======== txAdmin Starting - 3/21/2022, 11:50:24 PM              
================================================================
[11:50:29 PM] txAdmin: Logger started
[11:51:10 PM] [aHjka#1] Ethan Rubinacci: joined with identifiers [steam:110000106d81f17; license:29a1486f20d95134646534c3de37ff11e7c1f3e3; xbl:2533274921566674; live:2040691484489962; discord:134438206576787456; fivem:19530]
[11:52:55 PM] [aHjka#1] Ethan Rubinacci: caused an explosion (CAR)
[11:53:08 PM] [aHjka#1] Ethan Rubinacci: caused an explosion (CAR)
[11:53:15 PM] [aHjka#1] Ethan Rubinacci: caused an explosion (CAR)
[11:53:22 PM] [aHjka#1] Ethan Rubinacci: caused an explosion (CAR)
[11:54:00 PM] [aHjka#1] Ethan Rubinacci: disconnected (Exiting)

================================================================
======== txAdmin Starting - 3/21/2022, 11:57:11 PM              
================================================================
[11:57:17 PM] txAdmin: Logger started
[11:58:12 PM] [UDxxD#1] Ethan Rubinacci: joined with identifiers [steam:110000106d81f17; license:29a1486f20d95134646534c3de37ff11e7c1f3e3; xbl:2533274921566674; live:2040691484489962; discord:134438206576787456; fivem:19530]
[11:59:20 PM] [UDxxD#1] Ethan Rubinacci: caused an explosion (CAR)
[11:59:20 PM] [UDxxD#1] Ethan Rubinacci: caused an explosion (CAR)
[11:59:20 PM] [UDxxD#1] Ethan Rubinacci: caused an explosion (CAR)
[11:59:20 PM] [UDxxD#1] Ethan Rubinacci: caused an explosion (CAR)
[11:59:20 PM] [UDxxD#1] Ethan Rubinacci: caused an explosion (CAR)
[11:59:20 PM] [UDxxD#1] Ethan Rubinacci: caused an explosion (CAR)
[11:59:20 PM] [UDxxD#1] Ethan Rubinacci: caused an explosion (CAR)
[11:59:20 PM] [UDxxD#1] Ethan Rubinacci: caused an explosion (CAR)
[11:59:20 PM] [UDxxD#1] Ethan Rubinacci: caused an explosion (CAR)
[11:59:20 PM] [UDxxD#1] Ethan Rubinacci: caused an explosion (CAR)
[11:59:20 PM] [UDxxD#1] Ethan Rubinacci: caused an explosion (CAR)
[11:59:20 PM] [UDxxD#1] Ethan Rubinacci: caused an explosion (CAR)
[11:59:20 PM] [UDxxD#1] Ethan Rubinacci: caused an explosion (CAR)
[11:59:20 PM] [UDxxD#1] Ethan Rubinacci: caused an explosion (CAR)
[11:59:20 PM] [UDxxD#1] Ethan Rubinacci: caused an explosion (CAR)
[11:59:20 PM] [UDxxD#1] Ethan Rubinacci: caused an explosion (CAR)
[11:59:20 PM] [UDxxD#1] Ethan Rubinacci: caused an explosion (CAR)
[11:59:20 PM] [UDxxD#1] Ethan Rubinacci: caused an explosion (CAR)
