
================================================================
======== Log Rotated - 8/6/2022, 12:00:00 AM                    
================================================================
[1:32:03 AM] [eUh7J#9] Country: joined with identifiers [steam:11000011451260f; license:79e72fe6942b0a0728e645f198345d8d0bfef7eb; discord:140365884182102016; fivem:73824; license2:5765fc041f0b18678f508895f1364a99ec7f1772]
[1:59:01 AM] [eUh7J#9] Country: said "/dv"
[2:02:03 AM] [eUh7J#9] Country: said "/dv"
[2:02:07 AM] [eUh7J#9] Country: said "/dv"
[2:09:04 AM] [eUh7J#9] Country: said "/dv"
[2:20:23 AM] [eUh7J#9] Country: caused an explosion (DIR_WATER_HYDRANT)
[2:27:16 AM] [eUh7J#9] Country: died from suicide (Carbine Rifle)
[2:27:22 AM] [eUh7J#9] Country: said "/revive"
[2:29:08 AM] [eUh7J#9] Country: caused an explosion (STICKYBOMB)
[2:33:44 AM] [eUh7J#9] Country: said "/dv"
[2:37:22 AM] [eUh7J#9] Country: said "/dv"
[2:37:24 AM] [eUh7J#9] Country: disconnected (Exiting)
[4:30:52 AM] txAdmin: ((Broadcast) txAdmin): said "This server is scheduled to restart in 30 minutes."
[4:45:52 AM] txAdmin: ((Broadcast) txAdmin): said "This server is scheduled to restart in 15 minutes."
[4:50:52 AM] txAdmin: ((Broadcast) txAdmin): said "This server is scheduled to restart in 10 minutes."
[4:55:52 AM] txAdmin: ((Broadcast) txAdmin): said "This server is scheduled to restart in 5 minutes."
[4:56:52 AM] txAdmin: ((Broadcast) txAdmin): said "This server is scheduled to restart in 4 minutes."
[4:57:52 AM] txAdmin: ((Broadcast) txAdmin): said "This server is scheduled to restart in 3 minutes."
[4:58:52 AM] txAdmin: ((Broadcast) txAdmin): said "This server is scheduled to restart in 2 minutes."
[4:59:52 AM] txAdmin: ((Broadcast) txAdmin): said "This server is scheduled to restart in 1 minute. Please disconnect now."
[5:01:07 AM] txAdmin: Logger started
[9:26:05 AM] [XFbTK#1] Kolten Perry: joined with identifiers [license:c52d272c7a8a6ae0dcdb41b2bb7d16f21a553d6c; discord:970424669125615616; license2:c52d272c7a8a6ae0dcdb41b2bb7d16f21a553d6c]
[9:34:16 AM] [XFbTK#1] Kolten Perry: caused an explosion (PLANE_ROCKET)
[9:34:18 AM] [XFbTK#1] Kolten Perry: caused an explosion (CAR)
[9:34:18 AM] [XFbTK#1] Kolten Perry: caused an explosion (CAR)
[9:34:19 AM] [XFbTK#1] Kolten Perry: died from suicide (Explosion)
[9:34:26 AM] [XFbTK#1] Kolten Perry: said "/RAVIVE"
[9:34:35 AM] [XFbTK#1] Kolten Perry: said "/revive"
[9:35:15 AM] [XFbTK#1] Kolten Perry: died from suicide
[9:35:24 AM] [XFbTK#1] Kolten Perry: said "/reive"
[9:35:31 AM] [XFbTK#1] Kolten Perry: said "/revive"
[9:35:59 AM] [XFbTK#1] Kolten Perry: died from suicide
[9:36:07 AM] [XFbTK#1] Kolten Perry: said "/revive"
[9:36:41 AM] [XFbTK#1] Kolten Perry: caused an explosion (PLANE_ROCKET)
[9:36:43 AM] [XFbTK#1] Kolten Perry: caused an explosion (PLANE_ROCKET)
[9:36:46 AM] [XFbTK#1] Kolten Perry: caused an explosion (PLANE_ROCKET)
[9:36:53 AM] [XFbTK#1] Kolten Perry: caused an explosion (PLANE_ROCKET)
[9:36:53 AM] [XFbTK#1] Kolten Perry: caused an explosion (PLANE_ROCKET)
[9:36:54 AM] [XFbTK#1] Kolten Perry: caused an explosion (CAR)
[9:36:54 AM] [XFbTK#1] Kolten Perry: caused an explosion (CAR)
[9:36:58 AM] [XFbTK#1] Kolten Perry: caused an explosion (CAR)
[9:36:58 AM] [XFbTK#1] Kolten Perry: caused an explosion (CAR)
[9:37:04 AM] [XFbTK#1] Kolten Perry: caused an explosion (PLANE_ROCKET)
[9:37:07 AM] [XFbTK#1] Kolten Perry: caused an explosion (PLANE_ROCKET)
[9:37:25 AM] [XFbTK#1] Kolten Perry: caused an explosion (CAR)
[9:37:25 AM] [XFbTK#1] Kolten Perry: caused an explosion (CAR)
[9:37:29 AM] [XFbTK#1] Kolten Perry: caused an explosion (PLANE_ROCKET)
[9:37:41 AM] [XFbTK#1] Kolten Perry: caused an explosion (PLANE_ROCKET)
[9:37:42 AM] [XFbTK#1] Kolten Perry: caused an explosion (PLANE_ROCKET)
[9:37:46 AM] [XFbTK#1] Kolten Perry: caused an explosion (PLANE_ROCKET)
[9:37:51 AM] [XFbTK#1] Kolten Perry: caused an explosion (PLANE_ROCKET)
[9:37:51 AM] [XFbTK#1] Kolten Perry: caused an explosion (CAR)
[9:37:52 AM] [XFbTK#1] Kolten Perry: caused an explosion (PLANE_ROCKET)
[9:37:55 AM] [XFbTK#1] Kolten Perry: caused an explosion (PLANE_ROCKET)
[9:37:58 AM] [XFbTK#1] Kolten Perry: caused an explosion (PLANE_ROCKET)
[9:37:58 AM] [XFbTK#1] Kolten Perry: caused an explosion (PLANE_ROCKET)
[9:38:47 AM] [XFbTK#1] Kolten Perry: disconnected (Game crashed: FiveM has stopped responding (DirectX query))
[9:40:12 AM] [XFbTK#2] Kolten Perry: joined with identifiers [license:c52d272c7a8a6ae0dcdb41b2bb7d16f21a553d6c; discord:970424669125615616; license2:c52d272c7a8a6ae0dcdb41b2bb7d16f21a553d6c]
[10:46:43 AM] [XFbTK#2] Kolten Perry: disconnected (Server->client connection timed out. Last seen 36498 msec ago.)
[12:44:58 PM] [XFbTK#3] Country: joined with identifiers [steam:11000011451260f; license:79e72fe6942b0a0728e645f198345d8d0bfef7eb; discord:140365884182102016; fivem:73824; license2:5765fc041f0b18678f508895f1364a99ec7f1772]
[12:50:29 PM] [XFbTK#3] Country: said "/e handsup"
[12:50:32 PM] [XFbTK#3] Country: said "/e handsup"
[12:50:39 PM] [XFbTK#3] Country: said "/e reaching"
[1:24:10 PM] [XFbTK#3] Country: said "/dv"
[1:26:12 PM] [XFbTK#3] Country: caused an explosion (CAR)
[1:42:53 PM] [XFbTK#3] Country: said "/dv"
[1:43:59 PM] [XFbTK#3] Country: caused an explosion (TRUCK)
[1:44:06 PM] [XFbTK#3] Country: caused an explosion (TRUCK)
[1:44:32 PM] [XFbTK#3] Country: caused an explosion (BIKE)
[1:44:32 PM] [XFbTK#3] Country: caused an explosion (TRUCK)
[1:44:41 PM] [XFbTK#3] Country: said "/dv"
[1:47:45 PM] [XFbTK#3] Country: died from suicide (Falling)
[1:47:56 PM] [XFbTK#3] Country: said "/revive"
[1:51:53 PM] [XFbTK#3] Country: caused an explosion (HUNTER_BARRAGE)
[1:51:54 PM] [XFbTK#3] Country: caused an explosion (HUNTER_BARRAGE)
[1:51:54 PM] [XFbTK#3] Country: caused an explosion (HUNTER_BARRAGE)
[1:51:54 PM] [XFbTK#3] Country: caused an explosion (HUNTER_BARRAGE)
[1:51:54 PM] [XFbTK#3] Country: caused an explosion (HUNTER_BARRAGE)
[1:51:55 PM] [XFbTK#3] Country: caused an explosion (HUNTER_BARRAGE)
[1:51:55 PM] [XFbTK#3] Country: caused an explosion (HUNTER_BARRAGE)
[1:52:20 PM] [XFbTK#3] Country: caused an explosion (HUNTER_BARRAGE)
[1:52:20 PM] [XFbTK#3] Country: caused an explosion (HUNTER_BARRAGE)
[1:52:20 PM] [XFbTK#3] Country: caused an explosion (HUNTER_BARRAGE)
[1:52:21 PM] [XFbTK#3] Country: caused an explosion (HUNTER_BARRAGE)
[1:52:21 PM] [XFbTK#3] Country: caused an explosion (HUNTER_BARRAGE)
[1:52:21 PM] [XFbTK#3] Country: caused an explosion (HUNTER_BARRAGE)
[1:52:22 PM] [XFbTK#3] Country: caused an explosion (HUNTER_BARRAGE)
[1:52:25 PM] [XFbTK#3] Country: caused an explosion (HUNTER_BARRAGE)
[1:52:25 PM] [XFbTK#3] Country: caused an explosion (HUNTER_BARRAGE)
[1:52:25 PM] [XFbTK#3] Country: caused an explosion (HUNTER_BARRAGE)
[1:52:25 PM] [XFbTK#3] Country: caused an explosion (HUNTER_BARRAGE)
[1:52:26 PM] [XFbTK#3] Country: caused an explosion (HUNTER_BARRAGE)
[1:52:26 PM] [XFbTK#3] Country: caused an explosion (HUNTER_BARRAGE)
[1:52:26 PM] [XFbTK#3] Country: caused an explosion (HUNTER_BARRAGE)
[1:52:34 PM] [XFbTK#3] Country: caused an explosion (HUNTER_BARRAGE)
[1:52:34 PM] [XFbTK#3] Country: caused an explosion (HUNTER_BARRAGE)
[1:52:34 PM] [XFbTK#3] Country: caused an explosion (HUNTER_BARRAGE)
[1:52:34 PM] [XFbTK#3] Country: caused an explosion (HUNTER_BARRAGE)
[1:52:34 PM] [XFbTK#3] Country: caused an explosion (HUNTER_BARRAGE)
[1:52:35 PM] [XFbTK#3] Country: caused an explosion (HUNTER_BARRAGE)
[1:52:35 PM] [XFbTK#3] Country: caused an explosion (HUNTER_BARRAGE)
[1:53:22 PM] [XFbTK#3] Country: caused an explosion (HUNTER_BARRAGE)
[1:53:22 PM] [XFbTK#3] Country: caused an explosion (HUNTER_BARRAGE)
[1:53:22 PM] [XFbTK#3] Country: caused an explosion (HUNTER_BARRAGE)
[1:53:23 PM] [XFbTK#3] Country: caused an explosion (HUNTER_BARRAGE)
[1:53:23 PM] [XFbTK#3] Country: caused an explosion (HUNTER_BARRAGE)
[1:53:24 PM] [XFbTK#3] Country: caused an explosion (HUNTER_BARRAGE)
[1:53:24 PM] [XFbTK#3] Country: caused an explosion (HUNTER_BARRAGE)
[1:53:44 PM] [XFbTK#3] Country: caused an explosion (HUNTER_BARRAGE)
[1:53:44 PM] [XFbTK#3] Country: caused an explosion (HUNTER_BARRAGE)
[1:53:44 PM] [XFbTK#3] Country: caused an explosion (HUNTER_BARRAGE)
[1:53:44 PM] [XFbTK#3] Country: caused an explosion (HUNTER_BARRAGE)
[1:53:44 PM] [XFbTK#3] Country: caused an explosion (HUNTER_BARRAGE)
[1:53:45 PM] [XFbTK#3] Country: caused an explosion (HUNTER_BARRAGE)
[1:53:45 PM] [XFbTK#3] Country: caused an explosion (HUNTER_BARRAGE)
[1:53:50 PM] [XFbTK#3] Country: caused an explosion (HUNTER_BARRAGE)
[1:53:50 PM] [XFbTK#3] Country: caused an explosion (HUNTER_BARRAGE)
[1:53:51 PM] [XFbTK#3] Country: caused an explosion (HUNTER_BARRAGE)
[1:53:51 PM] [XFbTK#3] Country: caused an explosion (HUNTER_BARRAGE)
[1:53:51 PM] [XFbTK#3] Country: caused an explosion (HUNTER_BARRAGE)
[1:53:51 PM] [XFbTK#3] Country: caused an explosion (HUNTER_BARRAGE)
[1:53:51 PM] [XFbTK#3] Country: caused an explosion (HUNTER_BARRAGE)
[1:54:02 PM] [XFbTK#3] Country: caused an explosion (PLANE_ROCKET)
[1:54:02 PM] [XFbTK#3] Country: caused an explosion (HUNTER_BARRAGE)
[1:54:02 PM] [XFbTK#3] Country: caused an explosion (HUNTER_BARRAGE)
[1:54:02 PM] [XFbTK#3] Country: caused an explosion (HUNTER_BARRAGE)
[1:54:03 PM] [XFbTK#3] Country: caused an explosion (HUNTER_BARRAGE)
[1:54:03 PM] [XFbTK#3] Country: caused an explosion (HUNTER_BARRAGE)
[1:54:03 PM] [XFbTK#3] Country: caused an explosion (HUNTER_BARRAGE)
[1:54:03 PM] [XFbTK#3] Country: caused an explosion (HUNTER_BARRAGE)
[1:54:14 PM] [XFbTK#3] Country: caused an explosion (HUNTER_BARRAGE)
[1:54:14 PM] [XFbTK#3] Country: caused an explosion (HUNTER_BARRAGE)
[1:54:14 PM] [XFbTK#3] Country: caused an explosion (HUNTER_BARRAGE)
[1:54:14 PM] [XFbTK#3] Country: caused an explosion (HUNTER_BARRAGE)
[1:54:14 PM] [XFbTK#3] Country: caused an explosion (HUNTER_BARRAGE)
[1:54:15 PM] [XFbTK#3] Country: caused an explosion (HUNTER_BARRAGE)
[1:54:15 PM] [XFbTK#3] Country: caused an explosion (HUNTER_BARRAGE)
[1:54:19 PM] [XFbTK#3] Country: caused an explosion (HUNTER_BARRAGE)
[1:54:19 PM] [XFbTK#3] Country: caused an explosion (HUNTER_BARRAGE)
[1:54:20 PM] [XFbTK#3] Country: caused an explosion (HUNTER_BARRAGE)
[1:54:20 PM] [XFbTK#3] Country: caused an explosion (HUNTER_BARRAGE)
[1:54:20 PM] [XFbTK#3] Country: caused an explosion (HUNTER_BARRAGE)
[1:54:20 PM] [XFbTK#3] Country: caused an explosion (HUNTER_BARRAGE)
[1:54:20 PM] [XFbTK#3] Country: caused an explosion (HUNTER_BARRAGE)
[1:54:27 PM] [XFbTK#3] Country: caused an explosion (HUNTER_BARRAGE)
[1:54:27 PM] [XFbTK#3] Country: caused an explosion (HUNTER_BARRAGE)
[1:54:27 PM] [XFbTK#3] Country: caused an explosion (HUNTER_BARRAGE)
[1:54:27 PM] [XFbTK#3] Country: caused an explosion (HUNTER_BARRAGE)
[1:54:27 PM] [XFbTK#3] Country: caused an explosion (HUNTER_BARRAGE)
[1:54:27 PM] [XFbTK#3] Country: caused an explosion (HUNTER_BARRAGE)
[1:54:28 PM] [XFbTK#3] Country: caused an explosion (HUNTER_BARRAGE)
[1:54:38 PM] [XFbTK#3] Country: caused an explosion (BOAT)
[1:54:38 PM] [XFbTK#3] Country: caused an explosion (BOAT)
[1:54:39 PM] [XFbTK#3] Country: caused an explosion (HUNTER_BARRAGE)
[1:54:39 PM] [XFbTK#3] Country: caused an explosion (HUNTER_BARRAGE)
[1:54:39 PM] [XFbTK#3] Country: caused an explosion (HUNTER_BARRAGE)
[1:54:40 PM] [XFbTK#3] Country: caused an explosion (HUNTER_BARRAGE)
[1:54:40 PM] [XFbTK#3] Country: caused an explosion (HUNTER_BARRAGE)
[1:54:40 PM] [XFbTK#3] Country: caused an explosion (HUNTER_BARRAGE)
[1:54:53 PM] [XFbTK#3] Country: caused an explosion (HUNTER_BARRAGE)
[1:54:53 PM] [XFbTK#3] Country: caused an explosion (HUNTER_BARRAGE)
[1:54:53 PM] [XFbTK#3] Country: caused an explosion (HUNTER_BARRAGE)
[1:54:53 PM] [XFbTK#3] Country: caused an explosion (HUNTER_BARRAGE)
[1:54:53 PM] [XFbTK#3] Country: caused an explosion (HUNTER_BARRAGE)
[1:54:53 PM] [XFbTK#3] Country: caused an explosion (HUNTER_BARRAGE)
[1:54:53 PM] [XFbTK#3] Country: caused an explosion (HUNTER_BARRAGE)
[1:54:55 PM] [XFbTK#3] Country: caused an explosion (BOAT)
[1:54:55 PM] [XFbTK#3] Country: caused an explosion (BOAT)
[1:55:19 PM] [XFbTK#3] Country: caused an explosion (HUNTER_BARRAGE)
[1:55:19 PM] [XFbTK#3] Country: caused an explosion (HUNTER_BARRAGE)
[1:55:19 PM] [XFbTK#3] Country: caused an explosion (HUNTER_BARRAGE)
[1:55:19 PM] [XFbTK#3] Country: caused an explosion (HUNTER_BARRAGE)
[1:55:20 PM] [XFbTK#3] Country: caused an explosion (HUNTER_BARRAGE)
[1:55:27 PM] [XFbTK#3] Country: caused an explosion (HUNTER_BARRAGE)
[1:56:53 PM] [XFbTK#3] Country: caused an explosion (BOAT)
[1:57:30 PM] [XFbTK#3] Country: caused an explosion (BOAT)
[1:58:12 PM] [XFbTK#3] Country: caused an explosion (BOAT)
[2:02:13 PM] [XFbTK#3] Country: caused an explosion (CAR)
[2:04:10 PM] [XFbTK#3] Country: said "/dv"
[2:04:21 PM] [XFbTK#3] Country: disconnected (Exiting)
