
================================================================
======== txAdmin Starting - 3/23/2022, 2:34:56 PM               
================================================================

================================================================
======== Log Rotated - 3/23/2022, 2:34:56 PM                    
================================================================
[2:35:28 PM] txAdmin: Logger started

================================================================
======== txAdmin Starting - 3/23/2022, 5:58:51 PM               
================================================================
[5:58:57 PM] txAdmin: Logger started
[5:59:48 PM] [U8mLc#1] Ethan Rubinacci: joined with identifiers [steam:110000106d81f17; license:29a1486f20d95134646534c3de37ff11e7c1f3e3; xbl:2533274921566674; live:2040691484489962; discord:134438206576787456; fivem:19530]
[6:02:09 PM] [U8mLc#1] Ethan Rubinacci: disconnected (Server->client connection timed out. Last seen 45226 msec ago.)
[6:02:45 PM] [U8mLc#2] Ethan Rubinacci: joined with identifiers [steam:110000106d81f17; license:29a1486f20d95134646534c3de37ff11e7c1f3e3; xbl:2533274921566674; live:2040691484489962; discord:134438206576787456; fivem:19530]
[6:03:49 PM] [U8mLc#2] Ethan Rubinacci: caused an explosion (CAR)
[6:03:52 PM] [U8mLc#2] Ethan Rubinacci: caused an explosion (CAR)
[6:03:54 PM] [U8mLc#2] Ethan Rubinacci: caused an explosion (CAR)
[6:03:58 PM] [U8mLc#2] Ethan Rubinacci: caused an explosion (CAR)
[6:03:58 PM] [U8mLc#2] Ethan Rubinacci: caused an explosion (CAR)
[6:03:58 PM] [U8mLc#2] Ethan Rubinacci: caused an explosion (CAR)
[6:09:26 PM] [U8mLc#2] Ethan Rubinacci: said "/sto tokovoip_script"
[6:09:54 PM] [U8mLc#2] Ethan Rubinacci: said "/radio"
[6:10:16 PM] [U8mLc#2] Ethan Rubinacci: disconnected (Exiting)

================================================================
======== txAdmin Starting - 3/23/2022, 6:21:25 PM               
================================================================
[6:21:31 PM] txAdmin: Logger started
[6:23:21 PM] [GUc3f#1] Ethan Rubinacci: joined with identifiers [steam:110000106d81f17; license:29a1486f20d95134646534c3de37ff11e7c1f3e3; xbl:2533274921566674; live:2040691484489962; discord:134438206576787456; fivem:19530]
[6:25:10 PM] [GUc3f#1] Ethan Rubinacci: caused an explosion (CAR)
[6:25:10 PM] [GUc3f#1] Ethan Rubinacci: caused an explosion (CAR)
[6:25:11 PM] [GUc3f#1] Ethan Rubinacci: caused an explosion (CAR)
[6:25:11 PM] [GUc3f#1] Ethan Rubinacci: caused an explosion (CAR)
[6:25:11 PM] [GUc3f#1] Ethan Rubinacci: caused an explosion (CAR)
[6:25:12 PM] [GUc3f#1] Ethan Rubinacci: caused an explosion (CAR)
[6:25:13 PM] [GUc3f#1] Ethan Rubinacci: caused an explosion (CAR)
[6:25:13 PM] [GUc3f#1] Ethan Rubinacci: caused an explosion (CAR)
[6:25:14 PM] [GUc3f#1] Ethan Rubinacci: caused an explosion (CAR)
[6:25:15 PM] [GUc3f#1] Ethan Rubinacci: caused an explosion (CAR)
[6:25:15 PM] [GUc3f#1] Ethan Rubinacci: caused an explosion (CAR)
[6:25:17 PM] [GUc3f#1] Ethan Rubinacci: caused an explosion (CAR)
[6:25:18 PM] [GUc3f#1] Ethan Rubinacci: caused an explosion (CAR)
[6:25:19 PM] [GUc3f#1] Ethan Rubinacci: caused an explosion (CAR)
[6:25:35 PM] [GUc3f#1] Ethan Rubinacci: caused an explosion (CAR)
[6:25:37 PM] [GUc3f#1] Ethan Rubinacci: caused an explosion (CAR)
[6:25:40 PM] [GUc3f#1] Ethan Rubinacci: caused an explosion (CAR)
[6:25:42 PM] [GUc3f#1] Ethan Rubinacci: caused an explosion (CAR)
[6:25:43 PM] [GUc3f#1] Ethan Rubinacci: caused an explosion (CAR)
[6:29:44 PM] [GUc3f#2] Samael "Gage" Wayne: joined with identifiers [steam:110000112d24b4f; license:6d2ec1a26c48df57b80c04e11d5c8dfb560bb4b3; xbl:2535421980170934; live:914797987069091; discord:195052712243494913; fivem:6353258]
[6:30:54 PM] [GUc3f#2] Samael "Gage" Wayne: caused an explosion (CAR)
[6:30:56 PM] [GUc3f#2] Samael "Gage" Wayne: caused an explosion (CAR)
[6:30:57 PM] [GUc3f#2] Samael "Gage" Wayne: caused an explosion (CAR)
[6:32:52 PM] [GUc3f#1] Ethan Rubinacci: disconnected (Exiting)
[6:33:44 PM] [GUc3f#2] Samael "Gage" Wayne: disconnected (Server->client connection timed out. Last seen 52663 msec ago.)

================================================================
======== txAdmin Starting - 3/23/2022, 6:35:50 PM               
================================================================
[6:35:56 PM] txAdmin: Logger started
[6:42:30 PM] [b8bpe#1] Ethan Rubinacci: joined with identifiers [steam:110000106d81f17; license:29a1486f20d95134646534c3de37ff11e7c1f3e3; xbl:2533274921566674; live:2040691484489962; discord:134438206576787456; fivem:19530]
[6:44:34 PM] [b8bpe#1] Ethan Rubinacci: caused an explosion (CAR)
[6:44:34 PM] [b8bpe#1] Ethan Rubinacci: caused an explosion (CAR)
[6:44:34 PM] [b8bpe#1] Ethan Rubinacci: caused an explosion (CAR)
[6:44:34 PM] [b8bpe#1] Ethan Rubinacci: caused an explosion (CAR)
[6:44:34 PM] [b8bpe#1] Ethan Rubinacci: caused an explosion (CAR)
[6:44:34 PM] [b8bpe#1] Ethan Rubinacci: caused an explosion (CAR)
[6:44:34 PM] [b8bpe#1] Ethan Rubinacci: caused an explosion (CAR)
[6:44:34 PM] [b8bpe#1] Ethan Rubinacci: caused an explosion (CAR)
[6:44:34 PM] [b8bpe#1] Ethan Rubinacci: caused an explosion (CAR)
[6:44:34 PM] [b8bpe#1] Ethan Rubinacci: caused an explosion (CAR)
[6:44:34 PM] [b8bpe#1] Ethan Rubinacci: caused an explosion (CAR)
[6:44:34 PM] [b8bpe#1] Ethan Rubinacci: caused an explosion (CAR)
[6:44:54 PM] [b8bpe#2] Samael "Gage" Wayne: joined with identifiers [steam:110000112d24b4f; license:6d2ec1a26c48df57b80c04e11d5c8dfb560bb4b3; xbl:2535421980170934; live:914797987069091; discord:195052712243494913; fivem:6353258]
[6:46:24 PM] [b8bpe#2] Samael "Gage" Wayne: caused an explosion (CAR)
[6:46:26 PM] [b8bpe#2] Samael "Gage" Wayne: caused an explosion (CAR)
[6:46:27 PM] [b8bpe#2] Samael "Gage" Wayne: caused an explosion (CAR)
[6:46:32 PM] [b8bpe#2] Samael "Gage" Wayne: caused an explosion (CAR)
[6:46:32 PM] [b8bpe#2] Samael "Gage" Wayne: caused an explosion (CAR)
[6:46:35 PM] [b8bpe#2] Samael "Gage" Wayne: caused an explosion (CAR)
[6:49:31 PM] [b8bpe#1] Ethan Rubinacci: said "/dv"
[6:51:29 PM] [b8bpe#1] Ethan Rubinacci: said "one sec"
[6:51:43 PM] [b8bpe#1] Ethan Rubinacci: said "Yes"
[6:52:40 PM] [b8bpe#1] Ethan Rubinacci: said "F."
[6:53:39 PM] [b8bpe#1] Ethan Rubinacci: said "lemme restart my game"
[6:53:41 PM] [b8bpe#1] Ethan Rubinacci: disconnected (Exiting)
[6:54:56 PM] [b8bpe#2] Samael "Gage" Wayne: said "/dv"
[6:55:14 PM] [b8bpe#3] Ethan Rubinacci: joined with identifiers [steam:110000106d81f17; license:29a1486f20d95134646534c3de37ff11e7c1f3e3; xbl:2533274921566674; live:2040691484489962; discord:134438206576787456; fivem:19530]
[6:59:03 PM] [b8bpe#4] tristian: joined with identifiers [steam:110000149a345d7; license:8010bf55b20ed242a3bed996b7a02827e241d9c9; xbl:2535428787676923; live:1055519341983224; discord:837063941271191573; fivem:5113192; license2:e1f7dd9cf02fa891017731e97e8442a452f27b80]
[7:02:10 PM] [b8bpe#3] Ethan Rubinacci: caused an explosion (CAR)
[7:02:12 PM] [b8bpe#3] Ethan Rubinacci: caused an explosion (CAR)
[7:02:15 PM] [b8bpe#3] Ethan Rubinacci: caused an explosion (CAR)
[7:03:16 PM] [b8bpe#2] Samael "Gage" Wayne: said "/dv"
[7:04:09 PM] [b8bpe#4] tristian: disconnected (Exiting)
[7:04:34 PM] [b8bpe#3] Ethan Rubinacci: disconnected (Exiting)
[7:05:12 PM] [b8bpe#2] Samael "Gage" Wayne: said "/dv"
[7:09:17 PM] [b8bpe#2] Samael "Gage" Wayne: disconnected (Game crashed: GTA5_b1604.exe!sub_1408FC628 (0x21))

================================================================
======== txAdmin Starting - 3/23/2022, 7:59:47 PM               
================================================================
[7:59:53 PM] txAdmin: Logger started
[8:11:07 PM] [gYhcz#1] Ethan Rubinacci: joined with identifiers [steam:110000106d81f17; license:29a1486f20d95134646534c3de37ff11e7c1f3e3; xbl:2533274921566674; live:2040691484489962; discord:134438206576787456; fivem:19530]
[8:12:32 PM] [gYhcz#1] Ethan Rubinacci: caused an explosion (CAR)
[8:12:33 PM] [gYhcz#1] Ethan Rubinacci: caused an explosion (CAR)
[8:12:33 PM] [gYhcz#1] Ethan Rubinacci: caused an explosion (CAR)
[8:12:33 PM] [gYhcz#1] Ethan Rubinacci: caused an explosion (CAR)
[8:12:34 PM] [gYhcz#1] Ethan Rubinacci: caused an explosion (CAR)
[8:12:36 PM] [gYhcz#1] Ethan Rubinacci: caused an explosion (CAR)
[8:12:36 PM] [gYhcz#1] Ethan Rubinacci: caused an explosion (CAR)
[8:12:36 PM] [gYhcz#1] Ethan Rubinacci: caused an explosion (CAR)
[8:12:38 PM] [gYhcz#1] Ethan Rubinacci: caused an explosion (CAR)
[8:12:39 PM] [gYhcz#1] Ethan Rubinacci: caused an explosion (CAR)
[8:12:43 PM] [gYhcz#1] Ethan Rubinacci: caused an explosion (CAR)
[8:12:45 PM] [gYhcz#1] Ethan Rubinacci: caused an explosion (CAR)
[8:13:34 PM] [gYhcz#1] Ethan Rubinacci: said "/radio"
[8:18:31 PM] [gYhcz#1] Ethan Rubinacci: died from suicide (Pistol)
[8:18:35 PM] [gYhcz#1] Ethan Rubinacci: said "/revive"
[8:20:18 PM] [gYhcz#1] Ethan Rubinacci: disconnected (Exiting)

================================================================
======== txAdmin Starting - 3/23/2022, 8:21:35 PM               
================================================================
[8:21:41 PM] txAdmin: Logger started
[8:27:10 PM] [bbTdM#1] Samael "Gage" Wayne: joined with identifiers [steam:110000112d24b4f; license:6d2ec1a26c48df57b80c04e11d5c8dfb560bb4b3; xbl:2535421980170934; live:914797987069091; discord:195052712243494913; fivem:6353258]
[8:28:48 PM] [bbTdM#1] Samael "Gage" Wayne: caused an explosion (CAR)
[8:28:49 PM] [bbTdM#1] Samael "Gage" Wayne: caused an explosion (CAR)
[8:28:51 PM] [bbTdM#1] Samael "Gage" Wayne: caused an explosion (CAR)
[8:28:52 PM] [bbTdM#1] Samael "Gage" Wayne: caused an explosion (CAR)
[8:28:52 PM] [bbTdM#1] Samael "Gage" Wayne: caused an explosion (CAR)
[8:28:52 PM] [bbTdM#1] Samael "Gage" Wayne: caused an explosion (CAR)
[8:28:53 PM] [bbTdM#1] Samael "Gage" Wayne: caused an explosion (CAR)
[8:28:53 PM] [bbTdM#1] Samael "Gage" Wayne: caused an explosion (CAR)
[8:28:53 PM] [bbTdM#1] Samael "Gage" Wayne: caused an explosion (CAR)
[8:28:53 PM] [bbTdM#1] Samael "Gage" Wayne: caused an explosion (CAR)
[8:28:56 PM] [bbTdM#1] Samael "Gage" Wayne: caused an explosion (CAR)
[8:28:57 PM] [bbTdM#1] Samael "Gage" Wayne: caused an explosion (CAR)
[8:28:57 PM] [bbTdM#1] Samael "Gage" Wayne: caused an explosion (CAR)
[8:28:58 PM] [bbTdM#1] Samael "Gage" Wayne: caused an explosion (CAR)
[8:28:58 PM] [bbTdM#1] Samael "Gage" Wayne: caused an explosion (CAR)
[8:28:58 PM] [bbTdM#1] Samael "Gage" Wayne: caused an explosion (CAR)
[8:29:01 PM] [bbTdM#1] Samael "Gage" Wayne: caused an explosion (CAR)
[8:29:03 PM] [bbTdM#1] Samael "Gage" Wayne: caused an explosion (CAR)
[8:32:55 PM] [bbTdM#1] Samael "Gage" Wayne: died from suicide (Falling)
[8:33:04 PM] [bbTdM#1] Samael "Gage" Wayne: said "/revive"
[8:33:59 PM] [bbTdM#1] Samael "Gage" Wayne: said "/dv"
[8:50:44 PM] [bbTdM#1] Samael "Gage" Wayne: died from suicide (Falling)
[8:50:46 PM] [bbTdM#1] Samael "Gage" Wayne: said "/dv"
[8:50:49 PM] [bbTdM#1] Samael "Gage" Wayne: said "/revive"
[9:12:51 PM] [bbTdM#1] Samael "Gage" Wayne: disconnected (Server shutting down: SIGHUP received)

================================================================
======== txAdmin Starting - 3/23/2022, 9:12:58 PM               
================================================================
[9:13:04 PM] txAdmin: Logger started
[9:14:19 PM] [mjTDi#1] tristian: joined with identifiers [steam:110000149a345d7; license:8010bf55b20ed242a3bed996b7a02827e241d9c9; xbl:2535428787676923; live:1055519341983224; discord:837063941271191573; fivem:5113192; license2:e1f7dd9cf02fa891017731e97e8442a452f27b80]
[9:15:46 PM] [mjTDi#1] tristian: disconnected (Exiting)

================================================================
======== txAdmin Starting - 3/23/2022, 9:16:12 PM               
================================================================
[9:16:19 PM] txAdmin: Logger started
[9:16:48 PM] [NaJRM#1] Ethan Rubinacci: joined with identifiers [steam:110000106d81f17; license:29a1486f20d95134646534c3de37ff11e7c1f3e3; xbl:2533274921566674; live:2040691484489962; discord:134438206576787456; fivem:19530]
[9:17:19 PM] [NaJRM#1] Ethan Rubinacci: disconnected (Exiting)
[9:18:06 PM] [NaJRM#2] tristian: joined with identifiers [steam:110000149a345d7; license:8010bf55b20ed242a3bed996b7a02827e241d9c9; xbl:2535428787676923; live:1055519341983224; discord:837063941271191573; fivem:5113192; license2:e1f7dd9cf02fa891017731e97e8442a452f27b80]
[9:18:19 PM] [NaJRM#3] Ethan Rubinacci: joined with identifiers [steam:110000106d81f17; license:29a1486f20d95134646534c3de37ff11e7c1f3e3; xbl:2533274921566674; live:2040691484489962; discord:134438206576787456; fivem:19530]
[9:20:19 PM] [NaJRM#4] Samael "Gage" Wayne: joined with identifiers [steam:110000112d24b4f; license:6d2ec1a26c48df57b80c04e11d5c8dfb560bb4b3; xbl:2535421980170934; live:914797987069091; discord:195052712243494913; fivem:6353258]
[9:21:52 PM] [NaJRM#2] tristian: disconnected (Exiting)

================================================================
======== txAdmin Starting - 3/23/2022, 9:22:09 PM               
================================================================
[9:22:14 PM] txAdmin: Logger started
[9:22:57 PM] [NJbVp#1] tristian: joined with identifiers [steam:110000149a345d7; license:8010bf55b20ed242a3bed996b7a02827e241d9c9; xbl:2535428787676923; live:1055519341983224; discord:837063941271191573; fivem:5113192; license2:e1f7dd9cf02fa891017731e97e8442a452f27b80]
[9:24:03 PM] [NJbVp#2] Ethan Rubinacci: joined with identifiers [steam:110000106d81f17; license:29a1486f20d95134646534c3de37ff11e7c1f3e3; xbl:2533274921566674; live:2040691484489962; discord:134438206576787456; fivem:19530]
[9:25:21 PM] [NJbVp#1] tristian: disconnected (Exiting)
[9:28:04 PM] [NJbVp#2] Ethan Rubinacci: disconnected (Exiting)

================================================================
======== txAdmin Starting - 3/23/2022, 9:29:48 PM               
================================================================
[9:29:53 PM] txAdmin: Logger started
[9:30:06 PM] [y6F9K#1] tristian: joined with identifiers [steam:110000149a345d7; license:8010bf55b20ed242a3bed996b7a02827e241d9c9; xbl:2535428787676923; live:1055519341983224; discord:837063941271191573; fivem:5113192; license2:e1f7dd9cf02fa891017731e97e8442a452f27b80]
[9:31:47 PM] [y6F9K#2] Ethan Rubinacci: joined with identifiers [steam:110000106d81f17; license:29a1486f20d95134646534c3de37ff11e7c1f3e3; xbl:2533274921566674; live:2040691484489962; discord:134438206576787456; fivem:19530]
[9:32:00 PM] [y6F9K#3] Samael "Gage" Wayne: joined with identifiers [steam:110000112d24b4f; license:6d2ec1a26c48df57b80c04e11d5c8dfb560bb4b3; xbl:2535421980170934; live:914797987069091; discord:195052712243494913; fivem:6353258]
[9:33:52 PM] [y6F9K#2] Ethan Rubinacci: said "/radio"
[9:33:55 PM] [y6F9K#2] Ethan Rubinacci: said "/radio"
[9:35:04 PM] [y6F9K#3] Samael "Gage" Wayne: disconnected (Server->client connection timed out. Last seen 43875 msec ago.)
[9:36:34 PM] [y6F9K#4] Samael "Gage" Wayne: joined with identifiers [steam:110000112d24b4f; license:6d2ec1a26c48df57b80c04e11d5c8dfb560bb4b3; xbl:2535421980170934; live:914797987069091; discord:195052712243494913; fivem:6353258]
[9:37:55 PM] [y6F9K#4] Samael "Gage" Wayne: disconnected (Game crashed: GTA5_b1604.exe!GENERIC::OPERATOR::NEW (0x0))
[9:40:12 PM] [y6F9K#5] Samael "Gage" Wayne: joined with identifiers [steam:110000112d24b4f; license:6d2ec1a26c48df57b80c04e11d5c8dfb560bb4b3; xbl:2535421980170934; live:914797987069091; discord:195052712243494913; fivem:6353258]
[9:42:19 PM] [y6F9K#5] Samael "Gage" Wayne: said "freq?"
[9:42:22 PM] [y6F9K#2] Ethan Rubinacci: said "2"
[9:48:14 PM] [y6F9K#2] Ethan Rubinacci: died from Pistol by tristian
[9:48:16 PM] [y6F9K#2] Ethan Rubinacci: said "/revive"
[9:48:41 PM] [y6F9K#5] Samael "Gage" Wayne: said "/dv"
[9:50:17 PM] [y6F9K#5] Samael "Gage" Wayne: disconnected (Exiting)
[9:51:15 PM] [y6F9K#6] Samael "Gage" Wayne: joined with identifiers [steam:110000112d24b4f; license:6d2ec1a26c48df57b80c04e11d5c8dfb560bb4b3; xbl:2535421980170934; live:914797987069091; discord:195052712243494913; fivem:6353258]
[9:52:38 PM] [y6F9K#6] Samael "Gage" Wayne: disconnected (Exiting)
[9:53:36 PM] [y6F9K#7] Samael "Gage" Wayne: joined with identifiers [steam:110000112d24b4f; license:6d2ec1a26c48df57b80c04e11d5c8dfb560bb4b3; xbl:2535421980170934; live:914797987069091; discord:195052712243494913; fivem:6353258]
[9:55:35 PM] [y6F9K#7] Samael "Gage" Wayne: disconnected (Server->client connection timed out. Last seen 39789 msec ago.)
[9:56:47 PM] [y6F9K#2] Ethan Rubinacci: disconnected (Exiting)
[9:58:30 PM] [y6F9K#1] tristian: disconnected (Server shutting down: SIGHUP received)

================================================================
======== txAdmin Starting - 3/23/2022, 9:58:59 PM               
================================================================
[9:59:05 PM] txAdmin: Logger started
[10:00:23 PM] [9mPfY#1] tristian: joined with identifiers [steam:110000149a345d7; license:8010bf55b20ed242a3bed996b7a02827e241d9c9; xbl:2535428787676923; live:1055519341983224; discord:837063941271191573; fivem:5113192; license2:e1f7dd9cf02fa891017731e97e8442a452f27b80]
[10:01:06 PM] [9mPfY#2] Samael "Gage" Wayne: joined with identifiers [steam:110000112d24b4f; license:6d2ec1a26c48df57b80c04e11d5c8dfb560bb4b3; xbl:2535421980170934; live:914797987069091; discord:195052712243494913; fivem:6353258]
[10:03:27 PM] [9mPfY#3] Ethan Rubinacci: joined with identifiers [steam:110000106d81f17; license:29a1486f20d95134646534c3de37ff11e7c1f3e3; xbl:2533274921566674; live:2040691484489962; discord:134438206576787456; fivem:19530]
[10:04:46 PM] [9mPfY#1] tristian: disconnected (Game crashed: GTA5_b1604.exe!sub_1408FC628 (0x21))
[10:05:29 PM] [9mPfY#4] tristian: joined with identifiers [steam:110000149a345d7; license:8010bf55b20ed242a3bed996b7a02827e241d9c9; xbl:2535428787676923; live:1055519341983224; discord:837063941271191573; fivem:5113192; license2:e1f7dd9cf02fa891017731e97e8442a452f27b80]
[10:07:05 PM] [9mPfY#4] tristian: said "/dv"
[10:07:40 PM] [9mPfY#2] Samael "Gage" Wayne: said "/radio"
[10:07:43 PM] [9mPfY#2] Samael "Gage" Wayne: said "/radio"
[10:07:46 PM] [9mPfY#2] Samael "Gage" Wayne: said "/radio"
[10:15:24 PM] [9mPfY#2] Samael "Gage" Wayne: said "/dv"
[10:17:17 PM] [9mPfY#2] Samael "Gage" Wayne: said "/dv"
[10:20:43 PM] [9mPfY#3] Ethan Rubinacci: said "/dv"
[10:21:16 PM] [9mPfY#3] Ethan Rubinacci: said "/dv"
[10:21:21 PM] [9mPfY#2] Samael "Gage" Wayne: died from Pistol by tristian
[10:21:26 PM] [9mPfY#2] Samael "Gage" Wayne: said "/revive"
[10:21:37 PM] [9mPfY#2] Samael "Gage" Wayne: died from Pistol by tristian
[10:21:39 PM] [9mPfY#2] Samael "Gage" Wayne: said "/revive"
[10:22:20 PM] [9mPfY#3] Ethan Rubinacci: said "/dv"
[10:23:27 PM] [9mPfY#2] Samael "Gage" Wayne: said "/revive"
[10:27:45 PM] [9mPfY#4] tristian: said "/dv"
[10:33:08 PM] [9mPfY#4] tristian: said "/dv"
[10:34:06 PM] [9mPfY#2] Samael "Gage" Wayne: said "/dv"
[10:40:04 PM] [9mPfY#2] Samael "Gage" Wayne: disconnected (Exiting)
[10:42:02 PM] [9mPfY#4] tristian: said "/me buys gum"
[10:45:32 PM] [9mPfY#4] tristian: said "/dv"
[10:46:03 PM] [9mPfY#4] tristian: said "/dv"
[10:55:59 PM] [9mPfY#4] tristian: died from suicide (Falling)
[10:56:32 PM] [9mPfY#4] tristian: said "/revive"
[10:57:19 PM] [9mPfY#4] tristian: said "/dv"
[10:57:21 PM] [9mPfY#4] tristian: said "/dv"
[10:57:23 PM] [9mPfY#4] tristian: said "/dv"
[10:57:26 PM] [9mPfY#3] Ethan Rubinacci: said "dv"
[10:57:27 PM] [9mPfY#4] tristian: said "/dv"
[10:57:27 PM] [9mPfY#3] Ethan Rubinacci: said "/dv"
[10:57:30 PM] [9mPfY#4] tristian: said "/dv"
[10:58:42 PM] [9mPfY#3] Ethan Rubinacci: said "/dv"
[11:00:02 PM] [9mPfY#5] Nate TenPenny: joined with identifiers [license:6c3844e01c075ca0b2c4354bcf250cb701b66c7b; xbl:2533274854325254; live:844427431245709; discord:185901595744010241; fivem:45488; license2:6c3844e01c075ca0b2c4354bcf250cb701b66c7b]
[11:01:40 PM] [9mPfY#5] Nate TenPenny: disconnected (Exiting)
[11:02:00 PM] [9mPfY#6] Nate TenPenny: joined with identifiers [license:6c3844e01c075ca0b2c4354bcf250cb701b66c7b; xbl:2533274854325254; live:844427431245709; discord:185901595744010241; fivem:45488; license2:6c3844e01c075ca0b2c4354bcf250cb701b66c7b]
[11:02:22 PM] [9mPfY#3] Ethan Rubinacci: died from suicide
[11:02:26 PM] [9mPfY#3] Ethan Rubinacci: said "/revive"
[11:03:07 PM] [9mPfY#6] Nate TenPenny: disconnected (Exiting)
[11:03:30 PM] [9mPfY#7] Nate TenPenny: joined with identifiers [steam:110000102449b2e; license:6c3844e01c075ca0b2c4354bcf250cb701b66c7b; xbl:2533274854325254; live:844427431245709; discord:185901595744010241; fivem:45488; license2:6c3844e01c075ca0b2c4354bcf250cb701b66c7b]
[11:04:21 PM] [9mPfY#7] Nate TenPenny: said "test"
[11:05:40 PM] [9mPfY#7] Nate TenPenny: died from suicide (Falling)
[11:06:31 PM] [9mPfY#7] Nate TenPenny: said "/revive"
[11:07:14 PM] [9mPfY#4] tristian: disconnected (Exiting)

================================================================
======== txAdmin Starting - 3/23/2022, 11:12:08 PM              
================================================================
[11:12:23 PM] txAdmin: Logger started

================================================================
======== txAdmin Starting - 3/23/2022, 11:13:56 PM              
================================================================
[11:14:01 PM] txAdmin: Logger started
[11:16:24 PM] [n8xca#1] Ethan Rubinacci: joined with identifiers [steam:110000106d81f17; license:29a1486f20d95134646534c3de37ff11e7c1f3e3; xbl:2533274921566674; live:2040691484489962; discord:134438206576787456; fivem:19530]
[11:16:44 PM] [n8xca#2] Nate TenPenny: joined with identifiers [steam:110000102449b2e; license:6c3844e01c075ca0b2c4354bcf250cb701b66c7b; xbl:2533274854325254; live:844427431245709; discord:185901595744010241; fivem:45488; license2:6c3844e01c075ca0b2c4354bcf250cb701b66c7b]
[11:17:49 PM] [n8xca#3] tristian: joined with identifiers [steam:110000149a345d7; license:8010bf55b20ed242a3bed996b7a02827e241d9c9; xbl:2535428787676923; live:1055519341983224; discord:837063941271191573; fivem:5113192; license2:e1f7dd9cf02fa891017731e97e8442a452f27b80]
[11:28:44 PM] [n8xca#3] tristian: disconnected (Exiting)
[11:29:02 PM] [n8xca#1] Ethan Rubinacci: disconnected (Exiting)
[11:42:13 PM] [n8xca#2] Nate TenPenny: disconnected (Server->client connection timed out. Last seen 46896 msec ago.)
