
================================================================
======== Log Rotated - 3/20/2022, 12:00:00 AM                   
================================================================
[12:05:52 AM] [FHfxC#1] Ethan Rubinacci: said "/eup"
[12:06:00 AM] [FHfxC#1] Ethan Rubinacci: said "/eup"
[12:08:11 AM] [FHfxC#1] Ethan Rubinacci: said "/eup"
[12:08:23 AM] [FHfxC#1] Ethan Rubinacci: said "/eup"
[12:11:41 AM] [FHfxC#1] Ethan Rubinacci: said "/eu["
[12:11:43 AM] [FHfxC#1] Ethan Rubinacci: said "/eup"
[12:14:03 AM] [FHfxC#1] Ethan Rubinacci: said "/eu["
[12:16:37 AM] [FHfxC#1] Ethan Rubinacci: disconnected (Exiting)
[1:27:45 AM] txAdmin: Logger started
[1:28:26 AM] [PQyxH#1] Ethan Rubinacci: joined with identifiers [steam:110000106d81f17; license:29a1486f20d95134646534c3de37ff11e7c1f3e3; xbl:2533274921566674; live:2040691484489962; discord:134438206576787456; fivem:19530]
[1:29:47 AM] [PQyxH#1] Ethan Rubinacci: disconnected (Exiting)
[1:30:49 AM] [PQyxH#2] Ethan Rubinacci: joined with identifiers [steam:110000106d81f17; license:29a1486f20d95134646534c3de37ff11e7c1f3e3; xbl:2533274921566674; live:2040691484489962; discord:134438206576787456; fivem:19530]
[1:32:37 AM] [PQyxH#2] Ethan Rubinacci: caused an explosion (CAR)
[1:32:37 AM] [PQyxH#2] Ethan Rubinacci: caused an explosion (CAR)
[1:32:38 AM] [PQyxH#2] Ethan Rubinacci: caused an explosion (CAR)
[1:32:38 AM] [PQyxH#2] Ethan Rubinacci: caused an explosion (CAR)
[1:32:38 AM] [PQyxH#2] Ethan Rubinacci: caused an explosion (CAR)
[1:32:38 AM] [PQyxH#2] Ethan Rubinacci: caused an explosion (CAR)
[1:32:39 AM] [PQyxH#2] Ethan Rubinacci: caused an explosion (CAR)
[1:32:41 AM] [PQyxH#2] Ethan Rubinacci: caused an explosion (CAR)
[1:32:41 AM] [PQyxH#2] Ethan Rubinacci: caused an explosion (CAR)
[1:32:42 AM] [PQyxH#2] Ethan Rubinacci: caused an explosion (CAR)
[1:32:43 AM] [PQyxH#2] Ethan Rubinacci: caused an explosion (CAR)
[1:32:43 AM] [PQyxH#2] Ethan Rubinacci: caused an explosion (CAR)
[1:32:46 AM] [PQyxH#2] Ethan Rubinacci: caused an explosion (CAR)
[1:32:48 AM] [PQyxH#2] Ethan Rubinacci: caused an explosion (CAR)
[1:42:23 AM] [PQyxH#2] Ethan Rubinacci: disconnected (Exiting)
[1:43:59 AM] txAdmin: Logger started
[1:45:13 AM] [gpbWx#1] Ethan Rubinacci: joined with identifiers [steam:110000106d81f17; license:29a1486f20d95134646534c3de37ff11e7c1f3e3; xbl:2533274921566674; live:2040691484489962; discord:134438206576787456; fivem:19530]
[1:46:33 AM] [gpbWx#1] Ethan Rubinacci: caused an explosion (CAR)
[1:46:33 AM] [gpbWx#1] Ethan Rubinacci: caused an explosion (CAR)
[1:46:33 AM] [gpbWx#1] Ethan Rubinacci: caused an explosion (CAR)
[1:46:33 AM] [gpbWx#1] Ethan Rubinacci: caused an explosion (CAR)
[1:46:33 AM] [gpbWx#1] Ethan Rubinacci: caused an explosion (CAR)
[1:46:33 AM] [gpbWx#1] Ethan Rubinacci: caused an explosion (CAR)
[1:46:33 AM] [gpbWx#1] Ethan Rubinacci: caused an explosion (CAR)
[1:46:33 AM] [gpbWx#1] Ethan Rubinacci: caused an explosion (CAR)
[1:46:33 AM] [gpbWx#1] Ethan Rubinacci: caused an explosion (CAR)
[1:46:33 AM] [gpbWx#1] Ethan Rubinacci: caused an explosion (CAR)
[1:46:33 AM] [gpbWx#1] Ethan Rubinacci: caused an explosion (CAR)
[1:46:33 AM] [gpbWx#1] Ethan Rubinacci: caused an explosion (CAR)
[1:46:33 AM] [gpbWx#1] Ethan Rubinacci: caused an explosion (CAR)
[1:46:33 AM] [gpbWx#1] Ethan Rubinacci: caused an explosion (CAR)
[1:46:33 AM] [gpbWx#1] Ethan Rubinacci: caused an explosion (CAR)
[1:46:33 AM] [gpbWx#1] Ethan Rubinacci: caused an explosion (CAR)
[1:46:33 AM] [gpbWx#1] Ethan Rubinacci: caused an explosion (CAR)
[1:59:21 AM] [gpbWx#1] Ethan Rubinacci: disconnected (Exiting)
[10:04:55 AM] [gpbWx#2] Sam: joined with identifiers [steam:110000112d24b4f; license:6d2ec1a26c48df57b80c04e11d5c8dfb560bb4b3; xbl:2535421980170934; live:914797987069091]
[10:09:43 AM] [gpbWx#2] Sam: said "/dv"
[10:13:33 AM] [gpbWx#2] Sam: disconnected (Server->client connection timed out. Last seen 53470 msec ago.)
[12:09:18 PM] UNKNOWN: (console): said "cunts"
[12:09:46 PM] UNKNOWN: (console): said "'/tweet aye yoo yoo yoo yoo""
[12:09:56 PM] UNKNOWN: (console): said "'/tweet aye yoo yoo yoo yoo family im the console'"
[12:10:08 PM] [gpbWx#3] Nate: joined with identifiers [steam:110000102449b2e; license:6c3844e01c075ca0b2c4354bcf250cb701b66c7b; xbl:2533274854325254; live:844427431245709; fivem:45488; license2:6c3844e01c075ca0b2c4354bcf250cb701b66c7b]
[12:36:02 PM] [gpbWx#3] Nate: said "/weather"
[12:36:07 PM] [gpbWx#3] Nate: said "/weather clear"
[1:07:58 PM] [gpbWx#3] Nate: disconnected (Exiting)
[1:13:41 PM] [gpbWx#4] Nate TenPenny: joined with identifiers [steam:110000102449b2e; license:6c3844e01c075ca0b2c4354bcf250cb701b66c7b; xbl:2533274854325254; live:844427431245709; discord:185901595744010241; fivem:45488; license2:6c3844e01c075ca0b2c4354bcf250cb701b66c7b]
[1:33:54 PM] [gpbWx#4] Nate TenPenny: caused an explosion (PLANE)
[1:33:54 PM] [gpbWx#4] Nate TenPenny: caused an explosion (BLIMP)
[1:33:54 PM] [gpbWx#4] Nate TenPenny: caused an explosion (BLIMP)
[1:33:54 PM] [gpbWx#4] Nate TenPenny: caused an explosion (BLIMP)
[1:33:54 PM] [gpbWx#4] Nate TenPenny: caused an explosion (BLIMP)
[1:34:30 PM] [gpbWx#4] Nate TenPenny: caused an explosion (PLANE)
[1:34:30 PM] [gpbWx#4] Nate TenPenny: caused an explosion (PLANE)
[1:34:33 PM] [gpbWx#4] Nate TenPenny: caused an explosion (ROCKET)
[3:01:06 PM] [gpbWx#5] Sam: joined with identifiers [steam:110000112d24b4f; license:6d2ec1a26c48df57b80c04e11d5c8dfb560bb4b3; xbl:2535421980170934; live:914797987069091]
[3:03:50 PM] [gpbWx#5] Sam: disconnected (Game crashed: GTA5_b1604.exe!GENERIC::OPERATOR::NEW (0x0))
[3:07:53 PM] [gpbWx#6] Sam: joined with identifiers [steam:110000112d24b4f; license:6d2ec1a26c48df57b80c04e11d5c8dfb560bb4b3; xbl:2535421980170934; live:914797987069091]
[3:10:49 PM] [gpbWx#4] Nate TenPenny: disconnected (Server shutting down: SIGHUP received)
[3:10:49 PM] [gpbWx#6] Sam: disconnected (Server shutting down: SIGHUP received)

================================================================
======== txAdmin Starting - 3/20/2022, 3:12:10 PM               
================================================================
[3:12:21 PM] txAdmin: Logger started
[3:14:25 PM] [gtm8N#1] Sam: joined with identifiers [steam:110000112d24b4f; license:6d2ec1a26c48df57b80c04e11d5c8dfb560bb4b3; xbl:2535421980170934; live:914797987069091]
[3:15:56 PM] [gtm8N#1] Sam: disconnected (Game crashed: GTA5_b1604.exe!GENERIC::OPERATOR::NEW (0x0))
[3:26:16 PM] [gtm8N#2] Samael "Gage" Wayne: joined with identifiers [steam:110000112d24b4f; license:6d2ec1a26c48df57b80c04e11d5c8dfb560bb4b3; xbl:2535421980170934; live:914797987069091]
[3:37:25 PM] [gtm8N#2] Samael "Gage" Wayne: disconnected (Exiting)
[3:38:28 PM] [gtm8N#3] Samael "Gage" Wayne: joined with identifiers [steam:110000112d24b4f; license:6d2ec1a26c48df57b80c04e11d5c8dfb560bb4b3; xbl:2535421980170934; live:914797987069091]
[3:48:21 PM] [gtm8N#3] Samael "Gage" Wayne: disconnected (Server->client connection timed out. Last seen 51046 msec ago.)
[5:01:12 PM] [gtm8N#4] Samael "Gage" Wayne: joined with identifiers [steam:110000112d24b4f; license:6d2ec1a26c48df57b80c04e11d5c8dfb560bb4b3; xbl:2535421980170934; live:914797987069091]
[5:14:20 PM] [gtm8N#5] Nate TenPenny: joined with identifiers [steam:110000102449b2e; license:6c3844e01c075ca0b2c4354bcf250cb701b66c7b; xbl:2533274854325254; live:844427431245709; discord:185901595744010241; fivem:45488; license2:6c3844e01c075ca0b2c4354bcf250cb701b66c7b]
[5:19:03 PM] [gtm8N#4] Samael "Gage" Wayne: died from Fist by Nate TenPenny
[5:19:09 PM] [gtm8N#4] Samael "Gage" Wayne: said "n*****"
[5:19:16 PM] [gtm8N#4] Samael "Gage" Wayne: said "/revive"
[5:19:17 PM] [gtm8N#5] Nate TenPenny: said "nagger?"
[5:19:20 PM] [gtm8N#4] Samael "Gage" Wayne: said "yes"
[5:19:25 PM] [gtm8N#4] Samael "Gage" Wayne: said "lol"
[5:19:51 PM] [gtm8N#5] Nate TenPenny: died from suicide
[5:19:55 PM] [gtm8N#5] Nate TenPenny: said "/revive"
[5:20:04 PM] [gtm8N#5] Nate TenPenny: died from suicide (Falling)
[5:21:07 PM] [gtm8N#5] Nate TenPenny: said "/revive"
[5:22:06 PM] [gtm8N#6] tristian: joined with identifiers [steam:110000149a345d7; license:8010bf55b20ed242a3bed996b7a02827e241d9c9; xbl:2535428787676923; live:1055519341983224; discord:837063941271191573; fivem:5113192; license2:e1f7dd9cf02fa891017731e97e8442a452f27b80]
[5:23:26 PM] [gtm8N#5] Nate TenPenny: caused an explosion (PLANE)
[5:23:26 PM] [gtm8N#5] Nate TenPenny: caused an explosion (PLANE)
[5:23:26 PM] [gtm8N#5] Nate TenPenny: caused an explosion (PLANE)
[5:23:26 PM] [gtm8N#5] Nate TenPenny: caused an explosion (PLANE)
[5:23:26 PM] [gtm8N#5] Nate TenPenny: died from suicide (Explosion)
[5:24:46 PM] [gtm8N#5] Nate TenPenny: said "/revive"
[5:26:41 PM] [gtm8N#5] Nate TenPenny: caused an explosion (PLANE)
[5:26:41 PM] [gtm8N#5] Nate TenPenny: caused an explosion (PLANE)
[5:26:41 PM] [gtm8N#5] Nate TenPenny: caused an explosion (PLANE)
[5:26:41 PM] [gtm8N#5] Nate TenPenny: caused an explosion (PLANE)
[5:26:41 PM] [gtm8N#5] Nate TenPenny: died from suicide (Explosion)
[5:26:50 PM] [gtm8N#5] Nate TenPenny: said "/revive"
[5:27:25 PM] [gtm8N#6] tristian: disconnected (Exiting)
[5:27:27 PM] [gtm8N#5] Nate TenPenny: said "/switch"
[5:28:17 PM] [gtm8N#5] Nate TenPenny: died from suicide
[5:28:30 PM] [gtm8N#5] Nate TenPenny: said "/revive"
[5:29:17 PM] [gtm8N#4] Samael "Gage" Wayne: said "/dv"
[5:31:47 PM] [gtm8N#7] tristian: joined with identifiers [steam:110000149a345d7; license:8010bf55b20ed242a3bed996b7a02827e241d9c9; xbl:2535428787676923; live:1055519341983224; discord:837063941271191573; fivem:5113192; license2:e1f7dd9cf02fa891017731e97e8442a452f27b80]
[5:33:39 PM] [gtm8N#7] tristian: disconnected (Exiting)
[5:35:14 PM] [gtm8N#8] tristian: joined with identifiers [steam:110000149a345d7; license:8010bf55b20ed242a3bed996b7a02827e241d9c9; xbl:2535428787676923; live:1055519341983224; discord:837063941271191573; fivem:5113192; license2:e1f7dd9cf02fa891017731e97e8442a452f27b80]
[5:36:04 PM] [gtm8N#4] Samael "Gage" Wayne: died from suicide (Falling)
[5:36:07 PM] [gtm8N#4] Samael "Gage" Wayne: said "/REVIVE"
[5:36:11 PM] [gtm8N#4] Samael "Gage" Wayne: said "/revive"
[5:47:27 PM] [gtm8N#8] tristian: disconnected (Exiting)
[5:51:53 PM] [gtm8N#4] Samael "Gage" Wayne: said "/dv"
[5:51:58 PM] [gtm8N#4] Samael "Gage" Wayne: disconnected (Exiting)
[5:53:11 PM] [gtm8N#5] Nate TenPenny: disconnected (Server shutting down: SIGHUP received)

================================================================
======== txAdmin Starting - 3/20/2022, 5:53:17 PM               
================================================================
[5:54:07 PM] txAdmin: Logger started
[5:56:27 PM] [3A7NM#1] Ethan Rubinacci: joined with identifiers [steam:110000106d81f17; license:29a1486f20d95134646534c3de37ff11e7c1f3e3; xbl:2533274921566674; live:2040691484489962; discord:134438206576787456; fivem:19530]
[5:58:35 PM] [3A7NM#1] Ethan Rubinacci: caused an explosion (CAR)
[5:58:37 PM] [3A7NM#1] Ethan Rubinacci: caused an explosion (CAR)
[5:58:37 PM] [3A7NM#1] Ethan Rubinacci: caused an explosion (CAR)
[5:58:38 PM] [3A7NM#1] Ethan Rubinacci: caused an explosion (CAR)
[5:58:40 PM] [3A7NM#1] Ethan Rubinacci: caused an explosion (CAR)
[5:58:44 PM] [3A7NM#1] Ethan Rubinacci: caused an explosion (CAR)
[6:02:00 PM] [3A7NM#1] Ethan Rubinacci: disconnected (Server->client connection timed out. Last seen 30632 msec ago.)
[6:02:01 PM] [3A7NM#2] Samael "Gage" Wayne: joined with identifiers [steam:110000112d24b4f; license:6d2ec1a26c48df57b80c04e11d5c8dfb560bb4b3; xbl:2535421980170934; live:914797987069091; fivem:6353258]
[6:03:30 PM] [3A7NM#2] Samael "Gage" Wayne: caused an explosion (CAR)
[6:03:36 PM] [3A7NM#2] Samael "Gage" Wayne: caused an explosion (CAR)
[6:03:39 PM] [3A7NM#2] Samael "Gage" Wayne: caused an explosion (CAR)
[6:03:42 PM] [3A7NM#2] Samael "Gage" Wayne: caused an explosion (CAR)
[6:03:43 PM] [3A7NM#2] Samael "Gage" Wayne: caused an explosion (CAR)
[6:04:06 PM] [3A7NM#3] Nate TenPenny: joined with identifiers [steam:110000102449b2e; license:6c3844e01c075ca0b2c4354bcf250cb701b66c7b; xbl:2533274854325254; live:844427431245709; discord:185901595744010241; fivem:45488; license2:6c3844e01c075ca0b2c4354bcf250cb701b66c7b]
[6:05:26 PM] [3A7NM#2] Samael "Gage" Wayne: said "ds"

================================================================
======== txAdmin Starting - 3/20/2022, 6:09:58 PM               
================================================================
[6:10:08 PM] txAdmin: Logger started
[6:10:53 PM] [d6iCy#1] Nate TenPenny: joined with identifiers [steam:110000102449b2e; license:6c3844e01c075ca0b2c4354bcf250cb701b66c7b; xbl:2533274854325254; live:844427431245709; discord:185901595744010241; fivem:45488; license2:6c3844e01c075ca0b2c4354bcf250cb701b66c7b]
[6:10:55 PM] [d6iCy#2] Ethan Rubinacci: joined with identifiers [steam:110000106d81f17; license:29a1486f20d95134646534c3de37ff11e7c1f3e3; xbl:2533274921566674; live:2040691484489962; discord:134438206576787456; fivem:19530]
[6:13:48 PM] [d6iCy#1] Nate TenPenny: died from suicide (Ranover by Vehicle)
[6:13:52 PM] [d6iCy#1] Nate TenPenny: said "/revive\"
[6:13:54 PM] [d6iCy#1] Nate TenPenny: said "/revive"
[6:36:51 PM] [d6iCy#2] Ethan Rubinacci: disconnected (Exiting)
[6:45:41 PM] [d6iCy#1] Nate TenPenny: died from suicide (Falling)
[6:45:45 PM] [d6iCy#1] Nate TenPenny: said "/revive"
[6:45:51 PM] [d6iCy#1] Nate TenPenny: said "/exit"
[6:45:54 PM] [d6iCy#1] Nate TenPenny: said "/exit"
[6:45:57 PM] [d6iCy#1] Nate TenPenny: disconnected (Exiting)

================================================================
======== txAdmin Starting - 3/20/2022, 6:47:52 PM               
================================================================
[6:48:03 PM] txAdmin: Logger started

================================================================
======== txAdmin Starting - 3/20/2022, 6:48:45 PM               
================================================================
[6:48:56 PM] txAdmin: Logger started
[6:50:04 PM] [U8JFX#1] Ethan Rubinacci: joined with identifiers [steam:110000106d81f17; license:29a1486f20d95134646534c3de37ff11e7c1f3e3; xbl:2533274921566674; live:2040691484489962; discord:134438206576787456; fivem:19530]
[6:51:23 PM] [U8JFX#1] Ethan Rubinacci: caused an explosion (CAR)
[6:51:23 PM] [U8JFX#1] Ethan Rubinacci: caused an explosion (CAR)
[6:51:23 PM] [U8JFX#1] Ethan Rubinacci: caused an explosion (CAR)
[6:51:23 PM] [U8JFX#1] Ethan Rubinacci: caused an explosion (CAR)
[6:51:42 PM] [U8JFX#2] Samael "Gage" Wayne: joined with identifiers [steam:110000112d24b4f; license:6d2ec1a26c48df57b80c04e11d5c8dfb560bb4b3; xbl:2535421980170934; live:914797987069091; discord:195052712243494913; fivem:6353258]
[6:52:13 PM] [U8JFX#1] Ethan Rubinacci: said "/dv"
[6:53:03 PM] [U8JFX#1] Ethan Rubinacci: said "/dv"
[6:53:30 PM] [U8JFX#2] Samael "Gage" Wayne: said "da"
[6:53:53 PM] [U8JFX#2] Samael "Gage" Wayne: said "s"
[7:18:23 PM] [U8JFX#2] Samael "Gage" Wayne: disconnected (Game crashed: GTA5_b1604.exe!__alloc_aligned (0x0))
[7:19:48 PM] [U8JFX#1] Ethan Rubinacci: said "/dv"
[7:19:52 PM] [U8JFX#1] Ethan Rubinacci: said "/dv"
[7:21:02 PM] [U8JFX#3] Samael "Gage" Wayne: joined with identifiers [steam:110000112d24b4f; license:6d2ec1a26c48df57b80c04e11d5c8dfb560bb4b3; xbl:2535421980170934; live:914797987069091; discord:195052712243494913; fivem:6353258]
[7:23:14 PM] [U8JFX#3] Samael "Gage" Wayne: said "a"
[7:27:52 PM] [U8JFX#1] Ethan Rubinacci: said "/dv"
[7:45:18 PM] [U8JFX#1] Ethan Rubinacci: died from suicide (Revolver)
[7:45:24 PM] [U8JFX#1] Ethan Rubinacci: said "/revive"
[7:49:54 PM] [U8JFX#1] Ethan Rubinacci: said "/dv"
[7:52:59 PM] [U8JFX#1] Ethan Rubinacci: said "/dv"
[7:54:31 PM] [U8JFX#3] Samael "Gage" Wayne: caused an explosion (GRENADE)
[7:54:31 PM] [U8JFX#3] Samael "Gage" Wayne: caused an explosion (CAR)
[7:55:20 PM] [U8JFX#3] Samael "Gage" Wayne: said "/dv"
[7:57:35 PM] [U8JFX#3] Samael "Gage" Wayne: caused an explosion (GRENADE)
[7:59:04 PM] [U8JFX#4] tristian: joined with identifiers [steam:110000149a345d7; license:8010bf55b20ed242a3bed996b7a02827e241d9c9; xbl:2535428787676923; live:1055519341983224; discord:837063941271191573; fivem:5113192; license2:e1f7dd9cf02fa891017731e97e8442a452f27b80]
[8:00:45 PM] [U8JFX#3] Samael "Gage" Wayne: died from Ranover by Vehicle by Ethan Rubinacci
[8:00:55 PM] [U8JFX#3] Samael "Gage" Wayne: said "/revive"
[8:02:51 PM] [U8JFX#1] Ethan Rubinacci: disconnected (Exiting)
[8:03:07 PM] [U8JFX#3] Samael "Gage" Wayne: said "/dv"
[8:03:11 PM] [U8JFX#3] Samael "Gage" Wayne: said "dv"
[8:03:14 PM] [U8JFX#3] Samael "Gage" Wayne: said "/dv"
[8:03:17 PM] [U8JFX#3] Samael "Gage" Wayne: said "/dv"
[8:04:22 PM] [U8JFX#3] Samael "Gage" Wayne: died from suicide (Falling)
[8:04:26 PM] [U8JFX#3] Samael "Gage" Wayne: said "/revive"
[8:08:46 PM] [U8JFX#5] Ethan Rubinacci: joined with identifiers [steam:110000106d81f17; license:29a1486f20d95134646534c3de37ff11e7c1f3e3; xbl:2533274921566674; live:2040691484489962; discord:134438206576787456; fivem:19530]
[8:14:02 PM] [U8JFX#4] tristian: said "/me beat the living hell out of woman"
[8:14:39 PM] [U8JFX#3] Samael "Gage" Wayne: died from Night Stick by tristian
[8:15:02 PM] [U8JFX#4] tristian: said "takes money"
[8:16:20 PM] [U8JFX#3] Samael "Gage" Wayne: said "/revive"
[8:16:21 PM] [U8JFX#3] Samael "Gage" Wayne: said "/dv"
[8:21:27 PM] [U8JFX#3] Samael "Gage" Wayne: disconnected (Server->client connection timed out. Last seen 36993 msec ago.)
[8:22:11 PM] [U8JFX#6] Samael "Gage" Wayne: joined with identifiers [steam:110000112d24b4f; license:6d2ec1a26c48df57b80c04e11d5c8dfb560bb4b3; xbl:2535421980170934; live:914797987069091; discord:195052712243494913; fivem:6353258]
[8:23:48 PM] [U8JFX#6] Samael "Gage" Wayne: disconnected (Game crashed: GTA5_b1604.exe!GENERIC::OPERATOR::NEW (0x0))
[8:26:06 PM] [U8JFX#7] Samael "Gage" Wayne: joined with identifiers [steam:110000112d24b4f; license:6d2ec1a26c48df57b80c04e11d5c8dfb560bb4b3; xbl:2535421980170934; live:914797987069091; discord:195052712243494913; fivem:6353258]
[8:27:37 PM] [U8JFX#7] Samael "Gage" Wayne: disconnected (Game crashed: GTA5_b1604.exe!GENERIC::OPERATOR::NEW (0x0))
[8:29:30 PM] [U8JFX#5] Ethan Rubinacci: said "/dv"
[8:29:35 PM] [U8JFX#4] tristian: said "/dv"
[8:31:45 PM] [U8JFX#8] Samael "Gage" Wayne: joined with identifiers [steam:110000112d24b4f; license:6d2ec1a26c48df57b80c04e11d5c8dfb560bb4b3; xbl:2535421980170934; live:914797987069091; discord:195052712243494913; fivem:6353258]
[8:36:18 PM] [U8JFX#4] tristian: caused an explosion (GAS_TANK)
[8:37:56 PM] [U8JFX#8] Samael "Gage" Wayne: said "/do puts cocaine in mailbox"
[8:41:28 PM] [U8JFX#8] Samael "Gage" Wayne: said "/dv"
[8:43:55 PM] [U8JFX#5] Ethan Rubinacci: said "/dv"
[8:58:49 PM] [U8JFX#4] tristian: said "/dv"
[9:07:50 PM] [U8JFX#5] Ethan Rubinacci: said "/dv"
[9:12:28 PM] [U8JFX#4] tristian: caused an explosion (CAR)
[9:12:29 PM] [U8JFX#4] tristian: caused an explosion (CAR)
[9:12:32 PM] [U8JFX#4] tristian: caused an explosion (CAR)
[9:12:32 PM] [U8JFX#4] tristian: caused an explosion (CAR)
[9:12:37 PM] [U8JFX#4] tristian: caused an explosion (CAR)
[9:12:39 PM] [U8JFX#4] tristian: caused an explosion (CAR)
[9:12:40 PM] [U8JFX#4] tristian: caused an explosion (CAR)
[9:12:41 PM] [U8JFX#4] tristian: caused an explosion (CAR)
[9:12:42 PM] [U8JFX#4] tristian: caused an explosion (CAR)
[9:12:47 PM] [U8JFX#4] tristian: caused an explosion (CAR)
[9:12:48 PM] [U8JFX#4] tristian: caused an explosion (CAR)
[9:12:51 PM] [U8JFX#4] tristian: caused an explosion (TRUCK)
[9:12:52 PM] [U8JFX#4] tristian: caused an explosion (CAR)
[9:12:52 PM] [U8JFX#4] tristian: caused an explosion (CAR)
[9:12:53 PM] [U8JFX#4] tristian: caused an explosion (TRUCK)
[9:12:59 PM] [U8JFX#4] tristian: caused an explosion (CAR)
[9:13:05 PM] [U8JFX#4] tristian: caused an explosion (CAR)
[9:13:06 PM] [U8JFX#4] tristian: caused an explosion (CAR)
[9:13:09 PM] [U8JFX#4] tristian: caused an explosion (TRUCK)
[9:13:18 PM] [U8JFX#4] tristian: caused an explosion (CAR)
[9:13:21 PM] [U8JFX#4] tristian: caused an explosion (CAR)
[9:13:35 PM] [U8JFX#4] tristian: caused an explosion (CAR)
[9:13:42 PM] [U8JFX#4] tristian: caused an explosion (CAR)
[9:13:45 PM] [U8JFX#4] tristian: caused an explosion (CAR)
[9:13:55 PM] [U8JFX#4] tristian: caused an explosion (TRUCK)
[9:14:01 PM] [U8JFX#4] tristian: caused an explosion (TRUCK)
[9:14:07 PM] [U8JFX#4] tristian: caused an explosion (CAR)
[9:14:08 PM] [U8JFX#4] tristian: caused an explosion (CAR)
[9:14:08 PM] [U8JFX#4] tristian: caused an explosion (CAR)
[9:14:14 PM] [U8JFX#4] tristian: caused an explosion (CAR)
[9:14:15 PM] [U8JFX#4] tristian: caused an explosion (CAR)
[9:14:17 PM] [U8JFX#4] tristian: caused an explosion (CAR)
[9:14:17 PM] [U8JFX#4] tristian: caused an explosion (CAR)
[9:14:22 PM] [U8JFX#4] tristian: caused an explosion (TRUCK)
[9:14:23 PM] [U8JFX#4] tristian: caused an explosion (CAR)
[9:14:25 PM] [U8JFX#4] tristian: caused an explosion (CAR)
[9:14:29 PM] [U8JFX#4] tristian: caused an explosion (CAR)
[9:14:30 PM] [U8JFX#4] tristian: caused an explosion (CAR)
[9:14:33 PM] [U8JFX#4] tristian: caused an explosion (CAR)
[9:14:34 PM] [U8JFX#4] tristian: caused an explosion (TRUCK)
[9:14:36 PM] [U8JFX#4] tristian: caused an explosion (CAR)
[9:14:36 PM] [U8JFX#4] tristian: caused an explosion (CAR)
[9:14:40 PM] [U8JFX#4] tristian: caused an explosion (CAR)
[9:14:42 PM] [U8JFX#4] tristian: caused an explosion (CAR)
[9:14:43 PM] [U8JFX#4] tristian: caused an explosion (CAR)
[9:14:44 PM] [U8JFX#4] tristian: caused an explosion (CAR)
[9:14:44 PM] [U8JFX#4] tristian: caused an explosion (CAR)
[9:14:45 PM] [U8JFX#4] tristian: caused an explosion (CAR)
[9:14:47 PM] [U8JFX#4] tristian: caused an explosion (CAR)
[9:14:47 PM] [U8JFX#4] tristian: caused an explosion (CAR)
[9:14:47 PM] [U8JFX#4] tristian: caused an explosion (CAR)
[9:16:50 PM] [U8JFX#5] Ethan Rubinacci: said "/dv"
[9:27:58 PM] [U8JFX#4] tristian: died from Pistol Mk2 by Ethan Rubinacci
[9:28:36 PM] [U8JFX#4] tristian: said "revive"
[9:28:38 PM] [U8JFX#4] tristian: said "/revive"
[9:33:29 PM] [U8JFX#4] tristian: disconnected (Server->client connection timed out. Last seen 36460 msec ago.)
[9:35:43 PM] [U8JFX#9] tristian: joined with identifiers [steam:110000149a345d7; license:8010bf55b20ed242a3bed996b7a02827e241d9c9; xbl:2535428787676923; live:1055519341983224; discord:837063941271191573; fivem:5113192; license2:e1f7dd9cf02fa891017731e97e8442a452f27b80]
[9:36:06 PM] [U8JFX#9] tristian: disconnected (Exiting)
[9:37:02 PM] [U8JFX#10] tristian: joined with identifiers [steam:110000149a345d7; license:8010bf55b20ed242a3bed996b7a02827e241d9c9; xbl:2535428787676923; live:1055519341983224; discord:837063941271191573; fivem:5113192; license2:e1f7dd9cf02fa891017731e97e8442a452f27b80]
[9:38:53 PM] [U8JFX#8] Samael "Gage" Wayne: caused an explosion (PLANE_ROCKET)
[9:38:56 PM] [U8JFX#8] Samael "Gage" Wayne: caused an explosion (PLANE_ROCKET)
[9:38:57 PM] [U8JFX#8] Samael "Gage" Wayne: caused an explosion (CAR)
[9:39:33 PM] [U8JFX#8] Samael "Gage" Wayne: caused an explosion (PLANE)
[9:39:33 PM] [U8JFX#8] Samael "Gage" Wayne: caused an explosion (PLANE)
[9:39:33 PM] [U8JFX#8] Samael "Gage" Wayne: died from suicide (Explosion)
[9:39:33 PM] [U8JFX#5] Ethan Rubinacci: said "/dv"
[9:39:38 PM] [U8JFX#8] Samael "Gage" Wayne: said "/revive"
[9:41:14 PM] [U8JFX#5] Ethan Rubinacci: said "/dv"
[9:41:18 PM] [U8JFX#5] Ethan Rubinacci: disconnected (Exiting)
[9:41:23 PM] [U8JFX#8] Samael "Gage" Wayne: disconnected (Exiting)
[9:53:14 PM] [U8JFX#10] tristian: said "/fv"
[9:53:16 PM] [U8JFX#10] tristian: said "/dc"
[9:53:17 PM] [U8JFX#10] tristian: said "/dv"
[9:55:30 PM] [U8JFX#10] tristian: said "/dv"
[10:01:39 PM] [U8JFX#10] tristian: said "/dv"
[10:09:33 PM] [U8JFX#10] tristian: said "/dv"
[10:09:48 PM] [U8JFX#10] tristian: disconnected (Entering Rockstar Editor)
