
================================================================
======== Log Rotated - 4/1/2022, 12:00:00 AM                    
================================================================

================================================================
======== txAdmin Starting - 4/1/2022, 12:38:03 AM               
================================================================
[12:38:09 AM] txAdmin: Logger started

================================================================
======== txAdmin Starting - 4/1/2022, 1:09:21 AM                
================================================================
[1:09:27 AM] txAdmin: Logger started
[1:11:17 AM] [YyfkW#1] Ethan Rubinacci: joined with identifiers [steam:110000106d81f17; license:29a1486f20d95134646534c3de37ff11e7c1f3e3; xbl:2533274921566674; live:2040691484489962; discord:134438206576787456; fivem:19530]
[1:13:20 AM] [YyfkW#1] Ethan Rubinacci: caused an explosion (CAR)
[1:13:20 AM] [YyfkW#1] Ethan Rubinacci: caused an explosion (CAR)
[1:13:20 AM] [YyfkW#1] Ethan Rubinacci: caused an explosion (CAR)
[1:13:20 AM] [YyfkW#1] Ethan Rubinacci: caused an explosion (CAR)
[1:13:20 AM] [YyfkW#1] Ethan Rubinacci: caused an explosion (CAR)
[1:13:20 AM] [YyfkW#1] Ethan Rubinacci: caused an explosion (CAR)
[1:13:20 AM] [YyfkW#1] Ethan Rubinacci: caused an explosion (CAR)
[1:13:20 AM] [YyfkW#1] Ethan Rubinacci: caused an explosion (CAR)
[1:13:20 AM] [YyfkW#1] Ethan Rubinacci: caused an explosion (CAR)
[1:13:20 AM] [YyfkW#1] Ethan Rubinacci: caused an explosion (CAR)
[1:13:20 AM] [YyfkW#1] Ethan Rubinacci: caused an explosion (CAR)
[1:13:20 AM] [YyfkW#1] Ethan Rubinacci: caused an explosion (CAR)
[1:13:20 AM] [YyfkW#1] Ethan Rubinacci: caused an explosion (CAR)
[1:13:20 AM] [YyfkW#1] Ethan Rubinacci: caused an explosion (CAR)
[1:13:20 AM] [YyfkW#1] Ethan Rubinacci: caused an explosion (CAR)
[1:13:20 AM] [YyfkW#1] Ethan Rubinacci: caused an explosion (CAR)
[1:13:20 AM] [YyfkW#1] Ethan Rubinacci: caused an explosion (CAR)
[1:13:20 AM] [YyfkW#1] Ethan Rubinacci: caused an explosion (CAR)
[1:13:20 AM] [YyfkW#1] Ethan Rubinacci: caused an explosion (CAR)
[1:13:20 AM] [YyfkW#1] Ethan Rubinacci: caused an explosion (CAR)
[1:13:20 AM] [YyfkW#1] Ethan Rubinacci: caused an explosion (CAR)
[1:13:20 AM] [YyfkW#1] Ethan Rubinacci: caused an explosion (CAR)
[1:13:20 AM] [YyfkW#1] Ethan Rubinacci: caused an explosion (CAR)
[1:13:20 AM] [YyfkW#1] Ethan Rubinacci: caused an explosion (CAR)
[1:13:20 AM] [YyfkW#1] Ethan Rubinacci: caused an explosion (CAR)
[1:13:20 AM] [YyfkW#1] Ethan Rubinacci: caused an explosion (CAR)
[1:13:20 AM] [YyfkW#1] Ethan Rubinacci: caused an explosion (CAR)
[1:13:20 AM] [YyfkW#1] Ethan Rubinacci: caused an explosion (CAR)
[1:13:39 AM] [YyfkW#1] Ethan Rubinacci: died from suicide
[1:13:45 AM] [YyfkW#1] Ethan Rubinacci: said "/revive"
[1:16:25 AM] [YyfkW#1] Ethan Rubinacci: disconnected (Exiting)

================================================================
======== txAdmin Starting - 4/1/2022, 2:14:22 AM                
================================================================
[2:14:27 AM] txAdmin: Logger started

================================================================
======== txAdmin Starting - 4/1/2022, 2:15:01 AM                
================================================================
[2:15:07 AM] txAdmin: Logger started
[2:15:37 AM] [JAfiY#1] B34R: joined with identifiers [steam:1100001161dde30; license:d1701434a075a4dea66c41c041b1cbbf4f56741a; xbl:2535425999625569; live:1055521813911644; discord:421883819231150091; license2:66587b586b3d27a60a7637f497815262732cf4ee]
[2:16:25 AM] [JAfiY#1] B34R: caused an explosion (CAR)
[2:16:25 AM] [JAfiY#1] B34R: caused an explosion (CAR)
[2:16:25 AM] [JAfiY#1] B34R: caused an explosion (CAR)
[2:16:25 AM] [JAfiY#1] B34R: caused an explosion (CAR)
[2:16:25 AM] [JAfiY#1] B34R: caused an explosion (CAR)
[2:16:25 AM] [JAfiY#1] B34R: caused an explosion (CAR)
[2:16:25 AM] [JAfiY#1] B34R: caused an explosion (CAR)
[2:16:25 AM] [JAfiY#1] B34R: caused an explosion (CAR)
[2:16:25 AM] [JAfiY#1] B34R: caused an explosion (CAR)
[2:16:25 AM] [JAfiY#1] B34R: caused an explosion (CAR)
[2:21:57 AM] [JAfiY#1] B34R: said "/qiuiot"
[2:21:58 AM] [JAfiY#1] B34R: said "/quoqtq"
[2:21:59 AM] [JAfiY#1] B34R: said "/quti"
[2:22:00 AM] [JAfiY#1] B34R: disconnected (Exiting)
[2:23:47 AM] [JAfiY#2] B34R: joined with identifiers [steam:1100001161dde30; license:d1701434a075a4dea66c41c041b1cbbf4f56741a; xbl:2535425999625569; live:1055521813911644; discord:421883819231150091; license2:66587b586b3d27a60a7637f497815262732cf4ee]
[2:27:22 AM] txAdmin: Logger started
[2:28:30 AM] [LKFqF#1] B34R: joined with identifiers [steam:1100001161dde30; license:d1701434a075a4dea66c41c041b1cbbf4f56741a; xbl:2535425999625569; live:1055521813911644; discord:421883819231150091; license2:66587b586b3d27a60a7637f497815262732cf4ee]
[2:29:36 AM] [LKFqF#1] B34R: caused an explosion (PETROL_PUMP)
[2:29:36 AM] [LKFqF#1] B34R: caused an explosion (CAR)
[2:29:36 AM] [LKFqF#1] B34R: caused an explosion (PETROL_PUMP)
[2:29:36 AM] [LKFqF#1] B34R: caused an explosion (PETROL_PUMP)
[2:29:36 AM] [LKFqF#1] B34R: died from suicide (Explosion)
[2:29:43 AM] [LKFqF#1] B34R: said "/revive"
[2:29:45 AM] [LKFqF#1] B34R: said "/q"
[2:35:28 AM] [LKFqF#1] B34R: caused an explosion (CAR)
[2:35:28 AM] [LKFqF#1] B34R: died from suicide (Explosion)
[2:35:46 AM] [LKFqF#1] B34R: said "/revive"
[2:38:41 AM] [LKFqF#1] B34R: said "/q0qwuiot"
[2:38:43 AM] [LKFqF#1] B34R: said "/qyqiptu"
[2:38:44 AM] [LKFqF#1] B34R: disconnected (Exiting)

================================================================
======== txAdmin Starting - 4/1/2022, 3:13:46 AM                
================================================================
[3:13:53 AM] txAdmin: Logger started
[4:14:14 AM] txAdmin: Logger started
[4:17:24 AM] txAdmin: Logger started
[4:17:35 AM] txAdmin: Logger started

================================================================
======== txAdmin Starting - 4/1/2022, 4:19:28 AM                
================================================================
[4:19:34 AM] txAdmin: Logger started

================================================================
======== txAdmin Starting - 4/1/2022, 4:21:58 AM                
================================================================
[4:22:07 AM] txAdmin: Logger started

================================================================
======== txAdmin Starting - 4/1/2022, 4:36:25 AM                
================================================================
[4:36:32 AM] txAdmin: Logger started
[9:16:09 AM] [f878e#1] Samael "Gage" Wayne: joined with identifiers [steam:110000112d24b4f; license:6d2ec1a26c48df57b80c04e11d5c8dfb560bb4b3; xbl:2535421980170934; live:914797987069091]
[9:17:34 AM] [f878e#1] Samael "Gage" Wayne: caused an explosion (CAR)
[9:17:34 AM] [f878e#1] Samael "Gage" Wayne: caused an explosion (CAR)
[9:17:36 AM] [f878e#1] Samael "Gage" Wayne: caused an explosion (CAR)
[9:17:36 AM] [f878e#1] Samael "Gage" Wayne: caused an explosion (CAR)
[9:30:15 AM] [f878e#1] Samael "Gage" Wayne: said "/DV"
[9:49:56 AM] [f878e#1] Samael "Gage" Wayne: said "/dv"
[9:53:37 AM] [f878e#1] Samael "Gage" Wayne: disconnected (Server->client connection timed out. Last seen 32322 msec ago.)
[1:47:47 PM] [f878e#2] Ethan Rubinacci: joined with identifiers [steam:110000106d81f17; license:29a1486f20d95134646534c3de37ff11e7c1f3e3; xbl:2533274921566674; live:2040691484489962; discord:134438206576787456; fivem:6346624]
[1:47:58 PM] [f878e#2] Ethan Rubinacci: disconnected (Exiting)

================================================================
======== txAdmin Starting - 4/1/2022, 1:50:52 PM                
================================================================
[1:51:13 PM] txAdmin: Logger started
[1:55:11 PM] [ng738#1] Ethan Rubinacci: joined with identifiers [steam:110000106d81f17; license:29a1486f20d95134646534c3de37ff11e7c1f3e3; xbl:2533274921566674; live:2040691484489962; discord:134438206576787456; fivem:6346624]
[1:58:54 PM] [ng738#1] Ethan Rubinacci: disconnected (Exiting)

================================================================
======== txAdmin Starting - 4/1/2022, 1:59:32 PM                
================================================================
[1:59:44 PM] txAdmin: Logger started
[2:00:58 PM] [CmGYi#1] Ethan Rubinacci: joined with identifiers [steam:110000106d81f17; license:29a1486f20d95134646534c3de37ff11e7c1f3e3; xbl:2533274921566674; live:2040691484489962; discord:134438206576787456; fivem:6346624]
[2:02:28 PM] [CmGYi#1] Ethan Rubinacci: caused an explosion (CAR)
[2:02:28 PM] [CmGYi#1] Ethan Rubinacci: caused an explosion (CAR)
[2:02:28 PM] [CmGYi#1] Ethan Rubinacci: caused an explosion (CAR)
[2:02:28 PM] [CmGYi#1] Ethan Rubinacci: caused an explosion (CAR)
[2:02:28 PM] [CmGYi#1] Ethan Rubinacci: caused an explosion (CAR)
[2:02:28 PM] [CmGYi#1] Ethan Rubinacci: caused an explosion (CAR)
[2:02:28 PM] [CmGYi#1] Ethan Rubinacci: caused an explosion (CAR)
[2:02:28 PM] [CmGYi#1] Ethan Rubinacci: caused an explosion (CAR)
[2:02:28 PM] [CmGYi#1] Ethan Rubinacci: caused an explosion (CAR)
[2:02:28 PM] [CmGYi#1] Ethan Rubinacci: caused an explosion (CAR)
[2:02:28 PM] [CmGYi#1] Ethan Rubinacci: caused an explosion (CAR)
[2:02:28 PM] [CmGYi#1] Ethan Rubinacci: caused an explosion (CAR)
[2:02:28 PM] [CmGYi#1] Ethan Rubinacci: caused an explosion (CAR)
[2:02:28 PM] [CmGYi#1] Ethan Rubinacci: caused an explosion (CAR)
[2:02:28 PM] [CmGYi#1] Ethan Rubinacci: caused an explosion (CAR)
[2:03:19 PM] [CmGYi#2] B34R: joined with identifiers [steam:1100001161dde30; license:d1701434a075a4dea66c41c041b1cbbf4f56741a; xbl:2535425999625569; live:1055521813911644; discord:421883819231150091; license2:66587b586b3d27a60a7637f497815262732cf4ee]
[2:13:00 PM] [CmGYi#1] Ethan Rubinacci: said "/dv"
[2:16:59 PM] [CmGYi#1] Ethan Rubinacci: disconnected (Exiting)

================================================================
======== txAdmin Starting - 4/1/2022, 2:18:33 PM                
================================================================
[2:18:38 PM] txAdmin: Logger started
[7:59:32 PM] [yLzBz#1] B34R: joined with identifiers [steam:1100001161dde30; license:d1701434a075a4dea66c41c041b1cbbf4f56741a; xbl:2535425999625569; live:1055521813911644; discord:421883819231150091; license2:66587b586b3d27a60a7637f497815262732cf4ee]
[8:00:40 PM] [yLzBz#1] B34R: caused an explosion (CAR)
[8:00:40 PM] [yLzBz#1] B34R: caused an explosion (CAR)
[8:00:40 PM] [yLzBz#1] B34R: caused an explosion (CAR)
[8:00:40 PM] [yLzBz#1] B34R: caused an explosion (CAR)
[8:00:40 PM] [yLzBz#1] B34R: caused an explosion (CAR)
[8:00:40 PM] [yLzBz#1] B34R: caused an explosion (CAR)
[8:00:40 PM] [yLzBz#1] B34R: caused an explosion (CAR)
[8:00:40 PM] [yLzBz#1] B34R: caused an explosion (CAR)
[8:00:40 PM] [yLzBz#1] B34R: caused an explosion (CAR)
[8:00:41 PM] [yLzBz#1] B34R: caused an explosion (CAR)
[8:45:22 PM] [yLzBz#1] B34R: disconnected (Exiting)
