
================================================================
======== txAdmin Starting - 3/30/2022, 2:21:21 PM               
================================================================

================================================================
======== Log Rotated - 3/30/2022, 2:21:21 PM                    
================================================================
[2:21:36 PM] txAdmin: Logger started
[2:23:35 PM] [8VVfM#1] Ethan Rubinacci: joined with identifiers [steam:110000106d81f17; license:29a1486f20d95134646534c3de37ff11e7c1f3e3; xbl:2533274921566674; live:2040691484489962; discord:134438206576787456; fivem:19530]
[2:24:54 PM] [8VVfM#1] Ethan Rubinacci: caused an explosion (CAR)
[2:24:54 PM] [8VVfM#1] Ethan Rubinacci: caused an explosion (CAR)
[2:24:54 PM] [8VVfM#1] Ethan Rubinacci: caused an explosion (CAR)
[2:24:54 PM] [8VVfM#1] Ethan Rubinacci: caused an explosion (CAR)
[2:24:54 PM] [8VVfM#1] Ethan Rubinacci: caused an explosion (CAR)
[2:24:54 PM] [8VVfM#1] Ethan Rubinacci: caused an explosion (CAR)
[2:24:54 PM] [8VVfM#1] Ethan Rubinacci: caused an explosion (CAR)
[2:24:54 PM] [8VVfM#1] Ethan Rubinacci: caused an explosion (CAR)
[2:24:54 PM] [8VVfM#1] Ethan Rubinacci: caused an explosion (CAR)
[2:24:54 PM] [8VVfM#1] Ethan Rubinacci: caused an explosion (CAR)
[2:24:54 PM] [8VVfM#1] Ethan Rubinacci: caused an explosion (CAR)
[2:24:54 PM] [8VVfM#1] Ethan Rubinacci: caused an explosion (CAR)
[2:24:54 PM] [8VVfM#1] Ethan Rubinacci: caused an explosion (CAR)
[2:24:54 PM] [8VVfM#1] Ethan Rubinacci: caused an explosion (CAR)
[2:24:54 PM] [8VVfM#1] Ethan Rubinacci: caused an explosion (CAR)
[2:24:54 PM] [8VVfM#1] Ethan Rubinacci: caused an explosion (CAR)
[2:26:01 PM] [8VVfM#1] Ethan Rubinacci: disconnected (Exiting)

================================================================
======== txAdmin Starting - 3/30/2022, 2:26:59 PM               
================================================================
[2:27:04 PM] txAdmin: Logger started

================================================================
======== txAdmin Starting - 3/30/2022, 2:32:29 PM               
================================================================
[2:32:35 PM] txAdmin: Logger started
[2:33:44 PM] [zWzDg#1] Ethan Rubinacci: joined with identifiers [steam:110000106d81f17; license:29a1486f20d95134646534c3de37ff11e7c1f3e3; xbl:2533274921566674; live:2040691484489962; discord:134438206576787456; fivem:19530]
[2:50:13 PM] [zWzDg#1] Ethan Rubinacci: said "/cancelemote"
[2:50:33 PM] [zWzDg#1] Ethan Rubinacci: said "/dv"
[2:54:18 PM] [zWzDg#1] Ethan Rubinacci: said "/dv"
[2:56:56 PM] [zWzDg#1] Ethan Rubinacci: said "/dv"
[3:02:06 PM] [zWzDg#1] Ethan Rubinacci: disconnected (Entering Rockstar Editor)
[3:32:06 PM] [zWzDg#2] Austin: joined with identifiers [license:b579dd61d5980776f053f6cedad6136802734ade; xbl:2535411129072020; live:985153990713845; discord:289651580729556993; license2:f6b1f66c85691ec9e474ec0e7f3e20b59481818e]
[3:39:31 PM] [zWzDg#2] Austin: said "/vs"
[3:41:57 PM] [zWzDg#2] Austin: said "/showcad"
[3:42:04 PM] [zWzDg#2] Austin: said "/showcad"
[3:42:23 PM] [zWzDg#2] Austin: said "/showcad"
[3:42:47 PM] [zWzDg#2] Austin: said "/showcad"
[3:47:02 PM] [zWzDg#2] Austin: said "/restartsonorancad"
[3:47:06 PM] [zWzDg#2] Austin: said "/showcad"
[3:54:17 PM] [zWzDg#2] Austin: disconnected (Disconnected.)

================================================================
======== txAdmin Starting - 3/30/2022, 3:55:08 PM               
================================================================
[3:55:14 PM] txAdmin: Logger started
[3:56:48 PM] [YUFfn#1] Austin: joined with identifiers [license:b579dd61d5980776f053f6cedad6136802734ade; xbl:2535411129072020; live:985153990713845; discord:289651580729556993; license2:f6b1f66c85691ec9e474ec0e7f3e20b59481818e]
[3:57:15 PM] [YUFfn#1] Austin: said "/showcad"
[4:01:15 PM] [YUFfn#1] Austin: said "/showcad"
[4:03:12 PM] [YUFfn#1] Austin: said "/showcad"
[4:03:58 PM] [YUFfn#2] Samael "Gage" Wayne: joined with identifiers [steam:110000112d24b4f; license:6d2ec1a26c48df57b80c04e11d5c8dfb560bb4b3; xbl:2535421980170934; live:914797987069091; discord:195052712243494913]
[4:05:41 PM] [YUFfn#3] Ethan Rubinacci: joined with identifiers [steam:110000106d81f17; license:29a1486f20d95134646534c3de37ff11e7c1f3e3; xbl:2533274921566674; live:2040691484489962; discord:134438206576787456; fivem:19530]
[4:13:34 PM] [YUFfn#3] Ethan Rubinacci: said "astf150, astcvpi, ast14charger, ast20charger, ast20fpiu, ast09charger"
[4:13:49 PM] [YUFfn#3] Ethan Rubinacci: said "apd14charger, apd18tahoe (apd20tahoe)"
[4:15:23 PM] [YUFfn#1] Austin: disconnected (Exiting)
[4:15:50 PM] [YUFfn#4] Austin: joined with identifiers [license:b579dd61d5980776f053f6cedad6136802734ade; xbl:2535411129072020; live:985153990713845; discord:289651580729556993; license2:f6b1f66c85691ec9e474ec0e7f3e20b59481818e]
[4:18:32 PM] [YUFfn#4] Austin: said "hi"
[4:20:25 PM] [YUFfn#4] Austin: disconnected (Disconnected.)
[4:21:12 PM] [YUFfn#5] Austin: joined with identifiers [license:b579dd61d5980776f053f6cedad6136802734ade; xbl:2535411129072020; live:985153990713845; discord:289651580729556993; license2:f6b1f66c85691ec9e474ec0e7f3e20b59481818e]
[4:24:08 PM] [YUFfn#5] Austin: said "test"
[4:24:10 PM] [YUFfn#3] Ethan Rubinacci: disconnected (Exiting)
[4:24:15 PM] [YUFfn#5] Austin: said "/quit'"
[4:24:18 PM] [YUFfn#5] Austin: disconnected (Exiting)
[4:31:26 PM] [YUFfn#2] Samael "Gage" Wayne: caused an explosion (UNKNOWN)
[4:31:29 PM] [YUFfn#2] Samael "Gage" Wayne: caused an explosion (UNKNOWN)
[4:31:31 PM] [YUFfn#2] Samael "Gage" Wayne: caused an explosion (UNKNOWN)
[4:31:35 PM] [YUFfn#2] Samael "Gage" Wayne: caused an explosion (UNKNOWN)

================================================================
======== txAdmin Starting - 3/30/2022, 4:32:38 PM               
================================================================
[4:32:43 PM] txAdmin: Logger started
[4:38:11 PM] [bRby9#1] Ethan Rubinacci: joined with identifiers [steam:110000106d81f17; license:29a1486f20d95134646534c3de37ff11e7c1f3e3; xbl:2533274921566674; live:2040691484489962; discord:134438206576787456; fivem:19530]
[4:40:13 PM] [bRby9#1] Ethan Rubinacci: disconnected (Exiting)

================================================================
======== txAdmin Starting - 3/30/2022, 4:50:16 PM               
================================================================
[4:50:22 PM] txAdmin: Logger started
[4:52:05 PM] [KQkdA#1] Ethan Rubinacci: joined with identifiers [steam:110000106d81f17; license:29a1486f20d95134646534c3de37ff11e7c1f3e3; xbl:2533274921566674; live:2040691484489962; discord:134438206576787456; fivem:19530]
[4:53:27 PM] [KQkdA#1] Ethan Rubinacci: died from suicide (Falling)
[4:53:30 PM] [KQkdA#1] Ethan Rubinacci: said "/revive"
[5:00:40 PM] [KQkdA#2] Austin: joined with identifiers [license:b579dd61d5980776f053f6cedad6136802734ade; xbl:2535411129072020; live:985153990713845; discord:289651580729556993; license2:f6b1f66c85691ec9e474ec0e7f3e20b59481818e]
[5:02:53 PM] [KQkdA#2] Austin: disconnected (Exiting)
[5:03:32 PM] [KQkdA#3] Austin: joined with identifiers [steam:11000010aaf556b; license:b579dd61d5980776f053f6cedad6136802734ade; xbl:2535411129072020; live:985153990713845; discord:289651580729556993; license2:f6b1f66c85691ec9e474ec0e7f3e20b59481818e]
[5:04:51 PM] [KQkdA#4] Samael "Gage" Wayne: joined with identifiers [steam:110000112d24b4f; license:6d2ec1a26c48df57b80c04e11d5c8dfb560bb4b3; xbl:2535421980170934; live:914797987069091; discord:195052712243494913]
[5:14:05 PM] [KQkdA#1] Ethan Rubinacci: caused an explosion (PLANE)
[5:17:25 PM] [KQkdA#1] Ethan Rubinacci: said "/me smells bottle, do I smell alcohol?"
[5:17:30 PM] [KQkdA#4] Samael "Gage" Wayne: said "/me no"
[5:21:21 PM] [KQkdA#4] Samael "Gage" Wayne: said "/me swaps non alcoholic beer for alcoholic beer"
[5:26:05 PM] [KQkdA#1] Ethan Rubinacci: said "/me places new clean tube on the breathalyzer, activates breathalyzer"
[5:26:28 PM] [KQkdA#4] Samael "Gage" Wayne: said "/me 0.07"
[5:31:20 PM] [KQkdA#1] Ethan Rubinacci: said "/me grabs bag of Dorito's and a donut"
[5:31:27 PM] [KQkdA#1] Ethan Rubinacci: said "/me pays"
[5:39:41 PM] [KQkdA#1] Ethan Rubinacci: said "/me takes pictures of the damage to the vehicle"
[5:41:01 PM] [KQkdA#3] Austin: said "/me gives phone number"
[5:52:14 PM] [KQkdA#3] Austin: died from Wrench by Samael "Gage" Wayne
[5:53:41 PM] [KQkdA#4] Samael "Gage" Wayne: died from Pistol Mk2 by Ethan Rubinacci
[5:55:00 PM] [KQkdA#4] Samael "Gage" Wayne: said "/revivez"
[5:55:03 PM] [KQkdA#1] Ethan Rubinacci: disconnected (Exiting)
[5:55:03 PM] [KQkdA#4] Samael "Gage" Wayne: said "/revive"
[5:55:05 PM] [KQkdA#3] Austin: disconnected (Exiting)
[7:42:13 PM] [KQkdA#4] Samael "Gage" Wayne: said "d/v"
[7:42:17 PM] [KQkdA#4] Samael "Gage" Wayne: said "/dv"
[7:43:23 PM] [KQkdA#4] Samael "Gage" Wayne: disconnected (Exiting)
