
================================================================
======== Log Rotated - 8/8/2022, 12:00:00 AM                    
================================================================
[12:09:24 AM] [rztLX#1] B34R: said "/quiot"
[12:09:25 AM] [rztLX#1] B34R: disconnected (Exiting)

================================================================
======== txAdmin Starting - 8/8/2022, 12:13:35 AM               
================================================================
[12:13:45 AM] txAdmin: Logger started
[12:16:45 AM] [xW8pg#1] Ethan Rubinacci: joined with identifiers [steam:110000106d81f17; license:29a1486f20d95134646534c3de37ff11e7c1f3e3; xbl:2533274921566674; live:2040691484489962; discord:134438206576787456; fivem:6346624; license2:374cbd654dc6b853cf59d872901780b076e1feb5]
[12:17:54 AM] [xW8pg#1] Ethan Rubinacci: disconnected (Game crashed: GTA5_b2612.exe!sub_141394CC0 (0x49))

================================================================
======== txAdmin Starting - 8/8/2022, 12:22:24 AM               
================================================================
[12:22:34 AM] txAdmin: Logger started
[12:23:27 AM] [4GBtW#1] Ethan Rubinacci: joined with identifiers [steam:110000106d81f17; license:29a1486f20d95134646534c3de37ff11e7c1f3e3; xbl:2533274921566674; live:2040691484489962; discord:134438206576787456; fivem:6346624; license2:374cbd654dc6b853cf59d872901780b076e1feb5]
[12:24:26 AM] [4GBtW#1] Ethan Rubinacci: disconnected (Game crashed: GTA5_b2612.exe!sub_141394CC0 (0x49))

================================================================
======== txAdmin Starting - 8/8/2022, 12:26:12 AM               
================================================================
[12:26:23 AM] txAdmin: Logger started
[12:27:08 AM] [QjxcA#1] Ethan Rubinacci: joined with identifiers [steam:110000106d81f17; license:29a1486f20d95134646534c3de37ff11e7c1f3e3; xbl:2533274921566674; live:2040691484489962; discord:134438206576787456; fivem:6346624; license2:374cbd654dc6b853cf59d872901780b076e1feb5]
[12:28:54 AM] [QjxcA#1] Ethan Rubinacci: disconnected (Server->client connection timed out. Last seen 30077 msec ago.)

================================================================
======== txAdmin Starting - 8/8/2022, 12:29:36 AM               
================================================================
[12:29:51 AM] txAdmin: Logger started
[12:30:38 AM] [pVHxz#1] Ethan Rubinacci: joined with identifiers [steam:110000106d81f17; license:29a1486f20d95134646534c3de37ff11e7c1f3e3; xbl:2533274921566674; live:2040691484489962; discord:134438206576787456; fivem:6346624; license2:374cbd654dc6b853cf59d872901780b076e1feb5]
[12:32:06 AM] [pVHxz#1] Ethan Rubinacci: disconnected (Exiting)

================================================================
======== txAdmin Starting - 8/8/2022, 11:01:36 AM               
================================================================
[11:02:39 AM] txAdmin: Logger started
[11:04:29 AM] [ckijm#1] Ethan Rubinacci: joined with identifiers [steam:110000106d81f17; license:29a1486f20d95134646534c3de37ff11e7c1f3e3; xbl:2533274921566674; live:2040691484489962; discord:134438206576787456; fivem:6346624; license2:374cbd654dc6b853cf59d872901780b076e1feb5]
[11:05:27 AM] [ckijm#1] Ethan Rubinacci: disconnected (Game crashed: GTA5_b2612.exe!sub_141394CC0 (0x49))

================================================================
======== txAdmin Starting - 8/8/2022, 11:06:36 AM               
================================================================
[11:06:45 AM] txAdmin: Logger started
[11:07:27 AM] [LGTQe#1] Ethan Rubinacci: joined with identifiers [steam:110000106d81f17; license:29a1486f20d95134646534c3de37ff11e7c1f3e3; xbl:2533274921566674; live:2040691484489962; discord:134438206576787456; fivem:6346624; license2:374cbd654dc6b853cf59d872901780b076e1feb5]
[11:08:28 AM] [LGTQe#1] Ethan Rubinacci: disconnected (Game crashed: GTA5_b2612.exe!sub_140F25334 (0x19e))

================================================================
======== txAdmin Starting - 8/8/2022, 11:09:30 AM               
================================================================
[11:09:41 AM] txAdmin: Logger started
[11:10:20 AM] [nBMKK#1] Ethan Rubinacci: joined with identifiers [steam:110000106d81f17; license:29a1486f20d95134646534c3de37ff11e7c1f3e3; xbl:2533274921566674; live:2040691484489962; discord:134438206576787456; fivem:6346624; license2:374cbd654dc6b853cf59d872901780b076e1feb5]
[11:11:33 AM] [nBMKK#1] Ethan Rubinacci: disconnected (Exiting)

================================================================
======== txAdmin Starting - 8/8/2022, 11:13:13 AM               
================================================================
[11:13:23 AM] txAdmin: Logger started
[11:14:17 AM] [eqHjG#1] Ethan Rubinacci: joined with identifiers [steam:110000106d81f17; license:29a1486f20d95134646534c3de37ff11e7c1f3e3; xbl:2533274921566674; live:2040691484489962; discord:134438206576787456; fivem:6346624; license2:374cbd654dc6b853cf59d872901780b076e1feb5]
[11:15:21 AM] [eqHjG#1] Ethan Rubinacci: disconnected (Exiting)

================================================================
======== txAdmin Starting - 8/8/2022, 11:16:16 AM               
================================================================
[11:16:27 AM] txAdmin: Logger started
[11:17:05 AM] [7bttF#1] Ethan Rubinacci: joined with identifiers [steam:110000106d81f17; license:29a1486f20d95134646534c3de37ff11e7c1f3e3; xbl:2533274921566674; live:2040691484489962; discord:134438206576787456; fivem:6346624; license2:374cbd654dc6b853cf59d872901780b076e1feb5]
[11:18:58 AM] [7bttF#1] Ethan Rubinacci: disconnected (Exiting)

================================================================
======== txAdmin Starting - 8/8/2022, 11:20:44 AM               
================================================================
[11:20:54 AM] txAdmin: Logger started
[11:22:31 AM] [4pGaF#1] Ethan Rubinacci: joined with identifiers [steam:110000106d81f17; license:29a1486f20d95134646534c3de37ff11e7c1f3e3; xbl:2533274921566674; live:2040691484489962; discord:134438206576787456; fivem:6346624; license2:374cbd654dc6b853cf59d872901780b076e1feb5]
[11:23:33 AM] [4pGaF#1] Ethan Rubinacci: disconnected (Exiting)

================================================================
======== txAdmin Starting - 8/8/2022, 11:38:14 AM               
================================================================
[11:38:24 AM] txAdmin: Logger started
[11:39:20 AM] [WYdF8#1] Ethan Rubinacci: joined with identifiers [steam:110000106d81f17; license:29a1486f20d95134646534c3de37ff11e7c1f3e3; xbl:2533274921566674; live:2040691484489962; discord:134438206576787456; fivem:6346624; license2:374cbd654dc6b853cf59d872901780b076e1feb5]
[11:40:14 AM] [WYdF8#1] Ethan Rubinacci: disconnected (Game crashed: GTA5_b2612.exe!sub_140F25334 (0x19e))

================================================================
======== txAdmin Starting - 8/8/2022, 11:42:09 AM               
================================================================
[11:42:19 AM] txAdmin: Logger started
[11:43:04 AM] [GWJ8U#1] Ethan Rubinacci: joined with identifiers [steam:110000106d81f17; license:29a1486f20d95134646534c3de37ff11e7c1f3e3; xbl:2533274921566674; live:2040691484489962; discord:134438206576787456; fivem:6346624; license2:374cbd654dc6b853cf59d872901780b076e1feb5]
[11:44:34 AM] [GWJ8U#1] Ethan Rubinacci: said "/dv"
[11:44:37 AM] [GWJ8U#1] Ethan Rubinacci: disconnected (Exiting)

================================================================
======== txAdmin Starting - 8/8/2022, 11:51:32 AM               
================================================================
[11:51:44 AM] txAdmin: Logger started
[11:52:40 AM] [gUe7j#1] Ethan Rubinacci: joined with identifiers [steam:110000106d81f17; license:29a1486f20d95134646534c3de37ff11e7c1f3e3; xbl:2533274921566674; live:2040691484489962; discord:134438206576787456; fivem:6346624; license2:374cbd654dc6b853cf59d872901780b076e1feb5]
[11:53:57 AM] [gUe7j#1] Ethan Rubinacci: disconnected (Game crashed: GTA5_b2612.exe!sub_141394CC0 (0x49))
[11:57:12 AM] [gUe7j#2] Ethan Rubinacci: joined with identifiers [steam:110000106d81f17; license:29a1486f20d95134646534c3de37ff11e7c1f3e3; xbl:2533274921566674; live:2040691484489962; discord:134438206576787456; fivem:6346624; license2:374cbd654dc6b853cf59d872901780b076e1feb5]
[11:58:02 AM] [gUe7j#2] Ethan Rubinacci: disconnected (Game crashed: GTA5_b2612.exe!sub_141394CC0 (0x49))

================================================================
======== txAdmin Starting - 8/8/2022, 11:59:24 AM               
================================================================
[11:59:35 AM] txAdmin: Logger started
[12:00:18 PM] [UjGzx#1] Ethan Rubinacci: joined with identifiers [steam:110000106d81f17; license:29a1486f20d95134646534c3de37ff11e7c1f3e3; xbl:2533274921566674; live:2040691484489962; discord:134438206576787456; fivem:6346624; license2:374cbd654dc6b853cf59d872901780b076e1feb5]
[12:05:41 PM] [UjGzx#1] Ethan Rubinacci: disconnected (Exiting)

================================================================
======== txAdmin Starting - 8/8/2022, 12:17:25 PM               
================================================================
[12:17:35 PM] txAdmin: Logger started
[12:18:19 PM] [RrWdw#1] Ethan Rubinacci: joined with identifiers [steam:110000106d81f17; license:29a1486f20d95134646534c3de37ff11e7c1f3e3; xbl:2533274921566674; live:2040691484489962; discord:134438206576787456; fivem:6346624; license2:374cbd654dc6b853cf59d872901780b076e1feb5]
[12:20:29 PM] [RrWdw#1] Ethan Rubinacci: said "/dv"
[12:21:09 PM] [RrWdw#1] Ethan Rubinacci: disconnected (Exiting)

================================================================
======== txAdmin Starting - 8/8/2022, 12:25:19 PM               
================================================================
[12:25:29 PM] txAdmin: Logger started
[12:27:35 PM] [yDcgb#1] Ethan Rubinacci: joined with identifiers [steam:110000106d81f17; license:29a1486f20d95134646534c3de37ff11e7c1f3e3; xbl:2533274921566674; live:2040691484489962; discord:134438206576787456; fivem:6346624; license2:374cbd654dc6b853cf59d872901780b076e1feb5]
[12:28:53 PM] [yDcgb#1] Ethan Rubinacci: disconnected (Exiting)

================================================================
======== txAdmin Starting - 8/8/2022, 12:31:30 PM               
================================================================
[12:31:45 PM] txAdmin: Logger started
[12:32:25 PM] [FBmif#1] Ethan Rubinacci: joined with identifiers [steam:110000106d81f17; license:29a1486f20d95134646534c3de37ff11e7c1f3e3; xbl:2533274921566674; live:2040691484489962; discord:134438206576787456; fivem:6346624; license2:374cbd654dc6b853cf59d872901780b076e1feb5]
[12:33:36 PM] [FBmif#1] Ethan Rubinacci: disconnected (Exiting)

================================================================
======== txAdmin Starting - 8/8/2022, 12:34:42 PM               
================================================================
[12:34:52 PM] txAdmin: Logger started
[12:37:55 PM] [YQ3ka#1] Ethan Rubinacci: joined with identifiers [steam:110000106d81f17; license:29a1486f20d95134646534c3de37ff11e7c1f3e3; xbl:2533274921566674; live:2040691484489962; discord:134438206576787456; fivem:6346624; license2:374cbd654dc6b853cf59d872901780b076e1feb5]
[12:39:24 PM] [YQ3ka#1] Ethan Rubinacci: said "/uit"
[12:39:26 PM] [YQ3ka#1] Ethan Rubinacci: disconnected (Exiting)

================================================================
======== txAdmin Starting - 8/8/2022, 12:40:30 PM               
================================================================
[12:40:40 PM] txAdmin: Logger started
[12:41:24 PM] [PTY77#1] Ethan Rubinacci: joined with identifiers [steam:110000106d81f17; license:29a1486f20d95134646534c3de37ff11e7c1f3e3; xbl:2533274921566674; live:2040691484489962; discord:134438206576787456; fivem:6346624; license2:374cbd654dc6b853cf59d872901780b076e1feb5]
[12:44:16 PM] [PTY77#1] Ethan Rubinacci: disconnected (Exiting)

================================================================
======== txAdmin Starting - 8/8/2022, 12:47:47 PM               
================================================================
[12:47:57 PM] txAdmin: Logger started
[12:48:50 PM] [z3RDB#1] Ethan Rubinacci: joined with identifiers [steam:110000106d81f17; license:29a1486f20d95134646534c3de37ff11e7c1f3e3; xbl:2533274921566674; live:2040691484489962; discord:134438206576787456; fivem:6346624; license2:374cbd654dc6b853cf59d872901780b076e1feb5]
[12:50:08 PM] [z3RDB#1] Ethan Rubinacci: disconnected (Exiting)

================================================================
======== txAdmin Starting - 8/8/2022, 12:51:47 PM               
================================================================
[12:51:58 PM] txAdmin: Logger started
[12:53:00 PM] [4kqM4#1] Ethan Rubinacci: joined with identifiers [steam:110000106d81f17; license:29a1486f20d95134646534c3de37ff11e7c1f3e3; xbl:2533274921566674; live:2040691484489962; discord:134438206576787456; fivem:6346624; license2:374cbd654dc6b853cf59d872901780b076e1feb5]
[12:53:16 PM] [4kqM4#2] Country: joined with identifiers [steam:11000011451260f; license:79e72fe6942b0a0728e645f198345d8d0bfef7eb; discord:140365884182102016; fivem:73824; license2:5765fc041f0b18678f508895f1364a99ec7f1772]
[12:54:21 PM] [4kqM4#1] Ethan Rubinacci: disconnected (Exiting)

================================================================
======== txAdmin Starting - 8/8/2022, 12:56:28 PM               
================================================================
[12:56:39 PM] txAdmin: Logger started
[12:57:21 PM] [remrP#1] Ethan Rubinacci: joined with identifiers [steam:110000106d81f17; license:29a1486f20d95134646534c3de37ff11e7c1f3e3; xbl:2533274921566674; live:2040691484489962; discord:134438206576787456; fivem:6346624; license2:374cbd654dc6b853cf59d872901780b076e1feb5]
[12:58:18 PM] [remrP#1] Ethan Rubinacci: disconnected (Exiting)

================================================================
======== txAdmin Starting - 8/8/2022, 1:01:14 PM                
================================================================
[1:01:24 PM] txAdmin: Logger started
[1:02:12 PM] [zTtJi#1] Ethan Rubinacci: joined with identifiers [steam:110000106d81f17; license:29a1486f20d95134646534c3de37ff11e7c1f3e3; xbl:2533274921566674; live:2040691484489962; discord:134438206576787456; fivem:6346624; license2:374cbd654dc6b853cf59d872901780b076e1feb5]
[1:02:34 PM] [zTtJi#2] Country: joined with identifiers [steam:11000011451260f; license:79e72fe6942b0a0728e645f198345d8d0bfef7eb; discord:140365884182102016; fivem:73824; license2:5765fc041f0b18678f508895f1364a99ec7f1772]
[1:03:15 PM] [zTtJi#1] Ethan Rubinacci: disconnected (Exiting)
[1:04:51 PM] [zTtJi#2] Country: said "/dv"

================================================================
======== txAdmin Starting - 8/8/2022, 1:06:11 PM                
================================================================
[1:06:20 PM] txAdmin: Logger started
[1:06:42 PM] [9GQFd#1] Country: joined with identifiers [steam:11000011451260f; license:79e72fe6942b0a0728e645f198345d8d0bfef7eb; discord:140365884182102016; fivem:73824; license2:5765fc041f0b18678f508895f1364a99ec7f1772]
[1:07:22 PM] [9GQFd#2] Ethan Rubinacci: joined with identifiers [steam:110000106d81f17; license:29a1486f20d95134646534c3de37ff11e7c1f3e3; xbl:2533274921566674; live:2040691484489962; discord:134438206576787456; fivem:6346624; license2:374cbd654dc6b853cf59d872901780b076e1feb5]
[1:07:54 PM] [9GQFd#1] Country: died from suicide (Falling)
[1:08:16 PM] [9GQFd#1] Country: said "/revive"
[1:10:05 PM] [9GQFd#2] Ethan Rubinacci: died from Stungun by Country
[1:10:11 PM] [9GQFd#1] Country: said "/revive 2"
[1:10:15 PM] [9GQFd#3] B34R: joined with identifiers [steam:1100001161dde30; license:d1701434a075a4dea66c41c041b1cbbf4f56741a; xbl:2535425999625569; live:1055521813911644; discord:421883819231150091; license2:66587b586b3d27a60a7637f497815262732cf4ee]
[1:11:52 PM] [9GQFd#2] Ethan Rubinacci: died from Pistol Mk2 by Country
[1:11:58 PM] [9GQFd#1] Country: said "/revive 2"
[1:12:01 PM] [9GQFd#2] Ethan Rubinacci: died from Pistol Mk2 by Country
[1:12:03 PM] [9GQFd#1] Country: said "/revive 2"
[1:12:07 PM] [9GQFd#2] Ethan Rubinacci: died from Pistol Mk2 by Country
[1:12:10 PM] [9GQFd#1] Country: said "/revive 2"
[1:12:10 PM] [9GQFd#3] B34R: triggered drunk effect on [#1] Country
[1:12:17 PM] [9GQFd#3] B34R: set [#1] Country on fire
[1:12:19 PM] [9GQFd#1] Country: died from suicide
[1:12:23 PM] [9GQFd#1] Country: said "/revive"
[1:12:23 PM] [9GQFd#3] B34R: healed player [#1] Country
[1:12:29 PM] [9GQFd#3] B34R: triggered wild attack on [#1] Country
[1:12:34 PM] [9GQFd#2] Ethan Rubinacci: died from Pistol Mk2 by Country
[1:12:43 PM] [9GQFd#1] Country: said "/revive 2"
[1:12:47 PM] [9GQFd#2] Ethan Rubinacci: died from Pistol Mk2 by Country
[1:12:50 PM] [9GQFd#1] Country: said "/revive 2"
[1:12:52 PM] [9GQFd#2] Ethan Rubinacci: died from Pistol Mk2 by Country
[1:12:57 PM] [9GQFd#1] Country: said "/revive 2"
[1:13:00 PM] [9GQFd#2] Ethan Rubinacci: died from Pistol Mk2 by Country
[1:13:02 PM] [9GQFd#1] Country: said "/revive 2"
[1:13:04 PM] [9GQFd#2] Ethan Rubinacci: died from Pistol Mk2 by Country
[1:13:10 PM] [9GQFd#1] Country: said "/revive 2"
[1:13:34 PM] [9GQFd#3] B34R: triggered wild attack on [#1] Country
[1:13:42 PM] [9GQFd#1] Country: died from suicide (Animal)
[1:13:44 PM] [9GQFd#1] Country: said "/revive"
[1:13:53 PM] [9GQFd#2] Ethan Rubinacci: died from Pistol Mk2 by Country
[1:13:56 PM] [9GQFd#1] Country: said "/revive"
[1:13:57 PM] [9GQFd#1] Country: said "/revive 2"
[1:14:03 PM] [9GQFd#3] B34R: triggered wild attack on [#1] Country
[1:14:04 PM] [9GQFd#3] B34R: triggered wild attack on [#1] Country
[1:14:04 PM] [9GQFd#3] B34R: triggered wild attack on [#1] Country
[1:14:04 PM] [9GQFd#3] B34R: triggered wild attack on [#1] Country
[1:14:04 PM] [9GQFd#3] B34R: triggered wild attack on [#1] Country
[1:14:04 PM] [9GQFd#3] B34R: triggered wild attack on [#1] Country
[1:14:05 PM] [9GQFd#3] B34R: triggered wild attack on [#1] Country
[1:14:05 PM] [9GQFd#3] B34R: triggered wild attack on [#1] Country
[1:14:05 PM] [9GQFd#3] B34R: triggered wild attack on [#1] Country
[1:14:05 PM] [9GQFd#3] B34R: triggered wild attack on [#1] Country
[1:14:05 PM] [9GQFd#3] B34R: triggered wild attack on [#1] Country
[1:14:06 PM] [9GQFd#3] B34R: triggered wild attack on [#1] Country
[1:14:06 PM] [9GQFd#3] B34R: triggered wild attack on [#1] Country
[1:14:06 PM] [9GQFd#3] B34R: triggered wild attack on [#1] Country
[1:14:06 PM] [9GQFd#3] B34R: triggered wild attack on [#1] Country
[1:14:07 PM] [9GQFd#3] B34R: triggered wild attack on [#1] Country
[1:14:07 PM] [9GQFd#3] B34R: triggered wild attack on [#1] Country
[1:14:35 PM] [9GQFd#3] B34R: triggered drunk effect on [#1] Country
[1:14:36 PM] [9GQFd#3] B34R: set [#1] Country on fire
[1:14:36 PM] [9GQFd#3] B34R: triggered wild attack on [#1] Country
[1:14:36 PM] [9GQFd#3] B34R: triggered wild attack on [#1] Country
[1:14:36 PM] [9GQFd#3] B34R: triggered wild attack on [#1] Country
[1:14:37 PM] [9GQFd#3] B34R: triggered wild attack on [#1] Country
[1:14:37 PM] [9GQFd#3] B34R: triggered wild attack on [#1] Country
[1:14:37 PM] [9GQFd#3] B34R: triggered wild attack on [#1] Country
[1:14:39 PM] [9GQFd#1] Country: died from suicide
[1:14:41 PM] [9GQFd#1] Country: said "/revive"
[1:14:52 PM] [9GQFd#3] B34R: triggered drunk effect on [#1] Country
[1:14:52 PM] [9GQFd#3] B34R: set [#1] Country on fire
[1:14:53 PM] [9GQFd#3] B34R: triggered wild attack on [#1] Country
[1:14:58 PM] [9GQFd#1] Country: died from suicide
[1:15:00 PM] [9GQFd#1] Country: said "/revive"
[1:15:10 PM] [9GQFd#2] Ethan Rubinacci: died from Pistol Mk2 by Country
[1:15:13 PM] [9GQFd#1] Country: said "/revive 2"
[1:15:19 PM] [9GQFd#3] B34R: summoned player [#1] Country
[1:15:32 PM] [9GQFd#2] Ethan Rubinacci: died from suicide
[1:15:32 PM] [9GQFd#3] B34R: triggered drunk effect on [#1] Country
[1:15:36 PM] [9GQFd#1] Country: said "/revive 2"
[1:15:40 PM] [9GQFd#3] B34R: triggered wild attack on [#1] Country
[1:15:42 PM] [9GQFd#3] B34R: triggered wild attack on [#1] Country
[1:15:42 PM] [9GQFd#3] B34R: triggered wild attack on [#1] Country
[1:15:42 PM] [9GQFd#3] B34R: triggered wild attack on [#1] Country
[1:15:42 PM] [9GQFd#3] B34R: triggered wild attack on [#1] Country
[1:15:43 PM] [9GQFd#3] B34R: triggered wild attack on [#1] Country
[1:15:43 PM] [9GQFd#3] B34R: triggered wild attack on [#1] Country
[1:15:43 PM] [9GQFd#3] B34R: triggered wild attack on [#1] Country
[1:15:43 PM] [9GQFd#3] B34R: triggered wild attack on [#1] Country
[1:15:44 PM] [9GQFd#3] B34R: triggered wild attack on [#1] Country
[1:15:44 PM] [9GQFd#2] Ethan Rubinacci: died from Stungun by Country
[1:15:44 PM] [9GQFd#3] B34R: triggered wild attack on [#1] Country
[1:15:44 PM] [9GQFd#3] B34R: triggered wild attack on [#1] Country
[1:15:44 PM] [9GQFd#3] B34R: triggered wild attack on [#1] Country
[1:15:44 PM] [9GQFd#1] Country: said "/revive 2"
[1:15:45 PM] [9GQFd#3] B34R: triggered wild attack on [#1] Country
[1:15:45 PM] [9GQFd#3] B34R: triggered wild attack on [#1] Country
[1:15:45 PM] [9GQFd#3] B34R: triggered wild attack on [#1] Country
[1:15:45 PM] [9GQFd#3] B34R: triggered wild attack on [#1] Country
[1:15:45 PM] [9GQFd#3] B34R: triggered wild attack on [#1] Country
[1:15:46 PM] [9GQFd#3] B34R: triggered wild attack on [#1] Country
[1:15:46 PM] [9GQFd#3] B34R: triggered wild attack on [#1] Country
[1:15:46 PM] [9GQFd#3] B34R: triggered wild attack on [#1] Country
[1:15:46 PM] [9GQFd#3] B34R: triggered wild attack on [#1] Country
[1:15:47 PM] [9GQFd#3] B34R: triggered wild attack on [#1] Country
[1:15:47 PM] [9GQFd#3] B34R: triggered wild attack on [#1] Country
[1:15:47 PM] [9GQFd#3] B34R: triggered wild attack on [#1] Country
[1:15:47 PM] [9GQFd#3] B34R: triggered wild attack on [#1] Country
[1:15:48 PM] [9GQFd#3] B34R: triggered wild attack on [#1] Country
[1:15:48 PM] [9GQFd#3] B34R: triggered wild attack on [#1] Country
[1:15:48 PM] [9GQFd#3] B34R: triggered wild attack on [#1] Country
[1:15:48 PM] [9GQFd#3] B34R: triggered wild attack on [#1] Country
[1:15:48 PM] [9GQFd#3] B34R: triggered wild attack on [#1] Country
[1:15:49 PM] [9GQFd#3] B34R: triggered wild attack on [#1] Country
[1:15:49 PM] [9GQFd#3] B34R: triggered wild attack on [#1] Country
[1:15:49 PM] [9GQFd#3] B34R: triggered wild attack on [#1] Country
[1:15:49 PM] [9GQFd#3] B34R: triggered wild attack on [#1] Country
[1:15:50 PM] [9GQFd#3] B34R: triggered wild attack on [#1] Country
[1:15:50 PM] [9GQFd#3] B34R: triggered wild attack on [#1] Country
[1:15:50 PM] [9GQFd#3] B34R: triggered wild attack on [#1] Country
[1:15:50 PM] [9GQFd#3] B34R: triggered wild attack on [#1] Country
[1:15:50 PM] [9GQFd#3] B34R: triggered wild attack on [#1] Country
[1:15:52 PM] [9GQFd#3] B34R: triggered wild attack on [#1] Country
[1:15:52 PM] [9GQFd#3] B34R: triggered wild attack on [#1] Country
[1:15:52 PM] [9GQFd#3] B34R: triggered wild attack on [#1] Country
[1:15:52 PM] [9GQFd#3] B34R: triggered wild attack on [#1] Country
[1:15:53 PM] [9GQFd#3] B34R: triggered wild attack on [#1] Country
[1:15:53 PM] [9GQFd#3] B34R: triggered wild attack on [#1] Country
[1:15:53 PM] [9GQFd#3] B34R: triggered wild attack on [#1] Country
[1:15:53 PM] [9GQFd#3] B34R: triggered wild attack on [#1] Country
[1:15:53 PM] [9GQFd#3] B34R: triggered wild attack on [#1] Country
[1:15:54 PM] [9GQFd#3] B34R: triggered wild attack on [#1] Country
[1:15:54 PM] [9GQFd#3] B34R: triggered wild attack on [#1] Country
[1:15:54 PM] [9GQFd#3] B34R: triggered wild attack on [#1] Country
[1:15:54 PM] [9GQFd#3] B34R: triggered wild attack on [#1] Country
[1:15:55 PM] [9GQFd#3] B34R: triggered wild attack on [#1] Country
[1:15:55 PM] [9GQFd#3] B34R: triggered wild attack on [#1] Country
[1:15:55 PM] [9GQFd#3] B34R: triggered wild attack on [#1] Country
[1:15:55 PM] [9GQFd#3] B34R: triggered wild attack on [#1] Country
[1:15:55 PM] [9GQFd#3] B34R: triggered wild attack on [#1] Country
[1:15:56 PM] [9GQFd#3] B34R: triggered wild attack on [#1] Country
[1:15:56 PM] [9GQFd#3] B34R: triggered wild attack on [#1] Country
[1:15:56 PM] [9GQFd#3] B34R: triggered wild attack on [#1] Country
[1:15:56 PM] [9GQFd#3] B34R: triggered wild attack on [#1] Country
[1:15:57 PM] [9GQFd#3] B34R: triggered wild attack on [#1] Country
[1:15:57 PM] [9GQFd#3] B34R: triggered wild attack on [#1] Country
[1:15:57 PM] [9GQFd#3] B34R: triggered wild attack on [#1] Country
[1:16:56 PM] [9GQFd#4] Gage: joined with identifiers [steam:110000112d24b4f; license:6d2ec1a26c48df57b80c04e11d5c8dfb560bb4b3; xbl:2535421980170934; live:914797987069091; discord:195052712243494913; fivem:6353258]
[1:18:57 PM] [9GQFd#2] Ethan Rubinacci: died from SMG by Country
[1:19:03 PM] [9GQFd#1] Country: said "/revive 2"
[1:19:05 PM] [9GQFd#1] Country: said "/drag 2"
[1:19:08 PM] [9GQFd#2] Ethan Rubinacci: died from unknown by B34R
[1:19:16 PM] [9GQFd#3] B34R: said "/revive 2"
[1:19:45 PM] [9GQFd#3] B34R: triggered drunk effect on [#1] Country
[1:20:13 PM] [9GQFd#1] Country: disconnected (Exiting)
[1:21:01 PM] [9GQFd#5] Country: joined with identifiers [steam:11000011451260f; license:79e72fe6942b0a0728e645f198345d8d0bfef7eb; discord:140365884182102016; fivem:73824; license2:5765fc041f0b18678f508895f1364a99ec7f1772]
[1:21:02 PM] [9GQFd#3] B34R: triggered wild attack on [#4] Gage
[1:21:02 PM] [9GQFd#3] B34R: triggered wild attack on [#4] Gage
[1:21:03 PM] [9GQFd#3] B34R: triggered wild attack on [#4] Gage
[1:21:03 PM] [9GQFd#3] B34R: triggered wild attack on [#4] Gage
[1:21:03 PM] [9GQFd#3] B34R: triggered wild attack on [#4] Gage
[1:21:03 PM] [9GQFd#3] B34R: triggered wild attack on [#4] Gage
[1:21:03 PM] [9GQFd#3] B34R: triggered wild attack on [#4] Gage
[1:21:04 PM] [9GQFd#3] B34R: triggered wild attack on [#4] Gage
[1:21:04 PM] [9GQFd#3] B34R: triggered wild attack on [#4] Gage
[1:21:04 PM] [9GQFd#3] B34R: triggered wild attack on [#4] Gage
[1:21:04 PM] [9GQFd#3] B34R: triggered wild attack on [#4] Gage
[1:21:04 PM] [9GQFd#3] B34R: triggered wild attack on [#4] Gage
[1:21:05 PM] [9GQFd#3] B34R: triggered wild attack on [#4] Gage
[1:21:05 PM] [9GQFd#3] B34R: triggered wild attack on [#4] Gage
[1:21:05 PM] [9GQFd#3] B34R: triggered wild attack on [#4] Gage
[1:21:05 PM] [9GQFd#3] B34R: triggered wild attack on [#4] Gage
[1:21:05 PM] [9GQFd#3] B34R: triggered wild attack on [#4] Gage
[1:21:06 PM] [9GQFd#3] B34R: triggered wild attack on [#4] Gage
[1:21:06 PM] [9GQFd#3] B34R: triggered drunk effect on [#4] Gage
[1:22:03 PM] [9GQFd#2] Ethan Rubinacci: caused an explosion (PLANE)
[1:22:14 PM] [9GQFd#5] Country: died from Carbine Rifle by Gage
[1:22:19 PM] [9GQFd#3] B34R: caused an explosion (GRENADELAUNCHER)
[1:22:21 PM] [9GQFd#5] Country: said "/revive"
[1:22:21 PM] [9GQFd#3] B34R: caused an explosion (GRENADELAUNCHER)
[1:22:22 PM] [9GQFd#4] Gage: died from suicide
[1:22:26 PM] [9GQFd#4] Gage: said "/revive"
[1:22:31 PM] [9GQFd#3] B34R: caused an explosion (ROCKET)
[1:22:32 PM] [9GQFd#5] Country: died from RPG by B34R
[1:22:34 PM] [9GQFd#5] Country: said "/revive"
[1:22:44 PM] [9GQFd#3] B34R: caused an explosion (ROCKET)
[1:22:45 PM] [9GQFd#4] Gage: died from RPG by B34R
[1:22:48 PM] [9GQFd#4] Gage: said "/revive"
[1:22:49 PM] [9GQFd#3] B34R: caused an explosion (ROCKET)
[1:22:54 PM] [9GQFd#3] B34R: caused an explosion (ROCKET)
[1:22:54 PM] [9GQFd#2] Ethan Rubinacci: caused an explosion (CAR)
[1:22:55 PM] [9GQFd#2] Ethan Rubinacci: died from RPG by B34R
[1:22:57 PM] [9GQFd#2] Ethan Rubinacci: said "/dv"
[1:23:00 PM] [9GQFd#2] Ethan Rubinacci: said "/revive"
[1:23:02 PM] [9GQFd#2] Ethan Rubinacci: said "/dv"
[1:23:15 PM] [9GQFd#2] Ethan Rubinacci: died from RPG by B34R
[1:23:16 PM] [9GQFd#5] Country: caused an explosion (PLANE)
[1:23:16 PM] [9GQFd#5] Country: died from Explosion by Gage
[1:23:16 PM] [9GQFd#2] Ethan Rubinacci: said "/revive"
[1:23:22 PM] [9GQFd#5] Country: said "/revive"
[1:23:22 PM] [9GQFd#5] Country: said "/dv"
[1:23:28 PM] [9GQFd#5] Country: died from Minigun by Gage
[1:23:28 PM] [9GQFd#2] Ethan Rubinacci: disconnected (Exiting)
[1:23:30 PM] [9GQFd#5] Country: said "/revive"
[1:23:35 PM] [9GQFd#3] B34R: caused an explosion (ROCKET)
[1:24:03 PM] [9GQFd#3] B34R: caused an explosion (FIREWORK)
[1:24:10 PM] [9GQFd#5] Country: died from Minigun by Gage
[1:24:11 PM] [9GQFd#3] B34R: caused an explosion (RAYGUN)
[1:24:11 PM] [9GQFd#4] Gage: died from unknown by B34R
[1:24:12 PM] [9GQFd#5] Country: said "/revive"
[1:24:14 PM] [9GQFd#4] Gage: said "/revive"
[1:24:14 PM] [9GQFd#3] B34R: caused an explosion (RAYGUN)
[1:24:17 PM] [9GQFd#3] B34R: caused an explosion (RAYGUN)
[1:24:20 PM] [9GQFd#5] Country: said "/revive"
[1:24:25 PM] [9GQFd#3] B34R: caused an explosion (RAYGUN)
[1:24:34 PM] [9GQFd#3] B34R: caused an explosion (RAYGUN)
[1:24:37 PM] [9GQFd#5] Country: said "/revive"
[1:24:41 PM] [9GQFd#3] B34R: caused an explosion (RAYGUN)
[1:24:43 PM] [9GQFd#3] B34R: caused an explosion (RAYGUN)
[1:24:44 PM] [9GQFd#5] Country: died from Sniper Rifle by Gage
[1:24:46 PM] [9GQFd#5] Country: said "/revive"
[1:24:56 PM] [9GQFd#3] B34R: said "/dv"
[1:25:19 PM] [9GQFd#5] Country: caused an explosion (ROGUE_CANNON)
[1:25:20 PM] [9GQFd#5] Country: caused an explosion (ROGUE_CANNON)
[1:25:20 PM] [9GQFd#5] Country: caused an explosion (ROGUE_CANNON)
[1:25:20 PM] [9GQFd#5] Country: caused an explosion (ROGUE_CANNON)
[1:25:20 PM] [9GQFd#5] Country: caused an explosion (ROGUE_CANNON)
[1:25:20 PM] [9GQFd#5] Country: caused an explosion (ROGUE_CANNON)
[1:25:20 PM] [9GQFd#5] Country: caused an explosion (ROGUE_CANNON)
[1:25:20 PM] [9GQFd#5] Country: caused an explosion (ROGUE_CANNON)
[1:25:20 PM] [9GQFd#5] Country: caused an explosion (ROGUE_CANNON)
[1:25:20 PM] [9GQFd#3] B34R: caused an explosion (RAYGUN)
[1:25:24 PM] [9GQFd#3] B34R: caused an explosion (RAYGUN)
[1:25:27 PM] [9GQFd#3] B34R: caused an explosion (RAYGUN)
[1:25:36 PM] [9GQFd#4] Gage: caused an explosion (ROCKET)
[1:25:36 PM] [9GQFd#3] B34R: caused an explosion (RAYGUN)
[1:25:39 PM] [9GQFd#3] B34R: caused an explosion (RAYGUN)
[1:25:41 PM] [9GQFd#3] B34R: caused an explosion (RAYGUN)
[1:25:41 PM] [9GQFd#4] Gage: caused an explosion (ROCKET)
[1:25:45 PM] [9GQFd#5] Country: disconnected (Game crashed: GTA5_b2612.exe!sub_140F27BBC (0x19))
[1:25:45 PM] [9GQFd#3] B34R: disconnected (Game crashed: GTA5_b2612.exe+F27BD5)
[1:25:46 PM] [9GQFd#4] Gage: caused an explosion (PLANE)
[1:25:46 PM] [9GQFd#4] Gage: caused an explosion (PLANE)
[1:25:47 PM] [9GQFd#4] Gage: caused an explosion (TRUCK)
[1:25:57 PM] [9GQFd#4] Gage: caused an explosion (STICKYBOMB)
[1:26:02 PM] [9GQFd#4] Gage: caused an explosion (STICKYBOMB)
[1:26:02 PM] [9GQFd#4] Gage: caused an explosion (STICKYBOMB)
[1:26:04 PM] [9GQFd#4] Gage: caused an explosion (STICKYBOMB)
[1:26:04 PM] [9GQFd#4] Gage: died from suicide (Sticky Bomb)
[1:26:12 PM] [9GQFd#4] Gage: said "/revive"
[1:26:58 PM] [9GQFd#4] Gage: caused an explosion (ROCKET)
[1:27:13 PM] [9GQFd#4] Gage: caused an explosion (ROCKET)
[1:27:15 PM] [9GQFd#4] Gage: caused an explosion (GRENADELAUNCHER)
[1:27:26 PM] [9GQFd#4] Gage: caused an explosion (GRENADELAUNCHER)
[1:27:31 PM] [9GQFd#6] Country: joined with identifiers [steam:11000011451260f; license:79e72fe6942b0a0728e645f198345d8d0bfef7eb; discord:140365884182102016; fivem:73824; license2:5765fc041f0b18678f508895f1364a99ec7f1772]
[1:27:40 PM] [9GQFd#4] Gage: caused an explosion (GRENADELAUNCHER)
[1:28:06 PM] [9GQFd#7] Ethan Rubinacci: joined with identifiers [steam:110000106d81f17; license:29a1486f20d95134646534c3de37ff11e7c1f3e3; xbl:2533274921566674; live:2040691484489962; discord:134438206576787456; fivem:6346624; license2:374cbd654dc6b853cf59d872901780b076e1feb5]
[1:29:25 PM] [9GQFd#7] Ethan Rubinacci: disconnected (Exiting)
[1:29:40 PM] [9GQFd#4] Gage: disconnected (Server->client connection timed out. Last seen 30375 msec ago.)
[1:31:19 PM] [9GQFd#6] Country: said "/dv"
[1:32:06 PM] [9GQFd#8] Ethan Rubinacci: joined with identifiers [steam:110000106d81f17; license:29a1486f20d95134646534c3de37ff11e7c1f3e3; xbl:2533274921566674; live:2040691484489962; discord:134438206576787456; fivem:6346624; license2:374cbd654dc6b853cf59d872901780b076e1feb5]
[1:32:40 PM] [9GQFd#6] Country: said "/dv"
[1:32:54 PM] [9GQFd#6] Country: said "/dv"
[1:33:09 PM] [9GQFd#6] Country: died from suicide (Falling)
[1:33:12 PM] [9GQFd#6] Country: said "/revive"
[1:33:13 PM] [9GQFd#6] Country: said "/dv"
[1:33:16 PM] [9GQFd#6] Country: said "/dv"
[1:33:33 PM] [9GQFd#6] Country: caused an explosion (HUNTER_BARRAGE)
[1:33:33 PM] [9GQFd#6] Country: caused an explosion (HUNTER_BARRAGE)
[1:33:33 PM] [9GQFd#6] Country: caused an explosion (HUNTER_BARRAGE)
[1:33:33 PM] [9GQFd#6] Country: caused an explosion (HUNTER_BARRAGE)
[1:33:33 PM] [9GQFd#6] Country: caused an explosion (HUNTER_BARRAGE)
[1:33:33 PM] [9GQFd#6] Country: caused an explosion (HUNTER_BARRAGE)
[1:33:33 PM] [9GQFd#6] Country: caused an explosion (HUNTER_BARRAGE)
[1:33:40 PM] [9GQFd#6] Country: caused an explosion (HUNTER_BARRAGE)
[1:33:40 PM] [9GQFd#6] Country: caused an explosion (HUNTER_BARRAGE)
[1:33:40 PM] [9GQFd#6] Country: caused an explosion (HUNTER_BARRAGE)
[1:33:40 PM] [9GQFd#6] Country: caused an explosion (HUNTER_BARRAGE)
[1:33:42 PM] [9GQFd#6] Country: caused an explosion (HUNTER_BARRAGE)
[1:33:42 PM] [9GQFd#6] Country: caused an explosion (HUNTER_BARRAGE)
[1:33:42 PM] [9GQFd#6] Country: caused an explosion (HUNTER_BARRAGE)
[1:33:48 PM] [9GQFd#6] Country: caused an explosion (HUNTER_BARRAGE)
[1:33:48 PM] [9GQFd#6] Country: caused an explosion (HUNTER_BARRAGE)
[1:33:48 PM] [9GQFd#6] Country: caused an explosion (HUNTER_BARRAGE)
[1:33:48 PM] [9GQFd#6] Country: caused an explosion (HUNTER_BARRAGE)
[1:33:48 PM] [9GQFd#6] Country: caused an explosion (HUNTER_BARRAGE)
[1:33:48 PM] [9GQFd#6] Country: caused an explosion (HUNTER_BARRAGE)
[1:33:48 PM] [9GQFd#6] Country: caused an explosion (HUNTER_BARRAGE)
[1:34:00 PM] [9GQFd#6] Country: caused an explosion (HUNTER_BARRAGE)
[1:34:00 PM] [9GQFd#6] Country: caused an explosion (HUNTER_BARRAGE)
[1:34:00 PM] [9GQFd#6] Country: caused an explosion (HUNTER_BARRAGE)
[1:34:00 PM] [9GQFd#6] Country: caused an explosion (HUNTER_BARRAGE)
[1:34:00 PM] [9GQFd#6] Country: caused an explosion (HUNTER_BARRAGE)
[1:34:00 PM] [9GQFd#6] Country: caused an explosion (HUNTER_BARRAGE)
[1:34:04 PM] [9GQFd#6] Country: caused an explosion (HUNTER_BARRAGE)
[1:34:17 PM] [9GQFd#6] Country: caused an explosion (HUNTER_BARRAGE)
[1:34:17 PM] [9GQFd#6] Country: caused an explosion (HUNTER_BARRAGE)
[1:34:17 PM] [9GQFd#6] Country: caused an explosion (HUNTER_BARRAGE)
[1:34:17 PM] [9GQFd#6] Country: caused an explosion (HUNTER_BARRAGE)
[1:34:17 PM] [9GQFd#6] Country: caused an explosion (HUNTER_BARRAGE)
[1:34:17 PM] [9GQFd#6] Country: caused an explosion (HUNTER_BARRAGE)
[1:34:17 PM] [9GQFd#6] Country: caused an explosion (HUNTER_BARRAGE)
[1:34:18 PM] [9GQFd#6] Country: caused an explosion (HUNTER_BARRAGE)
[1:34:18 PM] [9GQFd#6] Country: caused an explosion (HUNTER_BARRAGE)
[1:34:18 PM] [9GQFd#6] Country: caused an explosion (HUNTER_BARRAGE)
[1:34:19 PM] [9GQFd#6] Country: caused an explosion (HUNTER_BARRAGE)
[1:34:19 PM] [9GQFd#6] Country: caused an explosion (HUNTER_BARRAGE)
[1:34:19 PM] [9GQFd#6] Country: caused an explosion (HUNTER_BARRAGE)
[1:34:19 PM] [9GQFd#6] Country: caused an explosion (HUNTER_BARRAGE)
[1:34:49 PM] [9GQFd#8] Ethan Rubinacci: disconnected (Exiting)
[1:35:11 PM] [9GQFd#6] Country: caused an explosion (HUNTER_BARRAGE)
[1:35:11 PM] [9GQFd#6] Country: caused an explosion (HUNTER_BARRAGE)
[1:35:11 PM] [9GQFd#6] Country: caused an explosion (HUNTER_BARRAGE)
[1:35:11 PM] [9GQFd#6] Country: caused an explosion (HUNTER_BARRAGE)
[1:35:11 PM] [9GQFd#6] Country: caused an explosion (HUNTER_BARRAGE)
[1:35:11 PM] [9GQFd#6] Country: caused an explosion (HUNTER_BARRAGE)
[1:35:11 PM] [9GQFd#6] Country: caused an explosion (HUNTER_BARRAGE)
[1:35:20 PM] [9GQFd#6] Country: caused an explosion (HUNTER_BARRAGE)
[1:35:20 PM] [9GQFd#6] Country: caused an explosion (HUNTER_BARRAGE)
[1:35:20 PM] [9GQFd#6] Country: caused an explosion (HUNTER_BARRAGE)
[1:35:21 PM] [9GQFd#6] Country: caused an explosion (HUNTER_BARRAGE)
[1:35:21 PM] [9GQFd#6] Country: caused an explosion (HUNTER_BARRAGE)
[1:35:21 PM] [9GQFd#6] Country: caused an explosion (HUNTER_BARRAGE)
[1:35:21 PM] [9GQFd#6] Country: caused an explosion (HUNTER_BARRAGE)
[1:35:39 PM] [9GQFd#6] Country: caused an explosion (HUNTER_BARRAGE)
[1:35:39 PM] [9GQFd#6] Country: caused an explosion (HUNTER_BARRAGE)
[1:35:40 PM] [9GQFd#6] Country: caused an explosion (HUNTER_BARRAGE)
[1:35:40 PM] [9GQFd#6] Country: caused an explosion (HUNTER_BARRAGE)
[1:35:40 PM] [9GQFd#6] Country: caused an explosion (HUNTER_BARRAGE)
[1:35:40 PM] [9GQFd#6] Country: caused an explosion (HUNTER_BARRAGE)
[1:35:40 PM] [9GQFd#6] Country: caused an explosion (HUNTER_BARRAGE)
[1:35:44 PM] [9GQFd#6] Country: said "/dv"
[1:36:02 PM] [9GQFd#6] Country: said "/dv"
[1:39:14 PM] [9GQFd#6] Country: said "/dv"
[1:42:16 PM] [9GQFd#6] Country: said "/dv"
[1:42:55 PM] [9GQFd#6] Country: said "/dv"
[1:43:46 PM] [9GQFd#9] Ethan Rubinacci: joined with identifiers [steam:110000106d81f17; license:29a1486f20d95134646534c3de37ff11e7c1f3e3; xbl:2533274921566674; live:2040691484489962; discord:134438206576787456; fivem:6346624; license2:374cbd654dc6b853cf59d872901780b076e1feb5]
[1:43:58 PM] [9GQFd#6] Country: said "/dv"
[1:44:42 PM] [9GQFd#9] Ethan Rubinacci: disconnected (Exiting)
[1:45:05 PM] [9GQFd#6] Country: said "/dv"
[1:47:46 PM] [9GQFd#6] Country: said "/dv"
[1:48:10 PM] [9GQFd#10] Ethan Rubinacci: joined with identifiers [steam:110000106d81f17; license:29a1486f20d95134646534c3de37ff11e7c1f3e3; xbl:2533274921566674; live:2040691484489962; discord:134438206576787456; fivem:6346624; license2:374cbd654dc6b853cf59d872901780b076e1feb5]
[1:49:24 PM] [9GQFd#10] Ethan Rubinacci: disconnected (Exiting)
[1:52:58 PM] [9GQFd#6] Country: said "/dv"
[1:53:46 PM] [9GQFd#11] Ethan Rubinacci: joined with identifiers [steam:110000106d81f17; license:29a1486f20d95134646534c3de37ff11e7c1f3e3; xbl:2533274921566674; live:2040691484489962; discord:134438206576787456; fivem:6346624; license2:374cbd654dc6b853cf59d872901780b076e1feb5]
[1:53:58 PM] [9GQFd#6] Country: said "/dv"
[1:55:29 PM] [9GQFd#6] Country: said "/dv"
[1:56:37 PM] [9GQFd#6] Country: said "/dv"
[1:57:31 PM] [9GQFd#11] Ethan Rubinacci: disconnected (Exiting)
[1:57:38 PM] [9GQFd#6] Country: said "/dv"
[1:59:26 PM] [9GQFd#12] Ethan Rubinacci: joined with identifiers [steam:110000106d81f17; license:29a1486f20d95134646534c3de37ff11e7c1f3e3; xbl:2533274921566674; live:2040691484489962; discord:134438206576787456; fivem:6346624; license2:374cbd654dc6b853cf59d872901780b076e1feb5]
[2:00:36 PM] [9GQFd#12] Ethan Rubinacci: disconnected (Exiting)
[2:03:17 PM] [9GQFd#6] Country: disconnected (Game crashed: phInstGta Pool Full, Size == 16384)
[2:05:56 PM] [9GQFd#13] Ethan Rubinacci: joined with identifiers [steam:110000106d81f17; license:29a1486f20d95134646534c3de37ff11e7c1f3e3; xbl:2533274921566674; live:2040691484489962; discord:134438206576787456; fivem:6346624; license2:374cbd654dc6b853cf59d872901780b076e1feb5]
[2:07:07 PM] [9GQFd#13] Ethan Rubinacci: disconnected (Exiting)
[2:09:00 PM] [9GQFd#14] Ethan Rubinacci: joined with identifiers [steam:110000106d81f17; license:29a1486f20d95134646534c3de37ff11e7c1f3e3; xbl:2533274921566674; live:2040691484489962; discord:134438206576787456; fivem:6346624; license2:374cbd654dc6b853cf59d872901780b076e1feb5]
[2:09:58 PM] [9GQFd#14] Ethan Rubinacci: disconnected (Exiting)
[2:11:52 PM] txAdmin: Logger started
[2:12:58 PM] [KAtyr#1] Ethan Rubinacci: joined with identifiers [steam:110000106d81f17; license:29a1486f20d95134646534c3de37ff11e7c1f3e3; xbl:2533274921566674; live:2040691484489962; discord:134438206576787456; fivem:6346624; license2:374cbd654dc6b853cf59d872901780b076e1feb5]
[2:14:02 PM] [KAtyr#1] Ethan Rubinacci: disconnected (Exiting)
[2:16:46 PM] txAdmin: Logger started
[2:17:22 PM] [bJ9fj#1] Ethan Rubinacci: joined with identifiers [steam:110000106d81f17; license:29a1486f20d95134646534c3de37ff11e7c1f3e3; xbl:2533274921566674; live:2040691484489962; discord:134438206576787456; fivem:6346624; license2:374cbd654dc6b853cf59d872901780b076e1feb5]
[2:18:56 PM] [bJ9fj#1] Ethan Rubinacci: disconnected (Exiting)

================================================================
======== txAdmin Starting - 8/8/2022, 2:23:23 PM                
================================================================
[2:23:33 PM] txAdmin: Logger started
[2:25:49 PM] [Terkt#1] Ethan Rubinacci: joined with identifiers [steam:110000106d81f17; license:29a1486f20d95134646534c3de37ff11e7c1f3e3; xbl:2533274921566674; live:2040691484489962; discord:134438206576787456; fivem:6346624; license2:374cbd654dc6b853cf59d872901780b076e1feb5]
[2:27:00 PM] [Terkt#1] Ethan Rubinacci: said "/dv"
[2:27:02 PM] [Terkt#1] Ethan Rubinacci: said "/dv"
[2:27:03 PM] [Terkt#1] Ethan Rubinacci: disconnected (Exiting)

================================================================
======== txAdmin Starting - 8/8/2022, 2:28:42 PM                
================================================================
[2:28:52 PM] txAdmin: Logger started
[2:31:53 PM] [d9WJd#1] Ethan Rubinacci: joined with identifiers [steam:110000106d81f17; license:29a1486f20d95134646534c3de37ff11e7c1f3e3; xbl:2533274921566674; live:2040691484489962; discord:134438206576787456; fivem:6346624; license2:374cbd654dc6b853cf59d872901780b076e1feb5]
[2:34:10 PM] [d9WJd#1] Ethan Rubinacci: disconnected (Exiting)
[2:34:17 PM] [d9WJd#2] Country: joined with identifiers [steam:11000011451260f; license:79e72fe6942b0a0728e645f198345d8d0bfef7eb; discord:140365884182102016; fivem:73824; license2:5765fc041f0b18678f508895f1364a99ec7f1772]
[2:36:10 PM] [d9WJd#2] Country: said "/time 10 0"
[2:38:32 PM] [d9WJd#2] Country: disconnected (Reliable network event overflow.)
[3:43:28 PM] [d9WJd#3] Country: joined with identifiers [steam:11000011451260f; license:79e72fe6942b0a0728e645f198345d8d0bfef7eb; discord:140365884182102016; fivem:73824; license2:5765fc041f0b18678f508895f1364a99ec7f1772]
[3:47:51 PM] [d9WJd#3] Country: disconnected (Reliable network event overflow.)
[3:48:10 PM] txAdmin: Logger started
[3:48:39 PM] [rRFM7#1] Country: joined with identifiers [steam:11000011451260f; license:79e72fe6942b0a0728e645f198345d8d0bfef7eb; discord:140365884182102016; fivem:73824; license2:5765fc041f0b18678f508895f1364a99ec7f1772]
[3:52:53 PM] [rRFM7#1] Country: disconnected (Server shutting down: SIGHUP received)

================================================================
======== txAdmin Starting - 8/8/2022, 3:53:11 PM                
================================================================
[3:53:20 PM] txAdmin: Logger started
[3:54:08 PM] [JeXHa#1] Country: joined with identifiers [steam:11000011451260f; license:79e72fe6942b0a0728e645f198345d8d0bfef7eb; discord:140365884182102016; fivem:73824; license2:5765fc041f0b18678f508895f1364a99ec7f1772]
[4:31:12 PM] [JeXHa#1] Country: disconnected (Exiting)
[6:51:23 PM] [JeXHa#2] Country: joined with identifiers [steam:11000011451260f; license:79e72fe6942b0a0728e645f198345d8d0bfef7eb; discord:140365884182102016; fivem:73824; license2:5765fc041f0b18678f508895f1364a99ec7f1772]
[6:53:45 PM] [JeXHa#3] Ethan Rubinacci: joined with identifiers [steam:110000106d81f17; license:29a1486f20d95134646534c3de37ff11e7c1f3e3; xbl:2533274921566674; live:2040691484489962; discord:134438206576787456; fivem:6346624; license2:374cbd654dc6b853cf59d872901780b076e1feb5]
[6:55:04 PM] [JeXHa#3] Ethan Rubinacci: disconnected (Game crashed: dxgi.dll!guard_dispatch_icall_nop (0x0))
[6:56:01 PM] [JeXHa#4] Ethan Rubinacci: joined with identifiers [steam:110000106d81f17; license:29a1486f20d95134646534c3de37ff11e7c1f3e3; xbl:2533274921566674; live:2040691484489962; discord:134438206576787456; fivem:6346624; license2:374cbd654dc6b853cf59d872901780b076e1feb5]
[6:58:29 PM] [JeXHa#2] Country: died from Ranover by Vehicle by Ethan Rubinacci
[6:58:32 PM] [JeXHa#2] Country: said "/revive"
[6:58:40 PM] [JeXHa#4] Ethan Rubinacci: died from Pistol Mk2 by Country
[6:58:43 PM] [JeXHa#4] Ethan Rubinacci: said "/revive"
[6:58:45 PM] [JeXHa#4] Ethan Rubinacci: said "/dv"
[6:58:48 PM] [JeXHa#2] Country: died from suicide (Ranover by Vehicle)
[6:59:02 PM] [JeXHa#2] Country: said "/revive"
[6:59:21 PM] [JeXHa#4] Ethan Rubinacci: died from Pistol Mk2 by Country
[6:59:23 PM] [JeXHa#4] Ethan Rubinacci: said "/dv"
[6:59:25 PM] [JeXHa#4] Ethan Rubinacci: said "/revive"
[6:59:40 PM] [JeXHa#2] Country: died from Pistol Mk2 by Ethan Rubinacci
[6:59:43 PM] [JeXHa#2] Country: said "/revive"
[7:00:59 PM] [JeXHa#5] Kolten Perry: joined with identifiers [license:c52d272c7a8a6ae0dcdb41b2bb7d16f21a553d6c; discord:970424669125615616; license2:c52d272c7a8a6ae0dcdb41b2bb7d16f21a553d6c]
[7:01:26 PM] [JeXHa#4] Ethan Rubinacci: died from unknown by Country
[7:01:31 PM] [JeXHa#4] Ethan Rubinacci: said "/revive"
[7:01:55 PM] [JeXHa#4] Ethan Rubinacci: died from unknown by Country
[7:01:56 PM] [JeXHa#4] Ethan Rubinacci: said "/revive"
[7:01:59 PM] [JeXHa#2] Country: said "/dv"
[7:02:01 PM] [JeXHa#4] Ethan Rubinacci: died from Pistol Mk2 by Country
[7:02:04 PM] [JeXHa#4] Ethan Rubinacci: said "/revive"
[7:02:09 PM] [JeXHa#4] Ethan Rubinacci: died from Pistol Mk2 by Country
[7:02:10 PM] [JeXHa#4] Ethan Rubinacci: said "/revive"
[7:02:15 PM] [JeXHa#4] Ethan Rubinacci: died from Pistol Mk2 by Country
[7:02:17 PM] [JeXHa#4] Ethan Rubinacci: said "/revive"
[7:02:21 PM] [JeXHa#2] Country: died from Pump Shotgun Mk2 by Ethan Rubinacci
[7:02:23 PM] [JeXHa#2] Country: said "/revive"
[7:02:26 PM] [JeXHa#4] Ethan Rubinacci: died from Pistol Mk2 by Country
[7:02:28 PM] [JeXHa#4] Ethan Rubinacci: said "/revive"
[7:02:32 PM] [JeXHa#4] Ethan Rubinacci: died from Pistol Mk2 by Country
[7:02:59 PM] [JeXHa#5] Kolten Perry: died from Pistol Mk2 by Country
[7:03:09 PM] [JeXHa#2] Country: said "/revive 2"
[7:03:10 PM] [JeXHa#5] Kolten Perry: said "/revive"
[7:03:12 PM] [JeXHa#2] Country: said "/revive 4"
[7:03:17 PM] [JeXHa#4] Ethan Rubinacci: died from Pistol Mk2 by Country
[7:03:19 PM] [JeXHa#5] Kolten Perry: died from suicide (Falling)
[7:03:22 PM] [JeXHa#2] Country: said "/revive 4"
[7:03:23 PM] [JeXHa#5] Kolten Perry: said "/revive"
[7:03:37 PM] [JeXHa#5] Kolten Perry: died from Pistol Mk2 by Country
[7:03:40 PM] [JeXHa#5] Kolten Perry: said "/revive"
[7:04:08 PM] [JeXHa#4] Ethan Rubinacci: died from Pump Shotgun Mk2 by Country
[7:04:10 PM] [JeXHa#2] Country: said "/revive 4"
[7:05:42 PM] [JeXHa#5] Kolten Perry: died from Pistol Mk2 by Country
[7:05:45 PM] [JeXHa#5] Kolten Perry: said "/revive"
[7:05:51 PM] [JeXHa#5] Kolten Perry: died from suicide
[7:05:55 PM] [JeXHa#5] Kolten Perry: said "/revive"
[7:06:09 PM] [JeXHa#5] Kolten Perry: died from Pistol Mk2 by Country
[7:06:13 PM] [JeXHa#5] Kolten Perry: said "/revive"
[7:06:31 PM] [JeXHa#5] Kolten Perry: died from Pistol Mk2 by Country
[7:06:37 PM] [JeXHa#5] Kolten Perry: said "/revive"
[7:06:56 PM] [JeXHa#5] Kolten Perry: died from Sticky Bomb by Country
[7:07:02 PM] [JeXHa#5] Kolten Perry: said "/revive"
[7:07:53 PM] [JeXHa#5] Kolten Perry: died from Pistol Mk2 by Country
[7:07:57 PM] [JeXHa#5] Kolten Perry: said "/revive"
[7:08:35 PM] [JeXHa#4] Ethan Rubinacci: said "/dv"
[7:09:12 PM] [JeXHa#4] Ethan Rubinacci: said "/dv"
[7:09:39 PM] [JeXHa#4] Ethan Rubinacci: said "/dv"
[7:09:44 PM] [JeXHa#4] Ethan Rubinacci: died from Ranover by Vehicle by Kolten Perry
[7:09:46 PM] [JeXHa#4] Ethan Rubinacci: said "/revive"
[7:09:52 PM] [JeXHa#5] Kolten Perry: died from suicide (Falling)
[7:09:55 PM] [JeXHa#5] Kolten Perry: said "/revive"
[7:10:14 PM] [JeXHa#5] Kolten Perry: died from unknown by Country
[7:10:15 PM] [JeXHa#4] Ethan Rubinacci: said "/dv"
[7:10:33 PM] [JeXHa#5] Kolten Perry: said "/revive"
[7:10:36 PM] [JeXHa#5] Kolten Perry: died from suicide
[7:10:38 PM] [JeXHa#4] Ethan Rubinacci: died from Explosion by Country
[7:10:39 PM] [JeXHa#5] Kolten Perry: said "/revive"
[7:10:41 PM] [JeXHa#4] Ethan Rubinacci: said "/revive"
[7:11:03 PM] [JeXHa#2] Country: died from Explosion by Ethan Rubinacci
[7:11:08 PM] [JeXHa#2] Country: said "/revive"
[7:11:39 PM] [JeXHa#4] Ethan Rubinacci: died from Sticky Bomb by Country
[7:11:45 PM] [JeXHa#4] Ethan Rubinacci: said "/revive"
[7:11:53 PM] [JeXHa#5] Kolten Perry: died from Sticky Bomb by Country
[7:11:58 PM] [JeXHa#5] Kolten Perry: said "/revive"
[7:11:58 PM] [JeXHa#4] Ethan Rubinacci: said "/dv"
[7:12:09 PM] [JeXHa#4] Ethan Rubinacci: died from Ranover by Vehicle by Kolten Perry
[7:12:11 PM] [JeXHa#4] Ethan Rubinacci: said "/revive"
[7:12:19 PM] [JeXHa#4] Ethan Rubinacci: said "/dv"
[7:12:20 PM] [JeXHa#5] Kolten Perry: died from Vehicle Space Rocket by Country
[7:12:23 PM] [JeXHa#5] Kolten Perry: said "/revive"
[7:12:30 PM] [JeXHa#4] Ethan Rubinacci: died from Explosion by Kolten Perry
[7:12:34 PM] [JeXHa#4] Ethan Rubinacci: said "/revive"
[7:13:13 PM] [JeXHa#2] Country: died from suicide
[7:13:18 PM] [JeXHa#2] Country: said "/dv"
[7:13:19 PM] [JeXHa#2] Country: said "/revive"
[7:13:24 PM] [JeXHa#2] Country: said "/dv"
[7:13:48 PM] [JeXHa#4] Ethan Rubinacci: died from suicide (Explosion)
[7:13:48 PM] [JeXHa#2] Country: died from Explosion by Ethan Rubinacci
[7:13:51 PM] [JeXHa#4] Ethan Rubinacci: said "/revive"
[7:13:52 PM] [JeXHa#2] Country: said "/revive"
[7:14:02 PM] [JeXHa#5] Kolten Perry: died from suicide (Explosion)
[7:14:07 PM] [JeXHa#5] Kolten Perry: said "/revive"
[7:14:08 PM] [JeXHa#5] Kolten Perry: died from suicide (Explosion)
[7:14:31 PM] [JeXHa#5] Kolten Perry: said "/revive"
[7:17:11 PM] UNKNOWN: ((DM) B34R): said "Loser"
[7:17:33 PM] [JeXHa#4] Ethan Rubinacci: died from Knife by Country
[7:17:37 PM] [JeXHa#4] Ethan Rubinacci: said "/revive"
[7:18:10 PM] [JeXHa#2] Country: died from suicide (Drowned)
[7:18:12 PM] [JeXHa#2] Country: said "/revive"
[7:18:22 PM] [JeXHa#2] Country: died from suicide (Drowned)
[7:18:24 PM] [JeXHa#2] Country: said "/revive"
[7:20:44 PM] [JeXHa#5] Kolten Perry: died from suicide (Drowned)
[7:20:51 PM] [JeXHa#5] Kolten Perry: said "/revive"
[7:21:18 PM] [JeXHa#4] Ethan Rubinacci: died from Knife by Country
[7:21:23 PM] [JeXHa#4] Ethan Rubinacci: said "/revive"
[7:23:55 PM] [JeXHa#6] B34R: joined with identifiers [steam:1100001161dde30; license:d1701434a075a4dea66c41c041b1cbbf4f56741a; xbl:2535425999625569; live:1055521813911644; discord:421883819231150091; license2:66587b586b3d27a60a7637f497815262732cf4ee]
[7:26:59 PM] [JeXHa#6] B34R: disconnected ([txAdmin] Server restarting (admin request).)
[7:26:59 PM] [JeXHa#5] Kolten Perry: disconnected ([txAdmin] Server restarting (admin request).)
[7:26:59 PM] [JeXHa#2] Country: disconnected ([txAdmin] Server restarting (admin request).)
[7:26:59 PM] [JeXHa#4] Ethan Rubinacci: disconnected ([txAdmin] Server restarting (admin request).)
[7:27:14 PM] txAdmin: Logger started
[7:28:16 PM] txAdmin: Logger started
[7:29:18 PM] [Pj33i#1] Kolten Perry: joined with identifiers [license:c52d272c7a8a6ae0dcdb41b2bb7d16f21a553d6c; discord:970424669125615616; license2:c52d272c7a8a6ae0dcdb41b2bb7d16f21a553d6c]
[7:29:41 PM] [Pj33i#2] B34R: joined with identifiers [steam:1100001161dde30; license:d1701434a075a4dea66c41c041b1cbbf4f56741a; xbl:2535425999625569; live:1055521813911644; discord:421883819231150091; license2:66587b586b3d27a60a7637f497815262732cf4ee]
[7:29:59 PM] [Pj33i#3] Country: joined with identifiers [steam:11000011451260f; license:79e72fe6942b0a0728e645f198345d8d0bfef7eb; discord:140365884182102016; fivem:73824; license2:5765fc041f0b18678f508895f1364a99ec7f1772]
[7:30:05 PM] [Pj33i#3] Country: disconnected (Exiting)
[7:30:51 PM] [Pj33i#1] Kolten Perry: disconnected ([txAdmin] Server restarting (admin request).)
[7:30:51 PM] [Pj33i#2] B34R: disconnected ([txAdmin] Server restarting (admin request).)
[7:31:07 PM] txAdmin: Logger started
[7:31:30 PM] [HGNBj#1] B34R: joined with identifiers [steam:1100001161dde30; license:d1701434a075a4dea66c41c041b1cbbf4f56741a; xbl:2535425999625569; live:1055521813911644; discord:421883819231150091; license2:66587b586b3d27a60a7637f497815262732cf4ee]
[7:32:52 PM] [HGNBj#2] Kolten Perry: joined with identifiers [license:c52d272c7a8a6ae0dcdb41b2bb7d16f21a553d6c; discord:970424669125615616; license2:c52d272c7a8a6ae0dcdb41b2bb7d16f21a553d6c]
[7:32:52 PM] [HGNBj#3] Country: joined with identifiers [steam:11000011451260f; license:79e72fe6942b0a0728e645f198345d8d0bfef7eb; discord:140365884182102016; fivem:73824; license2:5765fc041f0b18678f508895f1364a99ec7f1772]
[7:33:18 PM] [HGNBj#4] Ethan Rubinacci: joined with identifiers [steam:110000106d81f17; license:29a1486f20d95134646534c3de37ff11e7c1f3e3; xbl:2533274921566674; live:2040691484489962; discord:134438206576787456; fivem:6346624; license2:374cbd654dc6b853cf59d872901780b076e1feb5]
[7:42:31 PM] [HGNBj#3] Country: said "/me touches light"
[7:42:58 PM] [HGNBj#2] Kolten Perry: said "/me id "
[7:43:05 PM] [HGNBj#3] Country: said "/me looks at ID for name, wdis?"
[7:43:07 PM] [HGNBj#2] Kolten Perry: said "/me thts alll i got"
[7:43:46 PM] [HGNBj#2] Kolten Perry: said "/me i dont know how to spelll but there"
[7:44:23 PM] [HGNBj#3] Country: said "/me runs "Smith Wilson", any prior tickets/arrests, or active warrants?"
[7:45:15 PM] [HGNBj#2] Kolten Perry: said "yea drugs"
[7:45:39 PM] [HGNBj#3] Country: said "/me writes a citation for red light violation"
[7:46:02 PM] [HGNBj#2] Kolten Perry: said "/me sighns there"
[7:46:10 PM] [HGNBj#3] Country: said "/me hands copy, insurance, and driver's license"
[7:51:48 PM] [HGNBj#1] B34R: said "/ooc What Radio Channel?"
[7:51:53 PM] [HGNBj#3] Country: said "APD SCU"
[7:53:04 PM] [HGNBj#1] B34R: said "/dv"
[7:53:06 PM] [HGNBj#4] Ethan Rubinacci: said "/dv"
[7:55:13 PM] [HGNBj#3] Country: said "/me do I smell anything odd (alcohol, weed, etc), or see anything?"
[7:55:15 PM] [HGNBj#2] Kolten Perry: said "n/me there is the stuff no weopem"
[7:57:33 PM] [HGNBj#3] Country: disconnected (Reliable network event overflow.)
[7:58:03 PM] [HGNBj#5] Country: joined with identifiers [steam:11000011451260f; license:79e72fe6942b0a0728e645f198345d8d0bfef7eb; discord:140365884182102016; fivem:73824; license2:5765fc041f0b18678f508895f1364a99ec7f1772]
[7:58:24 PM] [HGNBj#4] Ethan Rubinacci: died from suicide (Animal)
[7:58:27 PM] [HGNBj#4] Ethan Rubinacci: said "/revive"
[7:59:57 PM] [HGNBj#4] Ethan Rubinacci: said "/dv"
[7:59:59 PM] [HGNBj#4] Ethan Rubinacci: said "/dv"
[7:59:59 PM] [HGNBj#1] B34R: said "/OOC i WAS ON MY WAY BACK TO STATION TELL YOU SAID I GOT RAN OVER"
[8:00:01 PM] [HGNBj#4] Ethan Rubinacci: said "/dv"
[8:00:04 PM] [HGNBj#4] Ethan Rubinacci: said "/dv"
[8:00:06 PM] [HGNBj#1] B34R: said "/ooc Oops caps"
[8:00:07 PM] [HGNBj#4] Ethan Rubinacci: said "/ooc LMFAO"
[8:00:10 PM] [HGNBj#4] Ethan Rubinacci: said "/ooc LMFAO"
[8:00:13 PM] [HGNBj#4] Ethan Rubinacci: said "/dv"
[8:00:16 PM] [HGNBj#1] B34R: said "/dv"
[8:04:07 PM] [HGNBj#5] Country: said "/dv"
[8:06:21 PM] [HGNBj#2] Kolten Perry: said "/me titts"
[8:07:08 PM] [HGNBj#5] Country: said "(/e handsup"
[8:07:12 PM] [HGNBj#5] Country: said "(/e handsup)"
[8:07:16 PM] [HGNBj#5] Country: said "./e handsup"
[8:07:35 PM] [HGNBj#6] Heavy Scout Gaming: joined with identifiers [steam:110000102449b2e; license:ec5dfc052461c7bbc819d38af78bed9209312fd7; xbl:2533274854325254; live:844427431245709; discord:185901595744010241; fivem:6346624; license2:ec5dfc052461c7bbc819d38af78bed9209312fd7]
[8:07:47 PM] [HGNBj#4] Ethan Rubinacci: said "/ooc e handsup"
[8:09:05 PM] [HGNBj#2] Kolten Perry: said "/ec"
[8:09:28 PM] [HGNBj#5] Country: said "a"
[8:09:30 PM] [HGNBj#5] Country: said "a"
[8:09:31 PM] [HGNBj#5] Country: said "a"
[8:09:31 PM] [HGNBj#5] Country: said "ok"
[8:11:31 PM] [HGNBj#1] B34R: said "/me hands a 20$ Garden Olive Card"
[8:12:12 PM] [HGNBj#2] Kolten Perry: said "/me puts gun in back"
[8:13:40 PM] [HGNBj#6] Heavy Scout Gaming: said "/911 theres some dumb bitch in a range rover driving like a idiot at 9092"
[8:14:38 PM] [HGNBj#4] Ethan Rubinacci: said "/OOC this games concept of traffic lights is broken"
[8:14:43 PM] [HGNBj#6] Heavy Scout Gaming: said "/dv"
[8:21:14 PM] [HGNBj#5] Country: said "that was some fun desync there"
[8:21:30 PM] [HGNBj#2] Kolten Perry: said "waw"
[8:21:31 PM] [HGNBj#5] Country: said "on my screen mans flew into that compound .-."
[8:21:59 PM] [HGNBj#4] Ethan Rubinacci: said "Server is being very weird currently, lights just keep falling when no one is around, fences are disappearing, it's odd."
[8:22:34 PM] [HGNBj#1] B34R: said "idk"
[8:23:48 PM] [HGNBj#2] Kolten Perry: caused an explosion (PLANE)
[8:24:30 PM] [HGNBj#6] Heavy Scout Gaming: said "/dv"
[8:25:11 PM] [HGNBj#5] Country: said "/me runs 66DSH288 (motorcycle from pursuit) through ASPIN, wdif?"
[8:25:12 PM] [HGNBj#2] Kolten Perry: caused an explosion (GRENADE)
[8:25:12 PM] [HGNBj#2] Kolten Perry: caused an explosion (CAR)
[8:25:12 PM] [HGNBj#2] Kolten Perry: died from suicide (Grenade)
[8:25:23 PM] [HGNBj#2] Kolten Perry: said "/revive"
[8:25:59 PM] [HGNBj#1] B34R: said "/repair"
[8:26:14 PM] [HGNBj#6] Heavy Scout Gaming: said "/me a stolen plate"
[8:27:02 PM] [HGNBj#2] Kolten Perry: caused an explosion (GRENADE)
[8:27:40 PM] [HGNBj#2] Kolten Perry: caused an explosion (GRENADE)
[8:27:59 PM] [HGNBj#2] Kolten Perry: caused an explosion (GRENADE)
[8:28:02 PM] [HGNBj#5] Country: said "/me gets bike towed to impound"
[8:28:05 PM] [HGNBj#5] Country: said "/dv"
[8:28:17 PM] [HGNBj#2] Kolten Perry: caused an explosion (GRENADE)
[8:28:23 PM] [HGNBj#2] Kolten Perry: caused an explosion (GRENADE)
[8:28:35 PM] [HGNBj#2] Kolten Perry: caused an explosion (GRENADE)
[8:28:35 PM] [HGNBj#6] Heavy Scout Gaming: caused an explosion (BIKE)
[8:28:36 PM] [HGNBj#6] Heavy Scout Gaming: died from suicide (Explosion)
[8:28:40 PM] [HGNBj#6] Heavy Scout Gaming: said "t/me"
[8:28:42 PM] [HGNBj#6] Heavy Scout Gaming: said "/me"
[8:28:45 PM] [HGNBj#6] Heavy Scout Gaming: said "/me ban"
[8:28:48 PM] [HGNBj#6] Heavy Scout Gaming: said "/revive"
[8:29:00 PM] [HGNBj#1] B34R: said "huh?"
[8:29:27 PM] [HGNBj#5] Country: said "/me runs 48KYU561 through APSIN, wdif?"
[8:29:34 PM] [HGNBj#2] Kolten Perry: disconnected (You have been kicked. Reason: No explosives, actually RP please...)
[8:30:19 PM] [HGNBj#7] Kolten Perry: joined with identifiers [license:c52d272c7a8a6ae0dcdb41b2bb7d16f21a553d6c; discord:970424669125615616; license2:c52d272c7a8a6ae0dcdb41b2bb7d16f21a553d6c]
[8:30:44 PM] [HGNBj#6] Heavy Scout Gaming: said "He can come back obviously, im just annoyed cause im trying to RP with someone and they throw fucking explosives at me"
[8:30:55 PM] [HGNBj#5] Country: said "/dv"
[8:30:56 PM] [HGNBj#4] Ethan Rubinacci: said "They both need trained, badly."
[8:31:17 PM] [HGNBj#4] Ethan Rubinacci: said "I'm not great a teaching civ stuff, I might be able to write documents, but I find myself to be a poor teacher."
[8:31:19 PM] [HGNBj#1] B34R: said "/ooc Next NITRP is a 12 hour Ban"
[8:31:24 PM] [HGNBj#7] Kolten Perry: said "dude you was shotting me i wont use them"
[8:31:39 PM] [HGNBj#6] Heavy Scout Gaming: said "Just dont use explosives, I was trying to carjack you btw"
[8:31:42 PM] [HGNBj#5] Country: said "shooting* + using explosives in rp + ratio"
[8:35:24 PM] [HGNBj#7] Kolten Perry: caused an explosion (PETROL_PUMP)
[8:35:24 PM] [HGNBj#7] Kolten Perry: caused an explosion (PETROL_PUMP)
[8:35:24 PM] [HGNBj#7] Kolten Perry: caused an explosion (PETROL_PUMP)
[8:35:58 PM] [HGNBj#5] Country: said "yeah desync is bad rn"
[8:36:10 PM] [HGNBj#1] B34R: said "/ooc I have zero desync"
[8:36:25 PM] [HGNBj#5] Country: said "i just completely murdered that motorcycle, like drove completely over him, and he TPed behind me cause it didnt happen on his screen"
[8:41:45 PM] [HGNBj#4] Ethan Rubinacci: said "/me pulls out pocket knife and cuts rope off"
[8:45:10 PM] [HGNBj#7] Kolten Perry: said "e handsuo]"
[8:46:11 PM] [HGNBj#7] Kolten Perry: died from unknown by B34R
[8:46:21 PM] [HGNBj#7] Kolten Perry: said "/revive"
[8:47:22 PM] [HGNBj#4] Ethan Rubinacci: said "/me hands account info to cooper for @JCooper"
[8:48:15 PM] [HGNBj#1] B34R: said "/dv"
[8:50:14 PM] [HGNBj#5] Country: said "/dv"
[8:50:44 PM] [HGNBj#6] Heavy Scout Gaming: said "/twitter we got diamonds, live resin, shatter, real rock, real shatter  shatter, tabs and mich more"
[8:51:34 PM] [HGNBj#1] B34R: said "/me changes clothes and puts fake tats on"
[8:51:54 PM] [HGNBj#7] Kolten Perry: died from suicide (Falling)
[8:52:24 PM] [HGNBj#5] Country: said "/me takes gun"
[8:52:25 PM] [HGNBj#7] Kolten Perry: said "/REVIVE"
[8:52:35 PM] [HGNBj#5] Country: said "/me checks pulse of downed individual, wdif?"
[8:52:36 PM] [HGNBj#7] Kolten Perry: said "/revive"
[8:52:42 PM] [HGNBj#5] Country: said "..."
[8:52:49 PM] [HGNBj#5] Country: said "you're not supposed to respawn but pop off..."
[8:53:03 PM] [HGNBj#1] B34R: said "/dv"
[8:53:48 PM] [HGNBj#4] Ethan Rubinacci: said "Nate, after this scenario, can you work with Kolten and show him some of the ways of doing actual CIV stuff? Like how you're doing, less the pursuits, and such. I'm not a great teacher, even worse so since I'm related to them. I'd appreciate it if you could, if not, I'll find someone to do it."
[8:56:14 PM] [HGNBj#4] Ethan Rubinacci: said "/me grabs a bottle of coke."
[8:56:39 PM] [HGNBj#4] Ethan Rubinacci: said "/me a bag of Nerds Clusters, and a bag of Andy Capps Cheese Fries"
[8:56:52 PM] [HGNBj#4] Ethan Rubinacci: said "/me pays $11.86"
[8:58:33 PM] [HGNBj#4] Ethan Rubinacci: said "/me unracks ar"
[8:58:40 PM] [HGNBj#4] Ethan Rubinacci: said "/me slings AR"
[8:59:06 PM] [HGNBj#5] Country: said "/me puts on vest and slings rifle"
[8:59:38 PM] [HGNBj#5] Country: said "/me puts helmet in passenger seat"
[9:00:04 PM] [HGNBj#6] Heavy Scout Gaming: said "/ooc I cant hear you"
[9:00:41 PM] [HGNBj#7] Kolten Perry: died from Night Stick by Ethan Rubinacci
[9:00:48 PM] [HGNBj#7] Kolten Perry: said "/revive"
[9:01:07 PM] [HGNBj#1] B34R: said "/me shows 50$ bill"
[9:01:36 PM] [HGNBj#6] Heavy Scout Gaming: said "/me hands dealer money and grabs the drugs"
[9:02:34 PM] [HGNBj#5] Country: died from Sawnoff Shotgun by Heavy Scout Gaming
[9:03:55 PM] [HGNBj#6] Heavy Scout Gaming: said "i LIKE HOW I WAS THE ONLY GANG MEMBER TO CARE ABOUT 2 GANG MEMBERS BEING RAN DOWN xD"
[9:04:11 PM] [HGNBj#6] Heavy Scout Gaming: said "The others didnt give two rat asses"
[9:04:18 PM] [HGNBj#4] Ethan Rubinacci: said "/ooc Who ran them down ;-;"
[9:04:23 PM] [HGNBj#5] Country: said "you overreacted ig"
[9:04:34 PM] [HGNBj#6] Heavy Scout Gaming: said "Nah, gang life"
[9:04:36 PM] [HGNBj#5] Country: said "the others knew the two that got gotted suck at being gang members"
[9:05:03 PM] [HGNBj#5] Country: said "/revive"
[9:05:05 PM] [HGNBj#7] Kolten Perry: caused an explosion (STICKYBOMB)
[9:05:05 PM] [HGNBj#7] Kolten Perry: caused an explosion (BIKE)
[9:05:05 PM] [HGNBj#4] Ethan Rubinacci: said "/me checks pulse on officer"
[9:05:05 PM] [HGNBj#7] Kolten Perry: caused an explosion (STICKYBOMB)
[9:05:05 PM] [HGNBj#7] Kolten Perry: died from suicide (Sticky Bomb)
[9:05:05 PM] [HGNBj#7] Kolten Perry: caused an explosion (STICKYBOMB)
[9:05:05 PM] [HGNBj#7] Kolten Perry: caused an explosion (STICKYBOMB)
[9:05:06 PM] [HGNBj#7] Kolten Perry: caused an explosion (STICKYBOMB)
[9:05:17 PM] [HGNBj#7] Kolten Perry: said "/revive"
[9:05:25 PM] [HGNBj#5] Country: said "/me shotgun blast to right shoulder and top right back"
[9:05:44 PM] [HGNBj#4] Ethan Rubinacci: said "/me grabs trauma kit"
[9:05:54 PM] [HGNBj#5] Country: said "/me most of the shot to the back was deflected because of vest, still bleeding significantly from shoulder"
[9:06:10 PM] [HGNBj#4] Ethan Rubinacci: said "/me applies QuikClot to shoulder wound"
[9:06:11 PM] [HGNBj#1] B34R: said "/OOC Kolten......"
[9:06:21 PM] [HGNBj#4] Ethan Rubinacci: said "/me begins packing and applying pressure to wounded area."
[9:06:23 PM] [HGNBj#7] Kolten Perry: caused an explosion (STICKYBOMB)
[9:06:23 PM] [HGNBj#1] B34R: caused an explosion (CAR)
[9:06:45 PM] [HGNBj#4] Ethan Rubinacci: said "/me cuts away the shirt around the shoulder and checks officer all over for any other GSW's or related injuries."
[9:06:50 PM] [HGNBj#5] Country: said "/me blood leaks onto my non-existant stars"
[9:07:36 PM] [HGNBj#5] Country: said "/me no significant wounds other than GSW"
[9:07:53 PM] [HGNBj#4] Ethan Rubinacci: said "/me continues applying pressure to wound, begins to pack wound"
[9:07:54 PM] [HGNBj#5] Country: said "yeet me in a car and get me to the boo boo station"
[9:08:01 PM] [HGNBj#4] Ethan Rubinacci: said "/me picks up officer"
[9:08:11 PM] [HGNBj#4] Ethan Rubinacci: said "/me throws officer in the car"
[9:08:17 PM] [HGNBj#1] B34R: said "/DV"
[9:08:27 PM] [HGNBj#1] B34R: disconnected (Exiting)
[9:09:29 PM] [HGNBj#5] Country: said "/me gets boo boos fixed up and is immediately cleared for duty again because injuries dont take time to heal in the world of gta"
[9:09:32 PM] [HGNBj#7] Kolten Perry: caused an explosion (STICKYBOMB)
[9:09:32 PM] [HGNBj#7] Kolten Perry: caused an explosion (CAR)
[9:10:19 PM] [HGNBj#7] Kolten Perry: caused an explosion (STICKYBOMB)
[9:11:10 PM] [HGNBj#8] B34R: joined with identifiers [steam:1100001161dde30; license:d1701434a075a4dea66c41c041b1cbbf4f56741a; xbl:2535425999625569; live:1055521813911644; discord:421883819231150091; license2:66587b586b3d27a60a7637f497815262732cf4ee]
[9:11:25 PM] [HGNBj#5] Country: disconnected (Exiting)
[9:11:29 PM] [HGNBj#4] Ethan Rubinacci: disconnected (Exiting)
[9:11:34 PM] [HGNBj#6] Heavy Scout Gaming: disconnected (Exiting)
[9:11:35 PM] [HGNBj#8] B34R: disconnected (Exiting)
[9:11:45 PM] [HGNBj#7] Kolten Perry: disconnected (Exiting)

================================================================
======== txAdmin Starting - 8/8/2022, 9:55:33 PM                
================================================================
[9:55:43 PM] txAdmin: Logger started
[9:58:14 PM] [xbmQt#1] Ethan Rubinacci: joined with identifiers [steam:110000106d81f17; license:29a1486f20d95134646534c3de37ff11e7c1f3e3; xbl:2533274921566674; live:2040691484489962; discord:134438206576787456; fivem:6346624; license2:374cbd654dc6b853cf59d872901780b076e1feb5]
[9:59:20 PM] [xbmQt#1] Ethan Rubinacci: disconnected (Exiting)

================================================================
======== txAdmin Starting - 8/8/2022, 10:01:31 PM               
================================================================
[10:01:41 PM] txAdmin: Logger started
[10:01:48 PM] [VyCe3#1] Ethan Rubinacci: joined with identifiers [steam:110000106d81f17; license:29a1486f20d95134646534c3de37ff11e7c1f3e3; xbl:2533274921566674; live:2040691484489962; discord:134438206576787456; fivem:6346624; license2:374cbd654dc6b853cf59d872901780b076e1feb5]
[10:03:23 PM] [VyCe3#1] Ethan Rubinacci: disconnected (Exiting)

================================================================
======== txAdmin Starting - 8/8/2022, 10:06:48 PM               
================================================================
[10:06:57 PM] txAdmin: Logger started
[10:08:36 PM] [ywrkk#1] Ethan Rubinacci: joined with identifiers [steam:110000106d81f17; license:29a1486f20d95134646534c3de37ff11e7c1f3e3; xbl:2533274921566674; live:2040691484489962; discord:134438206576787456; fivem:6346624; license2:374cbd654dc6b853cf59d872901780b076e1feb5]
[10:11:21 PM] [ywrkk#1] Ethan Rubinacci: said "/dv"
[10:11:27 PM] [ywrkk#1] Ethan Rubinacci: disconnected (Exiting)

================================================================
======== txAdmin Starting - 8/8/2022, 10:16:53 PM               
================================================================
[10:17:03 PM] txAdmin: Logger started
[10:18:10 PM] [8h88K#1] Ethan Rubinacci: joined with identifiers [steam:110000106d81f17; license:29a1486f20d95134646534c3de37ff11e7c1f3e3; xbl:2533274921566674; live:2040691484489962; discord:134438206576787456; fivem:6346624; license2:374cbd654dc6b853cf59d872901780b076e1feb5]
[10:19:45 PM] [8h88K#1] Ethan Rubinacci: disconnected (Exiting)

================================================================
======== txAdmin Starting - 8/8/2022, 10:21:44 PM               
================================================================
[10:21:55 PM] txAdmin: Logger started
[10:23:05 PM] [LtiWU#1] Ethan Rubinacci: joined with identifiers [steam:110000106d81f17; license:29a1486f20d95134646534c3de37ff11e7c1f3e3; xbl:2533274921566674; live:2040691484489962; discord:134438206576787456; fivem:6346624; license2:374cbd654dc6b853cf59d872901780b076e1feb5]
[10:29:08 PM] [LtiWU#1] Ethan Rubinacci: said "/dv"
[10:29:16 PM] [LtiWU#1] Ethan Rubinacci: disconnected (Exiting)
