
================================================================
======== Log Rotated - 3/31/2022, 12:00:00 AM                   
================================================================
[9:22:57 AM] [KQkdA#5] Samael "Gage" Wayne: joined with identifiers [steam:110000112d24b4f; license:6d2ec1a26c48df57b80c04e11d5c8dfb560bb4b3; xbl:2535421980170934; live:914797987069091]
[9:32:04 AM] [KQkdA#5] Samael "Gage" Wayne: disconnected (Server->client connection timed out. Last seen 59792 msec ago.)
[9:49:07 AM] [KQkdA#6] Samael "Gage" Wayne: joined with identifiers [steam:110000112d24b4f; license:6d2ec1a26c48df57b80c04e11d5c8dfb560bb4b3; xbl:2535421980170934; live:914797987069091]
[10:05:34 AM] [KQkdA#6] Samael "Gage" Wayne: said "/dv"
[10:16:22 AM] [KQkdA#6] Samael "Gage" Wayne: said "/dv"
[10:17:56 AM] [KQkdA#6] Samael "Gage" Wayne: caused an explosion (HUNTER_BARRAGE)
[10:17:57 AM] [KQkdA#6] Samael "Gage" Wayne: caused an explosion (HUNTER_BARRAGE)
[10:17:57 AM] [KQkdA#6] Samael "Gage" Wayne: caused an explosion (HUNTER_BARRAGE)
[10:17:57 AM] [KQkdA#6] Samael "Gage" Wayne: caused an explosion (HUNTER_BARRAGE)
[10:18:16 AM] [KQkdA#6] Samael "Gage" Wayne: caused an explosion (PLANE)
[10:18:17 AM] [KQkdA#6] Samael "Gage" Wayne: died from suicide (Explosion)
[10:18:21 AM] [KQkdA#6] Samael "Gage" Wayne: said "/revive"
[10:24:26 AM] [KQkdA#6] Samael "Gage" Wayne: disconnected (Exiting)
[3:23:48 PM] [KQkdA#7] Samael "Gage" Wayne: joined with identifiers [steam:110000112d24b4f; license:6d2ec1a26c48df57b80c04e11d5c8dfb560bb4b3; xbl:2535421980170934; live:914797987069091]
[4:18:53 PM] [KQkdA#7] Samael "Gage" Wayne: caused an explosion (PLANE)
[4:18:53 PM] [KQkdA#7] Samael "Gage" Wayne: caused an explosion (PLANE)
[4:18:53 PM] [KQkdA#7] Samael "Gage" Wayne: died from suicide (Explosion)
[4:18:58 PM] [KQkdA#7] Samael "Gage" Wayne: caused an explosion (PLANE)
[4:18:58 PM] [KQkdA#7] Samael "Gage" Wayne: caused an explosion (PLANE)
[4:19:07 PM] [KQkdA#7] Samael "Gage" Wayne: said "/revive"
[4:41:39 PM] [KQkdA#7] Samael "Gage" Wayne: caused an explosion (CAR)
[4:41:39 PM] [KQkdA#7] Samael "Gage" Wayne: died from suicide (Explosion)
[4:41:49 PM] [KQkdA#7] Samael "Gage" Wayne: said "/revive"
[5:04:27 PM] [KQkdA#7] Samael "Gage" Wayne: disconnected (Server shutting down: SIGHUP received)

================================================================
======== txAdmin Starting - 3/31/2022, 5:11:17 PM               
================================================================
[5:11:44 PM] txAdmin: Logger started
[5:19:14 PM] [GN4wp#1] Ethan Rubinacci: joined with identifiers [steam:110000106d81f17; license:29a1486f20d95134646534c3de37ff11e7c1f3e3; xbl:2533274921566674; live:2040691484489962; discord:134438206576787456; fivem:19530]
[5:21:19 PM] [GN4wp#1] Ethan Rubinacci: caused an explosion (CAR)
[5:21:20 PM] [GN4wp#1] Ethan Rubinacci: caused an explosion (CAR)
[5:21:20 PM] [GN4wp#1] Ethan Rubinacci: caused an explosion (CAR)
[5:21:20 PM] [GN4wp#1] Ethan Rubinacci: caused an explosion (CAR)
[5:21:21 PM] [GN4wp#1] Ethan Rubinacci: caused an explosion (CAR)
[5:21:23 PM] [GN4wp#1] Ethan Rubinacci: caused an explosion (CAR)
[5:21:23 PM] [GN4wp#1] Ethan Rubinacci: caused an explosion (CAR)
[5:21:24 PM] [GN4wp#1] Ethan Rubinacci: caused an explosion (CAR)
[5:21:24 PM] [GN4wp#1] Ethan Rubinacci: caused an explosion (CAR)
[5:21:24 PM] [GN4wp#1] Ethan Rubinacci: caused an explosion (CAR)
[5:21:27 PM] [GN4wp#1] Ethan Rubinacci: caused an explosion (CAR)
[5:21:27 PM] [GN4wp#1] Ethan Rubinacci: caused an explosion (CAR)
[5:21:28 PM] [GN4wp#1] Ethan Rubinacci: caused an explosion (CAR)
[5:21:30 PM] [GN4wp#1] Ethan Rubinacci: caused an explosion (CAR)
[5:21:30 PM] [GN4wp#1] Ethan Rubinacci: caused an explosion (CAR)
[5:21:30 PM] [GN4wp#1] Ethan Rubinacci: caused an explosion (CAR)
[5:21:31 PM] [GN4wp#1] Ethan Rubinacci: caused an explosion (CAR)
[5:21:31 PM] [GN4wp#1] Ethan Rubinacci: caused an explosion (CAR)
[5:22:59 PM] [GN4wp#1] Ethan Rubinacci: caused an explosion (CAR)
[5:27:02 PM] [GN4wp#1] Ethan Rubinacci: said "/dv"
[5:28:13 PM] [GN4wp#1] Ethan Rubinacci: died from suicide (Pistol)
[5:28:15 PM] [GN4wp#1] Ethan Rubinacci: said "/revive"
[5:28:34 PM] [GN4wp#1] Ethan Rubinacci: died from suicide (Pistol)
[5:28:38 PM] [GN4wp#1] Ethan Rubinacci: said "/revive"
[5:29:35 PM] [GN4wp#1] Ethan Rubinacci: died from suicide (Pistol)
[5:29:38 PM] [GN4wp#1] Ethan Rubinacci: said "/revive"
[5:31:58 PM] [GN4wp#1] Ethan Rubinacci: disconnected (Exiting)
[5:32:04 PM] [GN4wp#2] Squirtles: joined with identifiers [steam:11000011cae0387; license:f8d83329b573b2040f5ba3b2117af5275a46ff97; xbl:2535430944176917; live:844428545892265; discord:160913997317537792]
[5:32:42 PM] [GN4wp#2] Squirtles: caused an explosion (CAR)
[5:32:42 PM] [GN4wp#2] Squirtles: caused an explosion (CAR)
[5:32:42 PM] [GN4wp#2] Squirtles: caused an explosion (CAR)
[5:32:42 PM] [GN4wp#2] Squirtles: caused an explosion (CAR)
[5:32:42 PM] [GN4wp#2] Squirtles: caused an explosion (CAR)
[5:32:42 PM] [GN4wp#2] Squirtles: caused an explosion (CAR)
[5:32:42 PM] [GN4wp#2] Squirtles: caused an explosion (CAR)
[5:32:56 PM] [GN4wp#2] Squirtles: disconnected (Disconnected.)
[5:54:57 PM] [GN4wp#3] Ethan Rubinacci: joined with identifiers [steam:110000106d81f17; license:29a1486f20d95134646534c3de37ff11e7c1f3e3; xbl:2533274921566674; live:2040691484489962; discord:134438206576787456; fivem:19530]
[6:03:19 PM] [GN4wp#3] Ethan Rubinacci: said "/dv"
[6:03:51 PM] [GN4wp#3] Ethan Rubinacci: said "/dv"
[6:05:13 PM] [GN4wp#3] Ethan Rubinacci: disconnected (Exiting)
[6:11:25 PM] [GN4wp#4] Ethan Rubinacci: joined with identifiers [steam:110000106d81f17; license:29a1486f20d95134646534c3de37ff11e7c1f3e3; xbl:2533274921566674; live:2040691484489962; discord:134438206576787456; fivem:19530]
[6:30:30 PM] [GN4wp#4] Ethan Rubinacci: disconnected (Exiting)
[7:45:06 PM] [GN4wp#5] Ethan Rubinacci: joined with identifiers [steam:110000106d81f17; license:29a1486f20d95134646534c3de37ff11e7c1f3e3; xbl:2533274921566674; live:2040691484489962; discord:134438206576787456; fivem:19530]
[7:45:26 PM] [GN4wp#6] tristian: joined with identifiers [steam:110000149a345d7; license:8010bf55b20ed242a3bed996b7a02827e241d9c9; xbl:2535428787676923; live:1055519341983224; discord:837063941271191573; fivem:5113192; license2:e1f7dd9cf02fa891017731e97e8442a452f27b80]
[7:49:12 PM] [GN4wp#7] B34R: joined with identifiers [steam:1100001161dde30; license:d1701434a075a4dea66c41c041b1cbbf4f56741a; xbl:2535425999625569; live:1055521813911644; discord:421883819231150091; license2:66587b586b3d27a60a7637f497815262732cf4ee]
[7:49:20 PM] [GN4wp#5] Ethan Rubinacci: died from suicide (Falling)
[7:49:33 PM] [GN4wp#5] Ethan Rubinacci: said "/revive"
[7:49:43 PM] [GN4wp#5] Ethan Rubinacci: died from suicide (Falling)
[7:49:54 PM] [GN4wp#5] Ethan Rubinacci: said "/revive"
[7:50:20 PM] [GN4wp#6] tristian: died from suicide (Falling)
[7:50:27 PM] [GN4wp#6] tristian: said "/revive"
[7:51:16 PM] [GN4wp#8] Samael "Gage" Wayne: joined with identifiers [steam:110000112d24b4f; license:6d2ec1a26c48df57b80c04e11d5c8dfb560bb4b3; xbl:2535421980170934; live:914797987069091]
[7:51:27 PM] [GN4wp#5] Ethan Rubinacci: died from suicide (Falling)
[7:51:34 PM] [GN4wp#5] Ethan Rubinacci: said "/revive"
[7:53:19 PM] [GN4wp#6] tristian: died from suicide
[7:53:31 PM] [GN4wp#7] B34R: caused an explosion (PETROL_PUMP)
[7:53:31 PM] [GN4wp#7] B34R: caused an explosion (PETROL_PUMP)
[7:53:31 PM] [GN4wp#7] B34R: caused an explosion (PETROL_PUMP)
[7:53:32 PM] [GN4wp#6] tristian: said "/revive"
[7:54:15 PM] [GN4wp#7] B34R: caused an explosion (CAR)
[7:54:20 PM] [GN4wp#7] B34R: caused an explosion (CAR)
[7:54:21 PM] [GN4wp#7] B34R: caused an explosion (CAR)
[7:54:31 PM] [GN4wp#5] Ethan Rubinacci: caused an explosion (CAR)
[7:54:35 PM] [GN4wp#6] tristian: disconnected (Server->client connection timed out. Last seen 35283 msec ago.)
[7:55:53 PM] [GN4wp#7] B34R: said "/dv"
[7:56:04 PM] [GN4wp#5] Ethan Rubinacci: said ":|"
[7:56:58 PM] [GN4wp#7] B34R: said "/eng"
[7:57:22 PM] [GN4wp#9] Austin: joined with identifiers [license:b579dd61d5980776f053f6cedad6136802734ade; xbl:2535411129072020; live:985153990713845; discord:289651580729556993; license2:f6b1f66c85691ec9e474ec0e7f3e20b59481818e]
[7:59:35 PM] [GN4wp#5] Ethan Rubinacci: said "/dv"
[8:00:39 PM] [GN4wp#8] Samael "Gage" Wayne: said "/dv"
[8:00:46 PM] [GN4wp#5] Ethan Rubinacci: said "ast09charger, ast14charger, ast20fpiu, astf150, astcvpi, ast20charger"
[8:01:06 PM] [GN4wp#8] Samael "Gage" Wayne: said "/dv"
[8:02:29 PM] [GN4wp#8] Samael "Gage" Wayne: said "/dv"
[8:05:16 PM] [GN4wp#8] Samael "Gage" Wayne: said "/aop?"
[8:05:23 PM] [GN4wp#8] Samael "Gage" Wayne: said "aop?"
[8:05:39 PM] [GN4wp#5] Ethan Rubinacci: said "/ooc Boi, I've said we're in Paleto Bay like 15 times LOL"
[8:05:54 PM] [GN4wp#7] B34R: said "/ooc LET IT SNOW LET IT SNOW "
[8:06:17 PM] [GN4wp#7] B34R: said "Tf is the radar Keybind?"
[8:06:25 PM] [GN4wp#7] B34R: said "/eng"
[8:06:28 PM] [GN4wp#9] Austin: said "/ooc ur mom lul"
[8:06:32 PM] [GN4wp#5] Ethan Rubinacci: said "No clue, trying to find out rn"
[8:07:11 PM] [GN4wp#7] B34R: said "usually its f5 or f6 but i dont think its in"
[8:07:48 PM] [GN4wp#7] B34R: said "the script didnt start.... "
[8:08:41 PM] [GN4wp#5] Ethan Rubinacci: said "It did start, but it's borked."
[8:08:44 PM] [GN4wp#5] Ethan Rubinacci: said "One sec"
[8:18:14 PM] [GN4wp#5] Ethan Rubinacci: said "/me grabs breathalyzer"
[8:18:29 PM] [GN4wp#5] Ethan Rubinacci: said "/me puts tube on it"
[8:18:53 PM] [GN4wp#7] B34R: said "/ME WIPES FACE"
[8:19:04 PM] [GN4wp#5] Ethan Rubinacci: said "/me places breathalyzer to face"
[8:19:22 PM] [GN4wp#5] Ethan Rubinacci: said "/me reads breathalyzer, what does it read?"
[8:19:41 PM] [GN4wp#9] Austin: said "/me .23"
[8:19:53 PM] [GN4wp#5] Ethan Rubinacci: said "/me shows bear"
[8:21:06 PM] [GN4wp#5] Ethan Rubinacci: said "/me wipes face"
[8:23:54 PM] [GN4wp#9] Austin: said "/HU"
[8:24:30 PM] [GN4wp#8] Samael "Gage" Wayne: said "/dv"
[8:24:33 PM] [GN4wp#7] B34R: said "/ME DOUBLE LAYERS GLOVES AND PUTS MECHANIX GLOVES OVER THEM "
[8:24:42 PM] [GN4wp#7] B34R: said "/ME PATS DOWN SUBJECT"
[8:24:46 PM] [GN4wp#9] Austin: said "/me used syringe and vodka shot "
[8:24:57 PM] [GN4wp#7] B34R: said "/ME PLACES ON TOP OF CAR"
[8:25:34 PM] [GN4wp#5] Ethan Rubinacci: said "/uncuff 6"
[8:25:53 PM] [GN4wp#5] Ethan Rubinacci: said "/resetciff"
[8:26:12 PM] [GN4wp#5] Ethan Rubinacci: said "/uncuff"
[8:26:43 PM] [GN4wp#7] B34R: said "/me cuffs subject"
[8:26:57 PM] [GN4wp#7] B34R: said "austin it wont let me cuff you for whatever reason"
[8:28:43 PM] [GN4wp#7] B34R: said "/drag"
[8:29:30 PM] [GN4wp#9] Austin: said "/ME PASSES NOTE TO COOPER"
[8:30:12 PM] [GN4wp#5] Ethan Rubinacci: said "/me grabs gloves"
[8:30:14 PM] [GN4wp#5] Ethan Rubinacci: said "/me gloves up"
[8:30:22 PM] [GN4wp#5] Ethan Rubinacci: said "/me grabs evidence bags"
[8:30:39 PM] [GN4wp#7] B34R: said "/ME PATS DOWN SUBJECT"
[8:30:39 PM] [GN4wp#5] Ethan Rubinacci: said "/me places syringe and shots into evidence bags"
[8:35:31 PM] [GN4wp#9] Austin: said "/me takes massive dump"
[8:35:44 PM] [GN4wp#9] Austin: said "/me flushes"
[8:36:08 PM] [GN4wp#9] Austin: said "/me doesnt wipe"
[8:42:27 PM] [GN4wp#5] Ethan Rubinacci: said "/ooc Austin ur good to reset"
[8:44:11 PM] [GN4wp#8] Samael "Gage" Wayne: said "/dv"
[8:49:13 PM] [GN4wp#7] B34R: said "/ME GRABS CCTV FOOTAGE FROM PSO WHAT DO I SEE IN THE BACK PARKINGLOT"
[8:49:47 PM] [GN4wp#8] Samael "Gage" Wayne: said "/me a man in a mask and black shirt and pants beating the cop car witha golf club"
[8:53:10 PM] [GN4wp#7] B34R: said "/ME LOCKS ALL DOORS AT PSO"
[8:56:19 PM] [GN4wp#7] B34R: said "/ME LOCKS IN BLACK SUV AT 1036 OUTSIDE THE FENCE OF STATION WDIS? "
[8:57:10 PM] [GN4wp#5] Ethan Rubinacci: said "/dv"
[8:57:12 PM] [GN4wp#7] B34R: said "/ME LOOKS AT SUBJECT DOES IT MATCH THE DISCRIPTION"
[8:57:20 PM] [GN4wp#8] Samael "Gage" Wayne: said "/me a little "
[8:57:28 PM] [GN4wp#7] B34R: said "I KNOW I BUTCHERED THE SHIT OUT OF THAT WORD"
[8:59:23 PM] [GN4wp#9] Austin: said "Hey guys ima head off ill see yall tomorrow"
[8:59:31 PM] [GN4wp#7] B34R: said "see ya buddy"
[8:59:33 PM] [GN4wp#5] Ethan Rubinacci: said "Ttyl man, thanks for the RP"
[8:59:37 PM] [GN4wp#9] Austin: said "ofc  "
[8:59:40 PM] [GN4wp#9] Austin: disconnected (Exiting)
[9:00:29 PM] [GN4wp#7] B34R: said "/DV"
[9:08:15 PM] [GN4wp#5] Ethan Rubinacci: said "/ooc do /sattach 31 Ben."
[9:10:47 PM] [GN4wp#5] Ethan Rubinacci: said "/me calls regional Immigration and Customs Enforcement Office"
[9:11:12 PM] [GN4wp#5] Ethan Rubinacci: said "/me does ICE confirm any immigration status for Jose Honduras"
[9:11:41 PM] [GN4wp#8] Samael "Gage" Wayne: said "/me no"
[9:22:00 PM] [GN4wp#8] Samael "Gage" Wayne: died from suicide (Falling)
[9:22:19 PM] [GN4wp#7] B34R: said "/ME CHECKS SUBJECT"
[9:22:41 PM] [GN4wp#8] Samael "Gage" Wayne: disconnected (Server->client connection timed out. Last seen 33751 msec ago.)
[9:23:04 PM] [GN4wp#5] Ethan Rubinacci: disconnected (Server->client connection timed out. Last seen 55829 msec ago.)
[10:22:41 PM] [GN4wp#7] B34R: disconnected (Exiting)
