
================================================================
======== txAdmin Starting - 3/29/2022, 9:04:26 PM               
================================================================

================================================================
======== Log Rotated - 3/29/2022, 9:04:26 PM                    
================================================================
[9:04:31 PM] txAdmin: Logger started

================================================================
======== txAdmin Starting - 3/29/2022, 9:05:49 PM               
================================================================
[9:05:54 PM] txAdmin: Logger started
[9:07:13 PM] [Tat79#1] tristian: joined with identifiers [steam:110000149a345d7; license:8010bf55b20ed242a3bed996b7a02827e241d9c9; xbl:2535428787676923; live:1055519341983224; discord:837063941271191573; fivem:5113192; license2:e1f7dd9cf02fa891017731e97e8442a452f27b80]
[9:08:51 PM] [Tat79#1] tristian: said "/dv"
[9:09:42 PM] [Tat79#1] tristian: disconnected (Exiting)

================================================================
======== txAdmin Starting - 3/29/2022, 9:12:39 PM               
================================================================
[9:12:44 PM] txAdmin: Logger started
[9:13:09 PM] [qjh3K#1] tristian: joined with identifiers [steam:110000149a345d7; license:8010bf55b20ed242a3bed996b7a02827e241d9c9; xbl:2535428787676923; live:1055519341983224; discord:837063941271191573; fivem:5113192; license2:e1f7dd9cf02fa891017731e97e8442a452f27b80]
[9:14:01 PM] [qjh3K#1] tristian: disconnected (Exiting)

================================================================
======== txAdmin Starting - 3/29/2022, 9:16:58 PM               
================================================================
[9:17:03 PM] txAdmin: Logger started
[9:17:37 PM] [UBprF#1] tristian: joined with identifiers [steam:110000149a345d7; license:8010bf55b20ed242a3bed996b7a02827e241d9c9; xbl:2535428787676923; live:1055519341983224; discord:837063941271191573; fivem:5113192; license2:e1f7dd9cf02fa891017731e97e8442a452f27b80]
[9:18:10 PM] [UBprF#1] tristian: said "/dv"
[9:18:24 PM] [UBprF#1] tristian: said "/dv"
[9:18:39 PM] [UBprF#1] tristian: disconnected (Exiting)

================================================================
======== txAdmin Starting - 3/29/2022, 9:20:18 PM               
================================================================
[9:20:25 PM] txAdmin: Logger started
[9:20:57 PM] [WiRPY#1] tristian: joined with identifiers [steam:110000149a345d7; license:8010bf55b20ed242a3bed996b7a02827e241d9c9; xbl:2535428787676923; live:1055519341983224; discord:837063941271191573; fivem:5113192; license2:e1f7dd9cf02fa891017731e97e8442a452f27b80]
[9:21:59 PM] [WiRPY#1] tristian: said "/dv"
[9:22:01 PM] [WiRPY#1] tristian: disconnected (Exiting)

================================================================
======== txAdmin Starting - 3/29/2022, 9:25:28 PM               
================================================================
[9:25:33 PM] txAdmin: Logger started
[9:26:11 PM] [6rbXM#1] tristian: joined with identifiers [steam:110000149a345d7; license:8010bf55b20ed242a3bed996b7a02827e241d9c9; xbl:2535428787676923; live:1055519341983224; discord:837063941271191573; fivem:5113192; license2:e1f7dd9cf02fa891017731e97e8442a452f27b80]
[9:27:35 PM] [6rbXM#1] tristian: disconnected (Exiting)
[9:30:50 PM] [6rbXM#2] tristian: joined with identifiers [steam:110000149a345d7; license:8010bf55b20ed242a3bed996b7a02827e241d9c9; xbl:2535428787676923; live:1055519341983224; discord:837063941271191573; fivem:5113192; license2:e1f7dd9cf02fa891017731e97e8442a452f27b80]
[9:31:57 PM] [6rbXM#2] tristian: said "/dv"
[9:31:59 PM] [6rbXM#2] tristian: disconnected (Exiting)
