
================================================================
======== Log Rotated - 3/27/2022, 12:00:00 AM                   
================================================================

================================================================
======== txAdmin Starting - 3/27/2022, 12:05:40 AM              
================================================================
[12:05:46 AM] txAdmin: Logger started
[12:06:28 AM] [N3jri#1] tristian: joined with identifiers [steam:110000149a345d7; license:8010bf55b20ed242a3bed996b7a02827e241d9c9; xbl:2535428787676923; live:1055519341983224; discord:837063941271191573; fivem:5113192; license2:e1f7dd9cf02fa891017731e97e8442a452f27b80]
[12:09:07 AM] [N3jri#2] B34R: joined with identifiers [steam:1100001161dde30; license:d1701434a075a4dea66c41c041b1cbbf4f56741a; xbl:2535425999625569; live:1055521813911644; discord:421883819231150091; license2:66587b586b3d27a60a7637f497815262732cf4ee]
[12:09:56 AM] [N3jri#3] Ethan Rubinacci: joined with identifiers [steam:110000106d81f17; license:29a1486f20d95134646534c3de37ff11e7c1f3e3; xbl:2533274921566674; live:2040691484489962; discord:134438206576787456; fivem:19530]
[12:10:42 AM] [N3jri#1] tristian: said "/dv"
[12:11:13 AM] [N3jri#1] tristian: said "/dv"
[12:13:20 AM] [N3jri#4] Nate TenPenny: joined with identifiers [steam:110000102449b2e; license:6c3844e01c075ca0b2c4354bcf250cb701b66c7b; xbl:2533274854325254; live:844427431245709; discord:185901595744010241; license2:6c3844e01c075ca0b2c4354bcf250cb701b66c7b]
[12:13:45 AM] [N3jri#3] Ethan Rubinacci: said "/epup"
[12:16:59 AM] [N3jri#2] B34R: disconnected (Exiting)
[12:17:25 AM] [N3jri#5] B34R: joined with identifiers [steam:1100001161dde30; license:d1701434a075a4dea66c41c041b1cbbf4f56741a; xbl:2535425999625569; live:1055521813911644; discord:421883819231150091; license2:66587b586b3d27a60a7637f497815262732cf4ee]
[12:26:59 AM] [N3jri#5] B34R: disconnected (Exiting)
[12:27:26 AM] [N3jri#6] B34R: joined with identifiers [steam:1100001161dde30; license:d1701434a075a4dea66c41c041b1cbbf4f56741a; xbl:2535425999625569; live:1055521813911644; discord:421883819231150091; license2:66587b586b3d27a60a7637f497815262732cf4ee]
[12:30:12 AM] [N3jri#6] B34R: said "/ooc Is there away to get ride of this Smart Controller shit"
[12:30:30 AM] [N3jri#3] Ethan Rubinacci: said "Don't believe so, I don't know if there's a toggle."
[12:31:24 AM] [N3jri#1] tristian: said "/engine"
[12:31:29 AM] [N3jri#3] Ethan Rubinacci: said "ALT+P"
[12:31:39 AM] [N3jri#1] tristian: said "nah"
[12:31:45 AM] [N3jri#6] B34R: said "nah "
[12:31:48 AM] [N3jri#3] Ethan Rubinacci: said "ALT+P worked for me"
[12:31:58 AM] [N3jri#1] tristian: said "its right alt bear"
[12:32:12 AM] [N3jri#6] B34R: said "jesus lord thank you"
[12:32:15 AM] [N3jri#1] tristian: said "lmao"
[12:32:31 AM] [N3jri#3] Ethan Rubinacci: said "/dv"
[12:32:31 AM] [N3jri#1] tristian: said "stop"
[12:32:32 AM] [N3jri#4] Nate TenPenny: said "I  WAS GETTING GAS STOP"
[12:32:33 AM] [N3jri#1] tristian: said "please"
[12:32:40 AM] [N3jri#6] B34R: said "/eng"
[12:32:45 AM] [N3jri#6] B34R: said "/eng"
[12:32:46 AM] [N3jri#1] tristian: said "how many time will you honk you corn fed fuck"
[12:32:53 AM] [N3jri#4] Nate TenPenny: said "FR"
[12:33:13 AM] [N3jri#6] B34R: said "what radio we on "
[12:33:17 AM] [N3jri#1] tristian: said "2"
[12:33:26 AM] [N3jri#3] Ethan Rubinacci: said "/dv"
[12:33:52 AM] [N3jri#4] Nate TenPenny: said "cAN YOU HEAR ME?"
[12:33:55 AM] [N3jri#6] B34R: said "UES"
[12:33:58 AM] [N3jri#1] tristian: said "yes"
[12:34:26 AM] [N3jri#6] B34R: said "I SEE ELC HAS ZERO CONTROLLER SUPPORT"
[12:34:45 AM] [N3jri#1] tristian: said "try your keybindings"
[12:35:21 AM] [N3jri#4] Nate TenPenny: disconnected (Exiting)
[12:35:47 AM] [N3jri#7] Nate TenPenny: joined with identifiers [steam:110000102449b2e; license:6c3844e01c075ca0b2c4354bcf250cb701b66c7b; xbl:2533274854325254; live:844427431245709; discord:185901595744010241; license2:6c3844e01c075ca0b2c4354bcf250cb701b66c7b]
[12:41:36 AM] [N3jri#7] Nate TenPenny: disconnected (Exiting)
[12:42:50 AM] [N3jri#3] Ethan Rubinacci: said "/dv"
[12:42:52 AM] [N3jri#3] Ethan Rubinacci: disconnected (Exiting)
[12:43:03 AM] [N3jri#1] tristian: said "/dv"
[12:43:34 AM] [N3jri#1] tristian: said "/dv"
[12:43:36 AM] [N3jri#1] tristian: disconnected (Exiting)
[1:07:30 AM] [N3jri#6] B34R: disconnected (Exiting)
[1:13:14 AM] [N3jri#8] buggs: joined with identifiers [steam:11000013f378f2d; license:594122b2f0a8ee1c33ba749201fc56b5f86fc5fc; xbl:2535427018650054; live:844424974769934; discord:851403328117800981; fivem:2492439; license2:9d44cb3be0717a2abd46162ed19dbf7125d46281]
[1:23:46 AM] [N3jri#8] buggs: disconnected (Exiting)

================================================================
======== txAdmin Starting - 3/27/2022, 1:39:08 AM               
================================================================
[1:39:13 AM] txAdmin: Logger started
[1:41:32 AM] [aW4TJ#1] Ethan Rubinacci: joined with identifiers [steam:110000106d81f17; license:29a1486f20d95134646534c3de37ff11e7c1f3e3; xbl:2533274921566674; live:2040691484489962; discord:134438206576787456; fivem:19530]
[1:44:04 AM] [aW4TJ#1] Ethan Rubinacci: caused an explosion (CAR)
[1:44:04 AM] [aW4TJ#1] Ethan Rubinacci: caused an explosion (CAR)
[1:44:04 AM] [aW4TJ#1] Ethan Rubinacci: caused an explosion (CAR)
[1:44:04 AM] [aW4TJ#1] Ethan Rubinacci: caused an explosion (CAR)
[1:44:04 AM] [aW4TJ#1] Ethan Rubinacci: caused an explosion (CAR)
[1:44:04 AM] [aW4TJ#1] Ethan Rubinacci: caused an explosion (CAR)
[1:44:04 AM] [aW4TJ#1] Ethan Rubinacci: caused an explosion (CAR)
[1:44:04 AM] [aW4TJ#1] Ethan Rubinacci: caused an explosion (CAR)
[1:44:04 AM] [aW4TJ#1] Ethan Rubinacci: caused an explosion (CAR)
[1:44:04 AM] [aW4TJ#1] Ethan Rubinacci: caused an explosion (CAR)
[1:44:04 AM] [aW4TJ#1] Ethan Rubinacci: caused an explosion (CAR)
[1:44:04 AM] [aW4TJ#1] Ethan Rubinacci: caused an explosion (CAR)
[1:44:04 AM] [aW4TJ#1] Ethan Rubinacci: caused an explosion (CAR)
[1:44:04 AM] [aW4TJ#1] Ethan Rubinacci: caused an explosion (CAR)
[1:44:04 AM] [aW4TJ#1] Ethan Rubinacci: caused an explosion (CAR)
[1:44:04 AM] [aW4TJ#1] Ethan Rubinacci: caused an explosion (CAR)
[1:44:04 AM] [aW4TJ#1] Ethan Rubinacci: caused an explosion (CAR)
[1:44:04 AM] [aW4TJ#1] Ethan Rubinacci: caused an explosion (CAR)
[1:44:04 AM] [aW4TJ#1] Ethan Rubinacci: caused an explosion (CAR)
[1:44:04 AM] [aW4TJ#1] Ethan Rubinacci: caused an explosion (CAR)
[1:44:04 AM] [aW4TJ#1] Ethan Rubinacci: caused an explosion (CAR)
[1:44:04 AM] [aW4TJ#1] Ethan Rubinacci: caused an explosion (CAR)
[1:44:04 AM] [aW4TJ#1] Ethan Rubinacci: caused an explosion (CAR)
[1:44:04 AM] [aW4TJ#1] Ethan Rubinacci: caused an explosion (CAR)
[1:48:09 AM] [aW4TJ#1] Ethan Rubinacci: disconnected (Server shutting down: SIGHUP received)

================================================================
======== txAdmin Starting - 3/27/2022, 1:59:28 AM               
================================================================
[1:59:33 AM] txAdmin: Logger started
[2:03:59 AM] [UQYbj#1] Ethan Rubinacci: joined with identifiers [steam:110000106d81f17; license:29a1486f20d95134646534c3de37ff11e7c1f3e3; xbl:2533274921566674; live:2040691484489962; discord:134438206576787456; fivem:19530]
[2:06:11 AM] [UQYbj#1] Ethan Rubinacci: caused an explosion (CAR)
[2:06:14 AM] [UQYbj#1] Ethan Rubinacci: caused an explosion (CAR)
[2:10:47 AM] [UQYbj#1] Ethan Rubinacci: said "/dv"
[2:11:26 AM] [UQYbj#1] Ethan Rubinacci: disconnected (Exiting)

================================================================
======== txAdmin Starting - 3/27/2022, 2:41:58 AM               
================================================================
[2:42:03 AM] txAdmin: Logger started

================================================================
======== txAdmin Starting - 3/27/2022, 2:44:38 AM               
================================================================
[2:44:43 AM] txAdmin: Logger started
[2:44:57 AM] [7t9J6#1] Ethan Rubinacci: joined with identifiers [steam:110000106d81f17; license:29a1486f20d95134646534c3de37ff11e7c1f3e3; xbl:2533274921566674; live:2040691484489962; discord:134438206576787456; fivem:19530]
[2:46:58 AM] [7t9J6#1] Ethan Rubinacci: caused an explosion (CAR)
[2:46:58 AM] [7t9J6#1] Ethan Rubinacci: caused an explosion (CAR)
[2:46:58 AM] [7t9J6#1] Ethan Rubinacci: caused an explosion (CAR)
[2:46:58 AM] [7t9J6#1] Ethan Rubinacci: caused an explosion (CAR)
[2:46:58 AM] [7t9J6#1] Ethan Rubinacci: caused an explosion (CAR)
[2:46:58 AM] [7t9J6#1] Ethan Rubinacci: caused an explosion (CAR)
[2:46:58 AM] [7t9J6#1] Ethan Rubinacci: caused an explosion (CAR)
[2:46:58 AM] [7t9J6#1] Ethan Rubinacci: caused an explosion (CAR)
[2:46:58 AM] [7t9J6#1] Ethan Rubinacci: caused an explosion (CAR)
[2:46:58 AM] [7t9J6#1] Ethan Rubinacci: caused an explosion (CAR)
[2:46:58 AM] [7t9J6#1] Ethan Rubinacci: caused an explosion (CAR)
[2:46:58 AM] [7t9J6#1] Ethan Rubinacci: caused an explosion (CAR)
[2:46:58 AM] [7t9J6#1] Ethan Rubinacci: caused an explosion (CAR)
[2:46:58 AM] [7t9J6#1] Ethan Rubinacci: caused an explosion (CAR)
[2:46:59 AM] [7t9J6#1] Ethan Rubinacci: caused an explosion (CAR)
[2:47:46 AM] [7t9J6#1] Ethan Rubinacci: said "/radio"
[2:47:57 AM] [7t9J6#1] Ethan Rubinacci: said "/radio"
[2:54:42 AM] [7t9J6#2] Nate TenPenny: joined with identifiers [steam:110000102449b2e; license:6c3844e01c075ca0b2c4354bcf250cb701b66c7b; xbl:2533274854325254; live:844427431245709; discord:185901595744010241; license2:6c3844e01c075ca0b2c4354bcf250cb701b66c7b]
[2:55:36 AM] [7t9J6#1] Ethan Rubinacci: disconnected (Exiting)
[3:17:47 AM] [7t9J6#3] Ethan Rubinacci: joined with identifiers [steam:110000106d81f17; license:29a1486f20d95134646534c3de37ff11e7c1f3e3; xbl:2533274921566674; live:2040691484489962; discord:134438206576787456; fivem:19530]
[3:25:35 AM] [7t9J6#3] Ethan Rubinacci: disconnected (Exiting)
[3:33:17 AM] [7t9J6#2] Nate TenPenny: said "/dv"
[3:36:16 AM] [7t9J6#4] Ethan Rubinacci: joined with identifiers [steam:110000106d81f17; license:29a1486f20d95134646534c3de37ff11e7c1f3e3; xbl:2533274921566674; live:2040691484489962; discord:134438206576787456; fivem:19530]
[3:46:42 AM] [7t9J6#4] Ethan Rubinacci: said "/dv"
[3:47:41 AM] [7t9J6#4] Ethan Rubinacci: said "/dv"
[3:49:37 AM] [7t9J6#4] Ethan Rubinacci: said "/dv"
[3:58:49 AM] [7t9J6#4] Ethan Rubinacci: disconnected (Exiting)

================================================================
======== txAdmin Starting - 3/27/2022, 4:52:00 AM               
================================================================
[4:52:05 AM] txAdmin: Logger started
[4:59:18 AM] [Bzgrm#1] Nate TenPenny: joined with identifiers [steam:110000102449b2e; license:6c3844e01c075ca0b2c4354bcf250cb701b66c7b; xbl:2533274854325254; live:844427431245709; discord:185901595744010241; license2:6c3844e01c075ca0b2c4354bcf250cb701b66c7b]
[5:01:31 AM] [Bzgrm#1] Nate TenPenny: said "/dv"
[5:09:20 AM] [Bzgrm#2] Ethan Rubinacci: joined with identifiers [steam:110000106d81f17; license:29a1486f20d95134646534c3de37ff11e7c1f3e3; xbl:2533274921566674; live:2040691484489962; discord:134438206576787456; fivem:19530]
[5:14:37 AM] [Bzgrm#2] Ethan Rubinacci: disconnected (Exiting)
[5:22:03 AM] [Bzgrm#1] Nate TenPenny: said "/swithc"
[6:18:17 AM] [Bzgrm#1] Nate TenPenny: disconnected (Exiting)

================================================================
======== txAdmin Starting - 3/27/2022, 8:12:50 AM               
================================================================

================================================================
======== txAdmin Starting - 3/27/2022, 8:14:14 AM               
================================================================

================================================================
======== txAdmin Starting - 3/27/2022, 8:16:05 AM               
================================================================

================================================================
======== txAdmin Starting - 3/27/2022, 8:20:32 AM               
================================================================
[8:20:37 AM] txAdmin: Logger started
[8:21:32 AM] txAdmin: ((Broadcast) txAdmin): said "Due to a partial hang, this server will restart in 1 minute. Please disconnect now."
[8:21:38 AM] txAdmin: Logger started
[8:22:33 AM] txAdmin: ((Broadcast) txAdmin): said "Due to a partial hang, this server will restart in 1 minute. Please disconnect now."
[8:22:40 AM] txAdmin: Logger started

================================================================
======== txAdmin Starting - 3/27/2022, 8:25:32 AM               
================================================================
[8:25:37 AM] txAdmin: Logger started

================================================================
======== txAdmin Starting - 3/27/2022, 8:34:37 AM               
================================================================
[8:34:43 AM] txAdmin: Logger started
[8:35:56 AM] [FqcRR#1] Nate TenPenny: joined with identifiers [steam:110000102449b2e; license:6c3844e01c075ca0b2c4354bcf250cb701b66c7b; xbl:2533274854325254; live:844427431245709; discord:185901595744010241; license2:6c3844e01c075ca0b2c4354bcf250cb701b66c7b]

================================================================
======== txAdmin Starting - 3/27/2022, 8:56:30 AM               
================================================================
[8:56:35 AM] txAdmin: Logger started

================================================================
======== txAdmin Starting - 3/27/2022, 9:07:16 AM               
================================================================
[9:07:22 AM] txAdmin: Logger started
[9:08:23 AM] txAdmin: Logger started
[9:09:25 AM] txAdmin: Logger started
[9:10:21 AM] txAdmin: ((Broadcast) txAdmin): said "Due to a partial hang, this server will restart in 1 minute. Please disconnect now."
[9:10:27 AM] txAdmin: Logger started

================================================================
======== txAdmin Starting - 3/27/2022, 9:11:06 AM               
================================================================
[9:11:11 AM] txAdmin: Logger started

================================================================
======== txAdmin Starting - 3/27/2022, 9:16:04 AM               
================================================================
[9:16:11 AM] txAdmin: Logger started

================================================================
======== txAdmin Starting - 3/27/2022, 12:11:14 PM              
================================================================
[12:11:44 PM] txAdmin: Logger started
[1:34:28 PM] [AUgnm#1] tristian: joined with identifiers [steam:110000149a345d7; license:8010bf55b20ed242a3bed996b7a02827e241d9c9; xbl:2535428787676923; live:1055519341983224; discord:837063941271191573; fivem:5113192; license2:e1f7dd9cf02fa891017731e97e8442a452f27b80]
[1:36:08 PM] [AUgnm#1] tristian: disconnected (Exiting)
[1:49:19 PM] [AUgnm#2] tristian: joined with identifiers [steam:110000149a345d7; license:8010bf55b20ed242a3bed996b7a02827e241d9c9; xbl:2535428787676923; live:1055519341983224; discord:837063941271191573; fivem:5113192; license2:e1f7dd9cf02fa891017731e97e8442a452f27b80]
[1:51:33 PM] [AUgnm#2] tristian: said "/dv"
[1:51:35 PM] [AUgnm#3] isaiah: joined with identifiers [steam:110000144771a25; license:70d4896ab531cf43f28e5193b1d6aa19ac4f311e; xbl:2535472482997813; live:914798970792591; discord:758590671069118464; fivem:1869013; license2:9c52ecf5633d6f0c73f928b567d76ba2299a7ce2]
[1:52:17 PM] [AUgnm#2] tristian: disconnected (Server->client connection timed out. Pending commands: 43.	Command list:	elc:createELCVehicleData (35 B, 50616 msec ago)	scully_radio:updatelist (34 B, 50616 msec ago)	elc:updateStageValue (32 B, 50616 msec ago)	6acbd583 (29 B, 50616 msec ago)	6acbd583 (29 B, 50616 msec ago)	6acbd583 (29 B, 50616 msec ago)	6acbd583 (29 B, 50616 msec ago)	)
[1:52:47 PM] [AUgnm#4] tristian: joined with identifiers [steam:110000149a345d7; license:8010bf55b20ed242a3bed996b7a02827e241d9c9; xbl:2535428787676923; live:1055519341983224; discord:837063941271191573; fivem:5113192; license2:e1f7dd9cf02fa891017731e97e8442a452f27b80]
[1:53:27 PM] [AUgnm#3] isaiah: disconnected (You are banned from this server. Ban time remaining: 1 hour 29 minutes. Banned by: tristian. Ban reason: Banned by staff.	Your ban id: d8e3202a-649b-474a-8f1c-fcfee5e30107. Aditional information: Please contact the staff team by going to forums.baycountyrp.com, if you believe this ban is unwarranted..)
[1:55:47 PM] [AUgnm#4] tristian: said "/dv"
[1:56:35 PM] [AUgnm#4] tristian: said "/dv"
[1:57:53 PM] [AUgnm#4] tristian: said "/dv"
[2:00:56 PM] [AUgnm#4] tristian: said "/dv"
[2:02:28 PM] [AUgnm#4] tristian: said "/dv"
[2:04:41 PM] [AUgnm#4] tristian: said "/dv"
[2:05:15 PM] [AUgnm#4] tristian: said "/dv"
[2:11:23 PM] [AUgnm#4] tristian: said "/dv"
[2:11:38 PM] [AUgnm#4] tristian: disconnected (Disconnected.)
[4:05:56 PM] [AUgnm#5] Ethan Rubinacci: joined with identifiers [steam:110000106d81f17; license:29a1486f20d95134646534c3de37ff11e7c1f3e3; xbl:2533274921566674; live:2040691484489962; discord:134438206576787456; fivem:19530]
[4:07:05 PM] [AUgnm#5] Ethan Rubinacci: disconnected (Disconnected.)
[4:33:57 PM] [AUgnm#6] Ethan Rubinacci: joined with identifiers [steam:110000106d81f17; license:29a1486f20d95134646534c3de37ff11e7c1f3e3; xbl:2533274921566674; live:2040691484489962; discord:134438206576787456; fivem:19530]
[4:39:27 PM] [AUgnm#6] Ethan Rubinacci: disconnected (Exiting)
[4:48:23 PM] [AUgnm#7] Ethan Rubinacci: joined with identifiers [steam:110000106d81f17; license:29a1486f20d95134646534c3de37ff11e7c1f3e3; xbl:2533274921566674; live:2040691484489962; discord:134438206576787456; fivem:19530]
[4:48:52 PM] [AUgnm#7] Ethan Rubinacci: disconnected (Exiting)
[5:11:42 PM] [AUgnm#8] B34R: joined with identifiers [steam:1100001161dde30; license:d1701434a075a4dea66c41c041b1cbbf4f56741a; xbl:2535425999625569; live:1055521813911644; discord:421883819231150091; license2:66587b586b3d27a60a7637f497815262732cf4ee]
[5:14:53 PM] [AUgnm#8] B34R: said "/dv"
[5:16:03 PM] [AUgnm#8] B34R: disconnected (Exiting)
[6:12:54 PM] [AUgnm#9] tristian: joined with identifiers [steam:110000149a345d7; license:8010bf55b20ed242a3bed996b7a02827e241d9c9; xbl:2535428787676923; live:1055519341983224; discord:837063941271191573; fivem:5113192; license2:e1f7dd9cf02fa891017731e97e8442a452f27b80]
[6:13:21 PM] [AUgnm#9] tristian: disconnected (Exiting)
[9:19:16 PM] [AUgnm#10] tristian: joined with identifiers [steam:110000149a345d7; license:8010bf55b20ed242a3bed996b7a02827e241d9c9; xbl:2535428787676923; live:1055519341983224; discord:837063941271191573; fivem:5113192; license2:e1f7dd9cf02fa891017731e97e8442a452f27b80]
[9:20:50 PM] [AUgnm#11] Ethan Rubinacci: joined with identifiers [steam:110000106d81f17; license:29a1486f20d95134646534c3de37ff11e7c1f3e3; xbl:2533274921566674; live:2040691484489962; discord:134438206576787456; fivem:19530]
[9:26:01 PM] [AUgnm#12] B34R: joined with identifiers [steam:1100001161dde30; license:d1701434a075a4dea66c41c041b1cbbf4f56741a; xbl:2535425999625569; live:1055521813911644; discord:421883819231150091; license2:66587b586b3d27a60a7637f497815262732cf4ee]
[9:29:55 PM] [AUgnm#11] Ethan Rubinacci: said "it is 55.1"
[9:34:35 PM] [AUgnm#10] tristian: said "/dv"
[9:42:07 PM] [AUgnm#12] B34R: said "Ethan If you could recommend to the ELC team to make the siren cycle function cycle around instead of cycling 3 times and turning off."
[9:42:18 PM] [AUgnm#10] tristian: said "press alt"
[9:42:21 PM] [AUgnm#10] tristian: said "it used to do it"
[9:42:35 PM] [AUgnm#11] Ethan Rubinacci: said "ALT or G work"
[9:42:56 PM] [AUgnm#11] Ethan Rubinacci: said "/dv"
[9:50:41 PM] [AUgnm#11] Ethan Rubinacci: said "/dv"
[9:51:20 PM] [AUgnm#10] tristian: said "/dv"
[9:56:26 PM] [AUgnm#11] Ethan Rubinacci: said "/dv"
[9:56:30 PM] [AUgnm#11] Ethan Rubinacci: said "/dv"
[9:56:43 PM] [AUgnm#11] Ethan Rubinacci: said "/dv"
[10:02:36 PM] [AUgnm#11] Ethan Rubinacci: died from suicide (Pistol)
[10:03:20 PM] [AUgnm#11] Ethan Rubinacci: said "/revive"
[10:03:35 PM] [AUgnm#12] B34R: said "/PDO"
[10:03:36 PM] [AUgnm#11] Ethan Rubinacci: said "/pdo"
[10:03:38 PM] [AUgnm#11] Ethan Rubinacci: said "/pdv"
[10:03:42 PM] [AUgnm#12] B34R: said "/pdo"
[10:06:00 PM] [AUgnm#10] tristian: died from suicide (Heavy Sniper)
[10:07:28 PM] [AUgnm#11] Ethan Rubinacci: disconnected (Exiting)
[10:07:35 PM] [AUgnm#10] tristian: said "/revive"
[10:07:43 PM] [AUgnm#10] tristian: disconnected (Exiting)
[10:07:47 PM] [AUgnm#12] B34R: said "/dv"
[10:07:48 PM] [AUgnm#12] B34R: disconnected (Exiting)
