
================================================================
======== Log Rotated - 3/22/2022, 12:00:00 AM                   
================================================================
[12:02:38 AM] [UDxxD#1] Ethan Rubinacci: said "/dv"
[12:02:40 AM] [UDxxD#1] Ethan Rubinacci: said "/qiot"
[12:02:42 AM] [UDxxD#1] Ethan Rubinacci: disconnected (Exiting)

================================================================
======== txAdmin Starting - 3/22/2022, 12:09:49 AM              
================================================================
[12:09:54 AM] txAdmin: Logger started

================================================================
======== txAdmin Starting - 3/22/2022, 12:36:39 AM              
================================================================
[12:36:44 AM] txAdmin: Logger started
[12:37:34 AM] [jMFxb#1] Ethan Rubinacci: joined with identifiers [steam:110000106d81f17; license:29a1486f20d95134646534c3de37ff11e7c1f3e3; xbl:2533274921566674; live:2040691484489962; discord:134438206576787456; fivem:19530]
[12:38:50 AM] [jMFxb#1] Ethan Rubinacci: caused an explosion (CAR)
[12:38:50 AM] [jMFxb#1] Ethan Rubinacci: caused an explosion (CAR)
[12:38:50 AM] [jMFxb#1] Ethan Rubinacci: caused an explosion (CAR)
[12:38:50 AM] [jMFxb#1] Ethan Rubinacci: caused an explosion (CAR)
[12:38:50 AM] [jMFxb#1] Ethan Rubinacci: caused an explosion (CAR)
[12:38:50 AM] [jMFxb#1] Ethan Rubinacci: caused an explosion (CAR)
[12:38:50 AM] [jMFxb#1] Ethan Rubinacci: caused an explosion (CAR)
[12:38:50 AM] [jMFxb#1] Ethan Rubinacci: caused an explosion (CAR)
[12:38:51 AM] [jMFxb#1] Ethan Rubinacci: caused an explosion (CAR)
[12:38:51 AM] [jMFxb#1] Ethan Rubinacci: caused an explosion (CAR)
[12:39:01 AM] [jMFxb#1] Ethan Rubinacci: caused an explosion (CAR)
[12:50:48 AM] [jMFxb#1] Ethan Rubinacci: disconnected (Exiting)

================================================================
======== txAdmin Starting - 3/22/2022, 3:25:18 AM               
================================================================
[3:25:42 AM] txAdmin: Logger started
[3:31:38 AM] [pqGQr#1] Ethan Rubinacci: joined with identifiers [steam:110000106d81f17; license:29a1486f20d95134646534c3de37ff11e7c1f3e3; xbl:2533274921566674; live:2040691484489962; discord:134438206576787456; fivem:19530]
[3:34:03 AM] [pqGQr#1] Ethan Rubinacci: caused an explosion (CAR)
[3:34:04 AM] [pqGQr#1] Ethan Rubinacci: caused an explosion (CAR)
[3:34:04 AM] [pqGQr#1] Ethan Rubinacci: caused an explosion (CAR)
[3:34:04 AM] [pqGQr#1] Ethan Rubinacci: caused an explosion (CAR)
[3:34:04 AM] [pqGQr#1] Ethan Rubinacci: caused an explosion (CAR)
[3:34:04 AM] [pqGQr#1] Ethan Rubinacci: caused an explosion (CAR)
[3:34:04 AM] [pqGQr#1] Ethan Rubinacci: caused an explosion (CAR)
[3:34:04 AM] [pqGQr#1] Ethan Rubinacci: caused an explosion (CAR)
[3:34:04 AM] [pqGQr#1] Ethan Rubinacci: caused an explosion (CAR)
[3:34:04 AM] [pqGQr#1] Ethan Rubinacci: caused an explosion (CAR)
[3:34:04 AM] [pqGQr#1] Ethan Rubinacci: caused an explosion (CAR)
[3:34:04 AM] [pqGQr#1] Ethan Rubinacci: caused an explosion (CAR)
[3:34:04 AM] [pqGQr#1] Ethan Rubinacci: caused an explosion (CAR)
[3:34:04 AM] [pqGQr#1] Ethan Rubinacci: caused an explosion (CAR)
[3:34:04 AM] [pqGQr#1] Ethan Rubinacci: caused an explosion (CAR)
[3:34:04 AM] [pqGQr#1] Ethan Rubinacci: caused an explosion (CAR)
[3:34:04 AM] [pqGQr#1] Ethan Rubinacci: caused an explosion (CAR)
[3:34:04 AM] [pqGQr#1] Ethan Rubinacci: caused an explosion (CAR)
[3:34:04 AM] [pqGQr#1] Ethan Rubinacci: caused an explosion (CAR)
[3:34:04 AM] [pqGQr#1] Ethan Rubinacci: caused an explosion (CAR)
[3:34:04 AM] [pqGQr#1] Ethan Rubinacci: caused an explosion (CAR)
[3:34:04 AM] [pqGQr#1] Ethan Rubinacci: caused an explosion (CAR)
[3:34:04 AM] [pqGQr#1] Ethan Rubinacci: caused an explosion (CAR)
[3:34:04 AM] [pqGQr#1] Ethan Rubinacci: caused an explosion (CAR)
[3:34:04 AM] [pqGQr#1] Ethan Rubinacci: caused an explosion (CAR)
[3:34:04 AM] [pqGQr#1] Ethan Rubinacci: caused an explosion (CAR)
[3:34:04 AM] [pqGQr#1] Ethan Rubinacci: caused an explosion (CAR)
[3:34:04 AM] [pqGQr#1] Ethan Rubinacci: caused an explosion (CAR)
[3:34:04 AM] [pqGQr#1] Ethan Rubinacci: caused an explosion (CAR)
[3:34:04 AM] [pqGQr#1] Ethan Rubinacci: caused an explosion (CAR)
[3:34:05 AM] [pqGQr#1] Ethan Rubinacci: caused an explosion (CAR)
[3:37:02 AM] [pqGQr#1] Ethan Rubinacci: disconnected (Server->client connection timed out. Last seen 34967 msec ago.)
[3:45:21 AM] [pqGQr#2] Ethan Rubinacci: joined with identifiers [steam:110000106d81f17; license:29a1486f20d95134646534c3de37ff11e7c1f3e3; xbl:2533274921566674; live:2040691484489962; discord:134438206576787456; fivem:19530]
[3:48:37 AM] [pqGQr#2] Ethan Rubinacci: disconnected (Exiting)
[3:59:03 AM] [pqGQr#3] Ethan Rubinacci: joined with identifiers [steam:110000106d81f17; license:29a1486f20d95134646534c3de37ff11e7c1f3e3; xbl:2533274921566674; live:2040691484489962; discord:134438206576787456; fivem:19530]
[4:04:00 AM] [pqGQr#3] Ethan Rubinacci: said "/dv"
[4:06:33 AM] [pqGQr#3] Ethan Rubinacci: disconnected (Exiting)
[4:07:53 AM] [pqGQr#4] Ethan Rubinacci: joined with identifiers [steam:110000106d81f17; license:29a1486f20d95134646534c3de37ff11e7c1f3e3; xbl:2533274921566674; live:2040691484489962; discord:134438206576787456; fivem:19530]
[4:10:42 AM] [pqGQr#4] Ethan Rubinacci: disconnected (Exiting)

================================================================
======== txAdmin Starting - 3/22/2022, 4:11:03 AM               
================================================================
[4:11:15 AM] txAdmin: Logger started
[4:11:43 AM] [ideQ8#1] Ethan Rubinacci: joined with identifiers [steam:110000106d81f17; license:29a1486f20d95134646534c3de37ff11e7c1f3e3; xbl:2533274921566674; live:2040691484489962; discord:134438206576787456; fivem:19530]
[4:13:39 AM] [ideQ8#1] Ethan Rubinacci: said ".dv"
[4:13:50 AM] [ideQ8#1] Ethan Rubinacci: disconnected (Exiting)
[4:15:24 AM] [ideQ8#2] Ethan Rubinacci: joined with identifiers [steam:110000106d81f17; license:29a1486f20d95134646534c3de37ff11e7c1f3e3; xbl:2533274921566674; live:2040691484489962; discord:134438206576787456; fivem:19530]
[4:16:28 AM] [ideQ8#2] Ethan Rubinacci: said "/dv"
[4:18:08 AM] [ideQ8#2] Ethan Rubinacci: disconnected (Server->client connection timed out. Last seen 58269 msec ago.)
[4:24:21 AM] [ideQ8#3] Ethan Rubinacci: joined with identifiers [steam:110000106d81f17; license:29a1486f20d95134646534c3de37ff11e7c1f3e3; xbl:2533274921566674; live:2040691484489962; discord:134438206576787456; fivem:19530]
[4:28:14 AM] [ideQ8#3] Ethan Rubinacci: disconnected (Exiting)

================================================================
======== txAdmin Starting - 3/22/2022, 4:38:19 AM               
================================================================
[4:38:28 AM] txAdmin: Logger started
[4:39:40 AM] [r7jeD#1] Ethan Rubinacci: joined with identifiers [steam:110000106d81f17; license:29a1486f20d95134646534c3de37ff11e7c1f3e3; xbl:2533274921566674; live:2040691484489962; discord:134438206576787456; fivem:19530]
[4:40:39 AM] [r7jeD#1] Ethan Rubinacci: caused an explosion (CAR)
[4:40:39 AM] [r7jeD#1] Ethan Rubinacci: caused an explosion (CAR)
[4:40:39 AM] [r7jeD#1] Ethan Rubinacci: caused an explosion (CAR)
[4:40:39 AM] [r7jeD#1] Ethan Rubinacci: caused an explosion (CAR)
[4:40:39 AM] [r7jeD#1] Ethan Rubinacci: caused an explosion (CAR)
[4:40:39 AM] [r7jeD#1] Ethan Rubinacci: caused an explosion (CAR)
[4:40:39 AM] [r7jeD#1] Ethan Rubinacci: caused an explosion (CAR)
[4:44:20 AM] [r7jeD#1] Ethan Rubinacci: said "/dv"
[4:45:44 AM] [r7jeD#1] Ethan Rubinacci: said "/dv"
[4:48:01 AM] [r7jeD#1] Ethan Rubinacci: said "/dv"
[4:50:16 AM] [r7jeD#1] Ethan Rubinacci: said "/dv"
[4:54:50 AM] [r7jeD#1] Ethan Rubinacci: said "/dv"
[5:13:23 AM] [r7jeD#1] Ethan Rubinacci: said "/dv"
[5:15:33 AM] [r7jeD#1] Ethan Rubinacci: said "/dv"
[5:15:33 AM] [r7jeD#1] Ethan Rubinacci: disconnected (Exiting)

================================================================
======== txAdmin Starting - 3/22/2022, 6:00:04 AM               
================================================================
[6:00:17 AM] txAdmin: Logger started
[6:01:56 AM] [B7Jmk#1] Ethan Rubinacci: joined with identifiers [steam:110000106d81f17; license:29a1486f20d95134646534c3de37ff11e7c1f3e3; xbl:2533274921566674; live:2040691484489962; discord:134438206576787456; fivem:19530]
[6:03:13 AM] [B7Jmk#1] Ethan Rubinacci: caused an explosion (CAR)
[6:03:13 AM] [B7Jmk#1] Ethan Rubinacci: caused an explosion (CAR)
[6:03:16 AM] [B7Jmk#1] Ethan Rubinacci: caused an explosion (CAR)
[6:17:50 AM] [B7Jmk#1] Ethan Rubinacci: disconnected (Exiting)

================================================================
======== txAdmin Starting - 3/22/2022, 6:28:34 AM               
================================================================
[6:28:41 AM] txAdmin: Logger started
[6:31:08 AM] [N44Lg#1] Ethan Rubinacci: joined with identifiers [steam:110000106d81f17; license:29a1486f20d95134646534c3de37ff11e7c1f3e3; xbl:2533274921566674; live:2040691484489962; discord:134438206576787456; fivem:19530]
[6:32:01 AM] [N44Lg#1] Ethan Rubinacci: disconnected (Exiting)
[6:39:40 AM] [N44Lg#2] Ethan Rubinacci: joined with identifiers [steam:110000106d81f17; license:29a1486f20d95134646534c3de37ff11e7c1f3e3; xbl:2533274921566674; live:2040691484489962; discord:134438206576787456; fivem:19530]
[6:40:57 AM] [N44Lg#2] Ethan Rubinacci: died from suicide (Cougar)
[6:41:01 AM] [N44Lg#2] Ethan Rubinacci: said "/revive"
[6:42:49 AM] [N44Lg#2] Ethan Rubinacci: died from suicide (Cougar)
[6:42:53 AM] [N44Lg#2] Ethan Rubinacci: said "/revive"
[6:42:59 AM] [N44Lg#2] Ethan Rubinacci: died from suicide
[6:42:59 AM] [N44Lg#2] Ethan Rubinacci: said "/revive"
[6:47:16 AM] [N44Lg#3] Samael "Gage" Wayne: joined with identifiers [steam:110000112d24b4f; license:6d2ec1a26c48df57b80c04e11d5c8dfb560bb4b3; xbl:2535421980170934; live:914797987069091; discord:195052712243494913; fivem:6353258]
[6:49:31 AM] [N44Lg#3] Samael "Gage" Wayne: said "/dv"
[6:51:58 AM] [N44Lg#2] Ethan Rubinacci: said "/dv"
[6:52:00 AM] [N44Lg#3] Samael "Gage" Wayne: said "/dv"
[6:53:02 AM] [N44Lg#2] Ethan Rubinacci: said "/dv"
[6:54:00 AM] [N44Lg#3] Samael "Gage" Wayne: said "/dv"
[6:55:01 AM] [N44Lg#2] Ethan Rubinacci: said "/dv"
[6:58:22 AM] [N44Lg#3] Samael "Gage" Wayne: said "/DV"
[7:16:00 AM] [N44Lg#2] Ethan Rubinacci: said "/DV"
[7:16:44 AM] [N44Lg#2] Ethan Rubinacci: said "/d"
[7:16:45 AM] [N44Lg#2] Ethan Rubinacci: said "/dv"
[7:19:00 AM] [N44Lg#2] Ethan Rubinacci: said "/dv"
[7:21:29 AM] [N44Lg#2] Ethan Rubinacci: said "/dv"
[7:23:13 AM] [N44Lg#3] Samael "Gage" Wayne: said "/dv"
[7:25:28 AM] [N44Lg#3] Samael "Gage" Wayne: said "/dv"
[7:25:53 AM] [N44Lg#3] Samael "Gage" Wayne: said "/dv"
[7:26:46 AM] [N44Lg#3] Samael "Gage" Wayne: died from suicide (Falling)
[7:26:49 AM] [N44Lg#3] Samael "Gage" Wayne: said "/revive"
[7:28:47 AM] [N44Lg#3] Samael "Gage" Wayne: caused an explosion (PLANE)
[7:28:47 AM] [N44Lg#3] Samael "Gage" Wayne: caused an explosion (PLANE)
[7:28:47 AM] [N44Lg#3] Samael "Gage" Wayne: caused an explosion (PLANE)
[7:28:47 AM] [N44Lg#3] Samael "Gage" Wayne: caused an explosion (PLANE)
[7:28:47 AM] [N44Lg#3] Samael "Gage" Wayne: died from suicide (Explosion)
[7:28:52 AM] [N44Lg#3] Samael "Gage" Wayne: said "/revive"
[7:30:27 AM] [N44Lg#3] Samael "Gage" Wayne: said "/DV"
[7:31:24 AM] [N44Lg#3] Samael "Gage" Wayne: said "/DV"
[7:34:26 AM] [N44Lg#3] Samael "Gage" Wayne: caused an explosion (PLANE)
[7:37:59 AM] [N44Lg#3] Samael "Gage" Wayne: died from suicide (Ranover by Vehicle)
[7:38:25 AM] [N44Lg#3] Samael "Gage" Wayne: said "/REVIVE"
[7:38:28 AM] [N44Lg#3] Samael "Gage" Wayne: said "/REVIVE"
[7:38:33 AM] [N44Lg#3] Samael "Gage" Wayne: said "/revive"
[7:47:53 AM] [N44Lg#2] Ethan Rubinacci: died from Combat Pistol by Samael "Gage" Wayne
[7:47:56 AM] [N44Lg#2] Ethan Rubinacci: said "/REVIVE"
[7:47:59 AM] [N44Lg#2] Ethan Rubinacci: said "/REVIVE"
[7:48:02 AM] [N44Lg#2] Ethan Rubinacci: said "/revive"
[7:52:39 AM] [N44Lg#2] Ethan Rubinacci: disconnected (Exiting)
[7:54:05 AM] [N44Lg#3] Samael "Gage" Wayne: disconnected (Exiting)

================================================================
======== txAdmin Starting - 3/22/2022, 8:38:32 AM               
================================================================
[8:38:39 AM] txAdmin: Logger started
[8:39:57 AM] [QNKen#1] Ethan Rubinacci: joined with identifiers [steam:110000106d81f17; license:29a1486f20d95134646534c3de37ff11e7c1f3e3; xbl:2533274921566674; live:2040691484489962; discord:134438206576787456; fivem:19530]
[8:41:39 AM] [QNKen#1] Ethan Rubinacci: caused an explosion (CAR)
[8:43:47 AM] [QNKen#1] Ethan Rubinacci: said "/dv"
[8:44:44 AM] [QNKen#1] Ethan Rubinacci: disconnected (Exiting)

================================================================
======== txAdmin Starting - 3/22/2022, 8:49:15 AM               
================================================================
[8:49:29 AM] txAdmin: Logger started
[8:50:12 AM] [AnhkP#1] Ethan Rubinacci: joined with identifiers [steam:110000106d81f17; license:29a1486f20d95134646534c3de37ff11e7c1f3e3; xbl:2533274921566674; live:2040691484489962; discord:134438206576787456; fivem:19530]
[8:56:40 AM] [AnhkP#1] Ethan Rubinacci: said "/dv"
[8:56:50 AM] [AnhkP#1] Ethan Rubinacci: disconnected (Exiting)
[5:13:27 PM] [AnhkP#2] Samael "Gage" Wayne: joined with identifiers [steam:110000112d24b4f; license:6d2ec1a26c48df57b80c04e11d5c8dfb560bb4b3; xbl:2535421980170934; live:914797987069091; discord:195052712243494913; fivem:6353258]
[5:33:23 PM] [AnhkP#2] Samael "Gage" Wayne: disconnected (Server->client connection timed out. Last seen 39374 msec ago.)
[5:38:20 PM] [AnhkP#3] Samael "Gage" Wayne: joined with identifiers [steam:110000112d24b4f; license:6d2ec1a26c48df57b80c04e11d5c8dfb560bb4b3; xbl:2535421980170934; live:914797987069091; discord:195052712243494913; fivem:6353258]
[5:42:31 PM] [AnhkP#3] Samael "Gage" Wayne: disconnected (Server->client connection timed out. Last seen 32949 msec ago.)
[5:43:37 PM] [AnhkP#4] Samael "Gage" Wayne: joined with identifiers [steam:110000112d24b4f; license:6d2ec1a26c48df57b80c04e11d5c8dfb560bb4b3; xbl:2535421980170934; live:914797987069091; discord:195052712243494913; fivem:6353258]
[5:53:45 PM] [AnhkP#4] Samael "Gage" Wayne: disconnected (Server->client connection timed out. Last seen 40138 msec ago.)

================================================================
======== txAdmin Starting - 3/22/2022, 7:59:26 PM               
================================================================
[7:59:38 PM] txAdmin: Logger started
[8:06:28 PM] [Wp9EG#1] Ethan Rubinacci: joined with identifiers [steam:110000106d81f17; license:29a1486f20d95134646534c3de37ff11e7c1f3e3; xbl:2533274921566674; live:2040691484489962; discord:134438206576787456; fivem:19530]
[8:08:05 PM] [Wp9EG#1] Ethan Rubinacci: caused an explosion (CAR)
[8:08:05 PM] [Wp9EG#1] Ethan Rubinacci: caused an explosion (CAR)
[8:08:05 PM] [Wp9EG#1] Ethan Rubinacci: caused an explosion (CAR)
[8:08:05 PM] [Wp9EG#1] Ethan Rubinacci: caused an explosion (CAR)
[8:08:05 PM] [Wp9EG#1] Ethan Rubinacci: caused an explosion (CAR)
[8:08:05 PM] [Wp9EG#1] Ethan Rubinacci: caused an explosion (CAR)
[8:08:05 PM] [Wp9EG#1] Ethan Rubinacci: caused an explosion (CAR)
[8:08:05 PM] [Wp9EG#1] Ethan Rubinacci: caused an explosion (CAR)
[8:08:05 PM] [Wp9EG#1] Ethan Rubinacci: caused an explosion (CAR)
[8:08:05 PM] [Wp9EG#1] Ethan Rubinacci: caused an explosion (CAR)
[8:08:05 PM] [Wp9EG#1] Ethan Rubinacci: caused an explosion (CAR)
[8:08:05 PM] [Wp9EG#1] Ethan Rubinacci: caused an explosion (CAR)
[8:08:05 PM] [Wp9EG#1] Ethan Rubinacci: caused an explosion (CAR)
[8:08:05 PM] [Wp9EG#1] Ethan Rubinacci: caused an explosion (CAR)
[8:08:05 PM] [Wp9EG#1] Ethan Rubinacci: caused an explosion (CAR)
[8:08:05 PM] [Wp9EG#1] Ethan Rubinacci: caused an explosion (CAR)
[8:08:05 PM] [Wp9EG#1] Ethan Rubinacci: caused an explosion (CAR)
[8:10:10 PM] [Wp9EG#2] tristian: joined with identifiers [steam:110000149a345d7; license:8010bf55b20ed242a3bed996b7a02827e241d9c9; xbl:2535428787676923; live:1055519341983224; discord:837063941271191573; fivem:5113192; license2:e1f7dd9cf02fa891017731e97e8442a452f27b80]
[8:10:31 PM] [Wp9EG#3] Nate TenPenny: joined with identifiers [license:6c3844e01c075ca0b2c4354bcf250cb701b66c7b; xbl:2533274854325254; live:844427431245709; discord:185901595744010241; fivem:45488; license2:6c3844e01c075ca0b2c4354bcf250cb701b66c7b]
[8:12:21 PM] [Wp9EG#1] Ethan Rubinacci: disconnected (Exiting)
[8:12:26 PM] [Wp9EG#4] tristian: joined with identifiers [steam:110000149a345d7; license:8010bf55b20ed242a3bed996b7a02827e241d9c9; xbl:2535428787676923; live:1055519341983224; discord:837063941271191573; fivem:5113192; license2:e1f7dd9cf02fa891017731e97e8442a452f27b80]
[8:12:45 PM] [Wp9EG#2] tristian: disconnected (Server->client connection timed out. Last seen 38889 msec ago.)
[8:13:26 PM] [Wp9EG#4] tristian: disconnected (Server->client connection timed out. Last seen 31443 msec ago.)
[8:13:28 PM] [Wp9EG#5] Ethan Rubinacci: joined with identifiers [steam:110000106d81f17; license:29a1486f20d95134646534c3de37ff11e7c1f3e3; xbl:2533274921566674; live:2040691484489962; discord:134438206576787456; fivem:19530]
[8:13:35 PM] [Wp9EG#6] tristian: joined with identifiers [steam:110000149a345d7; license:8010bf55b20ed242a3bed996b7a02827e241d9c9; xbl:2535428787676923; live:1055519341983224; discord:837063941271191573; fivem:5113192; license2:e1f7dd9cf02fa891017731e97e8442a452f27b80]
[8:14:43 PM] [Wp9EG#7] tristian: joined with identifiers [steam:110000149a345d7; license:8010bf55b20ed242a3bed996b7a02827e241d9c9; xbl:2535428787676923; live:1055519341983224; discord:837063941271191573; fivem:5113192; license2:e1f7dd9cf02fa891017731e97e8442a452f27b80]
[8:15:19 PM] [Wp9EG#6] tristian: disconnected (Server->client connection timed out. Last seen 57527 msec ago.)
[8:15:58 PM] [Wp9EG#5] Ethan Rubinacci: said "wya nate"
[8:18:10 PM] [Wp9EG#7] tristian: disconnected (Server->client connection timed out. Last seen 52986 msec ago.)
[8:20:18 PM] [Wp9EG#8] tristian: joined with identifiers [steam:110000149a345d7; license:8010bf55b20ed242a3bed996b7a02827e241d9c9; xbl:2535428787676923; live:1055519341983224; discord:837063941271191573; fivem:5113192; license2:e1f7dd9cf02fa891017731e97e8442a452f27b80]
[8:22:20 PM] [Wp9EG#5] Ethan Rubinacci: disconnected (Exiting)
[8:22:57 PM] [Wp9EG#8] tristian: disconnected (Server->client connection timed out. Last seen 52403 msec ago.)
[8:29:16 PM] [Wp9EG#3] Nate TenPenny: disconnected (Couldn't load resource tokovoip_script: Couldn't load resource tokovoip_script from resources:/tokov)
[8:32:45 PM] [Wp9EG#9] Ethan Rubinacci: joined with identifiers [steam:110000106d81f17; license:29a1486f20d95134646534c3de37ff11e7c1f3e3; xbl:2533274921566674; live:2040691484489962; discord:134438206576787456; fivem:19530]
[8:32:53 PM] [Wp9EG#10] tristian: joined with identifiers [steam:110000149a345d7; license:8010bf55b20ed242a3bed996b7a02827e241d9c9; xbl:2535428787676923; live:1055519341983224; discord:837063941271191573; fivem:5113192; license2:e1f7dd9cf02fa891017731e97e8442a452f27b80]
[8:33:29 PM] [Wp9EG#10] tristian: said "/radio 1"
[8:33:55 PM] [Wp9EG#10] tristian: said "/radio1"
[8:34:58 PM] [Wp9EG#9] Ethan Rubinacci: said "/radio"
[8:35:11 PM] [Wp9EG#11] Nate TenPenny: joined with identifiers [steam:110000102449b2e; license:6c3844e01c075ca0b2c4354bcf250cb701b66c7b; xbl:2533274854325254; live:844427431245709; discord:185901595744010241; fivem:45488; license2:6c3844e01c075ca0b2c4354bcf250cb701b66c7b]
[8:35:21 PM] [Wp9EG#10] tristian: said "/radio1"
[8:36:32 PM] [Wp9EG#9] Ethan Rubinacci: said "/DV"
[8:38:06 PM] [Wp9EG#12] Samael "Gage" Wayne: joined with identifiers [steam:110000112d24b4f; license:6d2ec1a26c48df57b80c04e11d5c8dfb560bb4b3; xbl:2535421980170934; live:914797987069091; discord:195052712243494913; fivem:6353258]
[8:39:28 PM] [Wp9EG#9] Ethan Rubinacci: said "You going CIV?"
[8:39:36 PM] [Wp9EG#11] Nate TenPenny: said "Negative"
[8:39:44 PM] [Wp9EG#11] Nate TenPenny: said "Are we global?"
[8:39:49 PM] [Wp9EG#11] Nate TenPenny: said "Statewide"
[8:39:50 PM] [Wp9EG#9] Ethan Rubinacci: said "Lets go for it"
[8:39:51 PM] [Wp9EG#11] Nate TenPenny: said "Ok"
[8:39:57 PM] [Wp9EG#9] Ethan Rubinacci: said "Can y'all hear me on the radio?"
[8:40:08 PM] [Wp9EG#11] Nate TenPenny: said "No, do I need to join a channel?"
[8:40:20 PM] [Wp9EG#9] Ethan Rubinacci: said "yeah, do /radio - then join channel 1"
[8:40:56 PM] [Wp9EG#9] Ethan Rubinacci: said "Tristian could you hear me?"
[8:42:30 PM] [Wp9EG#9] Ethan Rubinacci: said "TRISTIAN."
[8:43:18 PM] [Wp9EG#9] Ethan Rubinacci: said "nate can you hear me on the radio"
[8:44:01 PM] [Wp9EG#12] Samael "Gage" Wayne: said "what was the radio?"
[8:44:08 PM] [Wp9EG#9] Ethan Rubinacci: said "./RADIO CHANNEL 12"
[8:44:10 PM] [Wp9EG#9] Ethan Rubinacci: said "./RADIO CHANNEL 1"
[8:44:16 PM] [Wp9EG#9] Ethan Rubinacci: said "./radio"
[8:44:18 PM] [Wp9EG#12] Samael "Gage" Wayne: said "freq"
[8:44:21 PM] [Wp9EG#9] Ethan Rubinacci: said "radio channel 1"
[8:44:24 PM] [Wp9EG#11] Nate TenPenny: said "I press join but I dont know if im in there"
[8:44:33 PM] [Wp9EG#11] Nate TenPenny: said "button so smol"
[8:44:45 PM] [Wp9EG#9] Ethan Rubinacci: said "/DV"
[8:50:12 PM] [Wp9EG#10] tristian: disconnected (Exiting)
[8:50:17 PM] [Wp9EG#12] Samael "Gage" Wayne: said "/DV"
[8:54:23 PM] [Wp9EG#12] Samael "Gage" Wayne: died from suicide (Ranover by Vehicle)
[8:54:27 PM] [Wp9EG#12] Samael "Gage" Wayne: said "/REVIVE"
[8:54:33 PM] [Wp9EG#12] Samael "Gage" Wayne: said "/revive"
[8:54:41 PM] [Wp9EG#12] Samael "Gage" Wayne: disconnected (Exiting)
[8:58:46 PM] [Wp9EG#11] Nate TenPenny: said "/wuit"
[8:58:48 PM] [Wp9EG#11] Nate TenPenny: disconnected (Exiting)
[9:00:28 PM] [Wp9EG#9] Ethan Rubinacci: disconnected (Exiting)

================================================================
======== txAdmin Starting - 3/22/2022, 9:02:03 PM               
================================================================
[9:02:10 PM] txAdmin: Logger started
[9:09:21 PM] [idwHf#1] Ethan Rubinacci: joined with identifiers [steam:110000106d81f17; license:29a1486f20d95134646534c3de37ff11e7c1f3e3; xbl:2533274921566674; live:2040691484489962; discord:134438206576787456; fivem:19530]
[9:11:46 PM] [idwHf#2] Nate TenPenny: joined with identifiers [steam:110000102449b2e; license:6c3844e01c075ca0b2c4354bcf250cb701b66c7b; xbl:2533274854325254; live:844427431245709; discord:185901595744010241; fivem:45488; license2:6c3844e01c075ca0b2c4354bcf250cb701b66c7b]
[9:13:22 PM] [idwHf#3] Samael "Gage" Wayne: joined with identifiers [steam:110000112d24b4f; license:6d2ec1a26c48df57b80c04e11d5c8dfb560bb4b3; xbl:2535421980170934; live:914797987069091; discord:195052712243494913; fivem:6353258]
[9:14:23 PM] [idwHf#3] Samael "Gage" Wayne: disconnected (Game crashed: ntdll.dll!RtlpWalkFrameChain (0x63))
[9:16:05 PM] [idwHf#4] Samael "Gage" Wayne: joined with identifiers [steam:110000112d24b4f; license:6d2ec1a26c48df57b80c04e11d5c8dfb560bb4b3; xbl:2535421980170934; live:914797987069091; discord:195052712243494913; fivem:6353258]
[9:17:08 PM] [idwHf#4] Samael "Gage" Wayne: disconnected (Game crashed: ntdll.dll!RtlpWakeSRWLock (0x32))
[9:20:15 PM] [idwHf#5] Samael "Gage" Wayne: joined with identifiers [steam:110000112d24b4f; license:6d2ec1a26c48df57b80c04e11d5c8dfb560bb4b3; xbl:2535421980170934; live:914797987069091; discord:195052712243494913; fivem:6353258]
[9:30:17 PM] [idwHf#1] Ethan Rubinacci: said "/DV"
[9:31:08 PM] [idwHf#2] Nate TenPenny: said "/dv"
[9:31:34 PM] [idwHf#2] Nate TenPenny: said "/dv"
[9:31:37 PM] [idwHf#1] Ethan Rubinacci: said "/dv"
[9:31:45 PM] [idwHf#5] Samael "Gage" Wayne: disconnected (Server->client connection timed out. Last seen 36035 msec ago.)
[9:38:02 PM] [idwHf#2] Nate TenPenny: said "/me orders a number 9 with extra dip"
[9:38:21 PM] [idwHf#2] Nate TenPenny: said "/me pours diet soda in the cup"
[9:52:29 PM] [idwHf#2] Nate TenPenny: caused an explosion (GRENADELAUNCHER)
[9:52:29 PM] [idwHf#2] Nate TenPenny: caused an explosion (CAR)
[9:52:59 PM] [idwHf#2] Nate TenPenny: said "/dv"
[9:53:04 PM] [idwHf#1] Ethan Rubinacci: said "/DV"
[10:04:17 PM] [idwHf#1] Ethan Rubinacci: said "/DV"
[10:25:44 PM] [idwHf#2] Nate TenPenny: said "/respawn"
[10:25:46 PM] [idwHf#2] Nate TenPenny: said "/die"
[10:25:49 PM] [idwHf#2] Nate TenPenny: said "/respawn"
[10:25:53 PM] [idwHf#2] Nate TenPenny: said "/reive"
[10:25:54 PM] [idwHf#2] Nate TenPenny: said "/revive"
[10:26:00 PM] [idwHf#1] Ethan Rubinacci: said "/DV"
[10:26:17 PM] [idwHf#2] Nate TenPenny: died from suicide (Fist)
[10:26:30 PM] [idwHf#2] Nate TenPenny: said "/revive"
[10:28:14 PM] [idwHf#1] Ethan Rubinacci: disconnected (Exiting)
[10:28:21 PM] [idwHf#2] Nate TenPenny: disconnected (Exiting)
[10:29:10 PM] [idwHf#6] Nate TenPenny: joined with identifiers [steam:110000102449b2e; license:6c3844e01c075ca0b2c4354bcf250cb701b66c7b; xbl:2533274854325254; live:844427431245709; discord:185901595744010241; fivem:45488; license2:6c3844e01c075ca0b2c4354bcf250cb701b66c7b]
[10:32:00 PM] [idwHf#6] Nate TenPenny: disconnected (Server->client connection timed out. Last seen 42296 msec ago.)
[10:33:25 PM] [idwHf#7] Nate TenPenny: joined with identifiers [steam:110000102449b2e; license:6c3844e01c075ca0b2c4354bcf250cb701b66c7b; xbl:2533274854325254; live:844427431245709; discord:185901595744010241; fivem:45488; license2:6c3844e01c075ca0b2c4354bcf250cb701b66c7b]
