
================================================================
======== Log Rotated - 3/24/2022, 12:00:00 AM                   
================================================================

================================================================
======== txAdmin Starting - 3/24/2022, 2:50:11 AM               
================================================================
[2:50:23 AM] txAdmin: Logger started

================================================================
======== txAdmin Starting - 3/24/2022, 3:13:39 AM               
================================================================
[3:13:45 AM] txAdmin: Logger started
[3:15:13 AM] [ibM93#1] Ethan Rubinacci: joined with identifiers [steam:110000106d81f17; license:29a1486f20d95134646534c3de37ff11e7c1f3e3; xbl:2533274921566674; live:2040691484489962; discord:134438206576787456; fivem:19530]
[3:17:12 AM] [ibM93#1] Ethan Rubinacci: caused an explosion (CAR)
[3:17:15 AM] [ibM93#1] Ethan Rubinacci: caused an explosion (CAR)
[3:17:15 AM] [ibM93#1] Ethan Rubinacci: caused an explosion (CAR)
[3:31:15 AM] [ibM93#1] Ethan Rubinacci: said "/dv"
[3:33:03 AM] [ibM93#1] Ethan Rubinacci: disconnected (Exiting)

================================================================
======== txAdmin Starting - 3/24/2022, 6:29:35 AM               
================================================================
[6:29:41 AM] txAdmin: Logger started
[6:30:51 AM] [MkYU4#1] Ethan Rubinacci: joined with identifiers [steam:110000106d81f17; license:29a1486f20d95134646534c3de37ff11e7c1f3e3; xbl:2533274921566674; live:2040691484489962; discord:134438206576787456; fivem:19530]
[6:32:29 AM] [MkYU4#1] Ethan Rubinacci: caused an explosion (CAR)
[6:32:29 AM] [MkYU4#1] Ethan Rubinacci: caused an explosion (CAR)
[6:32:29 AM] [MkYU4#1] Ethan Rubinacci: caused an explosion (CAR)
[6:32:29 AM] [MkYU4#1] Ethan Rubinacci: caused an explosion (CAR)
[6:32:29 AM] [MkYU4#1] Ethan Rubinacci: caused an explosion (CAR)
[6:32:29 AM] [MkYU4#1] Ethan Rubinacci: caused an explosion (CAR)
[6:32:30 AM] [MkYU4#1] Ethan Rubinacci: caused an explosion (CAR)
[6:32:30 AM] [MkYU4#1] Ethan Rubinacci: caused an explosion (CAR)
[6:32:30 AM] [MkYU4#1] Ethan Rubinacci: caused an explosion (CAR)
[6:32:30 AM] [MkYU4#1] Ethan Rubinacci: caused an explosion (CAR)
[6:32:30 AM] [MkYU4#1] Ethan Rubinacci: caused an explosion (CAR)
[6:32:30 AM] [MkYU4#1] Ethan Rubinacci: caused an explosion (CAR)
[6:32:30 AM] [MkYU4#1] Ethan Rubinacci: caused an explosion (CAR)
[6:32:30 AM] [MkYU4#1] Ethan Rubinacci: caused an explosion (CAR)
[6:32:30 AM] [MkYU4#1] Ethan Rubinacci: caused an explosion (CAR)
[6:32:30 AM] [MkYU4#1] Ethan Rubinacci: caused an explosion (CAR)
[6:32:30 AM] [MkYU4#1] Ethan Rubinacci: caused an explosion (CAR)
[6:33:10 AM] [MkYU4#1] Ethan Rubinacci: disconnected (Exiting)

================================================================
======== txAdmin Starting - 3/24/2022, 6:36:42 AM               
================================================================
[6:36:48 AM] txAdmin: Logger started
[6:37:47 AM] [qV8Wr#1] Ethan Rubinacci: joined with identifiers [steam:110000106d81f17; license:29a1486f20d95134646534c3de37ff11e7c1f3e3; xbl:2533274921566674; live:2040691484489962; discord:134438206576787456; fivem:19530]
[6:42:17 AM] [qV8Wr#1] Ethan Rubinacci: disconnected (Exiting)

================================================================
======== txAdmin Starting - 3/24/2022, 7:07:34 AM               
================================================================
[7:07:39 AM] txAdmin: Logger started
[7:08:49 AM] [rcK6j#1] Ethan Rubinacci: joined with identifiers [steam:110000106d81f17; license:29a1486f20d95134646534c3de37ff11e7c1f3e3; xbl:2533274921566674; live:2040691484489962; discord:134438206576787456; fivem:19530]
[7:09:59 AM] [rcK6j#1] Ethan Rubinacci: caused an explosion (CAR)
[7:10:00 AM] [rcK6j#1] Ethan Rubinacci: caused an explosion (CAR)
[7:10:12 AM] [rcK6j#1] Ethan Rubinacci: caused an explosion (CAR)
[7:12:16 AM] [rcK6j#1] Ethan Rubinacci: disconnected (Exiting)

================================================================
======== txAdmin Starting - 3/24/2022, 7:50:52 AM               
================================================================
[7:50:58 AM] txAdmin: Logger started
[7:51:48 AM] [mwcQ3#1] Ethan Rubinacci: joined with identifiers [steam:110000106d81f17; license:29a1486f20d95134646534c3de37ff11e7c1f3e3; xbl:2533274921566674; live:2040691484489962; discord:134438206576787456; fivem:19530]
[7:52:50 AM] [mwcQ3#1] Ethan Rubinacci: caused an explosion (CAR)
[7:52:50 AM] [mwcQ3#1] Ethan Rubinacci: caused an explosion (CAR)
[7:52:50 AM] [mwcQ3#1] Ethan Rubinacci: caused an explosion (CAR)
[7:52:50 AM] [mwcQ3#1] Ethan Rubinacci: caused an explosion (CAR)
[7:52:51 AM] [mwcQ3#1] Ethan Rubinacci: caused an explosion (CAR)
[7:52:51 AM] [mwcQ3#1] Ethan Rubinacci: caused an explosion (CAR)
[7:52:51 AM] [mwcQ3#1] Ethan Rubinacci: caused an explosion (CAR)
[7:52:51 AM] [mwcQ3#1] Ethan Rubinacci: caused an explosion (CAR)
[7:52:51 AM] [mwcQ3#1] Ethan Rubinacci: caused an explosion (CAR)
[7:52:51 AM] [mwcQ3#1] Ethan Rubinacci: caused an explosion (CAR)
[7:52:51 AM] [mwcQ3#1] Ethan Rubinacci: caused an explosion (CAR)
[7:52:51 AM] [mwcQ3#1] Ethan Rubinacci: caused an explosion (CAR)
[7:52:51 AM] [mwcQ3#1] Ethan Rubinacci: caused an explosion (CAR)
[7:52:51 AM] [mwcQ3#1] Ethan Rubinacci: caused an explosion (CAR)
[7:52:51 AM] [mwcQ3#1] Ethan Rubinacci: caused an explosion (CAR)
[7:52:51 AM] [mwcQ3#1] Ethan Rubinacci: caused an explosion (CAR)
[7:52:51 AM] [mwcQ3#1] Ethan Rubinacci: caused an explosion (CAR)
[7:52:51 AM] [mwcQ3#1] Ethan Rubinacci: caused an explosion (CAR)
[7:55:28 AM] [mwcQ3#1] Ethan Rubinacci: disconnected (Exiting)

================================================================
======== txAdmin Starting - 3/24/2022, 7:58:30 AM               
================================================================
[7:58:36 AM] txAdmin: Logger started
[7:59:53 AM] [wC4RF#1] Ethan Rubinacci: joined with identifiers [steam:110000106d81f17; license:29a1486f20d95134646534c3de37ff11e7c1f3e3; xbl:2533274921566674; live:2040691484489962; discord:134438206576787456; fivem:19530]
[8:08:00 AM] [wC4RF#1] Ethan Rubinacci: said "/dv"
[8:18:35 AM] [wC4RF#1] Ethan Rubinacci: disconnected (Exiting)

================================================================
======== txAdmin Starting - 3/24/2022, 8:49:28 AM               
================================================================
[8:49:34 AM] txAdmin: Logger started
[10:02:35 AM] [eFrDB#1] Ethan Rubinacci: joined with identifiers [steam:110000106d81f17; license:29a1486f20d95134646534c3de37ff11e7c1f3e3; xbl:2533274921566674; live:2040691484489962; discord:134438206576787456; fivem:19530]
[10:04:07 AM] [eFrDB#1] Ethan Rubinacci: caused an explosion (CAR)
[10:04:07 AM] [eFrDB#1] Ethan Rubinacci: caused an explosion (CAR)
[10:04:07 AM] [eFrDB#1] Ethan Rubinacci: caused an explosion (CAR)
[10:04:07 AM] [eFrDB#1] Ethan Rubinacci: caused an explosion (CAR)
[10:04:07 AM] [eFrDB#1] Ethan Rubinacci: caused an explosion (CAR)
[10:04:07 AM] [eFrDB#1] Ethan Rubinacci: caused an explosion (CAR)
[10:04:07 AM] [eFrDB#1] Ethan Rubinacci: caused an explosion (CAR)
[10:04:07 AM] [eFrDB#1] Ethan Rubinacci: caused an explosion (CAR)
[10:04:07 AM] [eFrDB#1] Ethan Rubinacci: caused an explosion (CAR)
[10:04:07 AM] [eFrDB#1] Ethan Rubinacci: caused an explosion (CAR)
[10:04:07 AM] [eFrDB#1] Ethan Rubinacci: caused an explosion (CAR)
[10:04:07 AM] [eFrDB#1] Ethan Rubinacci: caused an explosion (CAR)
[10:04:07 AM] [eFrDB#1] Ethan Rubinacci: caused an explosion (CAR)
[10:04:07 AM] [eFrDB#1] Ethan Rubinacci: caused an explosion (CAR)
[10:04:07 AM] [eFrDB#1] Ethan Rubinacci: caused an explosion (CAR)
[10:04:07 AM] [eFrDB#1] Ethan Rubinacci: caused an explosion (CAR)
[10:04:07 AM] [eFrDB#1] Ethan Rubinacci: caused an explosion (CAR)
[10:04:07 AM] [eFrDB#1] Ethan Rubinacci: caused an explosion (CAR)
[10:04:07 AM] [eFrDB#1] Ethan Rubinacci: caused an explosion (CAR)
[10:04:07 AM] [eFrDB#1] Ethan Rubinacci: caused an explosion (CAR)
[10:04:07 AM] [eFrDB#1] Ethan Rubinacci: caused an explosion (CAR)
[10:04:07 AM] [eFrDB#1] Ethan Rubinacci: caused an explosion (CAR)
[10:04:07 AM] [eFrDB#1] Ethan Rubinacci: caused an explosion (CAR)
[10:04:07 AM] [eFrDB#1] Ethan Rubinacci: caused an explosion (CAR)
[10:08:31 AM] [eFrDB#2] Samael "Gage" Wayne: joined with identifiers [steam:110000112d24b4f; license:6d2ec1a26c48df57b80c04e11d5c8dfb560bb4b3; xbl:2535421980170934; live:914797987069091; fivem:6353258]
[10:19:39 AM] [eFrDB#2] Samael "Gage" Wayne: died from Ranover by Vehicle by Ethan Rubinacci
[10:19:44 AM] [eFrDB#2] Samael "Gage" Wayne: said "/revive"
[10:25:14 AM] [eFrDB#2] Samael "Gage" Wayne: died from suicide (Rammed by Vehicle)
[10:25:16 AM] [eFrDB#2] Samael "Gage" Wayne: said "/revive"
[10:26:30 AM] [eFrDB#1] Ethan Rubinacci: said "/dv"
[10:28:25 AM] [eFrDB#1] Ethan Rubinacci: said "/dv"
[10:29:14 AM] [eFrDB#1] Ethan Rubinacci: said "/dv"
[10:29:55 AM] [eFrDB#1] Ethan Rubinacci: said "/dv"
[10:31:32 AM] [eFrDB#2] Samael "Gage" Wayne: died from suicide (Falling)
[10:31:35 AM] [eFrDB#2] Samael "Gage" Wayne: said "/revive"
[10:33:26 AM] [eFrDB#2] Samael "Gage" Wayne: disconnected (Exiting)
[10:34:57 AM] [eFrDB#1] Ethan Rubinacci: said "/dv"
[10:34:59 AM] [eFrDB#1] Ethan Rubinacci: said "/dv"
[10:39:28 AM] [eFrDB#1] Ethan Rubinacci: caused an explosion (RAYGUN)
[10:39:32 AM] [eFrDB#1] Ethan Rubinacci: caused an explosion (RAYGUN)
[10:39:34 AM] [eFrDB#1] Ethan Rubinacci: caused an explosion (RAYGUN)
[10:39:36 AM] [eFrDB#1] Ethan Rubinacci: caused an explosion (RAYGUN)
[10:39:39 AM] [eFrDB#1] Ethan Rubinacci: caused an explosion (RAYGUN)
[10:39:41 AM] [eFrDB#1] Ethan Rubinacci: caused an explosion (RAYGUN)
[10:41:21 AM] [eFrDB#1] Ethan Rubinacci: disconnected (Exiting)
[2:57:09 PM] [eFrDB#3] tristian: joined with identifiers [steam:110000149a345d7; license:8010bf55b20ed242a3bed996b7a02827e241d9c9; xbl:2535428787676923; live:1055519341983224; discord:837063941271191573; fivem:5113192; license2:e1f7dd9cf02fa891017731e97e8442a452f27b80]
[3:03:37 PM] [eFrDB#3] tristian: said "/dv"
[3:04:02 PM] [eFrDB#3] tristian: said "/dv"
[3:05:01 PM] [eFrDB#3] tristian: said "/dv"
[3:05:25 PM] [eFrDB#3] tristian: said "/dv"
[3:08:20 PM] [eFrDB#4] Samael "Gage" Wayne: joined with identifiers [steam:110000112d24b4f; license:6d2ec1a26c48df57b80c04e11d5c8dfb560bb4b3; xbl:2535421980170934; live:914797987069091; discord:195052712243494913; fivem:6353258]
[3:18:06 PM] [eFrDB#3] tristian: died from suicide
[3:18:10 PM] [eFrDB#3] tristian: said "/revive"
[3:22:48 PM] [eFrDB#3] tristian: disconnected (Exiting)
[3:44:24 PM] [eFrDB#4] Samael "Gage" Wayne: died from suicide (Drowned in Vehicle)
[3:44:27 PM] [eFrDB#4] Samael "Gage" Wayne: said "/revive"
[3:46:12 PM] [eFrDB#4] Samael "Gage" Wayne: died from suicide (Drowned in Vehicle)
[3:46:49 PM] [eFrDB#4] Samael "Gage" Wayne: said "/revive"
[3:47:09 PM] [eFrDB#4] Samael "Gage" Wayne: died from suicide (Drowned)
[3:47:11 PM] [eFrDB#4] Samael "Gage" Wayne: said "/revive"
[3:47:47 PM] [eFrDB#4] Samael "Gage" Wayne: caused an explosion (PLANE)
[3:47:49 PM] [eFrDB#4] Samael "Gage" Wayne: disconnected (Exiting)
[4:57:53 PM] [eFrDB#5] crazyforrubic: joined with identifiers [steam:11000013ed76cde; license:d7b0dacd89bd0ad15a559988351b6000e1505b41; xbl:2535445941156364; live:1055521583578886; license2:eaf922b1e2eb49335ba9b1976443b59db3233859]
[4:59:23 PM] [eFrDB#5] crazyforrubic: said "On duty"
[5:08:02 PM] [eFrDB#5] crazyforrubic: disconnected (Disconnected.)
[6:57:21 PM] [eFrDB#6] tristian: joined with identifiers [steam:110000149a345d7; license:8010bf55b20ed242a3bed996b7a02827e241d9c9; xbl:2535428787676923; live:1055519341983224; discord:837063941271191573; fivem:5113192; license2:e1f7dd9cf02fa891017731e97e8442a452f27b80]
[6:59:45 PM] [eFrDB#6] tristian: disconnected (Server->client connection timed out. Last seen 149 msec ago.)
[7:31:11 PM] [eFrDB#7] Nate TenPenny: joined with identifiers [steam:110000102449b2e; license:6c3844e01c075ca0b2c4354bcf250cb701b66c7b; xbl:2533274854325254; live:844427431245709; discord:185901595744010241; fivem:45488; license2:6c3844e01c075ca0b2c4354bcf250cb701b66c7b]
[7:32:43 PM] [eFrDB#8] tristian: joined with identifiers [steam:110000149a345d7; license:8010bf55b20ed242a3bed996b7a02827e241d9c9; xbl:2535428787676923; live:1055519341983224; discord:837063941271191573; fivem:5113192; license2:e1f7dd9cf02fa891017731e97e8442a452f27b80]
[7:34:51 PM] [eFrDB#9] Ethan Rubinacci: joined with identifiers [steam:110000106d81f17; license:29a1486f20d95134646534c3de37ff11e7c1f3e3; xbl:2533274921566674; live:2040691484489962; discord:134438206576787456; fivem:19530]
[7:37:31 PM] [eFrDB#7] Nate TenPenny: said "/dv"
[7:44:25 PM] [eFrDB#7] Nate TenPenny: died from suicide (Fist)
[7:44:43 PM] [eFrDB#7] Nate TenPenny: said "/revive"
[7:51:31 PM] [eFrDB#7] Nate TenPenny: disconnected (Exiting)
[7:51:54 PM] [eFrDB#10] Nate TenPenny: joined with identifiers [steam:110000102449b2e; license:6c3844e01c075ca0b2c4354bcf250cb701b66c7b; xbl:2533274854325254; live:844427431245709; discord:185901595744010241; fivem:45488; license2:6c3844e01c075ca0b2c4354bcf250cb701b66c7b]
[7:53:10 PM] [eFrDB#10] Nate TenPenny: said "i need to test if its me or my playermodel"
[7:53:14 PM] [eFrDB#10] Nate TenPenny: said "this is weird"
[7:53:17 PM] [eFrDB#9] Ethan Rubinacci: said "what?"
[7:53:37 PM] [eFrDB#9] Ethan Rubinacci: said "Oh you getting beat up"
[7:56:35 PM] [eFrDB#8] tristian: disconnected (Exiting)
[7:57:23 PM] [eFrDB#10] Nate TenPenny: said "What freq are you on?"
[7:57:27 PM] [eFrDB#9] Ethan Rubinacci: said "2"
[7:59:17 PM] [eFrDB#10] Nate TenPenny: said "Cant hear me?"
[7:59:20 PM] [eFrDB#9] Ethan Rubinacci: said "I'm talking on the radio, Tristian could hear me"
[7:59:23 PM] [eFrDB#9] Ethan Rubinacci: said "I can hear u"
[8:00:41 PM] [eFrDB#10] Nate TenPenny: disconnected (Exiting)
[8:01:11 PM] [eFrDB#9] Ethan Rubinacci: disconnected (Exiting)
[8:07:11 PM] [eFrDB#11] Nate TenPenny: joined with identifiers [steam:110000102449b2e; license:6c3844e01c075ca0b2c4354bcf250cb701b66c7b; xbl:2533274854325254; live:844427431245709; discord:185901595744010241; fivem:45488; license2:6c3844e01c075ca0b2c4354bcf250cb701b66c7b]
[8:07:45 PM] [eFrDB#11] Nate TenPenny: died from suicide (Falling)
[8:07:48 PM] [eFrDB#11] Nate TenPenny: said "/revive"
[8:09:56 PM] [eFrDB#11] Nate TenPenny: died from suicide (Falling)
[8:09:58 PM] [eFrDB#11] Nate TenPenny: said "/revive"
[8:18:44 PM] [eFrDB#11] Nate TenPenny: disconnected (Server->client connection timed out. Last seen 50293 msec ago.)
[8:23:10 PM] [eFrDB#12] Nate TenPenny: joined with identifiers [steam:110000102449b2e; license:6c3844e01c075ca0b2c4354bcf250cb701b66c7b; xbl:2533274854325254; live:844427431245709; discord:185901595744010241; fivem:45488; license2:6c3844e01c075ca0b2c4354bcf250cb701b66c7b]
[8:31:34 PM] [eFrDB#12] Nate TenPenny: caused an explosion (GRENADE)
[8:31:40 PM] [eFrDB#12] Nate TenPenny: caused an explosion (GRENADE)
[8:31:43 PM] [eFrDB#12] Nate TenPenny: caused an explosion (GRENADE)
[8:31:43 PM] [eFrDB#12] Nate TenPenny: caused an explosion (BIKE)
[8:33:24 PM] [eFrDB#12] Nate TenPenny: died from suicide (Falling)
[8:33:31 PM] [eFrDB#12] Nate TenPenny: said "/revive"
[8:34:34 PM] [eFrDB#12] Nate TenPenny: caused an explosion (GRENADE)
[8:34:35 PM] [eFrDB#12] Nate TenPenny: caused an explosion (GRENADE)
[8:34:35 PM] [eFrDB#12] Nate TenPenny: caused an explosion (PLANE)
[8:34:55 PM] [eFrDB#12] Nate TenPenny: caused an explosion (TANKSHELL)
[8:34:56 PM] [eFrDB#12] Nate TenPenny: caused an explosion (TANKSHELL)
[8:35:02 PM] [eFrDB#12] Nate TenPenny: caused an explosion (TANKSHELL)
[8:35:18 PM] [eFrDB#12] Nate TenPenny: caused an explosion (TANKSHELL)
[8:35:20 PM] [eFrDB#12] Nate TenPenny: caused an explosion (TANKSHELL)
[8:35:20 PM] [eFrDB#12] Nate TenPenny: caused an explosion (CAR)
[8:35:21 PM] [eFrDB#12] Nate TenPenny: caused an explosion (TANKSHELL)
[8:35:23 PM] [eFrDB#12] Nate TenPenny: caused an explosion (TANKSHELL)
[8:35:32 PM] [eFrDB#12] Nate TenPenny: caused an explosion (TANKSHELL)
[8:35:37 PM] [eFrDB#12] Nate TenPenny: caused an explosion (TANKSHELL)
[8:35:41 PM] [eFrDB#12] Nate TenPenny: caused an explosion (TANKSHELL)
[8:35:46 PM] [eFrDB#12] Nate TenPenny: caused an explosion (TANKSHELL)
[8:35:48 PM] [eFrDB#12] Nate TenPenny: caused an explosion (TANKSHELL)
[8:35:49 PM] [eFrDB#12] Nate TenPenny: caused an explosion (TANKSHELL)
[8:42:01 PM] [eFrDB#12] Nate TenPenny: caused an explosion (PLANE)
[8:42:01 PM] [eFrDB#12] Nate TenPenny: caused an explosion (PLANE)
[8:42:01 PM] [eFrDB#12] Nate TenPenny: caused an explosion (PLANE)
[8:42:01 PM] [eFrDB#12] Nate TenPenny: caused an explosion (PLANE)
[8:42:51 PM] [eFrDB#12] Nate TenPenny: caused an explosion (CAR)
[8:46:28 PM] [eFrDB#12] Nate TenPenny: said "/SPAWN"
[8:52:48 PM] [eFrDB#12] Nate TenPenny: died from suicide
[8:52:51 PM] [eFrDB#12] Nate TenPenny: disconnected (Exiting)
