
================================================================
======== txAdmin Starting - 3/26/2022, 6:22:23 AM               
================================================================

================================================================
======== Log Rotated - 3/26/2022, 6:22:24 AM                    
================================================================

================================================================
======== txAdmin Starting - 3/26/2022, 6:35:38 AM               
================================================================

================================================================
======== txAdmin Starting - 3/26/2022, 6:50:23 AM               
================================================================

================================================================
======== txAdmin Starting - 3/26/2022, 6:55:44 AM               
================================================================

================================================================
======== txAdmin Starting - 3/26/2022, 7:07:07 AM               
================================================================

================================================================
======== txAdmin Starting - 3/26/2022, 8:40:39 AM               
================================================================

================================================================
======== txAdmin Starting - 3/26/2022, 8:51:25 AM               
================================================================

================================================================
======== txAdmin Starting - 3/26/2022, 6:40:18 PM               
================================================================

================================================================
======== txAdmin Starting - 3/26/2022, 8:56:45 PM               
================================================================

================================================================
======== txAdmin Starting - 3/26/2022, 10:52:09 PM              
================================================================
[22:53:57] [ASTClanReborn] logged in from 127.0.0.1 via citizenfx
[22:54:27] [ASTClanReborn] restart elc-fivem
[22:57:34] [ASTClanReborn] ensure ast_apdVehicles
[23:09:52] [ASTClanReborn] ensure ast_apdVehicles
