
================================================================
======== Log Rotated - 7/19/2022, 2:57:54 PM                    
================================================================

================================================================
======== FXServer Starting - 7/19/2022, 3:05:12 PM              
================================================================
[38;5;161m[    c-scripting-core] Creating script environments for _cfx_internal
[ citizen-server-impl] Scanning resources.
[38;5;163m[    c-resources-core] Resource loading for ast_weaponsAndCars failed:
[    c-resources-core] Could not parse resource metadata file C:/Users/Administrator/Desktop/FiveM/FIVEPD/server-data/resources//[assets]/ast_weaponsAndCars/fxmanifest.lua: ...ta/resources//[assets]/ast_weaponsAndCars/fxmanifest.lua:21: '}' expected (to close '{' at line 17) near ''data/weapon_combatshotgun.meta''
[38;5;163m[    c-resources-core] Resource loading for ast_holsterAnim failed:
[    c-resources-core] Could not open resource metadata file - no such file.
[38;5;163m[    c-resources-core] Resource loading for OLD%20SHIT failed:
[    c-resources-core] Could not open resource metadata file - no such file.
[38;5;163m[    c-resources-core] Resource loading for devaddons failed:
[    c-resources-core] Could not open resource metadata file - no such file.
[    c-resources-core] Resource loading for props3 failed:
[    c-resources-core] Could not open resource metadata file - no such file.
[    c-resources-core] Resource loading for v3dev failed:
[    c-resources-core] Could not open resource metadata file - no such file.
[    c-resources-core] Resource loading for ymap3 failed:
[    c-resources-core] Could not open resource metadata file - no such file.
[38;5;73m[ citizen-server-impl] Found 197 resources.
[ citizen-server-impl] Some resources have an outdated resource manifest:
[ citizen-server-impl]     - ast_carHud
[ citizen-server-impl]     - ast_chatInteraction
[ citizen-server-impl]     - ast_crouchStance
[ citizen-server-impl]     - ast_deleteVeh
[ citizen-server-impl]     - ast_dragPlayer
[ citizen-server-impl]     - ast_dropGun
[ citizen-server-impl]     - ast_idTags
[ citizen-server-impl]     - ast_infiniteStamina
[ citizen-server-impl]     - ast_legShot
[ citizen-server-impl]     - ast_limitedTaser
[ citizen-server-impl]     - ast_point
[ citizen-server-impl]     - ast_postalmap
[ citizen-server-impl]     - ast_realControl
[ citizen-server-impl]     - ast_seatShuffle
[ citizen-server-impl]     - ast_streetLabel
[ citizen-server-impl]     - ast_vehCommands
[ citizen-server-impl]     - ast_watermark
[ citizen-server-impl]     - ast_weaSwitch
[ citizen-server-impl]     - chat
[ citizen-server-impl]     - eup-stream
[ citizen-server-impl]     - interact-sound
[ citizen-server-impl]     - pNotify
[ citizen-server-impl]     - pcards
[ citizen-server-impl]     - platescript
[ citizen-server-impl] 
[ citizen-server-impl] Please update these resources.
[          svadhesive] Authenticating server license key...
[          svadhesive] Server license key authentication succeeded. Welcome!
[38;5;161m[    c-scripting-core] Creating script environments for sessionmanager
[ citizen-server-impl] Started resource sessionmanager
[    c-scripting-core] Creating script environments for monitor
[      script:monitor] [txAdminClient] Version 4.13.3 starting...
[38;5;73m[ citizen-server-impl] Started resource monitor
[    c-scripting-core] Creating script environments for mapmanager
[ citizen-server-impl] Started resource mapmanager
[    c-scripting-core] [97mCreating script environments for chat
[38;5;73m[ citizen-server-impl] Started resource chat
[ citizen-server-impl] Started resource spawnmanager
[38;5;161m[    c-scripting-core] Creating script environments for hardcap
[ citizen-server-impl] Started resource hardcap
[38;5;154m[   script:mapmanager] Started gametype Freeroam
[ citizen-server-impl] Started resource basic-gamemode
[    c-scripting-core] Creating script environments for baseevents
[ citizen-server-impl] Started resource baseevents
[38;5;161m[    c-scripting-core] Creating script environments for yarn
[38;5;73m[ citizen-server-impl] Started resource yarn
[    c-scripting-core] Creating script environments for webpack
[ citizen-server-impl] Started resource webpack
[    c-scripting-core] [97mCreating script environments for ast_discordPerms
[ citizen-server-impl] Started resource ast_discordPerms
[38;5;161m[    c-scripting-core] Creating script environments for ast_chatRoles
[38;5;73m[ citizen-server-impl] Started resource ast_chatRoles
[    c-scripting-core] Creating script environments for discord_perms
[ citizen-server-impl] Started resource discord_perms
[ citizen-server-impl] Started resource ast_CivilianVehicles
[ citizen-server-impl] Asset ast_VehicleRims/wheel_musc_09.ydr uses 24.0 MiB of physical memory.
[38;5;73m[ citizen-server-impl] Asset ast_VehicleRims/wheel_musc_09w.ydr uses 24.0 MiB of physical memory.
[ citizen-server-impl] [0mAsset ast_VehicleRims/wheel_musc_11.ydr uses 32.0 MiB of physical memory.
[38;5;73m[ citizen-server-impl] Asset ast_VehicleRims/wheel_musc_11w.ydr uses 32.0 MiB of physical memory.
[ citizen-server-impl] Asset ast_VehicleRims/wheel_musc_13.ydr uses 32.0 MiB of physical memory.
[38;5;73m[ citizen-server-impl] Asset ast_VehicleRims/wheel_musc_13w.ydr uses 32.0 MiB of physical memory.
[ citizen-server-impl] Started resource ast_VehicleRims
[ citizen-server-impl] Asset ast_WeaponMods/w_ar_advancedrifle.ytd uses 17.0 MiB of physical memory.
[38;5;73m[ citizen-server-impl] Asset ast_WeaponMods/w_ar_carbinerifle.ytd uses 54.0 MiB of physical memory. Oversized assets can and WILL lead to streaming issues (models not loading/rendering, commonly known as 'texture loss', 'city bug' or 'streaming isn't great').
[ citizen-server-impl] Asset ast_WeaponMods/w_pi_pistol.ytd uses 28.0 MiB of physical memory.
[38;5;73m[ citizen-server-impl] Asset ast_WeaponMods/w_pi_pistolmk2.ytd uses 28.0 MiB of physical memory.
[ citizen-server-impl] Asset ast_WeaponMods/w_pi_stungun+hi.ytd uses 48.0 MiB of physical memory.
[38;5;73m[ citizen-server-impl] Asset ast_WeaponMods/w_pi_stungun.ytd uses 32.0 MiB of physical memory.
[ citizen-server-impl] Asset ast_WeaponMods/w_sb_microsmg_luxe.ytd uses 20.0 MiB of physical memory.
[38;5;73m[ citizen-server-impl] Asset ast_WeaponMods/w_sg_bullpupshotgun.ytd uses 24.0 MiB of physical memory.
[ citizen-server-impl] Asset ast_WeaponMods/w_sg_pumpshotgun.ytd uses 18.0 MiB of physical memory.
[38;5;73m[ citizen-server-impl] Started resource ast_WeaponMods
[ citizen-server-impl] Asset ast_astVehicles/apd20fpiu.yft uses 20.8 MiB of virtual memory.
[38;5;73m[ citizen-server-impl] Asset ast_astVehicles/ast09charger+hi.ytd uses 24.0 MiB of physical memory.
[ citizen-server-impl] [0mAsset ast_astVehicles/ast09charger.yft uses 22.2 MiB of virtual memory.
[ citizen-server-impl] Asset ast_astVehicles/ast09charger.ytd uses 134.0 MiB of physical memory. Oversized assets can and WILL lead to streaming issues (models not loading/rendering, commonly known as 'texture loss', 'city bug' or 'streaming isn't great').
[38;5;73m[ citizen-server-impl] Asset ast_astVehicles/ast14charger+hi.ytd uses 20.0 MiB of physical memory.
[38;5;73m[ citizen-server-impl] Asset ast_astVehicles/ast14charger.yft uses 24.5 MiB of virtual memory.
[38;5;73m[ citizen-server-impl] Asset ast_astVehicles/ast14charger.ytd uses 186.0 MiB of physical memory. Oversized assets can and WILL lead to streaming issues (models not loading/rendering, commonly known as 'texture loss', 'city bug' or 'streaming isn't great').
[ citizen-server-impl] [0mAsset ast_astVehicles/ast20charger+hi.ytd uses 24.0 MiB of physical memory.
[38;5;73m[ citizen-server-impl] Asset ast_astVehicles/ast20charger.yft uses 20.2 MiB of virtual memory.
[ citizen-server-impl] Asset ast_astVehicles/ast20charger.ytd uses 190.0 MiB of physical memory. Oversized assets can and WILL lead to streaming issues (models not loading/rendering, commonly known as 'texture loss', 'city bug' or 'streaming isn't great').
[ citizen-server-impl] Asset ast_astVehicles/ast20fpiu+hi.ytd uses 32.0 MiB of physical memory.
[ citizen-server-impl] Asset ast_astVehicles/ast20fpiu.yft uses 19.5 MiB of virtual memory.
[38;5;73m[ citizen-server-impl] Asset ast_astVehicles/ast20fpiu.ytd uses 254.0 MiB of physical memory. Oversized assets can and WILL lead to streaming issues (models not loading/rendering, commonly known as 'texture loss', 'city bug' or 'streaming isn't great').
[ citizen-server-impl] Asset ast_astVehicles/astcvpi+hi.ytd uses 56.0 MiB of physical memory. Oversized assets can and WILL lead to streaming issues (models not loading/rendering, commonly known as 'texture loss', 'city bug' or 'streaming isn't great').
[ citizen-server-impl] Asset ast_astVehicles/astcvpi.yft uses 18.2 MiB of virtual memory.
[ citizen-server-impl] Asset ast_astVehicles/astcvpi.ytd uses 188.0 MiB of physical memory. Oversized assets can and WILL lead to streaming issues (models not loading/rendering, commonly known as 'texture loss', 'city bug' or 'streaming isn't great').
[ citizen-server-impl] Asset ast_astVehicles/astcvpi_hi.yft uses 18.6 MiB of virtual memory.
[ citizen-server-impl] Asset ast_astVehicles/astf150+hi.ytd uses 40.0 MiB of physical memory.
[ citizen-server-impl] [0mAsset ast_astVehicles/astf150.ytd uses 248.0 MiB of physical memory. Oversized assets can and WILL lead to streaming issues (models not loading/rendering, commonly known as 'texture loss', 'city bug' or 'streaming isn't great').
[ citizen-server-impl] Asset ast_astVehicles/astf150_hi.yft uses 17.0 MiB of virtual memory.
[ citizen-server-impl] Asset ast_astVehicles/astfpis+hi.ytd uses 72.0 MiB of physical memory. Oversized assets can and WILL lead to streaming issues (models not loading/rendering, commonly known as 'texture loss', 'city bug' or 'streaming isn't great').
[ citizen-server-impl] Asset ast_astVehicles/astfpis.yft uses 26.7 MiB of virtual memory.
[ citizen-server-impl] Asset ast_astVehicles/astfpis.ytd uses 115.0 MiB of physical memory. Oversized assets can and WILL lead to streaming issues (models not loading/rendering, commonly known as 'texture loss', 'city bug' or 'streaming isn't great').
[ citizen-server-impl] Asset ast_astVehicles/astfpis_hi.yft uses 21.2 MiB of virtual memory.
[ citizen-server-impl] Started resource ast_astVehicles
[ citizen-server-impl] Asset ast_apdVehicles/05f250civ.yft uses 18.5 MiB of virtual memory.
[ citizen-server-impl] Asset ast_apdVehicles/05f250civ.ytd uses 123.5 MiB of physical memory. Oversized assets can and WILL lead to streaming issues (models not loading/rendering, commonly known as 'texture loss', 'city bug' or 'streaming isn't great').
[38;5;73m[ citizen-server-impl] Asset ast_apdVehicles/apd14charger+hi.ytd uses 128.0 MiB of physical memory. Oversized assets can and WILL lead to streaming issues (models not loading/rendering, commonly known as 'texture loss', 'city bug' or 'streaming isn't great').
[ citizen-server-impl] Asset ast_apdVehicles/apd14charger.yft uses 16.2 MiB of virtual memory.
[ citizen-server-impl] Asset ast_apdVehicles/apd14charger.ytd uses 76.0 MiB of physical memory. Oversized assets can and WILL lead to streaming issues (models not loading/rendering, commonly known as 'texture loss', 'city bug' or 'streaming isn't great').
[38;5;73m[ citizen-server-impl] Asset ast_apdVehicles/apd20fpiu+hi.ytd uses 32.0 MiB of physical memory.
[38;5;73m[ citizen-server-impl] Asset ast_apdVehicles/apd20fpiu.ytd uses 154.0 MiB of physical memory. Oversized assets can and WILL lead to streaming issues (models not loading/rendering, commonly known as 'texture loss', 'city bug' or 'streaming isn't great').
[ citizen-server-impl] [0mAsset ast_apdVehicles/apd20tahoe.yft uses 26.2 MiB of virtual memory.
[ citizen-server-impl] Asset ast_apdVehicles/apd20tahoe.ytd uses 150.0 MiB of physical memory. Oversized assets can and WILL lead to streaming issues (models not loading/rendering, commonly known as 'texture loss', 'city bug' or 'streaming isn't great').
[ citizen-server-impl] Asset ast_apdVehicles/apd20thaoe.ytd uses 156.0 MiB of physical memory. Oversized assets can and WILL lead to streaming issues (models not loading/rendering, commonly known as 'texture loss', 'city bug' or 'streaming isn't great').
[ citizen-server-impl] Started resource ast_apdVehicles
[ citizen-server-impl] Asset ast_dpsVehicles/dps17fusion.yft uses 26.4 MiB of virtual memory.
[ citizen-server-impl] Asset ast_dpsVehicles/dps17fusion.ytd uses 57.5 MiB of physical memory. Oversized assets can and WILL lead to streaming issues (models not loading/rendering, commonly known as 'texture loss', 'city bug' or 'streaming isn't great').
[ citizen-server-impl] Asset ast_dpsVehicles/dps17fusion_hi.yft uses 20.0 MiB of virtual memory.
[ citizen-server-impl] Started resource ast_dpsVehicles
[ citizen-server-impl] Couldn't find resource ast_weaponsAndCars.
[ citizen-server-impl] Asset ast_as350/as350.ytd uses 26.0 MiB of physical memory.
[ citizen-server-impl] [0mStarted resource ast_as350
[ citizen-server-impl] Started resource platescript
[ citizen-server-impl] Asset ast_nateBMW/bmwm4.yft uses 20.9 MiB of virtual memory.
[38;5;73m[ citizen-server-impl] Asset ast_nateBMW/bmwm4.ytd uses 182.0 MiB of physical memory. Oversized assets can and WILL lead to streaming issues (models not loading/rendering, commonly known as 'texture loss', 'city bug' or 'streaming isn't great').
[ citizen-server-impl] Asset ast_nateBMW/bmwm4_hi.yft uses 20.9 MiB of virtual memory.
[ citizen-server-impl] Started resource ast_nateBMW
[38;5;73m[ citizen-server-impl] Started resource ast_realBrakes
[38;5;73m[ citizen-server-impl] Started resource ast_realControl
[38;5;73m[ citizen-server-impl] Started resource ast_realDriving
[ citizen-server-impl] Started resource ast_realTraffic
[38;5;161m[    c-scripting-core] Creating script environments for pma-voice
[38;5;73m[ citizen-server-impl] Started resource pma-voice
[    c-scripting-core] Creating script environments for scully_radio
[38;5;73m[ citizen-server-impl] Started resource scully_radio
[    c-scripting-core] Creating script environments for ast_aop
[38;5;73m[ citizen-server-impl] Started resource ast_aop
[    c-scripting-core] Creating script environments for ast_awayGrab
[ citizen-server-impl] Started resource ast_awayGrab
[38;5;73m[ citizen-server-impl] Started resource ast_Axon
[38;5;73m[ citizen-server-impl] Started resource ast_blackout
[38;5;73m[ citizen-server-impl] Started resource ast_camping
[38;5;73m[ citizen-server-impl] Started resource ast_carHud
[    c-scripting-core] Creating script environments for ast_chatInteraction
[38;5;73m[ citizen-server-impl] Started resource ast_chatInteraction
[    c-scripting-core] Creating script environments for ast_crouchStance
[script:ast_crouchSta] WolfKnight's Crouch Script Loaded.
[38;5;73m[ citizen-server-impl] Started resource ast_crouchStance
[    c-scripting-core] Creating script environments for ast_cuffScript
[38;5;200m[script:ast_cuffScrip] Instantiated instance of script Server.Main.
[ citizen-server-impl] Started resource ast_cuffScript
[ citizen-server-impl] Started resource ast_dashcam
[38;5;161m[    c-scripting-core] Creating script environments for ast_death
[38;5;73m[ citizen-server-impl] Started resource ast_death
[38;5;161m[    c-scripting-core] Creating script environments for ast_deleteVeh
[38;5;73m[ citizen-server-impl] Started resource ast_deleteVeh
[    c-resources-core] Could not find dependency essentialmode for resource ast_dragPlayer.
[ citizen-server-impl] Couldn't start resource ast_dragPlayer.
[38;5;73m[ citizen-server-impl] Started resource ast_dropGun
[    c-scripting-core] [0mCreating script environments for ast_emotes
[38;5;161m[    c-scripting-core] Failed to load script @mysql-async/lib/MySQL.lua.
[38;5;104m[   script:ast_emotes] [dp] Sql Keybinding is turned off, if you want to enable /emotebind, import dpkeybinding.sql and set SqlKeybinding = true in config.lua.
[ citizen-server-impl] Started resource ast_emotes
[38;5;73m[ citizen-server-impl] Started resource ast_fallFlat
[    c-scripting-core] Creating script environments for ast_fireScript
[38;5;68m[script:ast_fireScrip] FireScript by Albo1125 (LUA, C#. FiveM)
[ citizen-server-impl] Started resource ast_fireScript
[ citizen-server-impl] Couldn't find resource ast_fuelScript.
[ citizen-server-impl] Couldn't find resource ast_holsterAnim.
[    c-scripting-core] [0mCreating script environments for ast_badScoreboard
[38;5;73m[ citizen-server-impl] Started resource ast_badScoreboard
[    c-scripting-core] [0mCreating script environments for ast_idTags
[ citizen-server-impl] Started resource ast_idTags
[38;5;73m[ citizen-server-impl] Started resource ast_infiniteStamina
[38;5;73m[ citizen-server-impl] Started resource ast_legShot
[ citizen-server-impl] Started resource ast_limitedTaser
[38;5;161m[    c-scripting-core] Creating script environments for ast_livePD
[38;5;73m[ citizen-server-impl] Started resource ast_livePD
[ citizen-server-impl] Started resource ast_loadingScreen
[38;5;73m[ citizen-server-impl] Started resource ast_noReticle
[ citizen-server-impl] Started resource ast_point
[38;5;73m[ citizen-server-impl] Started resource ast_ragdoll
[38;5;73m[ citizen-server-impl] Started resource ast_seatShuffle
[38;5;73m[ citizen-server-impl] Started resource ast_shield
[ citizen-server-impl] Started resource ast_singleShot
[38;5;73m[ citizen-server-impl] Started resource ast_streetLabel
[    c-scripting-core] [0mCreating script environments for ast_tackle
[38;5;73m[ citizen-server-impl] Started resource ast_tackle
[ citizen-server-impl] Started resource ast_vehCommands
[    c-scripting-core] [0mCreating script environments for ast_vehicleFail
[38;5;73m[ citizen-server-impl] Started resource ast_vehicleFail
[ citizen-server-impl] Started resource ast_watermark
[38;5;161m[    c-scripting-core] Creating script environments for ast_weaSwitch
[38;5;73m[ citizen-server-impl] Started resource ast_weaSwitch
[38;5;161m[    c-scripting-core] Creating script environments for ast_ziptie
[ citizen-server-impl] Started resource ast_ziptie
[    c-scripting-core] Creating script environments for nearest-postal
[38;5;73m[ citizen-server-impl] Started resource nearest-postal
[    c-scripting-core] Creating script environments for sonorancad
[38;5;151m[   script:sonorancad]     _____                                    _________    ____     
[   script:sonorancad]    / ___/____  ____  ____  _________ _____  / ____/   |  / __ \    
[   script:sonorancad]    \__ \/ __ \/ __ \/ __ \/ ___/ __ `/ __ \/ /   / /| | / / / /    
[   script:sonorancad]   ___/ / /_/ / / / / /_/ / /  / /_/ / / / / /___/ ___ |/ /_/ /     
[   script:sonorancad]  /____/\____/_/ /_/\____/_/   \__,_/_/ /_/\____/_/  |_/_____/      
[   script:sonorancad]                                                                    
[   script:sonorancad] 
[38;5;73m[ citizen-server-impl] Started resource sonorancad
[38;5;161m[    c-scripting-core] Creating script environments for wk_wars2x
[ citizen-server-impl] Started resource wk_wars2x
[38;5;161m[    c-scripting-core] Creating script environments for smartsigns_sonoran
[38;5;73m[ citizen-server-impl] Started resource smartsigns_sonoran
[38;5;161m[    c-scripting-core] Creating script environments for sonoran_updatehelper
[38;5;73m[ citizen-server-impl] Started resource sonoran_updatehelper
[ citizen-server-impl] Started resource sonoran_idcard
[38;5;73m[ citizen-server-impl] Started resource pNotify
[    c-scripting-core] [0mCreating script environments for tablet
[38;5;73m[ citizen-server-impl] Started resource tablet
[          svadhesive] You lack the required entitlement to use elc-fivem
[ citizen-server-impl] Couldn't start resource elc-fivem.
[ citizen-server-impl] Started resource NativeUI
[ citizen-server-impl] Asset eup-stream/mp_f_freemode_01^teef_diff_002_a_uni.ytd uses 64.0 MiB of physical memory. Oversized assets can and WILL lead to streaming issues (models not loading/rendering, commonly known as 'texture loss', 'city bug' or 'streaming isn't great').
[38;5;73m[ citizen-server-impl] Asset eup-stream/mp_f_freemode_01^teef_diff_005_a_uni.ytd uses 32.0 MiB of physical memory.
[38;5;73m[ citizen-server-impl] Asset eup-stream/mp_f_freemode_01^teef_diff_006_a_uni.ytd uses 32.0 MiB of physical memory.
[38;5;73m[ citizen-server-impl] Asset eup-stream/mp_f_freemode_01^teef_diff_008_a_uni.ytd uses 64.0 MiB of physical memory. Oversized assets can and WILL lead to streaming issues (models not loading/rendering, commonly known as 'texture loss', 'city bug' or 'streaming isn't great').
[38;5;73m[ citizen-server-impl] Asset eup-stream/mp_f_freemode_01_female_apt01^accs_diff_001_a_uni.ytd uses 64.0 MiB of physical memory. Oversized assets can and WILL lead to streaming issues (models not loading/rendering, commonly known as 'texture loss', 'city bug' or 'streaming isn't great').
[ citizen-server-impl] Asset eup-stream/mp_f_freemode_01_female_freemode_hipster^accs_diff_000_a_uni.ytd uses 64.0 MiB of physical memory. Oversized assets can and WILL lead to streaming issues (models not loading/rendering, commonly known as 'texture loss', 'city bug' or 'streaming isn't great').
[ citizen-server-impl] Asset eup-stream/mp_f_freemode_01_female_freemode_hipster^accs_diff_001_a_uni.ytd uses 64.0 MiB of physical memory. Oversized assets can and WILL lead to streaming issues (models not loading/rendering, commonly known as 'texture loss', 'city bug' or 'streaming isn't great').
[ citizen-server-impl] Asset eup-stream/mp_f_freemode_01_female_freemode_hipster^accs_diff_001_b_uni.ytd uses 64.0 MiB of physical memory. Oversized assets can and WILL lead to streaming issues (models not loading/rendering, commonly known as 'texture loss', 'city bug' or 'streaming isn't great').
[ citizen-server-impl] Asset eup-stream/mp_f_freemode_01_female_freemode_hipster^accs_diff_001_c_uni.ytd uses 64.0 MiB of physical memory. Oversized assets can and WILL lead to streaming issues (models not loading/rendering, commonly known as 'texture loss', 'city bug' or 'streaming isn't great').
[ citizen-server-impl] Asset eup-stream/mp_f_freemode_01_female_freemode_hipster^accs_diff_001_d_uni.ytd uses 64.0 MiB of physical memory. Oversized assets can and WILL lead to streaming issues (models not loading/rendering, commonly known as 'texture loss', 'city bug' or 'streaming isn't great').
[ citizen-server-impl] Asset eup-stream/mp_f_freemode_01_female_freemode_hipster^accs_diff_003_a_uni.ytd uses 64.0 MiB of physical memory. Oversized assets can and WILL lead to streaming issues (models not loading/rendering, commonly known as 'texture loss', 'city bug' or 'streaming isn't great').
[ citizen-server-impl] Asset eup-stream/mp_f_freemode_01_female_freemode_hipster^accs_diff_003_b_uni.ytd uses 64.0 MiB of physical memory. Oversized assets can and WILL lead to streaming issues (models not loading/rendering, commonly known as 'texture loss', 'city bug' or 'streaming isn't great').
[ citizen-server-impl] Asset eup-stream/mp_f_freemode_01_female_freemode_hipster^accs_diff_003_c_uni.ytd uses 64.0 MiB of physical memory. Oversized assets can and WILL lead to streaming issues (models not loading/rendering, commonly known as 'texture loss', 'city bug' or 'streaming isn't great').
[ citizen-server-impl] Asset eup-stream/mp_f_freemode_01_female_freemode_hipster^accs_diff_003_d_uni.ytd uses 64.0 MiB of physical memory. Oversized assets can and WILL lead to streaming issues (models not loading/rendering, commonly known as 'texture loss', 'city bug' or 'streaming isn't great').
[ citizen-server-impl] Asset eup-stream/mp_f_freemode_01_mp_f_christmas2017^berd_diff_007_a_uni.ytd uses 32.0 MiB of physical memory.
[ citizen-server-impl] Asset eup-stream/mp_f_freemode_01_mp_f_christmas2017^berd_diff_007_b_uni.ytd uses 32.0 MiB of physical memory.
[ citizen-server-impl] Asset eup-stream/mp_f_freemode_01_mp_f_christmas2017^berd_diff_007_c_uni.ytd uses 32.0 MiB of physical memory.
[ citizen-server-impl] Asset eup-stream/mp_f_freemode_01_mp_f_christmas2017^berd_diff_007_d_uni.ytd uses 32.0 MiB of physical memory.
[ citizen-server-impl] Asset eup-stream/mp_f_freemode_01_mp_f_christmas2017^berd_diff_007_e_uni.ytd uses 32.0 MiB of physical memory.
[ citizen-server-impl] Asset eup-stream/mp_f_freemode_01_mp_f_christmas2017^berd_diff_007_f_uni.ytd uses 32.0 MiB of physical memory.
[38;5;73m[ citizen-server-impl] Asset eup-stream/mp_f_freemode_01_mp_f_gunrunning_01^jbib_diff_014_a_uni.ytd uses 64.0 MiB of physical memory. Oversized assets can and WILL lead to streaming issues (models not loading/rendering, commonly known as 'texture loss', 'city bug' or 'streaming isn't great').
[ citizen-server-impl] Asset eup-stream/mp_f_freemode_01_mp_f_gunrunning_01^jbib_diff_014_b_uni.ytd uses 64.0 MiB of physical memory. Oversized assets can and WILL lead to streaming issues (models not loading/rendering, commonly known as 'texture loss', 'city bug' or 'streaming isn't great').
[ citizen-server-impl] Asset eup-stream/mp_f_freemode_01_mp_f_gunrunning_01^jbib_diff_014_c_uni.ytd uses 64.0 MiB of physical memory. Oversized assets can and WILL lead to streaming issues (models not loading/rendering, commonly known as 'texture loss', 'city bug' or 'streaming isn't great').
[ citizen-server-impl] Asset eup-stream/mp_f_freemode_01_p_female_xmas2^p_head_diff_005_a.ytd uses 32.0 MiB of physical memory.
[ citizen-server-impl] [0mAsset eup-stream/mp_f_freemode_01_p_female_xmas2^p_head_diff_005_b.ytd uses 32.0 MiB of physical memory.
[ citizen-server-impl] [0mAsset eup-stream/mp_f_freemode_01_p_female_xmas2^p_head_diff_005_c.ytd uses 32.0 MiB of physical memory.
[ citizen-server-impl] [0mAsset eup-stream/mp_f_freemode_01_p_female_xmas2^p_head_diff_005_d.ytd uses 32.0 MiB of physical memory.
[ citizen-server-impl] [0mAsset eup-stream/mp_f_freemode_01_p_female_xmas2^p_head_diff_005_e.ytd uses 32.0 MiB of physical memory.
[ citizen-server-impl] [0mAsset eup-stream/mp_f_freemode_01_p_female_xmas2^p_head_diff_005_f.ytd uses 32.0 MiB of physical memory.
[ citizen-server-impl] Asset eup-stream/mp_f_freemode_01_p_female_xmas2^p_head_diff_005_g.ytd uses 32.0 MiB of physical memory.
[ citizen-server-impl] Asset eup-stream/mp_f_freemode_01_p_female_xmas2^p_head_diff_005_h.ytd uses 32.0 MiB of physical memory.
[ citizen-server-impl] Asset eup-stream/mp_m_freemode_01^task_diff_005_a_uni.ytd uses 64.0 MiB of physical memory. Oversized assets can and WILL lead to streaming issues (models not loading/rendering, commonly known as 'texture loss', 'city bug' or 'streaming isn't great').
[ citizen-server-impl] [0mAsset eup-stream/mp_m_freemode_01^task_diff_005_b_uni.ytd uses 64.0 MiB of physical memory. Oversized assets can and WILL lead to streaming issues (models not loading/rendering, commonly known as 'texture loss', 'city bug' or 'streaming isn't great').
[ citizen-server-impl] Asset eup-stream/mp_m_freemode_01^teef_005_u.ydd uses 64.0 MiB of physical memory. Oversized assets can and WILL lead to streaming issues (models not loading/rendering, commonly known as 'texture loss', 'city bug' or 'streaming isn't great').
[ citizen-server-impl] Asset eup-stream/mp_m_freemode_01^teef_006_u.ydd uses 64.0 MiB of physical memory. Oversized assets can and WILL lead to streaming issues (models not loading/rendering, commonly known as 'texture loss', 'city bug' or 'streaming isn't great').
[ citizen-server-impl] Asset eup-stream/mp_m_freemode_01^teef_diff_002_a_uni.ytd uses 64.0 MiB of physical memory. Oversized assets can and WILL lead to streaming issues (models not loading/rendering, commonly known as 'texture loss', 'city bug' or 'streaming isn't great').
[ citizen-server-impl] [0mAsset eup-stream/mp_m_freemode_01^teef_diff_005_a_uni.ytd uses 64.0 MiB of physical memory. Oversized assets can and WILL lead to streaming issues (models not loading/rendering, commonly known as 'texture loss', 'city bug' or 'streaming isn't great').
[ citizen-server-impl] [0mAsset eup-stream/mp_m_freemode_01^teef_diff_006_a_uni.ytd uses 64.0 MiB of physical memory. Oversized assets can and WILL lead to streaming issues (models not loading/rendering, commonly known as 'texture loss', 'city bug' or 'streaming isn't great').
[ citizen-server-impl] Asset eup-stream/mp_m_freemode_01^teef_diff_008_a_uni.ytd uses 64.0 MiB of physical memory. Oversized assets can and WILL lead to streaming issues (models not loading/rendering, commonly known as 'texture loss', 'city bug' or 'streaming isn't great').
[ citizen-server-impl] Asset eup-stream/mp_m_freemode_01_male_apt01^jbib_diff_003_a_uni.ytd uses 32.0 MiB of physical memory.
[ citizen-server-impl] Asset eup-stream/mp_m_freemode_01_male_apt01^jbib_diff_003_b_uni.ytd uses 32.0 MiB of physical memory.
[ citizen-server-impl] Asset eup-stream/mp_m_freemode_01_male_apt01^jbib_diff_003_c_uni.ytd uses 32.0 MiB of physical memory.
[ citizen-server-impl] Asset eup-stream/mp_m_freemode_01_male_freemode_hipster^accs_diff_003_a_uni.ytd uses 64.0 MiB of physical memory. Oversized assets can and WILL lead to streaming issues (models not loading/rendering, commonly known as 'texture loss', 'city bug' or 'streaming isn't great').
[38;5;73m[ citizen-server-impl] Asset eup-stream/mp_m_freemode_01_male_freemode_hipster^accs_diff_003_b_uni.ytd uses 64.0 MiB of physical memory. Oversized assets can and WILL lead to streaming issues (models not loading/rendering, commonly known as 'texture loss', 'city bug' or 'streaming isn't great').
[ citizen-server-impl] Asset eup-stream/mp_m_freemode_01_male_freemode_hipster^accs_diff_003_c_uni.ytd uses 64.0 MiB of physical memory. Oversized assets can and WILL lead to streaming issues (models not loading/rendering, commonly known as 'texture loss', 'city bug' or 'streaming isn't great').
[ citizen-server-impl] [0mAsset eup-stream/mp_m_freemode_01_male_freemode_hipster^accs_diff_003_d_uni.ytd uses 64.0 MiB of physical memory. Oversized assets can and WILL lead to streaming issues (models not loading/rendering, commonly known as 'texture loss', 'city bug' or 'streaming isn't great').
[ citizen-server-impl] Asset eup-stream/mp_m_freemode_01_male_freemode_hipster^accs_diff_004_a_uni.ytd uses 64.0 MiB of physical memory. Oversized assets can and WILL lead to streaming issues (models not loading/rendering, commonly known as 'texture loss', 'city bug' or 'streaming isn't great').
[ citizen-server-impl] [0mAsset eup-stream/mp_m_freemode_01_male_freemode_hipster^accs_diff_006_a_uni.ytd uses 32.0 MiB of physical memory.
[38;5;73m[ citizen-server-impl] Asset eup-stream/mp_m_freemode_01_male_freemode_hipster^accs_diff_006_b_uni.ytd uses 64.0 MiB of physical memory. Oversized assets can and WILL lead to streaming issues (models not loading/rendering, commonly known as 'texture loss', 'city bug' or 'streaming isn't great').
[ citizen-server-impl] Asset eup-stream/mp_m_freemode_01_male_freemode_hipster^accs_diff_006_c_uni.ytd uses 64.0 MiB of physical memory. Oversized assets can and WILL lead to streaming issues (models not loading/rendering, commonly known as 'texture loss', 'city bug' or 'streaming isn't great').
[ citizen-server-impl] Asset eup-stream/mp_m_freemode_01_male_freemode_hipster^accs_diff_006_d_uni.ytd uses 64.0 MiB of physical memory. Oversized assets can and WILL lead to streaming issues (models not loading/rendering, commonly known as 'texture loss', 'city bug' or 'streaming isn't great').
[ citizen-server-impl] [0mAsset eup-stream/mp_m_freemode_01_male_freemode_hipster^accs_diff_007_a_uni.ytd uses 64.0 MiB of physical memory. Oversized assets can and WILL lead to streaming issues (models not loading/rendering, commonly known as 'texture loss', 'city bug' or 'streaming isn't great').
[ citizen-server-impl] Asset eup-stream/mp_m_freemode_01_male_freemode_mplts^lowr_diff_000_a_whi.ytd uses 32.0 MiB of physical memory.
[ citizen-server-impl] [94mAsset eup-stream/mp_m_freemode_01_male_xmas^accs_diff_000_a_uni.ytd uses 32.0 MiB of physical memory.
[38;5;73m[ citizen-server-impl] Asset eup-stream/mp_m_freemode_01_male_xmas^accs_diff_000_b_uni.ytd uses 32.0 MiB of physical memory.
[ citizen-server-impl] Asset eup-stream/mp_m_freemode_01_male_xmas^accs_diff_001_a_uni.ytd uses 32.0 MiB of physical memory.
[ citizen-server-impl] [0mAsset eup-stream/mp_m_freemode_01_male_xmas^accs_diff_001_b_uni.ytd uses 32.0 MiB of physical memory.
[ citizen-server-impl] Asset eup-stream/mp_m_freemode_01_mp_m_bikerdlc_01^accs_diff_006_a_uni.ytd uses 32.0 MiB of physical memory.
[ citizen-server-impl] Asset eup-stream/mp_m_freemode_01_mp_m_bikerdlc_01^accs_diff_006_b_uni.ytd uses 32.0 MiB of physical memory.
[ citizen-server-impl] Asset eup-stream/mp_m_freemode_01_mp_m_bikerdlc_01^accs_diff_007_a_uni.ytd uses 32.0 MiB of physical memory.
[ citizen-server-impl] Asset eup-stream/mp_m_freemode_01_mp_m_bikerdlc_01^accs_diff_007_b_uni.ytd uses 32.0 MiB of physical memory.
[ citizen-server-impl] [0mAsset eup-stream/mp_m_freemode_01_mp_m_bikerdlc_01^berd_diff_000_a_uni.ytd uses 32.0 MiB of physical memory.
[ citizen-server-impl] Asset eup-stream/mp_m_freemode_01_mp_m_christmas2017^berd_diff_007_a_uni.ytd uses 32.0 MiB of physical memory.
[ citizen-server-impl] Asset eup-stream/mp_m_freemode_01_mp_m_christmas2017^berd_diff_007_b_uni.ytd uses 32.0 MiB of physical memory.
[ citizen-server-impl] [0mAsset eup-stream/mp_m_freemode_01_mp_m_christmas2017^berd_diff_007_c_uni.ytd uses 32.0 MiB of physical memory.
[ citizen-server-impl] [0mAsset eup-stream/mp_m_freemode_01_mp_m_christmas2017^berd_diff_007_d_uni.ytd uses 32.0 MiB of physical memory.
[ citizen-server-impl] [0mAsset eup-stream/mp_m_freemode_01_mp_m_christmas2017^berd_diff_007_e_uni.ytd uses 32.0 MiB of physical memory.
[ citizen-server-impl] [0mAsset eup-stream/mp_m_freemode_01_mp_m_christmas2017^berd_diff_007_f_uni.ytd uses 32.0 MiB of physical memory.
[ citizen-server-impl] Asset eup-stream/mp_m_freemode_01_mp_m_christmas2018^jbib_diff_010_a_uni.ytd uses 32.0 MiB of physical memory.
[ citizen-server-impl] Asset eup-stream/mp_m_freemode_01_mp_m_christmas2018^jbib_diff_010_b_uni.ytd uses 32.0 MiB of physical memory.
[ citizen-server-impl] [0mAsset eup-stream/mp_m_freemode_01_mp_m_christmas2018^jbib_diff_010_c_uni.ytd uses 32.0 MiB of physical memory.
[ citizen-server-impl] [0mAsset eup-stream/mp_m_freemode_01_mp_m_christmas2018^jbib_diff_017_a_uni.ytd uses 64.0 MiB of physical memory. Oversized assets can and WILL lead to streaming issues (models not loading/rendering, commonly known as 'texture loss', 'city bug' or 'streaming isn't great').
[ citizen-server-impl] Asset eup-stream/mp_m_freemode_01_mp_m_christmas2018^jbib_diff_017_b_uni.ytd uses 64.0 MiB of physical memory. Oversized assets can and WILL lead to streaming issues (models not loading/rendering, commonly known as 'texture loss', 'city bug' or 'streaming isn't great').
[ citizen-server-impl] [0mAsset eup-stream/mp_m_freemode_01_mp_m_christmas2018^jbib_diff_017_c_uni.ytd uses 64.0 MiB of physical memory. Oversized assets can and WILL lead to streaming issues (models not loading/rendering, commonly known as 'texture loss', 'city bug' or 'streaming isn't great').
[ citizen-server-impl] Asset eup-stream/mp_m_freemode_01_mp_m_christmas2018^jbib_diff_017_d_uni.ytd uses 64.0 MiB of physical memory. Oversized assets can and WILL lead to streaming issues (models not loading/rendering, commonly known as 'texture loss', 'city bug' or 'streaming isn't great').
[ citizen-server-impl] Asset eup-stream/mp_m_freemode_01_mp_m_gunrunning_01^jbib_diff_019_b_uni.ytd uses 32.0 MiB of physical memory.
[ citizen-server-impl] Asset eup-stream/mp_m_freemode_01_mp_m_gunrunning_01^jbib_diff_019_c_uni.ytd uses 32.0 MiB of physical memory.
[ citizen-server-impl] [0mAsset eup-stream/mp_m_freemode_01_mp_m_gunrunning_01^jbib_diff_019_d_uni.ytd uses 32.0 MiB of physical memory.
[ citizen-server-impl] Asset eup-stream/mp_m_freemode_01_mp_m_gunrunning_01^jbib_diff_019_e_uni.ytd uses 32.0 MiB of physical memory.
[ citizen-server-impl] Asset eup-stream/mp_m_freemode_01_mp_m_gunrunning_01^jbib_diff_019_f_uni.ytd uses 32.0 MiB of physical memory.
[ citizen-server-impl] Asset eup-stream/mp_m_freemode_01_mp_m_importexport_01^berd_diff_010_a_uni.ytd uses 32.0 MiB of physical memory.
[ citizen-server-impl] [0mAsset eup-stream/mp_m_freemode_01_mp_m_importexport_01^berd_diff_010_b_uni.ytd uses 32.0 MiB of physical memory.
[ citizen-server-impl] Asset eup-stream/mp_m_freemode_01_mp_m_january2016^hand_diff_003_a_uni.ytd uses 32.0 MiB of physical memory.
[ citizen-server-impl] Asset eup-stream/mp_m_freemode_01_mp_m_january2016^hand_diff_003_c_uni.ytd uses 32.0 MiB of physical memory.
[ citizen-server-impl] Asset eup-stream/mp_m_freemode_01_mp_m_january2016^task_diff_002_a_uni.ytd uses 32.0 MiB of physical memory.
[ citizen-server-impl] [0mAsset eup-stream/mp_m_freemode_01_mp_m_january2016^task_diff_002_b_uni.ytd uses 32.0 MiB of physical memory.
[ citizen-server-impl] Asset eup-stream/mp_m_freemode_01_mp_m_luxe_01^jbib_diff_003_o_uni.ytd uses 64.0 MiB of physical memory. Oversized assets can and WILL lead to streaming issues (models not loading/rendering, commonly known as 'texture loss', 'city bug' or 'streaming isn't great').
[ citizen-server-impl] [93mAsset eup-stream/mp_m_freemode_01_mp_m_luxe_01^jbib_diff_003_p_uni.ytd uses 64.0 MiB of physical memory. Oversized assets can and WILL lead to streaming issues (models not loading/rendering, commonly known as 'texture loss', 'city bug' or 'streaming isn't great').
[ citizen-server-impl] [0mAsset eup-stream/mp_m_freemode_01_mp_m_luxe_01^jbib_diff_003_q_uni.ytd uses 64.0 MiB of physical memory. Oversized assets can and WILL lead to streaming issues (models not loading/rendering, commonly known as 'texture loss', 'city bug' or 'streaming isn't great').
[ citizen-server-impl] Asset eup-stream/mp_m_freemode_01_mp_m_luxe_01^jbib_diff_003_r_uni.ytd uses 64.0 MiB of physical memory. Oversized assets can and WILL lead to streaming issues (models not loading/rendering, commonly known as 'texture loss', 'city bug' or 'streaming isn't great').
[ citizen-server-impl] [0mAsset eup-stream/mp_m_freemode_01_mp_m_luxe_01^jbib_diff_003_s_uni.ytd uses 64.0 MiB of physical memory. Oversized assets can and WILL lead to streaming issues (models not loading/rendering, commonly known as 'texture loss', 'city bug' or 'streaming isn't great').
[ citizen-server-impl] Asset eup-stream/mp_m_freemode_01_p_male_xmas2^p_head_diff_005_a.ytd uses 32.0 MiB of physical memory.
[ citizen-server-impl] [0mAsset eup-stream/mp_m_freemode_01_p_male_xmas2^p_head_diff_005_b.ytd uses 32.0 MiB of physical memory.
[ citizen-server-impl] Asset eup-stream/mp_m_freemode_01_p_male_xmas2^p_head_diff_005_c.ytd uses 32.0 MiB of physical memory.
[ citizen-server-impl] [0mAsset eup-stream/mp_m_freemode_01_p_male_xmas2^p_head_diff_005_d.ytd uses 32.0 MiB of physical memory.
[ citizen-server-impl] Asset eup-stream/mp_m_freemode_01_p_male_xmas2^p_head_diff_005_e.ytd uses 32.0 MiB of physical memory.
[ citizen-server-impl] [0mAsset eup-stream/mp_m_freemode_01_p_male_xmas2^p_head_diff_005_f.ytd uses 32.0 MiB of physical memory.
[ citizen-server-impl] [0mAsset eup-stream/mp_m_freemode_01_p_male_xmas2^p_head_diff_005_g.ytd uses 32.0 MiB of physical memory.
[ citizen-server-impl] [0mAsset eup-stream/mp_m_freemode_01_p_male_xmas2^p_head_diff_005_h.ytd uses 32.0 MiB of physical memory.
[ citizen-server-impl] Started resource eup-stream
[38;5;73m[ citizen-server-impl] Started resource eup-ui
[38;5;161m[    c-scripting-core] Creating script environments for fivepd
[       script:fivepd] Instantiated instance of script HjGl21xmnGv62Xl120Qträ¤¥î€©î¥ƒã±¦ã˜¢ã–ï¿½î³³î¸Œî¾²ï—•ï„¦ãŒ›ãŒ©î–ã¿’ä˜žã‚¨ä™§ï¡¢ä¬§îƒ‡î½‚ã»Ÿä¨ºä•»ä§¬ã•¤ï”žï¥µã«Ÿï¿½ä®˜îî¸›ï¿½î°½â¤Œä°‹âŽ…ï”½ãª›ã¸Ÿã½ˆä˜î¼¬ã²ˆä±œã—ä‘š.
[       script:fivepd] Instantiated instance of script HjGl21xmnGv62Xl120Qträ¤¥î€©î¥ƒã±¦ã˜¢ã–ï¿½î³³î¸Œî¾²ï—•ï„¦ãŒ›ãŒ©î–ã¿’ä˜žã‚¨ä™§ï¡¢ä¬§îƒ‡î½‚ã»Ÿä¨ºä•»ä§¬ã•¤ï”žï¥µã«Ÿï¿½ä®˜îî¸›ï¿½î°½â¤Œä°‹âŽ…ï”½ãª›ã¸Ÿã½ˆä˜î¼¬ã²ˆä±œã—ä‘¥.
[38;5;83m[       script:fivepd] [ FivePD ] ==== Validating Config Files ====
[       script:fivepd] [ FivePD ] Validated `callouts.json`.
[       script:fivepd] [ FivePD ] Validated `charges.json`.
[       script:fivepd] [ FivePD [97m] Validated `disabled_callouts.json`.
[38;5;83m[       script:fivepd] [ FivePD ] Validated `items.json`.
[38;5;83m[       script:fivepd] [ FivePD ] Validated `vehicles.json`.
[       script:fivepd] [ FivePD ] Validated `loadouts.json`.
[       script:fivepd] [ FivePD ] Validated `coordinates.json`.
[       script:fivepd] [ FivePD ][32m Validated `menu.json`.
[38;5;83m[       script:fivepd] [ FivePD ] Validated `questions.json`.
[       script:fivepd] [ FivePD [97m] Validated `scene_management.json`.
[38;5;83m[       script:fivepd] [ FivePD ] Validated `garage.json`.
[       script:fivepd] [ FivePD ] Validated `config.json`.
[       script:fivepd] [ FivePD ] Selected database type: SQLite
[38;5;83m[       script:fivepd] [ FivePD ] Loaded charges.json
[38;5;83m[       script:fivepd] Instantiated instance of script HjGl21xmnGv62Xl120Qträ¤¥î€©î¥ƒã±¦ã˜¢ã–ï¿½î³³î¸Œî¾²ï—•ï„¦ãŒ›ãŒ©î–ã¿’ä˜žã‚¨ä™§ï¡¢ä¬§îƒ‡î½‚ã»Ÿä¨ºä•»ä§¬ã•¤ï”žï¥µã«Ÿï¿½ä®˜îî¸›ï¿½î°½â¤Œä°‹âŽ…ï”½ãª›ã¸Ÿã½ˆä˜î¼¬ã²ˆä±œã—ä‘§.
[       script:fivepd] Instantiated instance of script HjGl21xmnGv62Xl120Qträ¤¥î€©î¥ƒã±¦ã˜¢ã–ï¿½î³³î¸Œî¾²ï—•ï„¦ãŒ›ãŒ©î–ã¿’ä˜žã‚¨ä™§ï¡¢ä¬§îƒ‡î½‚ã»Ÿä¨ºä•»ä§¬ã•¤ï”žï¥µã«Ÿï¿½ä®˜îî¸›ï¿½î°½â¤Œä°‹âŽ…ï”½ãª›ã¸Ÿã½ˆä˜î¼¬ã²ˆä±œã—ä‘¸.
[       script:fivepd] Instantiated instance of script HjGl21xmnGv62Xl120Qträ¤¥î€©î¥ƒã±¦ã˜¢ã–ï¿½î³³î¸Œî¾²ï—•ï„¦ãŒ›ãŒ©î–ã¿’ä˜žã‚¨ä™§ï¡¢ä¬§îƒ‡î½‚ã»Ÿä¨ºä•»ä§¬ã•¤ï”žï¥µã«Ÿï¿½ä®˜îî¸›ï¿½î°½â¤Œä°‹âŽ…ï”½ãª›ã¸Ÿã½ˆä˜î¼¬ã²ˆä±œã—ä‘»+HjGl21xmnGv62Xl120Qtrã©¥îˆ›î„ãº´î¼îš¹ä®ä†Šî½ä”ã¸ƒî°‘ã‹ã¨î¹·ä‚ ä²ã¯ä¤–îµ„ï¿½ä™¼ï™ºï¿½ã§µî¦¤î‰•ã¥±ï‡›ãˆ½ä‰šï‰£ï¿½ïª¼ä†ä“œãº«ï˜î´§ã¬ˆï‹·ä°†ä…³ã°½îŠ½î¨±ï™Žä‹î†£ïŠ¯.
[       script:fivepd] Instantiated instance of script HjGl21xmnGv62Xl120Qträ¤¥î€©î¥ƒã±¦ã˜¢ã–ï¿½î³³î¸Œî¾²ï—•ï„¦ãŒ›ãŒ©î–ã¿’ä˜žã‚¨ä™§ï¡¢ä¬§îƒ‡î½‚ã»Ÿä¨ºä•»ä§¬ã•¤ï”žï¥µã«Ÿï¿½ä®˜îî¸›ï¿½î°½â¤Œä°‹âŽ…ï”½ãª›ã¸Ÿã½ˆä˜î¼¬ã²ˆä±œã—ä’€.
[       script:fivepd] [ FivePD ] ==== Loading Departments ====
[       script:fivepd] [ FivePD ] Department: Alaska State Troopers has been loaded
[ citizen-server-impl] Started resource fivepd
[38;5;161m[    c-scripting-core] Creating script environments for vMenu
[        script:vMenu] Instantiated instance of script vMenuServer.BanManager.
[        script:vMenu] Instantiated instance of script vMenuServer.MainServer.
[38;5;73m[ citizen-server-impl] Started resource vMenu
[    c-scripting-core] [97mCreating script environments for k9
[ citizen-server-impl] Started resource k9
[38;5;161m[    c-scripting-core] Creating script environments for interact-sound
[38;5;73m[ citizen-server-impl] Started resource interact-sound
[ citizen-server-impl] Started resource pcards
[38;5;73m[ citizen-server-impl] Started resource savewheelpos
[ citizen-server-impl] Couldn't find resource BetterTorch.
[ citizen-server-impl] Started resource cinematiccam
[ citizen-server-impl] Started resource ast_postalmap
[ citizen-server-impl] Couldn't find resource ast_delperoopd.
[ citizen-server-impl] Couldn't find resource ast_grapeseedsheriff.
[ citizen-server-impl] Asset ast_mrpd/gabz_mrpd_txd.ytd uses 38.5 MiB of physical memory.
[ citizen-server-impl] Started resource ast_mrpd
[ citizen-server-impl] Started resource ast_palmer247
[ citizen-server-impl] Started resource ast_palmerpd
[38;5;73m[ citizen-server-impl] Started resource ast_wasillapd
[38;5;73m[ citizen-server-impl] Started resource ast_nopalms
[ citizen-server-impl] Asset macklemoreFamily/i8.ytd uses 128.0 MiB of physical memory. Oversized assets can and WILL lead to streaming issues (models not loading/rendering, commonly known as 'texture loss', 'city bug' or 'streaming isn't great').
[ citizen-server-impl] [94mAsset macklemoreFamily/i8_hi.yft uses 20.2 MiB of virtual memory.
[ citizen-server-impl] Started resource macklemoreFamily
[ citizen-server-impl] Asset c7/c7.ytd uses 22.0 MiB of physical memory.
[38;5;73m[ citizen-server-impl] Started resource c7
[ citizen-server-impl] Asset teslax/teslax.yft uses 19.5 MiB of virtual memory.
[38;5;73m[ citizen-server-impl] Asset teslax/teslax.ytd uses 115.0 MiB of physical memory. Oversized assets can and WILL lead to streaming issues (models not loading/rendering, commonly known as 'texture loss', 'city bug' or 'streaming isn't great').
[38;5;73m[ citizen-server-impl] Asset teslax/teslax_hi.yft uses 19.5 MiB of virtual memory.
[38;5;73m[ citizen-server-impl] Started resource teslax
[ citizen-server-impl] Asset jeep/jeep2012.ytd uses 16.5 MiB of physical memory.
[38;5;73m[ citizen-server-impl] Started resource jeep
[38;5;176m[      script:ast_aop] 
[      script:ast_aop] [Fax-AOP - Notice] Fax-AOP has a new version! Your version: 3.1. New version: 3.4
[      script:ast_aop] Changelog: Updated Discord permissions. It's vital to view the changelog!
[      script:ast_aop] 
[           script:k9]  
[           script:k9] ---------- K9 VERSION ----------
[           script:k9] K9 Script is outdated. Maybe look into updating?
[           script:k9] --------------------------------
[      script:monitor] [txAdminClient][97m Threads and commands set up. All Ready.
[   script:mapmanager] Started map fivem-map-hipster
[ citizen-server-impl] Started resource fivem-map-hipster
[38;5;171m[                 cmd] Access denied for command stop.
[38;5;171m[                 cmd] Access denied for command stop.
[script:smartsigns_so] wait...
[38;5;230m[script:sonoran_updat] sonoran_updatehelper is for internal use and should not be started as a resource.
[ citizen-server-impl] server thread hitch warning: timer interval of 237 milliseconds
[   script:ast_emotes] 
[   script:ast_emotes] dp Emotes (ast_emotes) is up to date. (173)
[script:discord_perms] An error occured, please check your config and ensure everything is correct. Error: 401
[38;5;151m[   script:sonorancad] [15:05:38][SonoranCAD:ERROR] API_PAID_ONLY
[   script:sonorancad] [15:05:38][SonoranCAD:INFO] Loaded community ID ASTClanReborn with API URL: https://api.sonorancad.com/
[38;5;151m[   script:sonorancad] [15:05:38][SonoranCAD:ERROR] ERR ERROR_ABORT: Aborted startup due to critical errors reported. Review logs for troubleshooting. - See https://sonoran.software/errorcodes for more information.
[   script:sonorancad] [15:05:38][SonoranCAD:INFO] Available Plugins: trafficstop, postals, dispatchnotify, locations, wraithv2, callcommands, apicheck, unitstatus, civintegration, lookups
[   script:sonorancad] [15:05:38][SonoranCAD:INFO] Loaded Plugins: 
[   script:sonorancad] [15:05:38][SonoranCAD:WARNING] Disabled Plugins: trafficstop (Startup aborted), wraithv2 (Startup aborted), dispatchnotify (Startup aborted), locations (Startup aborted), lookups (Startup aborted), callcommands (Startup aborted), apicheck (Startup aborted), civintegration (Startup aborted), postals (Startup aborted), unitstatus (Startup aborted)
[   script:sonorancad] [15:05:38][SonoranCAD:ERROR] CAD API ERROR (from https://api.sonorancad.com/general/auth_streetsigns): 401 API ENDPOINT AUTH_STREETSIGNS LIMIT. VERSION PRO REQUIRED -> YOUR VERSION: FREE
[38;5;73m[ citizen-server-impl]         fff                          
[ citizen-server-impl]   cccc ff   xx  xx     rr rr    eee  
[ citizen-server-impl] cc     ffff   xx       rrr  r ee   e 
[ citizen-server-impl] cc     ff     xx   ... rr     eeeee  
[ citizen-server-impl]  ccccc ff   xx  xx ... rr      eeeee 
[ citizen-server-impl]                                      
[ citizen-server-impl] Authenticated with cfx.re Nucleus: https://astclanreborn-q3qy34.users.cfx.re/
[    script:wk_wars2x]  
[    script:wk_wars2x]   //
[    script:wk_wars2x]   ||       __      __        _ _   _        _   ___  ___   _____  __
[    script:wk_wars2x]   ||       \ \    / / _ __ _(_) |_| |_     /_\ | _ \/ __| |_  ) \/ /
[    script:wk_wars2x]   ||        \ \/\/ / '_/ _` | |  _| ' \   / _ \|   /\__ \  / / >  < 
[    script:wk_wars2x]   ||         \_/\_/|_| \__,_|_|\__|_||_| /_/ \_\_|_\|___/ /___/_/\_\
[    script:wk_wars2x]   || 
[    script:wk_wars2x]   ||                        Created by WolfKnight
[    script:wk_wars2x]   ||
[    script:wk_wars2x]   ||    Current version: 1.3.1
[    script:wk_wars2x]   ||    Latest recommended version: 1.3.1
[    script:wk_wars2x]   ||
[    script:wk_wars2x]   ||    Wraith ARS 2X is up to date!
[    script:wk_wars2x]   ||
[    script:wk_wars2x]   \\
[    script:wk_wars2x] 
[    script:pma-voice] [WARNING] It's recommended to have 'voice_useSendingRangeOnly' set to true you can do that with 'setr voice_useSendingRangeOnly true', this prevents players who directly join the mumble server from broadcasting to players.
[ citizen-server-impl] server thread hitch warning: timer interval of 179 milliseconds
[ citizen-server-impl] sync thread hitch warning: timer interval of 128 milliseconds
[38;5;73m[ citizen-server-impl] sync thread hitch warning: timer interval of 136 milliseconds
[ citizen-server-impl] server thread hitch warning: timer interval of 175 milliseconds
[ citizen-server-main] [0m-> Quitting: SIGHUP received
