
================================================================
======== Log Rotated - 7/27/2022, 4:11:45 PM                    
================================================================

================================================================
======== FXServer Starting - 7/27/2022, 4:11:45 PM              
================================================================
[    c-scripting-core] Creating script environments for _cfx_internal
[ citizen-server-impl] Scanning resources.
[    c-resources-core] Resource loading for ast_weaponsAndCars failed:
[    c-resources-core] Could not parse resource metadata file C:/Users/Administrator/Desktop/FiveM/FIVEPD/server-data/resources//[assets]/ast_weaponsAndCars/fxmanifest.lua: ...ta/resources//[assets]/ast_weaponsAndCars/fxmanifest.lua:21: '}' expected (to close '{' at line 17) near ''data/weapon_combatshotgun.meta''
[    c-resources-core] Resource loading for ast_holsterAnim failed:
[    c-resources-core] Could not open resource metadata file - no such file.
[    c-resources-core] Resource loading for OLD%20SHIT failed:
[    c-resources-core] Could not open resource metadata file - no such file.
[    c-resources-core] Resource loading for devaddons failed:
[    c-resources-core] Could not open resource metadata file - no such file.
[    c-resources-core] Resource loading for props3 failed:
[    c-resources-core] Could not open resource metadata file - no such file.
[    c-resources-core] Resource loading for v3dev failed:
[    c-resources-core] Could not open resource metadata file - no such file.
[    c-resources-core] Resource loading for ymap3 failed:
[    c-resources-core] Could not open resource metadata file - no such file.
[ citizen-server-impl] Found 197 resources.
[ citizen-server-impl] Some resources have an outdated resource manifest:
[ citizen-server-impl]     - ast_carHud
[ citizen-server-impl]     - ast_chatInteraction
[ citizen-server-impl]     - ast_crouchStance
[ citizen-server-impl]     - ast_deleteVeh
[ citizen-server-impl]     - ast_dragPlayer
[ citizen-server-impl]     - ast_dropGun
[ citizen-server-impl]     - ast_idTags
[ citizen-server-impl]     - ast_infiniteStamina
[ citizen-server-impl]     - ast_legShot
[ citizen-server-impl]     - ast_limitedTaser
[ citizen-server-impl]     - ast_point
[ citizen-server-impl]     - ast_postalmap
[ citizen-server-impl]     - ast_realControl
[ citizen-server-impl]     - ast_seatShuffle
[ citizen-server-impl]     - ast_streetLabel
[ citizen-server-impl]     - ast_vehCommands
[ citizen-server-impl]     - ast_watermark
[ citizen-server-impl]     - ast_weaSwitch
[ citizen-server-impl]     - chat
[ citizen-server-impl]     - eup-stream
[ citizen-server-impl]     - interact-sound
[ citizen-server-impl]     - pNotify
[ citizen-server-impl]     - pcards
[ citizen-server-impl]     - platescript
[ citizen-server-impl] 
[ citizen-server-impl] Please update these resources.
[          svadhesive] Authenticating server license key...
[          svadhesive] Server license key authentication succeeded. Welcome!
[    c-scripting-core] Creating script environments for sessionmanager
[ citizen-server-impl] Started resource sessionmanager
[    c-scripting-core] Creating script environments for monitor
[      script:monitor] [txAdminClient] Version 4.14.0 starting...
[ citizen-server-impl] Started resource monitor
[    c-scripting-core] Creating script environments for mapmanager
[ citizen-server-impl] Started resource mapmanager
[    c-scripting-core] Creating script environments for chat
[ citizen-server-impl] Started resource chat
[ citizen-server-impl] Started resource spawnmanager
[    c-scripting-core] Creating script environments for hardcap
[ citizen-server-impl] Started resource hardcap
[   script:mapmanager] Started gametype Freeroam
[ citizen-server-impl] Started resource basic-gamemode
[    c-scripting-core] Creating script environments for baseevents
[ citizen-server-impl] Started resource baseevents
[    c-scripting-core] Creating script environments for yarn
[ citizen-server-impl] Started resource yarn
[    c-scripting-core] Creating script environments for webpack
[ citizen-server-impl] Started resource webpack
[    c-scripting-core] Creating script environments for ast_discordPerms
[ citizen-server-impl] Started resource ast_discordPerms
[    c-scripting-core] Creating script environments for ast_chatRoles
[ citizen-server-impl] Started resource ast_chatRoles
[    c-scripting-core] Creating script environments for discord_perms
[ citizen-server-impl] Started resource discord_perms
[ citizen-server-impl] Started resource ast_CivilianVehicles
[ citizen-server-impl] Asset ast_VehicleRims/wheel_musc_09.ydr uses 24.0 MiB of physical memory.
[ citizen-server-impl] Asset ast_VehicleRims/wheel_musc_09w.ydr uses 24.0 MiB of physical memory.
[ citizen-server-impl] Asset ast_VehicleRims/wheel_musc_11.ydr uses 32.0 MiB of physical memory.
[ citizen-server-impl] [0mAsset ast_VehicleRims/wheel_musc_11w.ydr uses 32.0 MiB of physical memory.
[ citizen-server-impl] Asset ast_VehicleRims/wheel_musc_13.ydr uses 32.0 MiB of physical memory.
[ citizen-server-impl] Asset ast_VehicleRims/wheel_musc_13w.ydr uses 32.0 MiB of physical memory.
[ citizen-server-impl] Started resource ast_VehicleRims
[ citizen-server-impl] Asset ast_WeaponMods/w_ar_advancedrifle.ytd uses 17.0 MiB of physical memory.
[ citizen-server-impl] Asset ast_WeaponMods/w_ar_carbinerifle.ytd uses 54.0 MiB of physical memory. Oversized assets can and WILL lead to streaming issues (models not loading/rendering, commonly known as 'texture loss', 'city bug' or 'streaming isn't great').
[ citizen-server-impl] Asset ast_WeaponMods/w_pi_pistol.ytd uses 28.0 MiB of physical memory.
[ citizen-server-impl] Asset ast_WeaponMods/w_pi_pistolmk2.ytd uses 28.0 MiB of physical memory.
[ citizen-server-impl] Asset ast_WeaponMods/w_pi_stungun+hi.ytd uses 48.0 MiB of physical memory.
[ citizen-server-impl] [0mAsset ast_WeaponMods/w_pi_stungun.ytd uses 32.0 MiB of physical memory.
[ citizen-server-impl] [94mAsset ast_WeaponMods/w_sb_microsmg_luxe.ytd uses 20.0 MiB of physical memory.
[ citizen-server-impl] Asset ast_WeaponMods/w_sg_bullpupshotgun.ytd uses 24.0 MiB of physical memory.
[ citizen-server-impl] Asset ast_WeaponMods/w_sg_pumpshotgun.ytd uses 18.0 MiB of physical memory.
[ citizen-server-impl] Started resource ast_WeaponMods
[ citizen-server-impl] Asset ast_astVehicles/apd20fpiu.yft uses 20.8 MiB of virtual memory.
[ citizen-server-impl] [0mAsset ast_astVehicles/ast09charger+hi.ytd uses 24.0 MiB of physical memory.
[ citizen-server-impl] Asset ast_astVehicles/ast09charger.yft uses 22.2 MiB of virtual memory.
[ citizen-server-impl] Asset ast_astVehicles/ast09charger.ytd uses 134.0 MiB of physical memory. Oversized assets can and WILL lead to streaming issues (models not loading/rendering, commonly known as 'texture loss', 'city bug' or 'streaming isn't great').
[ citizen-server-impl] Asset ast_astVehicles/ast14charger+hi.ytd uses 20.0 MiB of physical memory.
[ citizen-server-impl] Asset ast_astVehicles/ast14charger.yft uses 24.5 MiB of virtual memory.
[ citizen-server-impl] [0mAsset ast_astVehicles/ast14charger.ytd uses 186.0 MiB of physical memory. Oversized assets can and WILL lead to streaming issues (models not loading/rendering, commonly known as 'texture loss', 'city bug' or 'streaming isn't great').
[ citizen-server-impl] Asset ast_astVehicles/ast20charger+hi.ytd uses 24.0 MiB of physical memory.
[ citizen-server-impl] Asset ast_astVehicles/ast20charger.yft uses 20.2 MiB of virtual memory.
[ citizen-server-impl] [0mAsset ast_astVehicles/ast20charger.ytd uses 190.0 MiB of physical memory. Oversized assets can and WILL lead to streaming issues (models not loading/rendering, commonly known as 'texture loss', 'city bug' or 'streaming isn't great').
[ citizen-server-impl] [0mAsset ast_astVehicles/ast20fpiu+hi.ytd uses 32.0 MiB of physical memory.
[ citizen-server-impl] [0mAsset ast_astVehicles/ast20fpiu.yft uses 19.5 MiB of virtual memory.
[ citizen-server-impl] Asset ast_astVehicles/ast20fpiu.ytd uses 254.0 MiB of physical memory. Oversized assets can and WILL lead to streaming issues (models not loading/rendering, commonly known as 'texture loss', 'city bug' or 'streaming isn't great').
[ citizen-server-impl] Asset ast_astVehicles/astcvpi+hi.ytd uses 56.0 MiB of physical memory. Oversized assets can and WILL lead to streaming issues (models not loading/rendering, commonly known as 'texture loss', 'city bug' or 'streaming isn't great').
[ citizen-server-impl] Asset ast_astVehicles/astcvpi.yft uses 18.2 MiB of virtual memory.
[ citizen-server-impl] Asset ast_astVehicles/astcvpi.ytd uses 188.0 MiB of physical memory. Oversized assets can and WILL lead to streaming issues (models not loading/rendering, commonly known as 'texture loss', 'city bug' or 'streaming isn't great').
[ citizen-server-impl] [0mAsset ast_astVehicles/astcvpi_hi.yft uses 18.6 MiB of virtual memory.
[ citizen-server-impl] Asset ast_astVehicles/astf150+hi.ytd uses 40.0 MiB of physical memory.
[ citizen-server-impl] [0mAsset ast_astVehicles/astf150.ytd uses 248.0 MiB of physical memory. Oversized assets can and WILL lead to streaming issues (models not loading/rendering, commonly known as 'texture loss', 'city bug' or 'streaming isn't great').
[ citizen-server-impl] [94mAsset ast_astVehicles/astf150_hi.yft uses 17.0 MiB of virtual memory.
[ citizen-server-impl] [0mAsset ast_astVehicles/astfpis+hi.ytd uses 72.0 MiB of physical memory. Oversized assets can and WILL lead to streaming issues (models not loading/rendering, commonly known as 'texture loss', 'city bug' or 'streaming isn't great').
[ citizen-server-impl] [0mAsset ast_astVehicles/astfpis.yft uses 26.7 MiB of virtual memory.
[ citizen-server-impl] Asset ast_astVehicles/astfpis.ytd uses 115.0 MiB of physical memory. Oversized assets can and WILL lead to streaming issues (models not loading/rendering, commonly known as 'texture loss', 'city bug' or 'streaming isn't great').
[ citizen-server-impl] Asset ast_astVehicles/astfpis_hi.yft uses 21.2 MiB of virtual memory.
[ citizen-server-impl] Started resource ast_astVehicles
[ citizen-server-impl] Asset ast_apdVehicles/05f250civ.yft uses 18.5 MiB of virtual memory.
[ citizen-server-impl] [91mAsset ast_apdVehicles/05f250civ.ytd uses 123.5 MiB of physical memory. Oversized assets can and WILL lead to streaming issues (models not loading/rendering, commonly known as 'texture loss', 'city bug' or 'streaming isn't great').
[ citizen-server-impl] Asset ast_apdVehicles/apd14charger+hi.ytd uses 128.0 MiB of physical memory. Oversized assets can and WILL lead to streaming issues (models not loading/rendering, commonly known as 'texture loss', 'city bug' or 'streaming isn't great').
[ citizen-server-impl] Asset ast_apdVehicles/apd14charger.yft uses 16.2 MiB of virtual memory.
[ citizen-server-impl] [0mAsset ast_apdVehicles/apd14charger.ytd uses 76.0 MiB of physical memory. Oversized assets can and WILL lead to streaming issues (models not loading/rendering, commonly known as 'texture loss', 'city bug' or 'streaming isn't great').
[ citizen-server-impl] Asset ast_apdVehicles/apd20fpiu+hi.ytd uses 32.0 MiB of physical memory.
[ citizen-server-impl] Asset ast_apdVehicles/apd20fpiu.ytd uses 154.0 MiB of physical memory. Oversized assets can and WILL lead to streaming issues (models not loading/rendering, commonly known as 'texture loss', 'city bug' or 'streaming isn't great').
[ citizen-server-impl] Asset ast_apdVehicles/apd20tahoe.yft uses 26.2 MiB of virtual memory.
[38;5;73m[ citizen-server-impl] Asset ast_apdVehicles/apd20tahoe.ytd uses 150.0 MiB of physical memory. Oversized assets can and WILL lead to streaming issues (models not loading/rendering, commonly known as 'texture loss', 'city bug' or 'streaming isn't great').
[ citizen-server-impl] [91mAsset ast_apdVehicles/apd20thaoe.ytd uses 156.0 MiB of physical memory. Oversized assets can and WILL lead to streaming issues (models not loading/rendering, commonly known as 'texture loss', 'city bug' or 'streaming isn't great').
[ citizen-server-impl] [0mStarted resource ast_apdVehicles
[ citizen-server-impl] Asset ast_dpsVehicles/dps17fusion.yft uses 26.4 MiB of virtual memory.
[ citizen-server-impl] Asset ast_dpsVehicles/dps17fusion.ytd uses 57.5 MiB of physical memory. Oversized assets can and WILL lead to streaming issues (models not loading/rendering, commonly known as 'texture loss', 'city bug' or 'streaming isn't great').
[ citizen-server-impl] [0mAsset ast_dpsVehicles/dps17fusion_hi.yft uses 20.0 MiB of virtual memory.
[ citizen-server-impl] Started resource ast_dpsVehicles
[ citizen-server-impl] Couldn't find resource ast_weaponsAndCars.
[ citizen-server-impl] Asset ast_as350/as350.ytd uses 26.0 MiB of physical memory.
[ citizen-server-impl] Started resource ast_as350
[ citizen-server-impl] Started resource platescript
[ citizen-server-impl] Asset ast_nateBMW/bmwm4.yft uses 20.9 MiB of virtual memory.
[ citizen-server-impl] [91mAsset ast_nateBMW/bmwm4.ytd uses 182.0 MiB of physical memory. Oversized assets can and WILL lead to streaming issues (models not loading/rendering, commonly known as 'texture loss', 'city bug' or 'streaming isn't great').[0m
[ citizen-server-impl] Asset ast_nateBMW/bmwm4_hi.yft uses 20.9 MiB of virtual memory.
[ citizen-server-impl] Started resource ast_nateBMW
[ citizen-server-impl] Started resource ast_realBrakes
[ citizen-server-impl] Started resource ast_realControl
[ citizen-server-impl] Started resource ast_realDriving
[ citizen-server-impl] Started resource ast_realTraffic
[    c-scripting-core] [0mCreating script environments for pma-voice
[ citizen-server-impl] Started resource pma-voice
[    c-scripting-core] Creating script environments for scully_radio
[ citizen-server-impl] Started resource scully_radio
[    c-scripting-core] Creating script environments for ast_aop
[ citizen-server-impl] Started resource ast_aop
[    c-scripting-core] Creating script environments for ast_awayGrab
[ citizen-server-impl] Started resource ast_awayGrab
[ citizen-server-impl] Started resource ast_Axon
[ citizen-server-impl] Started resource ast_blackout
[ citizen-server-impl] Started resource ast_camping
[ citizen-server-impl] Started resource ast_carHud
[    c-scripting-core] Creating script environments for ast_chatInteraction
[ citizen-server-impl] Started resource ast_chatInteraction
[    c-scripting-core] [0mCreating script environments for ast_crouchStance
[script:ast_crouchSta] WolfKnight's Crouch Script Loaded.
[ citizen-server-impl] Started resource ast_crouchStance
[    c-scripting-core] Creating script environments for ast_cuffScript
[script:ast_cuffScrip] Instantiated instance of script Server.Main.
[ citizen-server-impl] Started resource ast_cuffScript
[ citizen-server-impl] Started resource ast_dashcam
[    c-scripting-core] Creating script environments for ast_death
[ citizen-server-impl] Started resource ast_death
[    c-scripting-core] Creating script environments for ast_deleteVeh
[ citizen-server-impl] Started resource ast_deleteVeh
[    c-resources-core] Could not find dependency essentialmode for resource ast_dragPlayer.
[ citizen-server-impl] Couldn't start resource ast_dragPlayer.
[ citizen-server-impl] Started resource ast_dropGun
[    c-scripting-core] Creating script environments for ast_emotes
[    c-scripting-core] Failed to load script @mysql-async/lib/MySQL.lua.
[   script:ast_emotes] [dp] Sql Keybinding is turned off, if you want to enable /emotebind, import dpkeybinding.sql and set SqlKeybinding = true in config.lua.
[ citizen-server-impl] Started resource ast_emotes
[ citizen-server-impl] Started resource ast_fallFlat
[    c-scripting-core] Creating script environments for ast_fireScript
[script:ast_fireScrip] FireScript by Albo1125 (LUA, C#. FiveM)
[ citizen-server-impl] Started resource ast_fireScript
[ citizen-server-impl] Couldn't find resource ast_fuelScript.
[ citizen-server-impl] Couldn't find resource ast_holsterAnim.
[    c-scripting-core] Creating script environments for ast_badScoreboard
[ citizen-server-impl] Started resource ast_badScoreboard
[    c-scripting-core] Creating script environments for ast_idTags
[ citizen-server-impl] Started resource ast_idTags
[ citizen-server-impl] Started resource ast_infiniteStamina
[ citizen-server-impl] Started resource ast_legShot
[ citizen-server-impl] Started resource ast_limitedTaser
[    c-scripting-core] Creating script environments for ast_livePD
[ citizen-server-impl] Started resource ast_livePD
[ citizen-server-impl] Started resource ast_loadingScreen
[ citizen-server-impl] Started resource ast_noReticle
[ citizen-server-impl] Started resource ast_point
[ citizen-server-impl] Started resource ast_ragdoll
[ citizen-server-impl] Started resource ast_seatShuffle
[ citizen-server-impl] Started resource ast_shield
[ citizen-server-impl] Started resource ast_singleShot
[ citizen-server-impl] Started resource ast_streetLabel
[    c-scripting-core] Creating script environments for ast_tackle
[ citizen-server-impl] Started resource ast_tackle
[ citizen-server-impl] Started resource ast_vehCommands
[    c-scripting-core] Creating script environments for ast_vehicleFail
[ citizen-server-impl] Started resource ast_vehicleFail
[ citizen-server-impl] Started resource ast_watermark
[    c-scripting-core] Creating script environments for ast_weaSwitch
[ citizen-server-impl] Started resource ast_weaSwitch
[    c-scripting-core] Creating script environments for ast_ziptie
[ citizen-server-impl] Started resource ast_ziptie
[    c-scripting-core] Creating script environments for nearest-postal
[ citizen-server-impl] Started resource nearest-postal
[    c-scripting-core] Creating script environments for sonorancad
[   script:sonorancad]     _____                                    _________    ____     
[   script:sonorancad]    / ___/____  ____  ____  _________ _____  / ____/   |  / __ \    
[   script:sonorancad]    \__ \/ __ \/ __ \/ __ \/ ___/ __ `/ __ \/ /   / /| | / / / /    
[   script:sonorancad]   ___/ / /_/ / / / / /_/ / /  / /_/ / / / / /___/ ___ |/ /_/ /     
[   script:sonorancad]  /____/\____/_/ /_/\____/_/   \__,_/_/ /_/\____/_/  |_/_____/      
[   script:sonorancad]                                                                    
[   script:sonorancad] 
[ citizen-server-impl] Started resource sonorancad
[    c-scripting-core] Creating script environments for wk_wars2x
[ citizen-server-impl] Started resource wk_wars2x
[    c-scripting-core] Creating script environments for smartsigns_sonoran
[ citizen-server-impl] Started resource smartsigns_sonoran
[    c-scripting-core] Creating script environments for sonoran_updatehelper
[ citizen-server-impl] Started resource sonoran_updatehelper
[ citizen-server-impl] Started resource sonoran_idcard
[ citizen-server-impl] Started resource pNotify
[    c-scripting-core] Creating script environments for tablet
[ citizen-server-impl] Started resource tablet
[          svadhesive] You lack the required entitlement to use elc-fivem
[ citizen-server-impl] Couldn't start resource elc-fivem.
[ citizen-server-impl] Started resource NativeUI
[ citizen-server-impl] Asset eup-stream/mp_f_freemode_01^teef_diff_002_a_uni.ytd uses 64.0 MiB of physical memory. Oversized assets can and WILL lead to streaming issues (models not loading/rendering, commonly known as 'texture loss', 'city bug' or 'streaming isn't great').
[ citizen-server-impl] Asset eup-stream/mp_f_freemode_01^teef_diff_005_a_uni.ytd uses 32.0 MiB of physical memory.
[ citizen-server-impl] Asset eup-stream/mp_f_freemode_01^teef_diff_006_a_uni.ytd uses 32.0 MiB of physical memory.
[ citizen-server-impl] Asset eup-stream/mp_f_freemode_01^teef_diff_008_a_uni.ytd uses 64.0 MiB of physical memory. Oversized assets can and WILL lead to streaming issues (models not loading/rendering, commonly known as 'texture loss', 'city bug' or 'streaming isn't great').
[ citizen-server-impl] Asset eup-stream/mp_f_freemode_01_female_apt01^accs_diff_001_a_uni.ytd uses 64.0 MiB of physical memory. Oversized assets can and WILL lead to streaming issues (models not loading/rendering, commonly known as 'texture loss', 'city bug' or 'streaming isn't great').
[ citizen-server-impl] Asset eup-stream/mp_f_freemode_01_female_freemode_hipster^accs_diff_000_a_uni.ytd uses 64.0 MiB of physical memory. Oversized assets can and WILL lead to streaming issues (models not loading/rendering, commonly known as 'texture loss', 'city bug' or 'streaming isn't great').
[ citizen-server-impl] Asset eup-stream/mp_f_freemode_01_female_freemode_hipster^accs_diff_001_a_uni.ytd uses 64.0 MiB of physical memory. Oversized assets can and WILL lead to streaming issues (models not loading/rendering, commonly known as 'texture loss', 'city bug' or 'streaming isn't great').
[ citizen-server-impl] Asset eup-stream/mp_f_freemode_01_female_freemode_hipster^accs_diff_001_b_uni.ytd uses 64.0 MiB of physical memory. Oversized assets can and WILL lead to streaming issues (models not loading/rendering, commonly known as 'texture loss', 'city bug' or 'streaming isn't great').
[ citizen-server-impl] [0mAsset eup-stream/mp_f_freemode_01_female_freemode_hipster^accs_diff_001_c_uni.ytd uses 64.0 MiB of physical memory. Oversized assets can and WILL lead to streaming issues (models not loading/rendering, commonly known as 'texture loss', 'city bug' or 'streaming isn't great').
[ citizen-server-impl] Asset eup-stream/mp_f_freemode_01_female_freemode_hipster^accs_diff_001_d_uni.ytd uses 64.0 MiB of physical memory. Oversized assets can and WILL lead to streaming issues (models not loading/rendering, commonly known as 'texture loss', 'city bug' or 'streaming isn't great').
[ citizen-server-impl] [0mAsset eup-stream/mp_f_freemode_01_female_freemode_hipster^accs_diff_003_a_uni.ytd uses 64.0 MiB of physical memory. Oversized assets can and WILL lead to streaming issues (models not loading/rendering, commonly known as 'texture loss', 'city bug' or 'streaming isn't great').
[ citizen-server-impl] Asset eup-stream/mp_f_freemode_01_female_freemode_hipster^accs_diff_003_b_uni.ytd uses 64.0 MiB of physical memory. Oversized assets can and WILL lead to streaming issues (models not loading/rendering, commonly known as 'texture loss', 'city bug' or 'streaming isn't great').
[ citizen-server-impl] [93mAsset eup-stream/mp_f_freemode_01_female_freemode_hipster^accs_diff_003_c_uni.ytd uses 64.0 MiB of physical memory. Oversized assets can and WILL lead to streaming issues (models not loading/rendering, commonly known as 'texture loss', 'city bug' or 'streaming isn't great').
[ citizen-server-impl] Asset eup-stream/mp_f_freemode_01_female_freemode_hipster^accs_diff_003_d_uni.ytd uses 64.0 MiB of physical memory. Oversized assets can and WILL lead to streaming issues (models not loading/rendering, commonly known as 'texture loss', 'city bug' or 'streaming isn't great').
[ citizen-server-impl] Asset eup-stream/mp_f_freemode_01_mp_f_christmas2017^berd_diff_007_a_uni.ytd uses 32.0 MiB of physical memory.
[ citizen-server-impl] Asset eup-stream/mp_f_freemode_01_mp_f_christmas2017^berd_diff_007_b_uni.ytd uses 32.0 MiB of physical memory.
[ citizen-server-impl] Asset eup-stream/mp_f_freemode_01_mp_f_christmas2017^berd_diff_007_c_uni.ytd uses 32.0 MiB of physical memory.
[ citizen-server-impl] [94mAsset eup-stream/mp_f_freemode_01_mp_f_christmas2017^berd_diff_007_d_uni.ytd uses 32.0 MiB of physical memory.
[ citizen-server-impl] Asset eup-stream/mp_f_freemode_01_mp_f_christmas2017^berd_diff_007_e_uni.ytd uses 32.0 MiB of physical memory.
[ citizen-server-impl] [0mAsset eup-stream/mp_f_freemode_01_mp_f_christmas2017^berd_diff_007_f_uni.ytd uses 32.0 MiB of physical memory.
[ citizen-server-impl] Asset eup-stream/mp_f_freemode_01_mp_f_gunrunning_01^jbib_diff_014_a_uni.ytd uses 64.0 MiB of physical memory. Oversized assets can and WILL lead to streaming issues (models not loading/rendering, commonly known as 'texture loss', 'city bug' or 'streaming isn't great').
[ citizen-server-impl] Asset eup-stream/mp_f_freemode_01_mp_f_gunrunning_01^jbib_diff_014_b_uni.ytd uses 64.0 MiB of physical memory. Oversized assets can and WILL lead to streaming issues (models not loading/rendering, commonly known as 'texture loss', 'city bug' or 'streaming isn't great').
[ citizen-server-impl] Asset eup-stream/mp_f_freemode_01_mp_f_gunrunning_01^jbib_diff_014_c_uni.ytd uses 64.0 MiB of physical memory. Oversized assets can and WILL lead to streaming issues (models not loading/rendering, commonly known as 'texture loss', 'city bug' or 'streaming isn't great').
[ citizen-server-impl] Asset eup-stream/mp_f_freemode_01_p_female_xmas2^p_head_diff_005_a.ytd uses 32.0 MiB of physical memory.
[ citizen-server-impl] Asset eup-stream/mp_f_freemode_01_p_female_xmas2^p_head_diff_005_b.ytd uses 32.0 MiB of physical memory.
[ citizen-server-impl] [94mAsset eup-stream/mp_f_freemode_01_p_female_xmas2^p_head_diff_005_c.ytd uses 32.0 MiB of physical memory.
[ citizen-server-impl] Asset eup-stream/mp_f_freemode_01_p_female_xmas2^p_head_diff_005_d.ytd uses 32.0 MiB of physical memory.
[ citizen-server-impl] [0mAsset eup-stream/mp_f_freemode_01_p_female_xmas2^p_head_diff_005_e.ytd uses 32.0 MiB of physical memory.
[ citizen-server-impl] Asset eup-stream/mp_f_freemode_01_p_female_xmas2^p_head_diff_005_f.ytd uses 32.0 MiB of physical memory.
[ citizen-server-impl] Asset eup-stream/mp_f_freemode_01_p_female_xmas2^p_head_diff_005_g.ytd uses 32.0 MiB of physical memory.
[ citizen-server-impl] Asset eup-stream/mp_f_freemode_01_p_female_xmas2^p_head_diff_005_h.ytd uses 32.0 MiB of physical memory.
