
================================================================
======== txAdmin Starting - 3/28/2022, 9:25:55 PM               
================================================================

================================================================
======== Log Rotated - 3/28/2022, 9:25:55 PM                    
================================================================
[9:26:23 PM] txAdmin: Logger started

================================================================
======== txAdmin Starting - 3/28/2022, 9:27:14 PM               
================================================================
[9:27:20 PM] txAdmin: Logger started
[9:28:27 PM] [kEVy9#1] tristian: joined with identifiers [steam:110000149a345d7; license:8010bf55b20ed242a3bed996b7a02827e241d9c9; xbl:2535428787676923; live:1055519341983224; discord:837063941271191573; fivem:5113192; license2:e1f7dd9cf02fa891017731e97e8442a452f27b80]
[9:30:44 PM] [kEVy9#1] tristian: said "/dv"
[9:31:00 PM] [kEVy9#1] tristian: said "/dv"
[9:32:35 PM] [kEVy9#1] tristian: said "/dv"
[9:33:05 PM] [kEVy9#1] tristian: said "/dv"
[9:33:07 PM] [kEVy9#1] tristian: disconnected (Exiting)

================================================================
======== txAdmin Starting - 3/28/2022, 9:41:37 PM               
================================================================
[9:41:42 PM] txAdmin: Logger started
[9:41:58 PM] [Wq8wE#1] tristian: joined with identifiers [steam:110000149a345d7; license:8010bf55b20ed242a3bed996b7a02827e241d9c9; xbl:2535428787676923; live:1055519341983224; discord:837063941271191573; fivem:5113192; license2:e1f7dd9cf02fa891017731e97e8442a452f27b80]
[9:44:26 PM] [Wq8wE#1] tristian: said "/dv"
[9:50:28 PM] [Wq8wE#1] tristian: said "/dv"
[9:50:35 PM] [Wq8wE#1] tristian: disconnected (Entering Rockstar Editor)

================================================================
======== txAdmin Starting - 3/28/2022, 10:00:02 PM              
================================================================
[10:00:15 PM] txAdmin: Logger started
[10:01:07 PM] [XEhhY#1] tristian: joined with identifiers [steam:110000149a345d7; license:8010bf55b20ed242a3bed996b7a02827e241d9c9; xbl:2535428787676923; live:1055519341983224; discord:837063941271191573; fivem:5113192; license2:e1f7dd9cf02fa891017731e97e8442a452f27b80]
[10:03:47 PM] [XEhhY#1] tristian: said "/dv"
[10:16:16 PM] [XEhhY#1] tristian: said "/dv"
[10:16:39 PM] [XEhhY#1] tristian: said "/dv"
[10:20:24 PM] [XEhhY#1] tristian: disconnected (Server shutting down: SIGHUP received)

================================================================
======== txAdmin Starting - 3/28/2022, 10:20:47 PM              
================================================================
[10:20:52 PM] txAdmin: Logger started
[10:21:27 PM] [WQhCc#1] tristian: joined with identifiers [steam:110000149a345d7; license:8010bf55b20ed242a3bed996b7a02827e241d9c9; xbl:2535428787676923; live:1055519341983224; discord:837063941271191573; fivem:5113192; license2:e1f7dd9cf02fa891017731e97e8442a452f27b80]
[10:23:32 PM] [WQhCc#1] tristian: disconnected (Exiting)
[10:56:34 PM] [WQhCc#2] B34R: joined with identifiers [steam:1100001161dde30; license:d1701434a075a4dea66c41c041b1cbbf4f56741a; xbl:2535425999625569; live:1055521813911644; discord:421883819231150091; license2:66587b586b3d27a60a7637f497815262732cf4ee]
[11:06:23 PM] [WQhCc#3] Nate: joined with identifiers [steam:110000102449b2e; license:6c3844e01c075ca0b2c4354bcf250cb701b66c7b; xbl:2533274854325254; live:844427431245709; discord:185901595744010241; license2:6c3844e01c075ca0b2c4354bcf250cb701b66c7b]
[11:08:50 PM] [WQhCc#4] Samael "Gage" Wayne: joined with identifiers [steam:110000112d24b4f; license:6d2ec1a26c48df57b80c04e11d5c8dfb560bb4b3; xbl:2535421980170934; live:914797987069091]
[11:10:52 PM] [WQhCc#4] Samael "Gage" Wayne: disconnected (Exiting)
[11:11:46 PM] [WQhCc#2] B34R: died from Machine Pistol by Nate
[11:12:01 PM] [WQhCc#3] Nate: said "/revive 2"
[11:12:01 PM] [WQhCc#2] B34R: said "/revive"
[11:12:10 PM] [WQhCc#5] Samael "Gage" Wayne: joined with identifiers [steam:110000112d24b4f; license:6d2ec1a26c48df57b80c04e11d5c8dfb560bb4b3; xbl:2535421980170934; live:914797987069091]
[11:12:17 PM] [WQhCc#6] Ethan Rubinacci: joined with identifiers [steam:110000106d81f17; license:29a1486f20d95134646534c3de37ff11e7c1f3e3; xbl:2533274921566674; live:2040691484489962; discord:134438206576787456; fivem:19530]
[11:13:53 PM] [WQhCc#5] Samael "Gage" Wayne: said "/elcmax"
[11:14:03 PM] [WQhCc#2] B34R: died from Pump Shotgun by Nate
[11:14:17 PM] [WQhCc#2] B34R: said "/repair"
[11:14:26 PM] [WQhCc#2] B34R: said "/revive"
[11:14:56 PM] [WQhCc#2] B34R: caused an explosion (FIREWORK)
[11:14:56 PM] [WQhCc#3] Nate: died from Firework by B34R
[11:15:32 PM] [WQhCc#2] B34R: said "/revive 1"
[11:15:34 PM] [WQhCc#2] B34R: said "/revive 2"
[11:15:37 PM] [WQhCc#2] B34R: said "/revive 4"
[11:15:38 PM] [WQhCc#2] B34R: said "/revive 3"
[11:15:45 PM] [WQhCc#2] B34R: caused an explosion (FIREWORK)
[11:15:45 PM] [WQhCc#3] Nate: died from Firework by B34R
[11:15:49 PM] [WQhCc#2] B34R: said "/revive 3"
[11:15:58 PM] [WQhCc#2] B34R: caused an explosion (RAILGUN)
[11:15:58 PM] [WQhCc#3] Nate: caused an explosion (CAR)
[11:15:59 PM] [WQhCc#3] Nate: died from Railgun by B34R
[11:16:01 PM] [WQhCc#2] B34R: said "/revive 3"
[11:16:05 PM] [WQhCc#3] Nate: said "/respawm"
[11:16:07 PM] [WQhCc#3] Nate: died from Fire by B34R
[11:16:11 PM] [WQhCc#3] Nate: said "/respawn"
[11:17:03 PM] [WQhCc#6] Ethan Rubinacci: said "test"
[11:17:06 PM] [WQhCc#6] Ethan Rubinacci: said "wtf"
[11:17:24 PM] [WQhCc#6] Ethan Rubinacci: said "NIGGER"
[11:17:27 PM] [WQhCc#6] Ethan Rubinacci: disconnected (Exiting)
[11:18:26 PM] [WQhCc#5] Samael "Gage" Wayne: died from Revolver Mk2 by B34R
[11:18:32 PM] [WQhCc#5] Samael "Gage" Wayne: said "/revive"
[11:18:37 PM] [WQhCc#2] B34R: died from Automatic Shotgun by Nate
[11:18:41 PM] [WQhCc#2] B34R: said "/revive 3"
[11:18:44 PM] [WQhCc#2] B34R: said "/revive "
[11:18:50 PM] [WQhCc#2] B34R: caused an explosion (RAILGUN)
[11:18:50 PM] [WQhCc#3] Nate: caused an explosion (CAR)
[11:18:51 PM] [WQhCc#3] Nate: died from Railgun by B34R
[11:18:51 PM] [WQhCc#5] Samael "Gage" Wayne: died from Explosion by B34R
[11:18:54 PM] [WQhCc#5] Samael "Gage" Wayne: said "/revive"
[11:18:55 PM] [WQhCc#2] B34R: said "/revive 3"
[11:18:58 PM] [WQhCc#2] B34R: died from Pistol Mk2 by Samael "Gage" Wayne
[11:19:02 PM] [WQhCc#2] B34R: said "/revive "
[11:19:11 PM] [WQhCc#2] B34R: caused an explosion (RAILGUN)
[11:19:11 PM] [WQhCc#2] B34R: caused an explosion (TRUCK)
[11:19:15 PM] [WQhCc#7] Ethan Rubinacci: joined with identifiers [steam:110000106d81f17; license:29a1486f20d95134646534c3de37ff11e7c1f3e3; xbl:2533274921566674; live:2040691484489962; discord:134438206576787456; fivem:19530]
[11:22:57 PM] [WQhCc#5] Samael "Gage" Wayne: disconnected (Exiting)
[11:24:53 PM] [WQhCc#7] Ethan Rubinacci: disconnected (Server->client connection timed out. Last seen 40324 msec ago.)
[11:27:11 PM] [WQhCc#8] Ethan Rubinacci: joined with identifiers [steam:110000106d81f17; license:29a1486f20d95134646534c3de37ff11e7c1f3e3; xbl:2533274921566674; live:2040691484489962; discord:134438206576787456; fivem:19530]
[11:28:26 PM] [WQhCc#8] Ethan Rubinacci: disconnected (Exiting)
[11:32:03 PM] [WQhCc#3] Nate: disconnected (Exiting)
[11:44:07 PM] [WQhCc#2] B34R: said "/cr"
[11:44:14 PM] [WQhCc#2] B34R: said "/crouch"
[11:44:18 PM] [WQhCc#2] B34R: said "/crouch"
[11:44:46 PM] [WQhCc#2] B34R: disconnected (Exiting)
