
================================================================
======== Log Rotated - 3/30/2022, 12:00:00 AM                   
================================================================
[12:04:30 AM] [YDqRG#5] B34R: joined with identifiers [steam:1100001161dde30; license:d1701434a075a4dea66c41c041b1cbbf4f56741a; xbl:2535425999625569; live:1055521813911644; discord:421883819231150091; license2:66587b586b3d27a60a7637f497815262732cf4ee]
[12:09:59 AM] [YDqRG#5] B34R: disconnected (Entering Rockstar Editor)
[10:12:38 AM] [YDqRG#6] Ethan Rubinacci: joined with identifiers [steam:110000106d81f17; license:29a1486f20d95134646534c3de37ff11e7c1f3e3; xbl:2533274921566674; live:2040691484489962; discord:134438206576787456; fivem:19530]
[10:19:38 AM] [YDqRG#6] Ethan Rubinacci: said "/dv"
[10:21:43 AM] [YDqRG#7] Samael "Gage" Wayne: joined with identifiers [steam:110000112d24b4f; license:6d2ec1a26c48df57b80c04e11d5c8dfb560bb4b3; xbl:2535421980170934; live:914797987069091]
[10:24:28 AM] [YDqRG#6] Ethan Rubinacci: said "/uncuff"
[10:26:02 AM] [YDqRG#7] Samael "Gage" Wayne: died from suicide
[10:26:09 AM] [YDqRG#7] Samael "Gage" Wayne: said "/revive"
[10:30:02 AM] [YDqRG#7] Samael "Gage" Wayne: disconnected (Exiting)
[10:31:17 AM] [YDqRG#8] Samael "Gage" Wayne: joined with identifiers [steam:110000112d24b4f; license:6d2ec1a26c48df57b80c04e11d5c8dfb560bb4b3; xbl:2535421980170934; live:914797987069091; discord:195052712243494913]
[10:31:50 AM] [YDqRG#6] Ethan Rubinacci: said "/dv"
[10:35:33 AM] [YDqRG#6] Ethan Rubinacci: disconnected (Server->client connection timed out. Last seen 38201 msec ago.)
[10:36:54 AM] [YDqRG#8] Samael "Gage" Wayne: said "/dv"
[10:37:59 AM] [YDqRG#8] Samael "Gage" Wayne: said "/dv"
[10:41:31 AM] [YDqRG#8] Samael "Gage" Wayne: said "/dv"
[10:49:17 AM] [YDqRG#8] Samael "Gage" Wayne: said "/DV"
[10:59:02 AM] [YDqRG#8] Samael "Gage" Wayne: caused an explosion (PLANE)
[10:59:02 AM] [YDqRG#8] Samael "Gage" Wayne: caused an explosion (PLANE)
[10:59:02 AM] [YDqRG#8] Samael "Gage" Wayne: died from suicide (Explosion)
[10:59:13 AM] [YDqRG#8] Samael "Gage" Wayne: said "/REVIVE"
[10:59:15 AM] [YDqRG#8] Samael "Gage" Wayne: said "/REVIVE"
[10:59:20 AM] [YDqRG#8] Samael "Gage" Wayne: said "/revive"
[11:07:00 AM] [YDqRG#8] Samael "Gage" Wayne: said "/dv"
[11:07:27 AM] [YDqRG#8] Samael "Gage" Wayne: caused an explosion (ROGUE_CANNON)
[11:07:27 AM] [YDqRG#8] Samael "Gage" Wayne: caused an explosion (ROGUE_CANNON)
[11:07:27 AM] [YDqRG#8] Samael "Gage" Wayne: caused an explosion (ROGUE_CANNON)
[11:07:28 AM] [YDqRG#8] Samael "Gage" Wayne: caused an explosion (ROGUE_CANNON)
[11:07:28 AM] [YDqRG#8] Samael "Gage" Wayne: caused an explosion (ROGUE_CANNON)
[11:07:28 AM] [YDqRG#8] Samael "Gage" Wayne: caused an explosion (ROGUE_CANNON)
[11:07:28 AM] [YDqRG#8] Samael "Gage" Wayne: caused an explosion (ROGUE_CANNON)
[11:07:28 AM] [YDqRG#8] Samael "Gage" Wayne: caused an explosion (ROGUE_CANNON)
[11:07:28 AM] [YDqRG#8] Samael "Gage" Wayne: caused an explosion (ROGUE_CANNON)
[11:07:28 AM] [YDqRG#8] Samael "Gage" Wayne: caused an explosion (ROGUE_CANNON)
[11:07:28 AM] [YDqRG#8] Samael "Gage" Wayne: caused an explosion (ROGUE_CANNON)
[11:07:29 AM] [YDqRG#8] Samael "Gage" Wayne: caused an explosion (ROGUE_CANNON)
[11:07:29 AM] [YDqRG#8] Samael "Gage" Wayne: caused an explosion (ROGUE_CANNON)
[11:07:29 AM] [YDqRG#8] Samael "Gage" Wayne: caused an explosion (ROGUE_CANNON)
[11:07:29 AM] [YDqRG#8] Samael "Gage" Wayne: caused an explosion (ROGUE_CANNON)
[11:07:29 AM] [YDqRG#8] Samael "Gage" Wayne: caused an explosion (ROGUE_CANNON)
[11:07:35 AM] [YDqRG#9] Dani: joined with identifiers [steam:11000014615e801; license:0a800dfa967fbc37e3012bdaa3e1a963c24dfaa2; xbl:2535468424951872; live:1055521587778057; fivem:1852011; license2:8d9c8198bef01ce0a2276939544a9d58128090a1]
[11:07:36 AM] [YDqRG#8] Samael "Gage" Wayne: caused an explosion (ROGUE_CANNON)
[11:07:36 AM] [YDqRG#8] Samael "Gage" Wayne: caused an explosion (ROGUE_CANNON)
[11:07:36 AM] [YDqRG#8] Samael "Gage" Wayne: caused an explosion (ROGUE_CANNON)
[11:07:36 AM] [YDqRG#8] Samael "Gage" Wayne: caused an explosion (ROGUE_CANNON)
[11:07:37 AM] [YDqRG#8] Samael "Gage" Wayne: caused an explosion (ROGUE_CANNON)
[11:07:37 AM] [YDqRG#8] Samael "Gage" Wayne: caused an explosion (ROGUE_CANNON)
[11:07:37 AM] [YDqRG#8] Samael "Gage" Wayne: caused an explosion (ROGUE_CANNON)
[11:07:37 AM] [YDqRG#8] Samael "Gage" Wayne: caused an explosion (ROGUE_CANNON)
[11:07:37 AM] [YDqRG#8] Samael "Gage" Wayne: caused an explosion (ROGUE_CANNON)
[11:07:38 AM] [YDqRG#8] Samael "Gage" Wayne: caused an explosion (ROGUE_CANNON)
[11:07:38 AM] [YDqRG#8] Samael "Gage" Wayne: caused an explosion (ROGUE_CANNON)
[11:07:38 AM] [YDqRG#8] Samael "Gage" Wayne: caused an explosion (ROGUE_CANNON)
[11:07:38 AM] [YDqRG#8] Samael "Gage" Wayne: caused an explosion (ROGUE_CANNON)
[11:08:03 AM] [YDqRG#8] Samael "Gage" Wayne: caused an explosion (PLANE)
[11:08:04 AM] [YDqRG#8] Samael "Gage" Wayne: died from suicide (Explosion)
[11:08:12 AM] [YDqRG#8] Samael "Gage" Wayne: said "/revive"
[11:10:19 AM] [YDqRG#8] Samael "Gage" Wayne: said "hello"
[11:11:31 AM] [YDqRG#9] Dani: said "/dv"
[11:12:28 AM] [YDqRG#9] Dani: said "/dv"
[11:12:42 AM] [YDqRG#8] Samael "Gage" Wayne: said "would you like to join the ts or discord to get access to the fivepd assets"
[11:14:02 AM] [YDqRG#9] Dani: disconnected (Exiting)
[11:48:35 AM] [YDqRG#10] Ethan Rubinacci: joined with identifiers [steam:110000106d81f17; license:29a1486f20d95134646534c3de37ff11e7c1f3e3; xbl:2533274921566674; live:2040691484489962; discord:134438206576787456; fivem:19530]
[11:53:18 AM] [YDqRG#11] B34R: joined with identifiers [steam:1100001161dde30; license:d1701434a075a4dea66c41c041b1cbbf4f56741a; xbl:2535425999625569; live:1055521813911644; discord:421883819231150091; license2:66587b586b3d27a60a7637f497815262732cf4ee]
[11:55:12 AM] [YDqRG#10] Ethan Rubinacci: said "/dv"
[11:56:31 AM] [YDqRG#10] Ethan Rubinacci: said "/dv"
[11:56:54 AM] [YDqRG#11] B34R: died from suicide (Falling)
[11:56:59 AM] [YDqRG#11] B34R: said "/revive"
[11:59:45 AM] [YDqRG#10] Ethan Rubinacci: said "/minic"
[12:01:47 PM] [YDqRG#11] B34R: died from Ranover by Vehicle by Ethan Rubinacci
[12:01:57 PM] [YDqRG#11] B34R: said "/revive"
[12:02:33 PM] [YDqRG#10] Ethan Rubinacci: disconnected (Exiting)
[12:03:14 PM] [YDqRG#11] B34R: disconnected (Server->client connection timed out. Pending commands: 234.	Command list:	SonoranCAD::mini:CallSync (1240 B, 16873 msec ago)	SonoranCAD::mini:CallSync (1240 B, 11738 msec ago)	SonoranCAD::mini:CallSync (1240 B, 24839 msec ago)	SonoranCAD::mini:CallSync (1240 B, 3536 msec ago)	SonoranCAD::mini:CallSync (1240 B, 24839 msec ago)	SonoranCAD::mini:CallSync (1240 B, 24839 msec ago)	SonoranCAD::mini:CallSync (1240 B, 24839 msec ago)	)
[12:56:21 PM] [YDqRG#12] B34R: joined with identifiers [steam:1100001161dde30; license:d1701434a075a4dea66c41c041b1cbbf4f56741a; xbl:2535425999625569; live:1055521813911644; discord:421883819231150091; license2:66587b586b3d27a60a7637f497815262732cf4ee]
[12:59:12 PM] [YDqRG#12] B34R: disconnected (Exiting)
[1:02:43 PM] [YDqRG#13] B34R: joined with identifiers [steam:1100001161dde30; license:d1701434a075a4dea66c41c041b1cbbf4f56741a; xbl:2535425999625569; live:1055521813911644; discord:421883819231150091; license2:66587b586b3d27a60a7637f497815262732cf4ee]
[1:09:31 PM] [YDqRG#13] B34R: disconnected (Exiting)
[1:16:00 PM] [YDqRG#8] Samael "Gage" Wayne: said "/dv"
[1:18:59 PM] [YDqRG#14] B34R: joined with identifiers [steam:1100001161dde30; license:d1701434a075a4dea66c41c041b1cbbf4f56741a; xbl:2535425999625569; live:1055521813911644; discord:421883819231150091; license2:66587b586b3d27a60a7637f497815262732cf4ee]
[1:21:57 PM] [YDqRG#14] B34R: disconnected (Exiting)
[1:23:47 PM] [YDqRG#15] B34R: joined with identifiers [steam:1100001161dde30; license:d1701434a075a4dea66c41c041b1cbbf4f56741a; xbl:2535425999625569; live:1055521813911644; discord:421883819231150091; license2:66587b586b3d27a60a7637f497815262732cf4ee]
[1:25:14 PM] [YDqRG#8] Samael "Gage" Wayne: said "/cad"
[1:26:33 PM] [YDqRG#8] Samael "Gage" Wayne: said "/dv"
[1:37:05 PM] [YDqRG#15] B34R: disconnected (Exiting)
[1:42:16 PM] [YDqRG#16] F-37 | Austin L.: joined with identifiers [license:b579dd61d5980776f053f6cedad6136802734ade; xbl:2535411129072020; live:985153990713845; discord:289651580729556993; license2:f6b1f66c85691ec9e474ec0e7f3e20b59481818e]
[1:42:41 PM] [YDqRG#16] F-37 | Austin L.: disconnected (Exiting)
[1:43:14 PM] [YDqRG#17] Austin: joined with identifiers [license:b579dd61d5980776f053f6cedad6136802734ade; xbl:2535411129072020; live:985153990713845; discord:289651580729556993; license2:f6b1f66c85691ec9e474ec0e7f3e20b59481818e]
[1:43:31 PM] [YDqRG#8] Samael "Gage" Wayne: said "/dv"
[1:53:22 PM] [YDqRG#8] Samael "Gage" Wayne: said "/dv"
[1:53:27 PM] [YDqRG#8] Samael "Gage" Wayne: died from suicide
[1:53:31 PM] [YDqRG#8] Samael "Gage" Wayne: said "/revive"

================================================================
======== txAdmin Starting - 3/30/2022, 2:21:01 PM               
================================================================

================================================================
======== txAdmin Starting - 3/30/2022, 4:50:05 PM               
================================================================
