
================================================================
======== Log Rotated - 3/29/2022, 12:00:00 AM                   
================================================================
[10:46:06 AM] [WQhCc#9] Dani: joined with identifiers [steam:11000014615e801; license:0a800dfa967fbc37e3012bdaa3e1a963c24dfaa2; xbl:2535468424951872; live:1055521587778057; discord:579285338716110848; fivem:1852011; license2:8d9c8198bef01ce0a2276939544a9d58128090a1]
[10:50:28 AM] [WQhCc#9] Dani: disconnected (Exiting)

================================================================
======== txAdmin Starting - 3/29/2022, 2:01:15 PM               
================================================================
[2:01:33 PM] txAdmin: Logger started
[2:10:29 PM] [iyRrj#1] tristian: joined with identifiers [steam:110000149a345d7; license:8010bf55b20ed242a3bed996b7a02827e241d9c9; xbl:2535428787676923; live:1055519341983224; discord:837063941271191573; fivem:5113192; license2:e1f7dd9cf02fa891017731e97e8442a452f27b80]
[2:13:25 PM] [iyRrj#1] tristian: said "/dv"
[2:13:49 PM] [iyRrj#1] tristian: disconnected (Exiting)
[3:19:07 PM] [iyRrj#2] tristian: joined with identifiers [steam:110000149a345d7; license:8010bf55b20ed242a3bed996b7a02827e241d9c9; xbl:2535428787676923; live:1055519341983224; discord:837063941271191573; fivem:5113192; license2:e1f7dd9cf02fa891017731e97e8442a452f27b80]
[3:21:34 PM] [iyRrj#2] tristian: said "/dv"
[3:22:13 PM] [iyRrj#2] tristian: disconnected (Exiting)
[4:44:49 PM] [iyRrj#3] nbowm: joined with identifiers [license:6c3844e01c075ca0b2c4354bcf250cb701b66c7b; xbl:2533274854325254; live:844427431245709; discord:185901595744010241; license2:6c3844e01c075ca0b2c4354bcf250cb701b66c7b]
[4:56:31 PM] [iyRrj#3] nbowm: disconnected (Exiting)
[4:59:58 PM] [iyRrj#4] Ethan Rubinacci: joined with identifiers [steam:110000106d81f17; license:29a1486f20d95134646534c3de37ff11e7c1f3e3; xbl:2533274921566674; live:2040691484489962; discord:134438206576787456; fivem:19530]
[5:02:02 PM] [iyRrj#5] Nate: joined with identifiers [steam:110000102449b2e; license:6c3844e01c075ca0b2c4354bcf250cb701b66c7b; xbl:2533274854325254; live:844427431245709; discord:185901595744010241; license2:6c3844e01c075ca0b2c4354bcf250cb701b66c7b]
[5:11:23 PM] [iyRrj#4] Ethan Rubinacci: said "/dv"
[5:12:38 PM] [iyRrj#4] Ethan Rubinacci: said "/dv"
[5:28:50 PM] [iyRrj#4] Ethan Rubinacci: said "/dv"
[5:28:57 PM] [iyRrj#4] Ethan Rubinacci: said "/dv"
[5:31:33 PM] [iyRrj#4] Ethan Rubinacci: said "/dv"
[5:31:36 PM] [iyRrj#4] Ethan Rubinacci: disconnected (Game crashed: GTA5_b2545.exe!sub_140928D44 (0x21))
[5:51:17 PM] [iyRrj#5] Nate: said "/quir"
[5:51:19 PM] [iyRrj#5] Nate: disconnected (Exiting)

================================================================
======== txAdmin Starting - 3/29/2022, 6:43:46 PM               
================================================================
[6:43:51 PM] txAdmin: Logger started
[6:44:06 PM] [aY8Ma#1] tristian: joined with identifiers [steam:110000149a345d7; license:8010bf55b20ed242a3bed996b7a02827e241d9c9; xbl:2535428787676923; live:1055519341983224; discord:837063941271191573; fivem:5113192; license2:e1f7dd9cf02fa891017731e97e8442a452f27b80]
[6:45:20 PM] [aY8Ma#1] tristian: disconnected (Exiting)

================================================================
======== txAdmin Starting - 3/29/2022, 8:51:24 PM               
================================================================
[8:51:29 PM] txAdmin: Logger started
[8:53:31 PM] [3Y4LJ#1] tristian: joined with identifiers [steam:110000149a345d7; license:8010bf55b20ed242a3bed996b7a02827e241d9c9; xbl:2535428787676923; live:1055519341983224; discord:837063941271191573; fivem:5113192; license2:e1f7dd9cf02fa891017731e97e8442a452f27b80]
[8:55:50 PM] [3Y4LJ#1] tristian: disconnected (Server->client connection timed out. Pending commands: 77.	Command list:	6acbd583 (49 B, 50753 msec ago)	elc:createELCVehicleData (35 B, 44529 msec ago)	elc:createELCVehicleData (35 B, 44529 msec ago)	scully_radio:updatelist (34 B, 50753 msec ago)	scully_radio:updatelist (34 B, 44529 msec ago)	scully_radio:updatelist (34 B, 44529 msec ago)	scully_radio:updatelist (34 B, 44529 msec ago)	)
[8:56:28 PM] [3Y4LJ#2] tristian: joined with identifiers [steam:110000149a345d7; license:8010bf55b20ed242a3bed996b7a02827e241d9c9; xbl:2535428787676923; live:1055519341983224; discord:837063941271191573; fivem:5113192; license2:e1f7dd9cf02fa891017731e97e8442a452f27b80]
[8:57:05 PM] [3Y4LJ#2] tristian: disconnected (Exiting)

================================================================
======== txAdmin Starting - 3/29/2022, 10:46:30 PM              
================================================================
[10:46:36 PM] txAdmin: Logger started
[10:47:54 PM] [YDqRG#1] B34R: joined with identifiers [steam:1100001161dde30; license:d1701434a075a4dea66c41c041b1cbbf4f56741a; xbl:2535425999625569; live:1055521813911644; discord:421883819231150091; license2:66587b586b3d27a60a7637f497815262732cf4ee]
[10:49:13 PM] [YDqRG#2] Ethan Rubinacci: joined with identifiers [steam:110000106d81f17; license:29a1486f20d95134646534c3de37ff11e7c1f3e3; xbl:2533274921566674; live:2040691484489962; discord:134438206576787456; fivem:19530]
[10:52:54 PM] [YDqRG#2] Ethan Rubinacci: said "/idtag"
[10:52:57 PM] [YDqRG#2] Ethan Rubinacci: said "/tag"
[10:55:33 PM] [YDqRG#1] B34R: disconnected (Server->client connection timed out. Last seen 46050 msec ago.)
[10:55:41 PM] [YDqRG#2] Ethan Rubinacci: said "/id"
[10:55:45 PM] [YDqRG#2] Ethan Rubinacci: said "/checkid"
[10:58:03 PM] [YDqRG#3] B34R: joined with identifiers [steam:1100001161dde30; license:d1701434a075a4dea66c41c041b1cbbf4f56741a; xbl:2535425999625569; live:1055521813911644; discord:421883819231150091; license2:66587b586b3d27a60a7637f497815262732cf4ee]
[10:59:03 PM] [YDqRG#3] B34R: said "/ooc YEET"
[10:59:14 PM] [YDqRG#3] B34R: said "/ooc YEET"
[11:00:48 PM] [YDqRG#2] Ethan Rubinacci: said "/tablet"
[11:04:09 PM] [YDqRG#2] Ethan Rubinacci: said "/36"
[11:04:13 PM] [YDqRG#2] Ethan Rubinacci: said "/1036"
[11:04:28 PM] [YDqRG#2] Ethan Rubinacci: said "/dv"
[11:05:28 PM] [YDqRG#2] Ethan Rubinacci: said "/pnaic"
[11:05:46 PM] [YDqRG#2] Ethan Rubinacci: said "/nearestpostal"
[11:09:42 PM] [YDqRG#3] B34R: disconnected (Exiting)
[11:10:16 PM] [YDqRG#4] B34R: joined with identifiers [steam:1100001161dde30; license:d1701434a075a4dea66c41c041b1cbbf4f56741a; xbl:2535425999625569; live:1055521813911644; discord:421883819231150091; license2:66587b586b3d27a60a7637f497815262732cf4ee]
[11:15:33 PM] [YDqRG#2] Ethan Rubinacci: said "/dv"
[11:20:25 PM] [YDqRG#2] Ethan Rubinacci: said "/dv"
[11:21:19 PM] [YDqRG#2] Ethan Rubinacci: said "/dv"
[11:23:08 PM] [YDqRG#2] Ethan Rubinacci: disconnected (Exiting)
[11:43:11 PM] [YDqRG#4] B34R: disconnected (Exiting)
