
================================================================
======== Log Rotated - 3/26/2022, 12:00:00 AM                   
================================================================

================================================================
======== txAdmin Starting - 3/26/2022, 6:22:23 AM               
================================================================
[6:22:42 AM] txAdmin: Logger started
[6:25:28 AM] [mA6DX#1] Ethan Rubinacci: joined with identifiers [steam:110000106d81f17; license:29a1486f20d95134646534c3de37ff11e7c1f3e3; xbl:2533274921566674; live:2040691484489962; discord:134438206576787456; fivem:19530]
[6:27:52 AM] [mA6DX#1] Ethan Rubinacci: caused an explosion (CAR)
[6:27:53 AM] [mA6DX#1] Ethan Rubinacci: caused an explosion (CAR)
[6:27:53 AM] [mA6DX#1] Ethan Rubinacci: caused an explosion (CAR)
[6:27:53 AM] [mA6DX#1] Ethan Rubinacci: caused an explosion (CAR)
[6:27:53 AM] [mA6DX#1] Ethan Rubinacci: caused an explosion (CAR)
[6:27:55 AM] [mA6DX#1] Ethan Rubinacci: caused an explosion (CAR)
[6:27:55 AM] [mA6DX#1] Ethan Rubinacci: caused an explosion (CAR)
[6:27:56 AM] [mA6DX#1] Ethan Rubinacci: caused an explosion (CAR)
[6:27:57 AM] [mA6DX#1] Ethan Rubinacci: caused an explosion (CAR)
[6:33:51 AM] [mA6DX#1] Ethan Rubinacci: disconnected (Game crashed: GTA5_b1604.exe!sub_14132B144 (0x49))

================================================================
======== txAdmin Starting - 3/26/2022, 6:35:38 AM               
================================================================
[6:35:44 AM] txAdmin: Logger started
[6:38:09 AM] [M4RLx#1] Ethan Rubinacci: joined with identifiers [steam:110000106d81f17; license:29a1486f20d95134646534c3de37ff11e7c1f3e3; xbl:2533274921566674; live:2040691484489962; discord:134438206576787456; fivem:19530]
[6:40:44 AM] [M4RLx#1] Ethan Rubinacci: disconnected (Exiting)

================================================================
======== txAdmin Starting - 3/26/2022, 6:50:23 AM               
================================================================
[6:50:28 AM] txAdmin: Logger started
[6:51:09 AM] [CRNNA#1] Ethan Rubinacci: joined with identifiers [steam:110000106d81f17; license:29a1486f20d95134646534c3de37ff11e7c1f3e3; xbl:2533274921566674; live:2040691484489962; discord:134438206576787456; fivem:19530]
[6:53:19 AM] [CRNNA#1] Ethan Rubinacci: said "/dv"
[6:53:34 AM] [CRNNA#1] Ethan Rubinacci: disconnected (Exiting)

================================================================
======== txAdmin Starting - 3/26/2022, 6:55:44 AM               
================================================================
[6:55:50 AM] txAdmin: Logger started
[6:56:33 AM] [383JR#1] Ethan Rubinacci: joined with identifiers [steam:110000106d81f17; license:29a1486f20d95134646534c3de37ff11e7c1f3e3; xbl:2533274921566674; live:2040691484489962; discord:134438206576787456; fivem:19530]
[7:00:33 AM] [383JR#1] Ethan Rubinacci: said "/dv"
[7:00:35 AM] [383JR#1] Ethan Rubinacci: disconnected (Exiting)

================================================================
======== txAdmin Starting - 3/26/2022, 7:07:07 AM               
================================================================
[7:07:13 AM] txAdmin: Logger started
[7:07:58 AM] [rmRGw#1] Ethan Rubinacci: joined with identifiers [steam:110000106d81f17; license:29a1486f20d95134646534c3de37ff11e7c1f3e3; xbl:2533274921566674; live:2040691484489962; discord:134438206576787456; fivem:19530]
[7:12:14 AM] [rmRGw#1] Ethan Rubinacci: said "/dv"
[7:30:44 AM] [rmRGw#1] Ethan Rubinacci: disconnected (Exiting)
[8:12:48 AM] [rmRGw#2] Ethan Rubinacci: joined with identifiers [steam:110000106d81f17; license:29a1486f20d95134646534c3de37ff11e7c1f3e3; xbl:2533274921566674; live:2040691484489962; discord:134438206576787456; fivem:19530]
[8:17:48 AM] [rmRGw#2] Ethan Rubinacci: disconnected (Exiting)

================================================================
======== txAdmin Starting - 3/26/2022, 8:40:39 AM               
================================================================
[8:40:44 AM] txAdmin: Logger started

================================================================
======== txAdmin Starting - 3/26/2022, 8:51:25 AM               
================================================================
[8:51:30 AM] txAdmin: Logger started
[8:52:25 AM] [iYQqj#1] Ethan Rubinacci: joined with identifiers [steam:110000106d81f17; license:29a1486f20d95134646534c3de37ff11e7c1f3e3; xbl:2533274921566674; live:2040691484489962; discord:134438206576787456; fivem:19530]
[9:20:05 AM] [iYQqj#2] Nate TenPenny: joined with identifiers [license:6c3844e01c075ca0b2c4354bcf250cb701b66c7b; xbl:2533274854325254; live:844427431245709; discord:185901595744010241; license2:6c3844e01c075ca0b2c4354bcf250cb701b66c7b]
[9:21:49 AM] [iYQqj#2] Nate TenPenny: disconnected (Exiting)
[9:22:25 AM] [iYQqj#3] Nate TenPenny: joined with identifiers [steam:110000102449b2e; license:6c3844e01c075ca0b2c4354bcf250cb701b66c7b; xbl:2533274854325254; live:844427431245709; discord:185901595744010241; license2:6c3844e01c075ca0b2c4354bcf250cb701b66c7b]
[9:22:36 AM] [iYQqj#1] Ethan Rubinacci: disconnected (Exiting)
[9:22:58 AM] [iYQqj#3] Nate TenPenny: disconnected (Exiting)

================================================================
======== txAdmin Starting - 3/26/2022, 6:40:18 PM               
================================================================
[6:40:37 PM] txAdmin: Logger started
[6:41:07 PM] [UXCKX#1] tristian: joined with identifiers [steam:110000149a345d7; license:8010bf55b20ed242a3bed996b7a02827e241d9c9; xbl:2535428787676923; live:1055519341983224; discord:837063941271191573; fivem:5113192; license2:e1f7dd9cf02fa891017731e97e8442a452f27b80]
[6:43:17 PM] [UXCKX#1] tristian: disconnected (Exiting)

================================================================
======== txAdmin Starting - 3/26/2022, 8:56:45 PM               
================================================================
[8:56:50 PM] txAdmin: Logger started
[8:58:16 PM] [XURnY#1] B34R: joined with identifiers [steam:1100001161dde30; license:d1701434a075a4dea66c41c041b1cbbf4f56741a; xbl:2535425999625569; live:1055521813911644; discord:421883819231150091; license2:66587b586b3d27a60a7637f497815262732cf4ee]
[8:59:36 PM] [XURnY#1] B34R: said "/ooc YEET"
[8:59:57 PM] [XURnY#1] B34R: said "/me"
[9:00:00 PM] [XURnY#1] B34R: said "/me fdgdf"
[9:00:03 PM] [XURnY#1] B34R: said "/do gfh"
[9:00:26 PM] [XURnY#1] B34R: said "/ooc Fucking BETTT you didnt turn off F2"
[9:00:57 PM] [XURnY#1] B34R: said "/vs"
[9:01:48 PM] [XURnY#2] Ethan Rubinacci: joined with identifiers [steam:110000106d81f17; license:29a1486f20d95134646534c3de37ff11e7c1f3e3; xbl:2533274921566674; live:2040691484489962; discord:134438206576787456; fivem:19530]
[9:01:58 PM] [XURnY#1] B34R: said "/ooc Imagine "
[9:02:03 PM] [XURnY#1] B34R: said "/ooc THe one the only"
[9:02:09 PM] [XURnY#1] B34R: said "/ooc Ethan"
[9:02:19 PM] [XURnY#1] B34R: said "/ooc Rubinacci"
[9:04:10 PM] [XURnY#1] B34R: died from suicide (Falling)
[9:04:14 PM] [XURnY#1] B34R: said "/revuve"
[9:04:17 PM] [XURnY#1] B34R: said "/revive"
[9:04:18 PM] [XURnY#2] Ethan Rubinacci: said "What's up."
[9:04:22 PM] [XURnY#1] B34R: said "herro"
[9:04:40 PM] [XURnY#1] B34R: said "where ya at"
[9:04:47 PM] [XURnY#2] Ethan Rubinacci: said "Spawned on Route 68"
[9:05:02 PM] [XURnY#1] B34R: said "postal?"
[9:05:10 PM] [XURnY#2] Ethan Rubinacci: said "I'm at you now, apparently."
[9:07:20 PM] [XURnY#2] Ethan Rubinacci: said "/eyp"
[9:08:00 PM] [XURnY#1] B34R: said "shits gotta load in for me"
[9:08:58 PM] [XURnY#2] Ethan Rubinacci: said "/dv"
[9:10:04 PM] [XURnY#2] Ethan Rubinacci: said "/dv"
[9:11:46 PM] [XURnY#2] Ethan Rubinacci: said "/dv"
[9:12:38 PM] [XURnY#2] Ethan Rubinacci: said "/dv"
[9:13:13 PM] [XURnY#3] tristian: joined with identifiers [steam:110000149a345d7; license:8010bf55b20ed242a3bed996b7a02827e241d9c9; xbl:2535428787676923; live:1055519341983224; discord:837063941271191573; fivem:5113192; license2:e1f7dd9cf02fa891017731e97e8442a452f27b80]
[9:15:05 PM] [XURnY#2] Ethan Rubinacci: said "/dv"
[9:17:11 PM] [XURnY#3] tristian: died from suicide (Ranover by Vehicle)
[9:17:18 PM] [XURnY#3] tristian: disconnected (Exiting)
[9:18:53 PM] [XURnY#1] B34R: said "awa"
[9:19:38 PM] [XURnY#4] Nate TenPenny: joined with identifiers [steam:110000102449b2e; license:6c3844e01c075ca0b2c4354bcf250cb701b66c7b; xbl:2533274854325254; live:844427431245709; discord:185901595744010241; license2:6c3844e01c075ca0b2c4354bcf250cb701b66c7b]
[9:20:44 PM] [XURnY#2] Ethan Rubinacci: said "/ooc FUCK"
[9:20:51 PM] [XURnY#1] B34R: said "/ooc THe one the only"
[9:20:56 PM] [XURnY#1] B34R: said "/ooc Ethan"
[9:21:02 PM] [XURnY#1] B34R: said "/ooc Rubinacci"
[9:26:36 PM] [XURnY#2] Ethan Rubinacci: said "/dv"
[9:30:10 PM] [XURnY#4] Nate TenPenny: disconnected (Server->client connection timed out. Last seen 39373 msec ago.)
[9:31:25 PM] [XURnY#2] Ethan Rubinacci: said "/dv"
[9:31:26 PM] [XURnY#5] Nate TenPenny: joined with identifiers [steam:110000102449b2e; license:6c3844e01c075ca0b2c4354bcf250cb701b66c7b; xbl:2533274854325254; live:844427431245709; discord:185901595744010241; license2:6c3844e01c075ca0b2c4354bcf250cb701b66c7b]
[9:33:39 PM] [XURnY#1] B34R: said "/ddv"
[9:33:40 PM] [XURnY#1] B34R: said "/dv"
[9:39:44 PM] [XURnY#1] B34R: caused an explosion (PLANE)
[9:39:45 PM] [XURnY#1] B34R: died from suicide (Explosion)
[9:39:51 PM] [XURnY#1] B34R: said "/revive"
[9:44:52 PM] [XURnY#1] B34R: caused an explosion (PLANE)
[9:44:52 PM] [XURnY#1] B34R: died from suicide (Explosion)
[9:44:57 PM] [XURnY#1] B34R: said "/reivive"
[9:45:00 PM] [XURnY#1] B34R: said "/revive"
[9:45:38 PM] [XURnY#2] Ethan Rubinacci: said "/dv"
[9:46:10 PM] [XURnY#5] Nate TenPenny: said "/erup"
[9:46:15 PM] [XURnY#5] Nate TenPenny: said "/erup"
[9:50:02 PM] [XURnY#2] Ethan Rubinacci: disconnected (Server->client connection timed out. Last seen 30450 msec ago.)
[9:51:25 PM] [XURnY#1] B34R: caused an explosion (CAR)
[9:51:28 PM] [XURnY#1] B34R: caused an explosion (BOAT)
[9:56:42 PM] [XURnY#1] B34R: caused an explosion (PLANE)
[9:56:42 PM] [XURnY#1] B34R: died from suicide (Explosion)
[9:56:47 PM] [XURnY#1] B34R: said "/revive"
[10:01:43 PM] [XURnY#5] Nate TenPenny: said "/cuff"
[10:09:13 PM] [XURnY#1] B34R: caused an explosion (FIREWORK)
[10:09:16 PM] [XURnY#1] B34R: caused an explosion (FIREWORK)
[10:09:17 PM] [XURnY#1] B34R: caused an explosion (RAILGUN)
[10:09:21 PM] [XURnY#1] B34R: caused an explosion (RAILGUN)
[10:09:26 PM] [XURnY#1] B34R: caused an explosion (ROCKET)
[10:09:32 PM] [XURnY#1] B34R: caused an explosion (GRENADELAUNCHER)
[10:09:39 PM] [XURnY#1] B34R: caused an explosion (GRENADE)
[10:09:49 PM] [XURnY#1] B34R: caused an explosion (RAILGUN)
[10:09:49 PM] [XURnY#5] Nate TenPenny: caused an explosion (CAR)
[10:10:20 PM] [XURnY#1] B34R: died from Pistol by Nate TenPenny
[10:10:23 PM] [XURnY#1] B34R: said "/revive"
[10:10:32 PM] [XURnY#1] B34R: caused an explosion (RAILGUN)
[10:10:36 PM] [XURnY#1] B34R: caused an explosion (RAILGUN)
[10:11:37 PM] [XURnY#1] B34R: caused an explosion (RAILGUN)
[10:11:38 PM] [XURnY#1] B34R: caused an explosion (CAR)
[10:12:57 PM] [XURnY#1] B34R: caused an explosion (RAILGUN)
[10:13:07 PM] [XURnY#1] B34R: caused an explosion (RAILGUN)
[10:13:10 PM] [XURnY#1] B34R: caused an explosion (RAILGUN)
[10:13:28 PM] [XURnY#1] B34R: caused an explosion (RAILGUN)
[10:13:30 PM] [XURnY#1] B34R: caused an explosion (RAILGUN)
[10:13:38 PM] [XURnY#1] B34R: caused an explosion (RAILGUN)
[10:13:48 PM] [XURnY#1] B34R: caused an explosion (ROCKET)
[10:13:53 PM] [XURnY#1] B34R: caused an explosion (ROCKET)
[10:13:58 PM] [XURnY#1] B34R: caused an explosion (ROCKET)
[10:14:32 PM] [XURnY#1] B34R: caused an explosion (ROCKET)
[10:14:36 PM] [XURnY#1] B34R: caused an explosion (ROCKET)
[10:14:40 PM] [XURnY#1] B34R: caused an explosion (ROCKET)
[10:14:43 PM] [XURnY#1] B34R: caused an explosion (ROCKET)
[10:14:49 PM] [XURnY#1] B34R: caused an explosion (ROCKET)
[10:14:55 PM] [XURnY#1] B34R: caused an explosion (ROCKET)
[10:15:32 PM] [XURnY#1] B34R: caused an explosion (FIREWORK)
[10:15:57 PM] [XURnY#1] B34R: caused an explosion (FIREWORK)
[10:16:04 PM] [XURnY#1] B34R: caused an explosion (FIREWORK)
[10:20:18 PM] [XURnY#1] B34R: died from suicide (Falling)
[10:20:20 PM] [XURnY#1] B34R: said "/revive"
[10:21:14 PM] [XURnY#1] B34R: caused an explosion (STICKYBOMB)
[10:21:14 PM] [XURnY#1] B34R: caused an explosion (STICKYBOMB)
[10:21:14 PM] [XURnY#1] B34R: died from suicide (Sticky Bomb)
[10:21:17 PM] [XURnY#1] B34R: said "/revive"
[10:21:36 PM] [XURnY#1] B34R: caused an explosion (STICKYBOMB)
[10:21:36 PM] [XURnY#1] B34R: caused an explosion (STICKYBOMB)
[10:21:36 PM] [XURnY#1] B34R: caused an explosion (STICKYBOMB)
[10:21:37 PM] [XURnY#1] B34R: caused an explosion (STICKYBOMB)
[10:21:37 PM] [XURnY#1] B34R: caused an explosion (STICKYBOMB)
[10:21:51 PM] [XURnY#1] B34R: caused an explosion (STICKYBOMB)
[10:21:52 PM] [XURnY#1] B34R: caused an explosion (STICKYBOMB)
[10:21:52 PM] [XURnY#1] B34R: caused an explosion (STICKYBOMB)
[10:21:52 PM] [XURnY#1] B34R: died from suicide (Sticky Bomb)
[10:21:52 PM] [XURnY#1] B34R: caused an explosion (STICKYBOMB)
[10:21:52 PM] [XURnY#1] B34R: caused an explosion (STICKYBOMB)
[10:21:52 PM] [XURnY#1] B34R: caused an explosion (STICKYBOMB)
[10:21:55 PM] [XURnY#1] B34R: said "/revive"
[10:22:10 PM] [XURnY#1] B34R: caused an explosion (STICKYBOMB)
[10:22:10 PM] [XURnY#1] B34R: caused an explosion (STICKYBOMB)
[10:22:10 PM] [XURnY#1] B34R: caused an explosion (STICKYBOMB)
[10:22:21 PM] [XURnY#1] B34R: caused an explosion (STICKYBOMB)
[10:22:21 PM] [XURnY#1] B34R: caused an explosion (STICKYBOMB)
[10:22:21 PM] [XURnY#1] B34R: caused an explosion (STICKYBOMB)
[10:22:22 PM] [XURnY#1] B34R: caused an explosion (STICKYBOMB)
[10:22:22 PM] [XURnY#1] B34R: died from suicide (Sticky Bomb)
[10:22:22 PM] [XURnY#1] B34R: caused an explosion (STICKYBOMB)
[10:22:23 PM] [XURnY#1] B34R: said "/revive"
[10:22:33 PM] [XURnY#1] B34R: caused an explosion (FIREWORK)
[10:22:36 PM] [XURnY#1] B34R: caused an explosion (FIREWORK)
[10:22:38 PM] [XURnY#1] B34R: caused an explosion (FIREWORK)
[10:22:51 PM] [XURnY#1] B34R: caused an explosion (GRENADELAUNCHER)
[10:22:53 PM] [XURnY#1] B34R: caused an explosion (GRENADELAUNCHER)
[10:22:56 PM] [XURnY#1] B34R: caused an explosion (GRENADELAUNCHER)
[10:23:00 PM] [XURnY#1] B34R: caused an explosion (GRENADELAUNCHER)
[10:23:14 PM] [XURnY#1] B34R: caused an explosion (GRENADELAUNCHER)
[10:23:15 PM] [XURnY#1] B34R: caused an explosion (GRENADELAUNCHER)
[10:23:17 PM] [XURnY#1] B34R: caused an explosion (GRENADELAUNCHER)
[10:23:19 PM] [XURnY#1] B34R: died from suicide (Compact Launcher)
[10:23:26 PM] [XURnY#1] B34R: said "/revive"
[10:23:43 PM] [XURnY#1] B34R: caused an explosion (STICKYBOMB)
[10:23:44 PM] [XURnY#1] B34R: caused an explosion (STICKYBOMB)
[10:23:44 PM] [XURnY#1] B34R: died from suicide (Sticky Bomb)
[10:23:44 PM] [XURnY#1] B34R: caused an explosion (STICKYBOMB)
[10:23:45 PM] [XURnY#1] B34R: said "/revive"
[10:25:05 PM] [XURnY#1] B34R: caused an explosion (GRENADELAUNCHER)
[10:25:11 PM] [XURnY#1] B34R: caused an explosion (GRENADELAUNCHER)
[10:25:18 PM] [XURnY#1] B34R: caused an explosion (GRENADELAUNCHER)
[10:25:18 PM] [XURnY#1] B34R: died from suicide (Compact Launcher)
[10:25:20 PM] [XURnY#1] B34R: said "/revive"
[10:25:35 PM] [XURnY#1] B34R: caused an explosion (GRENADELAUNCHER)
[10:25:50 PM] [XURnY#1] B34R: caused an explosion (GRENADELAUNCHER)
[10:25:50 PM] [XURnY#5] Nate TenPenny: caused an explosion (CAR)
[10:25:50 PM] [XURnY#1] B34R: died from suicide (Compact Launcher)
[10:25:57 PM] [XURnY#1] B34R: said "/revive"
[10:26:24 PM] [XURnY#1] B34R: caused an explosion (GRENADE)
[10:26:30 PM] [XURnY#1] B34R: caused an explosion (GRENADE)
[10:26:35 PM] [XURnY#1] B34R: caused an explosion (GRENADE)
[10:26:48 PM] [XURnY#1] B34R: said "/cr"
[10:27:17 PM] [XURnY#1] B34R: caused an explosion (GRENADELAUNCHER)
[10:27:32 PM] [XURnY#1] B34R: caused an explosion (FIREWORK)
[10:27:35 PM] [XURnY#1] B34R: caused an explosion (FIREWORK)
[10:27:53 PM] [XURnY#1] B34R: said "/cr"
[10:27:56 PM] [XURnY#1] B34R: caused an explosion (FIREWORK)
[10:28:04 PM] [XURnY#1] B34R: caused an explosion (FIREWORK)
[10:28:07 PM] [XURnY#1] B34R: caused an explosion (FIREWORK)
[10:28:13 PM] [XURnY#1] B34R: caused an explosion (FIREWORK)
[10:28:22 PM] [XURnY#1] B34R: caused an explosion (FIREWORK)
[10:28:50 PM] [XURnY#1] B34R: caused an explosion (FIREWORK)
[10:29:07 PM] [XURnY#1] B34R: caused an explosion (FIREWORK)
[10:29:10 PM] [XURnY#1] B34R: caused an explosion (FIREWORK)
[10:29:13 PM] [XURnY#1] B34R: caused an explosion (FIREWORK)
[10:29:17 PM] [XURnY#1] B34R: caused an explosion (FIREWORK)
[10:29:46 PM] [XURnY#1] B34R: caused an explosion (GRENADELAUNCHER)
[10:29:46 PM] [XURnY#1] B34R: caused an explosion (PETROL_PUMP)
[10:29:47 PM] [XURnY#1] B34R: caused an explosion (PETROL_PUMP)
[10:29:47 PM] [XURnY#1] B34R: caused an explosion (PETROL_PUMP)
[10:29:50 PM] [XURnY#1] B34R: caused an explosion (GRENADELAUNCHER)
[10:29:50 PM] [XURnY#1] B34R: caused an explosion (CAR)
[10:30:33 PM] [XURnY#1] B34R: caused an explosion (GRENADELAUNCHER)
[10:30:33 PM] [XURnY#1] B34R: caused an explosion (TANKER)
[10:30:41 PM] [XURnY#1] B34R: caused an explosion (GRENADELAUNCHER)
[10:30:41 PM] [XURnY#1] B34R: caused an explosion (TRUCK)
[10:30:46 PM] [XURnY#1] B34R: caused an explosion (GRENADELAUNCHER)
[10:30:46 PM] [XURnY#1] B34R: caused an explosion (TRUCK)
[10:30:51 PM] [XURnY#1] B34R: caused an explosion (GRENADELAUNCHER)
[10:40:07 PM] [XURnY#1] B34R: caused an explosion (PLANE)
[10:40:07 PM] [XURnY#1] B34R: caused an explosion (PLANE)
[10:40:08 PM] [XURnY#1] B34R: died from suicide (Explosion)
[10:40:12 PM] [XURnY#1] B34R: disconnected (Exiting)
[10:50:23 PM] [XURnY#6] tristian: joined with identifiers [steam:110000149a345d7; license:8010bf55b20ed242a3bed996b7a02827e241d9c9; xbl:2535428787676923; live:1055519341983224; discord:837063941271191573; fivem:5113192; license2:e1f7dd9cf02fa891017731e97e8442a452f27b80]
[10:51:58 PM] [XURnY#5] Nate TenPenny: disconnected (Server shutting down: SIGHUP received)
[10:51:58 PM] [XURnY#6] tristian: disconnected (Server shutting down: SIGHUP received)

================================================================
======== txAdmin Starting - 3/26/2022, 10:52:09 PM              
================================================================
[10:52:18 PM] txAdmin: Logger started
[10:54:28 PM] [9ab63#1] tristian: joined with identifiers [steam:110000149a345d7; license:8010bf55b20ed242a3bed996b7a02827e241d9c9; xbl:2535428787676923; live:1055519341983224; discord:837063941271191573; fivem:5113192; license2:e1f7dd9cf02fa891017731e97e8442a452f27b80]
[10:55:25 PM] [9ab63#1] tristian: died from suicide (Cougar)
[10:55:49 PM] [9ab63#1] tristian: said "/revive"
[10:56:45 PM] [9ab63#1] tristian: disconnected (Exiting)
[10:57:56 PM] [9ab63#2] tristian: joined with identifiers [steam:110000149a345d7; license:8010bf55b20ed242a3bed996b7a02827e241d9c9; xbl:2535428787676923; live:1055519341983224; discord:837063941271191573; fivem:5113192; license2:e1f7dd9cf02fa891017731e97e8442a452f27b80]
[10:58:47 PM] [9ab63#2] tristian: disconnected (Exiting)
[11:10:09 PM] [9ab63#3] tristian: joined with identifiers [steam:110000149a345d7; license:8010bf55b20ed242a3bed996b7a02827e241d9c9; xbl:2535428787676923; live:1055519341983224; discord:837063941271191573; fivem:5113192; license2:e1f7dd9cf02fa891017731e97e8442a452f27b80]
[11:12:53 PM] [9ab63#4] Nate TenPenny: joined with identifiers [steam:110000102449b2e; license:6c3844e01c075ca0b2c4354bcf250cb701b66c7b; xbl:2533274854325254; live:844427431245709; discord:185901595744010241; license2:6c3844e01c075ca0b2c4354bcf250cb701b66c7b]
[11:16:01 PM] [9ab63#5] B34R: joined with identifiers [steam:1100001161dde30; license:d1701434a075a4dea66c41c041b1cbbf4f56741a; xbl:2535425999625569; live:1055521813911644; discord:421883819231150091; license2:66587b586b3d27a60a7637f497815262732cf4ee]
[11:21:14 PM] [9ab63#5] B34R: died from suicide (Falling)
[11:22:20 PM] [9ab63#5] B34R: said "/revive"
[11:24:20 PM] [9ab63#5] B34R: died from Ranover by Vehicle by Nate TenPenny
[11:24:23 PM] [9ab63#5] B34R: said "/revive"
[11:31:57 PM] [9ab63#5] B34R: disconnected (Exiting)
[11:48:53 PM] [9ab63#3] tristian: disconnected (Exiting)
[11:50:40 PM] [9ab63#4] Nate TenPenny: disconnected (Exiting)
